#
# A fatal error has been detected by the Java Runtime Environment:
#
#  SIGSEGV (0xb) at pc=0x00007f52108b0e72, pid=8947, tid=0x00007f51ffde8700
#
# JRE version: OpenJDK Runtime Environment (8.0_141-b15) (build 1.8.0_141-8u141-b15-3-b15)
# Java VM: OpenJDK 64-Bit Server VM (25.141-b15 mixed mode linux-amd64 compressed oops)
# Problematic frame:
# 
[error occurred during error reporting (printing problematic frame), id 0xb]

# Failed to write core dump. Core dumps have been disabled. To enable core dumping, try "ulimit -c unlimited" before starting Java again
#
# If you would like to submit a bug report, please visit:
#   http://bugreport.java.com/bugreport/crash.jsp
# The crash happened outside the Java Virtual Machine in native code.
# See problematic frame for where to report the bug.
#

---------------  T H R E A D  ---------------

Current thread (0x00007f524c4e6000):  JavaThread "inotifyRequestSubmitterThread" [_thread_in_native, id=9010, stack(0x00007f51ffce8000,0x00007f51ffde9000)]

siginfo: si_signo: 11 (SIGSEGV), si_code: 1 (SEGV_MAPERR), si_addr: 0x0000000000000000

Registers:
RAX=0x0000000000000000, RBX=0x00007f52514092c0, RCX=0x00007f5255b0220d, RDX=0x0000000000000010
RSP=0x00007f51ffde7840, RBP=0x00007f51ffde78c0, RSI=0x00007f524c4729c0, RDI=0x0000000000000000
R8 =0x00007f51ffde8700, R9 =0x00007f5251408cae, R10=0x00007f523d017748, R11=0x0000000000000000
R12=0x0000000000000000, R13=0x00007f52514092c0, R14=0x00007f51ffde7958, R15=0x00007f524c4e6000
RIP=0x00007f52108b0e72, EFLAGS=0x0000000000010246, CSGSFS=0x002b000000000033, ERR=0x0000000000000004
  TRAPNO=0x000000000000000e

Top of Stack: (sp=0x00007f51ffde7840)
0x00007f51ffde7840:   00007f51ffde7860 44e78ddd757a5b00
0x00007f51ffde7850:   00007f524c4d8978 00007f5251408768
0x00007f51ffde7860:   00007f523d01ae90 00007f51ffde7b30
0x00007f51ffde7870:   00007f51ffde7930 00007f525483855e
0x00007f51ffde7880:   0000000000000000 44e78ddd757a5b00
0x00007f51ffde7890:   00007f5251408768 00007f523d011a20
0x00007f51ffde78a0:   0000000000000010 00007f5251408cae
0x00007f51ffde78b0:   00007f52514092c0 0000000000000000
0x00007f51ffde78c0:   00007f51ffde78e0 00007f52108b074d
0x00007f51ffde78d0:   00007f51ffde7958 00007f524c4e61e0
0x00007f51ffde78e0:   00007f51ffde7938 00007f523d017774
0x00007f51ffde78f0:   00007f51ffde7920 00007f51ffde78f8
0x00007f51ffde7900:   0000000000000000 00007f51ffde7958
0x00007f51ffde7910:   00007f5251409768 0000000000000000
0x00007f51ffde7920:   00007f52514092c0 0000000000000000
0x00007f51ffde7930:   00007f51ffde7958 00007f51ffde79a0
0x00007f51ffde7940:   00007f523d007a40 0000000000000000
0x00007f51ffde7950:   00007f523d011276 0000000085bccec8
0x00007f51ffde7960:   00007f51ffde7960 00007f5251408b39
0x00007f51ffde7970:   00007f51ffde79b0 00007f5251409988
0x00007f51ffde7980:   0000000000000000 00007f5251408b58
0x00007f51ffde7990:   00007f51ffde7958 00007f51ffde79b0
0x00007f51ffde79a0:   00007f51ffde79f8 00007f523d007815
0x00007f51ffde79b0:   0000000085bccec8 00007f51ffde79b8
0x00007f51ffde79c0:   00007f525140845c 00007f51ffde7a10
0x00007f51ffde79d0:   00007f52514085d0 0000000000000000
0x00007f51ffde79e0:   00007f52514084b0 00007f51ffde79b0
0x00007f51ffde79f0:   00007f51ffde7a10 00007f51ffde7a58
0x00007f51ffde7a00:   00007f523d008042 0000000000000000
0x00007f51ffde7a10:   0000000085bcceb0 00007f51ffde7a18
0x00007f51ffde7a20:   00007f5250cd599b 00007f51ffde7a68
0x00007f51ffde7a30:   00007f5250d5d0b8 0000000000000000 

Instructions: (pc=0x00007f52108b0e72)
0x00007f52108b0e52:   c0 74 0c 48 8d 3d 5c 6f 00 00 e8 0f ef ff ff b8
0x00007f52108b0e62:   ff ff ff ff e9 f3 01 00 00 48 8b 05 4e c1 20 00
0x00007f52108b0e72:   8b 00 85 c0 74 0c 48 8d 3d 72 6f 00 00 e8 ec ee
0x00007f52108b0e82:   ff ff 48 8b 05 45 c1 20 00 48 8b 00 48 89 45 e8 

Register to memory mapping:

RAX=0x0000000000000000 is an unknown value
RBX={method} {0x00007f52514092c0} 'waitForFileEvent' '()I' in 'com/noReasonException/EventGeneratable/EventGenerators/InotifyWrapper/InotifyWrapper'
RCX=0x00007f5255b0220d: read+0x2d in /lib/x86_64-linux-gnu/libpthread.so.0 at 0x00007f5255af2000
RDX=0x0000000000000010 is an unknown value
RSP=0x00007f51ffde7840 is pointing into the stack for thread: 0x00007f524c4e6000
RBP=0x00007f51ffde78c0 is pointing into the stack for thread: 0x00007f524c4e6000
RSI=0x00007f524c4729c0 is an unknown value
RDI=0x0000000000000000 is an unknown value
R8 =0x00007f51ffde8700 is pointing into the stack for thread: 0x00007f524c4e6000
R9 =0x00007f5251408cae is pointing into metadata
R10=0x00007f523d017748 is at code_begin+808 in an Interpreter codelet
method entry point (kind = native)  [0x00007f523d017420, 0x00007f523d017d20]  2304 bytes
R11=0x0000000000000000 is an unknown value
R12=0x0000000000000000 is an unknown value
R13={method} {0x00007f52514092c0} 'waitForFileEvent' '()I' in 'com/noReasonException/EventGeneratable/EventGenerators/InotifyWrapper/InotifyWrapper'
R14=0x00007f51ffde7958 is pointing into the stack for thread: 0x00007f524c4e6000
R15=0x00007f524c4e6000 is a thread


Stack: [0x00007f51ffce8000,0x00007f51ffde9000],  sp=0x00007f51ffde7840,  free space=1022k
Native frames: (J=compiled Java code, j=interpreted, Vv=VM code, C=native code)

[error occurred during error reporting (printing native stack), id 0xb]

Java frames: (J=compiled Java code, j=interpreted, Vv=VM code)
j  com.noReasonException.EventGeneratable.EventGenerators.InotifyWrapper.InotifyWrapper.waitForFileEvent()I+0
j  com.noReasonException.EventGeneratable.EventGenerators.InotifyWrapperEventGenerator.waitForEvent()Z+1
j  com.noReasonException.EventGeneratable.EventGenerators.RequestSubmitter.RequestSubmitter.run()V+4
j  java.lang.Thread.run()V+11
v  ~StubRoutines::call_stub

---------------  P R O C E S S  ---------------

Java Threads: ( => current thread )
  0x00007f524c00c800 JavaThread "DestroyJavaVM" [_thread_blocked, id=8950, stack(0x00007f5255e0e000,0x00007f5255f0f000)]
  0x00007f524c4e7000 JavaThread "googleRequestSubmitterThread" [_thread_in_native, id=9011, stack(0x00007f51ffbe7000,0x00007f51ffce8000)]
=>0x00007f524c4e6000 JavaThread "inotifyRequestSubmitterThread" [_thread_in_native, id=9010, stack(0x00007f51ffce8000,0x00007f51ffde9000)]
  0x00007f524c31c800 JavaThread "Service Thread" daemon [_thread_blocked, id=8980, stack(0x00007f523806c000,0x00007f523816d000)]
  0x00007f524c319800 JavaThread "C1 CompilerThread2" daemon [_thread_blocked, id=8979, stack(0x00007f523816d000,0x00007f523826e000)]
  0x00007f524c315000 JavaThread "C2 CompilerThread1" daemon [_thread_blocked, id=8978, stack(0x00007f5238486000,0x00007f5238587000)]
  0x00007f524c313000 JavaThread "C2 CompilerThread0" daemon [_thread_blocked, id=8977, stack(0x00007f5238587000,0x00007f5238688000)]
  0x00007f524c311800 JavaThread "Monitor Ctrl-Break" daemon [_thread_in_native, id=8976, stack(0x00007f5238688000,0x00007f5238789000)]
  0x00007f524c174800 JavaThread "Signal Dispatcher" daemon [_thread_blocked, id=8969, stack(0x00007f52387ec000,0x00007f52388ed000)]
  0x00007f524c14d000 JavaThread "Finalizer" daemon [_thread_blocked, id=8966, stack(0x00007f5238a88000,0x00007f5238b89000)]
  0x00007f524c148800 JavaThread "Reference Handler" daemon [_thread_blocked, id=8964, stack(0x00007f5238b89000,0x00007f5238c8a000)]

Other Threads:
  0x00007f524c141000 VMThread [stack: 0x00007f5238c8a000,0x00007f5238d8b000] [id=8961]
  0x00007f524c31f000 WatcherThread [stack: 0x00007f5210efe000,0x00007f5210fff000] [id=8981]

VM state:not at safepoint (normal execution)

VM Mutex/Monitor currently owned by a thread: None

Heap:
 PSYoungGen      total 38912K, used 10353K [0x00000000d7100000, 0x00000000da080000, 0x0000000100000000)
  eden space 30208K, 23% used [0x00000000d7100000,0x00000000d77de8f0,0x00000000d8e80000)
  from space 8704K, 38% used [0x00000000d8f00000,0x00000000d923db50,0x00000000d9780000)
  to   space 9216K, 0% used [0x00000000d9780000,0x00000000d9780000,0x00000000da080000)
 ParOldGen       total 84992K, used 11841K [0x0000000085200000, 0x000000008a500000, 0x00000000d7100000)
  object space 84992K, 13% used [0x0000000085200000,0x0000000085d906c0,0x000000008a500000)
 Metaspace       used 11664K, capacity 11902K, committed 12032K, reserved 1060864K
  class space    used 1189K, capacity 1279K, committed 1280K, reserved 1048576K

Card table byte_map: [0x00007f5251f13000,0x00007f52522eb000] byte_map_base: 0x00007f5251aea000

Marking Bits: (ParMarkBitMap*) 0x00007f525510a2c0
 Begin Bits: [0x00007f5239290000, 0x00007f523b148000)
 End Bits:   [0x00007f523b148000, 0x00007f523d000000)

Polling page: 0x00007f5255f2e000

CodeCache: size=245760Kb used=6890Kb max_used=6895Kb free=238869Kb
 bounds [0x00007f523d000000, 0x00007f523d6d0000, 0x00007f524c000000]
 total_blobs=2348 nmethods=1976 adapters=286
 compilation: enabled

Compilation events (10 events):
Event: 136,251 Thread 0x00007f524c319800 nmethod 2145 0x00007f523d6b7410 code [0x00007f523d6b75a0, 0x00007f523d6b7990]
Event: 136,251 Thread 0x00007f524c319800 2146       3       java.util.concurrent.locks.ReentrantLock$NonfairSync::<init> (5 bytes)
Event: 136,252 Thread 0x00007f524c319800 nmethod 2146 0x00007f523d6b6e90 code [0x00007f523d6b7000, 0x00007f523d6b72d0]
Event: 136,255 Thread 0x00007f524c313000 nmethod 2144 0x00007f523d6c3c50 code [0x00007f523d6c3da0, 0x00007f523d6c3f98]
Event: 136,279 Thread 0x00007f524c319800 2147       3       java.util.Collections$UnmodifiableCollection::toArray (10 bytes)
Event: 136,280 Thread 0x00007f524c319800 nmethod 2147 0x00007f523d6b6a50 code [0x00007f523d6b6bc0, 0x00007f523d6b6de8]
Event: 136,311 Thread 0x00007f524c319800 2148   !   3       java.lang.ThreadGroup::addUnstarted (40 bytes)
Event: 136,312 Thread 0x00007f524c319800 nmethod 2148 0x00007f523d6b6350 code [0x00007f523d6b64e0, 0x00007f523d6b68a8]
Event: 136,312 Thread 0x00007f524c319800 2149       3       java.lang.Thread::getContextClassLoader (32 bytes)
Event: 136,314 Thread 0x00007f524c319800 nmethod 2149 0x00007f523d6b53d0 code [0x00007f523d6b55c0, 0x00007f523d6b5ef8]

GC Heap History (10 events):
Event: 47,115 GC heap before
{Heap before GC invocations=3 (full 0):
 PSYoungGen      total 36864K, used 36861K [0x00000000d7100000, 0x00000000d9a00000, 0x0000000100000000)
  eden space 31744K, 100% used [0x00000000d7100000,0x00000000d9000000,0x00000000d9000000)
  from space 5120K, 99% used [0x00000000d9500000,0x00000000d99ff770,0x00000000d9a00000)
  to   space 5120K, 0% used [0x00000000d9000000,0x00000000d9000000,0x00000000d9500000)
 ParOldGen       total 84992K, used 1833K [0x0000000085200000, 0x000000008a500000, 0x00000000d7100000)
  object space 84992K, 2% used [0x0000000085200000,0x00000000853ca7c8,0x000000008a500000)
 Metaspace       used 11303K, capacity 11582K, committed 11776K, reserved 1060864K
  class space    used 1188K, capacity 1279K, committed 1280K, reserved 1048576K
Event: 47,125 GC heap after
Heap after GC invocations=3 (full 0):
 PSYoungGen      total 36864K, used 5117K [0x00000000d7100000, 0x00000000d9a00000, 0x0000000100000000)
  eden space 31744K, 0% used [0x00000000d7100000,0x00000000d7100000,0x00000000d9000000)
  from space 5120K, 99% used [0x00000000d9000000,0x00000000d94ff528,0x00000000d9500000)
  to   space 5120K, 0% used [0x00000000d9500000,0x00000000d9500000,0x00000000d9a00000)
 ParOldGen       total 84992K, used 4193K [0x0000000085200000, 0x000000008a500000, 0x00000000d7100000)
  object space 84992K, 4% used [0x0000000085200000,0x00000000856184a0,0x000000008a500000)
 Metaspace       used 11303K, capacity 11582K, committed 11776K, reserved 1060864K
  class space    used 1188K, capacity 1279K, committed 1280K, reserved 1048576K
}
Event: 64,334 GC heap before
{Heap before GC invocations=4 (full 0):
 PSYoungGen      total 36864K, used 36857K [0x00000000d7100000, 0x00000000d9a00000, 0x0000000100000000)
  eden space 31744K, 99% used [0x00000000d7100000,0x00000000d8fff208,0x00000000d9000000)
  from space 5120K, 99% used [0x00000000d9000000,0x00000000d94ff528,0x00000000d9500000)
  to   space 5120K, 0% used [0x00000000d9500000,0x00000000d9500000,0x00000000d9a00000)
 ParOldGen       total 84992K, used 4193K [0x0000000085200000, 0x000000008a500000, 0x00000000d7100000)
  object space 84992K, 4% used [0x0000000085200000,0x00000000856184a0,0x000000008a500000)
 Metaspace       used 11435K, capacity 11710K, committed 11776K, reserved 1060864K
  class space    used 1189K, capacity 1279K, committed 1280K, reserved 1048576K
Event: 64,345 GC heap after
Heap after GC invocations=4 (full 0):
 PSYoungGen      total 36864K, used 5097K [0x00000000d7100000, 0x00000000d9a00000, 0x0000000100000000)
  eden space 31744K, 0% used [0x00000000d7100000,0x00000000d7100000,0x00000000d9000000)
  from space 5120K, 99% used [0x00000000d9500000,0x00000000d99fa770,0x00000000d9a00000)
  to   space 5120K, 0% used [0x00000000d9000000,0x00000000d9000000,0x00000000d9500000)
 ParOldGen       total 84992K, used 6136K [0x0000000085200000, 0x000000008a500000, 0x00000000d7100000)
  object space 84992K, 7% used [0x0000000085200000,0x00000000857fe000,0x000000008a500000)
 Metaspace       used 11435K, capacity 11710K, committed 11776K, reserved 1060864K
  class space    used 1189K, capacity 1279K, committed 1280K, reserved 1048576K
}
Event: 90,427 GC heap before
{Heap before GC invocations=5 (full 0):
 PSYoungGen      total 36864K, used 36841K [0x00000000d7100000, 0x00000000d9a00000, 0x0000000100000000)
  eden space 31744K, 100% used [0x00000000d7100000,0x00000000d9000000,0x00000000d9000000)
  from space 5120K, 99% used [0x00000000d9500000,0x00000000d99fa770,0x00000000d9a00000)
  to   space 5120K, 0% used [0x00000000d9000000,0x00000000d9000000,0x00000000d9500000)
 ParOldGen       total 84992K, used 6136K [0x0000000085200000, 0x000000008a500000, 0x00000000d7100000)
  object space 84992K, 7% used [0x0000000085200000,0x00000000857fe000,0x000000008a500000)
 Metaspace       used 11521K, capacity 11838K, committed 12032K, reserved 1060864K
  class space    used 1189K, capacity 1279K, committed 1280K, reserved 1048576K
Event: 90,436 GC heap after
Heap after GC invocations=5 (full 0):
 PSYoungGen      total 36352K, used 5114K [0x00000000d7100000, 0x00000000da080000, 0x0000000100000000)
  eden space 31232K, 0% used [0x00000000d7100000,0x00000000d7100000,0x00000000d8f80000)
  from space 5120K, 99% used [0x00000000d9000000,0x00000000d94fe9a0,0x00000000d9500000)
  to   space 8704K, 0% used [0x00000000d9800000,0x00000000d9800000,0x00000000da080000)
 ParOldGen       total 84992K, used 8054K [0x0000000085200000, 0x000000008a500000, 0x00000000d7100000)
  object space 84992K, 9% used [0x0000000085200000,0x00000000859ddb40,0x000000008a500000)
 Metaspace       used 11521K, capacity 11838K, committed 12032K, reserved 1060864K
  class space    used 1189K, capacity 1279K, committed 1280K, reserved 1048576K
}
Event: 111,851 GC heap before
{Heap before GC invocations=6 (full 0):
 PSYoungGen      total 36352K, used 36346K [0x00000000d7100000, 0x00000000da080000, 0x0000000100000000)
  eden space 31232K, 100% used [0x00000000d7100000,0x00000000d8f80000,0x00000000d8f80000)
  from space 5120K, 99% used [0x00000000d9000000,0x00000000d94fe9a0,0x00000000d9500000)
  to   space 8704K, 0% used [0x00000000d9800000,0x00000000d9800000,0x00000000da080000)
 ParOldGen       total 84992K, used 8054K [0x0000000085200000, 0x000000008a500000, 0x00000000d7100000)
  object space 84992K, 9% used [0x0000000085200000,0x00000000859ddb40,0x000000008a500000)
 Metaspace       used 11642K, capacity 11902K, committed 12032K, reserved 1060864K
  class space    used 1189K, capacity 1279K, committed 1280K, reserved 1048576K
Event: 111,864 GC heap after
Heap after GC invocations=6 (full 0):
 PSYoungGen      total 38912K, used 7497K [0x00000000d7100000, 0x00000000da000000, 0x0000000100000000)
  eden space 30720K, 0% used [0x00000000d7100000,0x00000000d7100000,0x00000000d8f00000)
  from space 8192K, 91% used [0x00000000d9800000,0x00000000d9f52638,0x00000000da000000)
  to   space 8704K, 0% used [0x00000000d8f00000,0x00000000d8f00000,0x00000000d9780000)
 ParOldGen       total 84992K, used 8062K [0x0000000085200000, 0x000000008a500000, 0x00000000d7100000)
  object space 84992K, 9% used [0x0000000085200000,0x00000000859dfb40,0x000000008a500000)
 Metaspace       used 11642K, capacity 11902K, committed 12032K, reserved 1060864K
  class space    used 1189K, capacity 1279K, committed 1280K, reserved 1048576K
}
Event: 130,841 GC heap before
{Heap before GC invocations=7 (full 0):
 PSYoungGen      total 38912K, used 38217K [0x00000000d7100000, 0x00000000da000000, 0x0000000100000000)
  eden space 30720K, 100% used [0x00000000d7100000,0x00000000d8f00000,0x00000000d8f00000)
  from space 8192K, 91% used [0x00000000d9800000,0x00000000d9f52638,0x00000000da000000)
  to   space 8704K, 0% used [0x00000000d8f00000,0x00000000d8f00000,0x00000000d9780000)
 ParOldGen       total 84992K, used 8062K [0x0000000085200000, 0x000000008a500000, 0x00000000d7100000)
  object space 84992K, 9% used [0x0000000085200000,0x00000000859dfb40,0x000000008a500000)
 Metaspace       used 11659K, capacity 11902K, committed 12032K, reserved 1060864K
  class space    used 1189K, capacity 1279K, committed 1280K, reserved 1048576K
Event: 130,850 GC heap after
Heap after GC invocations=7 (full 0):
 PSYoungGen      total 38912K, used 3318K [0x00000000d7100000, 0x00000000da080000, 0x0000000100000000)
  eden space 30208K, 0% used [0x00000000d7100000,0x00000000d7100000,0x00000000d8e80000)
  from space 8704K, 38% used [0x00000000d8f00000,0x00000000d923db50,0x00000000d9780000)
  to   space 9216K, 0% used [0x00000000d9780000,0x00000000d9780000,0x00000000da080000)
 ParOldGen       total 84992K, used 11841K [0x0000000085200000, 0x000000008a500000, 0x00000000d7100000)
  object space 84992K, 13% used [0x0000000085200000,0x0000000085d906c0,0x000000008a500000)
 Metaspace       used 11659K, capacity 11902K, committed 12032K, reserved 1060864K
  class space    used 1189K, capacity 1279K, committed 1280K, reserved 1048576K
}

Deoptimization events (10 events):
Event: 0,677 Thread 0x00007f524c00c800 Uncommon trap: reason=unstable_if action=reinterpret pc=0x00007f523d1810dc method=java.lang.CharacterDataLatin1.digit(II)I @ 82
Event: 5,766 Thread 0x00007f524c00c800 Uncommon trap: reason=predicate action=maybe_recompile pc=0x00007f523d203a10 method=java.util.regex.Pattern$SliceI.match(Ljava/util/regex/Matcher;ILjava/lang/CharSequence;)Z @ 21
Event: 9,264 Thread 0x00007f524c00c800 Uncommon trap: reason=unstable_if action=reinterpret pc=0x00007f523d2d6de4 method=java.util.Arrays.equals([B[B)Z @ 23
Event: 9,265 Thread 0x00007f524c00c800 Uncommon trap: reason=unstable_if action=reinterpret pc=0x00007f523d21f31c method=java.lang.String.indexOf([CII[CIII)I @ 27
Event: 9,330 Thread 0x00007f524c00c800 Uncommon trap: reason=unstable_if action=reinterpret pc=0x00007f523d201058 method=java.lang.String.startsWith(Ljava/lang/String;I)Z @ 25
Event: 9,348 Thread 0x00007f524c00c800 Uncommon trap: reason=unstable_if action=reinterpret pc=0x00007f523d362708 method=java.util.Arrays.equals([B[B)Z @ 12
Event: 9,732 Thread 0x00007f524c00c800 Uncommon trap: reason=unstable_if action=reinterpret pc=0x00007f523d386f0c method=java.util.HashMap.hash(Ljava/lang/Object;)I @ 1
Event: 9,732 Thread 0x00007f524c00c800 Uncommon trap: reason=unstable_if action=reinterpret pc=0x00007f523d1e55a8 method=java.util.HashMap.hash(Ljava/lang/Object;)I @ 1
Event: 9,738 Thread 0x00007f524c00c800 Uncommon trap: reason=unstable_if action=reinterpret pc=0x00007f523d31eef8 method=java.util.regex.Matcher.reset()Ljava/util/regex/Matcher; @ 47
Event: 33,871 Thread 0x00007f524c4e7000 Uncommon trap: reason=predicate action=maybe_recompile pc=0x00007f523d4f30a0 method=java.util.regex.Pattern$Slice.match(Ljava/util/regex/Matcher;ILjava/lang/CharSequence;)Z @ 21

Internal exceptions (10 events):
Event: 0,424 Thread 0x00007f524c00c800 Exception <a 'java/lang/ArrayIndexOutOfBoundsException'> (0x00000000d7f56128) thrown at [/build/openjdk-8-qvKKlC/openjdk-8-8u141-b15/src/hotspot/src/share/vm/runtime/sharedRuntime.cpp, line 605]
Event: 0,424 Thread 0x00007f524c00c800 Exception <a 'java/lang/ArrayIndexOutOfBoundsException'> (0x00000000d7f56f00) thrown at [/build/openjdk-8-qvKKlC/openjdk-8-8u141-b15/src/hotspot/src/share/vm/runtime/sharedRuntime.cpp, line 605]
Event: 0,468 Thread 0x00007f524c00c800 Exception <a 'java/lang/NoSuchFieldError': method resolution failed> (0x00000000d8144a88) thrown at [/build/openjdk-8-qvKKlC/openjdk-8-8u141-b15/src/hotspot/src/share/vm/prims/methodHandles.cpp, line 1146]
Event: 0,472 Thread 0x00007f524c00c800 Exception <a 'java/lang/NoSuchFieldError': method resolution failed> (0x00000000d8152830) thrown at [/build/openjdk-8-qvKKlC/openjdk-8-8u141-b15/src/hotspot/src/share/vm/prims/methodHandles.cpp, line 1146]
Event: 9,348 Thread 0x00007f524c00c800 Implicit null exception at 0x00007f523d3625b8 to 0x00007f523d3626f5
Event: 9,732 Thread 0x00007f524c00c800 Implicit null exception at 0x00007f523d386cf5 to 0x00007f523d386efd
Event: 9,732 Thread 0x00007f524c00c800 Implicit null exception at 0x00007f523d1e552f to 0x00007f523d1e5599
Event: 9,751 Thread 0x00007f524c4e6000 Exception <a 'java/io/IOException': No Other files detected , try call waitForFileEvent()> (0x00000000d73d6138) thrown at [/build/openjdk-8-qvKKlC/openjdk-8-8u141-b15/src/hotspot/src/share/vm/prims/jni.cpp, line 735]
Event: 82,351 Thread 0x00007f524c4e6000 Exception <a 'java/io/IOException': No Other files detected , try call waitForFileEvent()> (0x00000000d8979f60) thrown at [/build/openjdk-8-qvKKlC/openjdk-8-8u141-b15/src/hotspot/src/share/vm/prims/jni.cpp, line 735]
Event: 82,351 Thread 0x00007f524c4e6000 Exception <a 'java/io/IOException': No Other files detected , try call waitForFileEvent()> (0x00000000d897a210) thrown at [/build/openjdk-8-qvKKlC/openjdk-8-8u141-b15/src/hotspot/src/share/vm/prims/jni.cpp, line 735]

Events (10 events):
Event: 131,972 Thread 0x00007f51ec00d000 Thread added: 0x00007f51ec00d000
Event: 131,972 Thread 0x00007f51ec00d000 Thread exited: 0x00007f51ec00d000
Event: 135,097 Thread 0x00007f51ec00d000 Thread added: 0x00007f51ec00d000
Event: 135,097 Thread 0x00007f51ec00d000 Thread exited: 0x00007f51ec00d000
Event: 135,452 Thread 0x00007f51ec00d000 Thread added: 0x00007f51ec00d000
Event: 135,453 Thread 0x00007f51ec00d000 Thread exited: 0x00007f51ec00d000
Event: 135,705 Thread 0x00007f51ec00d000 Thread added: 0x00007f51ec00d000
Event: 135,705 Thread 0x00007f51ec00d000 Thread exited: 0x00007f51ec00d000
Event: 136,311 Thread 0x00007f51ec00d000 Thread added: 0x00007f51ec00d000
Event: 136,311 Thread 0x00007f51ec00d000 Thread exited: 0x00007f51ec00d000


Dynamic libraries:
85200000-8a500000 rw-p 00000000 00:00 0 
8a500000-d7100000 ---p 00000000 00:00 0 
d7100000-da080000 rw-p 00000000 00:00 0 
da080000-100000000 ---p 00000000 00:00 0 
100000000-100140000 rw-p 00000000 00:00 0 
100140000-140000000 ---p 00000000 00:00 0 
7f4f830000-7f4f831000 r-xp 00000000 08:06 13768332                       /usr/lib/jvm/java-8-openjdk-amd64/jre/bin/java
7f4fa30000-7f4fa31000 r--p 00000000 08:06 13768332                       /usr/lib/jvm/java-8-openjdk-amd64/jre/bin/java
7f4fa31000-7f4fa32000 rw-p 00001000 08:06 13768332                       /usr/lib/jvm/java-8-openjdk-amd64/jre/bin/java
7f50528000-7f50549000 rw-p 00000000 00:00 0                              [heap]
7f51ec000000-7f51ec281000 rw-p 00000000 00:00 0 
7f51ec281000-7f51f0000000 ---p 00000000 00:00 0 
7f51f0000000-7f51f0021000 rw-p 00000000 00:00 0 
7f51f0021000-7f51f4000000 ---p 00000000 00:00 0 
7f51f4000000-7f51f4021000 rw-p 00000000 00:00 0 
7f51f4021000-7f51f8000000 ---p 00000000 00:00 0 
7f51f8000000-7f51f8021000 rw-p 00000000 00:00 0 
7f51f8021000-7f51fc000000 ---p 00000000 00:00 0 
7f51ff8e6000-7f51ff966000 rw-p 00000000 00:00 0 
7f51ff966000-7f51ffae9000 ---p 00000000 00:00 0 
7f51ffae9000-7f51ffbe7000 rw-p 00000000 00:00 0 
7f51ffbe7000-7f51ffbea000 ---p 00000000 00:00 0 
7f51ffbea000-7f51ffce8000 rw-p 00000000 00:00 0 
7f51ffce8000-7f51ffceb000 ---p 00000000 00:00 0 
7f51ffceb000-7f51ffde9000 rw-p 00000000 00:00 0 
7f51ffde9000-7f51ffdfd000 r-xp 00000000 08:06 2755158                    /lib/x86_64-linux-gnu/libresolv-2.24.so
7f51ffdfd000-7f51ffffc000 ---p 00014000 08:06 2755158                    /lib/x86_64-linux-gnu/libresolv-2.24.so
7f51ffffc000-7f51ffffd000 r--p 00013000 08:06 2755158                    /lib/x86_64-linux-gnu/libresolv-2.24.so
7f51ffffd000-7f51ffffe000 rw-p 00014000 08:06 2755158                    /lib/x86_64-linux-gnu/libresolv-2.24.so
7f51ffffe000-7f5200000000 rw-p 00000000 00:00 0 
7f5200000000-7f52005d7000 rw-p 00000000 00:00 0 
7f52005d7000-7f5204000000 ---p 00000000 00:00 0 
7f5204000000-7f5204021000 rw-p 00000000 00:00 0 
7f5204021000-7f5208000000 ---p 00000000 00:00 0 
7f5208000000-7f520852a000 rw-p 00000000 00:00 0 
7f520852a000-7f520c000000 ---p 00000000 00:00 0 
7f520c000000-7f520ca96000 rw-p 00000000 00:00 0 
7f520ca96000-7f5210000000 ---p 00000000 00:00 0 
7f521007b000-7f5210080000 r-xp 00000000 08:06 2755105                    /lib/x86_64-linux-gnu/libnss_dns-2.24.so
7f5210080000-7f521027f000 ---p 00005000 08:06 2755105                    /lib/x86_64-linux-gnu/libnss_dns-2.24.so
7f521027f000-7f5210280000 r--p 00004000 08:06 2755105                    /lib/x86_64-linux-gnu/libnss_dns-2.24.so
7f5210280000-7f5210281000 rw-p 00005000 08:06 2755105                    /lib/x86_64-linux-gnu/libnss_dns-2.24.so
7f5210281000-7f5210481000 rw-p 00000000 00:00 0 
7f5210481000-7f5210484000 r-xp 00000000 08:06 13901257                   /usr/lib/x86_64-linux-gnu/libboost_system.so.1.62.0
7f5210484000-7f5210683000 ---p 00003000 08:06 13901257                   /usr/lib/x86_64-linux-gnu/libboost_system.so.1.62.0
7f5210683000-7f5210684000 r--p 00002000 08:06 13901257                   /usr/lib/x86_64-linux-gnu/libboost_system.so.1.62.0
7f5210684000-7f5210685000 rw-p 00003000 08:06 13901257                   /usr/lib/x86_64-linux-gnu/libboost_system.so.1.62.0
7f5210685000-7f521069d000 r-xp 00000000 08:06 13901252                   /usr/lib/x86_64-linux-gnu/libboost_filesystem.so.1.62.0
7f521069d000-7f521089c000 ---p 00018000 08:06 13901252                   /usr/lib/x86_64-linux-gnu/libboost_filesystem.so.1.62.0
7f521089c000-7f521089d000 r--p 00017000 08:06 13901252                   /usr/lib/x86_64-linux-gnu/libboost_filesystem.so.1.62.0
7f521089d000-7f521089e000 rw-p 00018000 08:06 13901252                   /usr/lib/x86_64-linux-gnu/libboost_filesystem.so.1.62.0
7f521089e000-7f52108bd000 r-xp 00000000 08:06 2622561                    /lib/libInotifyNative.so
7f52108bd000-7f5210abc000 ---p 0001f000 08:06 2622561                    /lib/libInotifyNative.so
7f5210abc000-7f5210abd000 r--p 0001e000 08:06 2622561                    /lib/libInotifyNative.so
7f5210abd000-7f5210abe000 rw-p 0001f000 08:06 2622561                    /lib/libInotifyNative.so
7f5210abe000-7f5210ae6000 r-xp 00000000 08:06 13773854                   /usr/lib/jvm/java-8-openjdk-amd64/jre/lib/amd64/libsunec.so
7f5210ae6000-7f5210ce6000 ---p 00028000 08:06 13773854                   /usr/lib/jvm/java-8-openjdk-amd64/jre/lib/amd64/libsunec.so
7f5210ce6000-7f5210cea000 r--p 00028000 08:06 13773854                   /usr/lib/jvm/java-8-openjdk-amd64/jre/lib/amd64/libsunec.so
7f5210cea000-7f5210ceb000 rw-p 0002c000 08:06 13773854                   /usr/lib/jvm/java-8-openjdk-amd64/jre/lib/amd64/libsunec.so
7f5210ceb000-7f5210cfc000 r-xp 00000000 08:06 13768375                   /usr/lib/jvm/java-8-openjdk-amd64/jre/lib/amd64/libnio.so
7f5210cfc000-7f5210efc000 ---p 00011000 08:06 13768375                   /usr/lib/jvm/java-8-openjdk-amd64/jre/lib/amd64/libnio.so
7f5210efc000-7f5210efd000 r--p 00011000 08:06 13768375                   /usr/lib/jvm/java-8-openjdk-amd64/jre/lib/amd64/libnio.so
7f5210efd000-7f5210efe000 rw-p 00012000 08:06 13768375                   /usr/lib/jvm/java-8-openjdk-amd64/jre/lib/amd64/libnio.so
7f5210efe000-7f5210eff000 ---p 00000000 00:00 0 
7f5210eff000-7f5214000000 rw-p 00000000 00:00 0 
7f5214000000-7f5214021000 rw-p 00000000 00:00 0 
7f5214021000-7f5218000000 ---p 00000000 00:00 0 
7f5218000000-7f5218021000 rw-p 00000000 00:00 0 
7f5218021000-7f521c000000 ---p 00000000 00:00 0 
7f521c000000-7f521c021000 rw-p 00000000 00:00 0 
7f521c021000-7f5220000000 ---p 00000000 00:00 0 
7f5220000000-7f5220021000 rw-p 00000000 00:00 0 
7f5220021000-7f5224000000 ---p 00000000 00:00 0 
7f5224000000-7f5224021000 rw-p 00000000 00:00 0 
7f5224021000-7f5228000000 ---p 00000000 00:00 0 
7f5228000000-7f5228021000 rw-p 00000000 00:00 0 
7f5228021000-7f522c000000 ---p 00000000 00:00 0 
7f522c000000-7f522c021000 rw-p 00000000 00:00 0 
7f522c021000-7f5230000000 ---p 00000000 00:00 0 
7f5230000000-7f5230021000 rw-p 00000000 00:00 0 
7f5230021000-7f5234000000 ---p 00000000 00:00 0 
7f5234000000-7f5234021000 rw-p 00000000 00:00 0 
7f5234021000-7f5238000000 ---p 00000000 00:00 0 
7f5238064000-7f5238067000 r--s 00015000 08:06 13774554                   /usr/lib/jvm/java-8-openjdk-amd64/jre/lib/jce.jar
7f5238067000-7f523806c000 r--s 0009a000 08:06 13774556                   /usr/lib/jvm/java-8-openjdk-amd64/jre/lib/jsse.jar
7f523806c000-7f523806f000 ---p 00000000 00:00 0 
7f523806f000-7f523816d000 rw-p 00000000 00:00 0 
7f523816d000-7f5238170000 ---p 00000000 00:00 0 
7f5238170000-7f523826e000 rw-p 00000000 00:00 0 
7f523826e000-7f5238285000 r-xp 00000000 08:06 13768374                   /usr/lib/jvm/java-8-openjdk-amd64/jre/lib/amd64/libnet.so
7f5238285000-7f5238484000 ---p 00017000 08:06 13768374                   /usr/lib/jvm/java-8-openjdk-amd64/jre/lib/amd64/libnet.so
7f5238484000-7f5238485000 r--p 00016000 08:06 13768374                   /usr/lib/jvm/java-8-openjdk-amd64/jre/lib/amd64/libnet.so
7f5238485000-7f5238486000 rw-p 00017000 08:06 13768374                   /usr/lib/jvm/java-8-openjdk-amd64/jre/lib/amd64/libnet.so
7f5238486000-7f5238489000 ---p 00000000 00:00 0 
7f5238489000-7f5238587000 rw-p 00000000 00:00 0 
7f5238587000-7f523858a000 ---p 00000000 00:00 0 
7f523858a000-7f5238688000 rw-p 00000000 00:00 0 
7f5238688000-7f523868b000 ---p 00000000 00:00 0 
7f523868b000-7f5238789000 rw-p 00000000 00:00 0 
7f5238789000-7f523878b000 r--s 0001a000 08:06 5640687                    /home/stefstef/Editors/idea-IU-172.3968.16/lib/idea_rt.jar
7f523878b000-7f523878f000 r--s 00019000 08:06 10096758                   /home/stefstef/.m2/repository/com/google/apis/google-api-services-drive/v3-rev76-1.22.0/google-api-services-drive-v3-rev76-1.22.0.jar
7f523878f000-7f52387b7000 r--s 001cf000 08:06 6697606                    /home/stefstef/.m2/repository/com/google/guava/guava-jdk5/17.0/guava-jdk5-17.0.jar
7f52387b7000-7f52387bb000 r--s 0002f000 08:06 6697602                    /home/stefstef/.m2/repository/com/fasterxml/jackson/core/jackson-core/2.1.3/jackson-core-2.1.3.jar
7f52387bb000-7f52387be000 r--s 00006000 08:06 6697600                    /home/stefstef/.m2/repository/com/google/code/findbugs/jsr305/1.3.9/jsr305-1.3.9.jar
7f52387be000-7f52387c0000 r--s 0000a000 08:06 7354560                    /home/stefstef/.m2/repository/commons-codec/commons-codec/1.3/commons-codec-1.3.jar
7f52387c0000-7f52387c2000 r--s 0000d000 08:06 7354558                    /home/stefstef/.m2/repository/commons-logging/commons-logging/1.1.1/commons-logging-1.1.1.jar
7f52387c2000-7f52387c7000 r--s 00026000 08:06 7354562                    /home/stefstef/.m2/repository/org/apache/httpcomponents/httpcore/4.0.1/httpcore-4.0.1.jar
7f52387c7000-7f52387cf000 r--s 00040000 08:06 8006077                    /home/stefstef/.m2/repository/org/apache/httpcomponents/httpclient/4.0.1/httpclient-4.0.1.jar
7f52387cf000-7f52387d8000 r--s 0004f000 08:06 6697597                    /home/stefstef/.m2/repository/com/google/http-client/google-http-client/1.22.0/google-http-client-1.22.0.jar
7f52387d8000-7f52387da000 r--s 0000d000 08:06 6558464                    /home/stefstef/.m2/repository/com/google/oauth-client/google-oauth-client/1.22.0/google-oauth-client-1.22.0.jar
7f52387da000-7f52387df000 r--s 0002c000 08:06 6558462                    /home/stefstef/.m2/repository/com/google/api-client/google-api-client/1.22.0/google-api-client-1.22.0.jar
7f52387df000-7f52387e1000 r--s 0001f000 08:06 8262924                    /home/stefstef/.m2/repository/org/mortbay/jetty/servlet-api/2.5-20081211/servlet-api-2.5-20081211.jar
7f52387e1000-7f52387e5000 r--s 00028000 08:06 9965488                    /home/stefstef/.m2/repository/org/mortbay/jetty/jetty-util/6.1.26/jetty-util-6.1.26.jar
7f52387e5000-7f52387ec000 r--s 0007d000 08:06 9965486                    /home/stefstef/.m2/repository/org/mortbay/jetty/jetty/6.1.26/jetty-6.1.26.jar
7f52387ec000-7f52387ef000 ---p 00000000 00:00 0 
7f52387ef000-7f52388ed000 rw-p 00000000 00:00 0 
7f52388ed000-7f5238a88000 r--p 00000000 08:06 13768397                   /usr/lib/locale/locale-archive
7f5238a88000-7f5238a8b000 ---p 00000000 00:00 0 
7f5238a8b000-7f5238b89000 rw-p 00000000 00:00 0 
7f5238b89000-7f5238b8c000 ---p 00000000 00:00 0 
7f5238b8c000-7f5238c8a000 rw-p 00000000 00:00 0 
7f5238c8a000-7f5238c8b000 ---p 00000000 00:00 0 
7f5238c8b000-7f523d000000 rw-p 00000000 00:00 0 
7f523d000000-7f523d6d0000 rwxp 00000000 00:00 0 
7f523d6d0000-7f524c000000 ---p 00000000 00:00 0 
7f524c000000-7f524c60d000 rw-p 00000000 00:00 0 
7f524c60d000-7f5250000000 ---p 00000000 00:00 0 
7f5250000000-7f5250001000 r--s 00001000 08:06 6697598                    /home/stefstef/.m2/repository/com/google/http-client/google-http-client-jackson2/1.22.0/google-http-client-jackson2-1.22.0.jar
7f5250001000-7f5250002000 r--s 00002000 08:06 9965484                    /home/stefstef/.m2/repository/com/google/oauth-client/google-oauth-client-java6/1.22.0/google-oauth-client-java6-1.22.0.jar
7f5250002000-7f5250003000 r--s 00001000 08:06 9965482                    /home/stefstef/.m2/repository/com/google/oauth-client/google-oauth-client-jetty/1.22.0/google-oauth-client-jetty-1.22.0.jar
7f5250003000-7f5250016000 r--s 00346000 08:06 13774561                   /usr/lib/jvm/java-8-openjdk-amd64/jre/lib/resources.jar
7f5250016000-7f5250017000 r--s 00000000 08:06 13774559                   /usr/lib/jvm/java-8-openjdk-amd64/jre/lib/management-agent.jar
7f5250017000-7f525001c000 r--s 0009a000 08:06 13774556                   /usr/lib/jvm/java-8-openjdk-amd64/jre/lib/jsse.jar
7f525001c000-7f525001f000 r--s 00015000 08:06 13774554                   /usr/lib/jvm/java-8-openjdk-amd64/jre/lib/jce.jar
7f525001f000-7f5250024000 r--s 002f9000 08:06 13774523                   /usr/lib/jvm/java-8-openjdk-amd64/jre/lib/charsets.jar
7f5250024000-7f525003f000 r--s 00394000 08:06 13774533                   /usr/lib/jvm/java-8-openjdk-amd64/jre/lib/ext/cldrdata.jar
7f525003f000-7f525005a000 r--s 001d6000 08:06 13774538                   /usr/lib/jvm/java-8-openjdk-amd64/jre/lib/ext/nashorn.jar
7f525005a000-7f5250a64000 rw-p 00000000 00:00 0 
7f5250a64000-7f5250c32000 r--s 03c15000 08:06 13774562                   /usr/lib/jvm/java-8-openjdk-amd64/jre/lib/rt.jar
7f5250c32000-7f525187f000 rw-p 00000000 00:00 0 
7f525187f000-7f5251880000 ---p 00000000 00:00 0 
7f5251880000-7f5251980000 rw-p 00000000 00:00 0 
7f5251980000-7f5251981000 ---p 00000000 00:00 0 
7f5251981000-7f5251a81000 rw-p 00000000 00:00 0 
7f5251a81000-7f5251a82000 ---p 00000000 00:00 0 
7f5251a82000-7f5251b82000 rw-p 00000000 00:00 0 
7f5251b82000-7f5251b83000 ---p 00000000 00:00 0 
7f5251b83000-7f5251cad000 rw-p 00000000 00:00 0 
7f5251cad000-7f5251f13000 ---p 00000000 00:00 0 
7f5251f13000-7f5251f3d000 rw-p 00000000 00:00 0 
7f5251f3d000-7f52521a2000 ---p 00000000 00:00 0 
7f52521a2000-7f52521bb000 rw-p 00000000 00:00 0 
7f52521bb000-7f52522ea000 ---p 00000000 00:00 0 
7f52522ea000-7f5252307000 rw-p 00000000 00:00 0 
7f5252307000-7f52526ab000 ---p 00000000 00:00 0 
7f52526ab000-7f52526b3000 r-xp 00000000 08:06 13774519                   /usr/lib/jvm/java-8-openjdk-amd64/jre/lib/amd64/libzip.so
7f52526b3000-7f52528b2000 ---p 00008000 08:06 13774519                   /usr/lib/jvm/java-8-openjdk-amd64/jre/lib/amd64/libzip.so
7f52528b2000-7f52528b3000 r--p 00007000 08:06 13774519                   /usr/lib/jvm/java-8-openjdk-amd64/jre/lib/amd64/libzip.so
7f52528b3000-7f52528b4000 rw-p 00008000 08:06 13774519                   /usr/lib/jvm/java-8-openjdk-amd64/jre/lib/amd64/libzip.so
7f52528b4000-7f52528be000 r-xp 00000000 08:06 2755107                    /lib/x86_64-linux-gnu/libnss_files-2.24.so
7f52528be000-7f5252abe000 ---p 0000a000 08:06 2755107                    /lib/x86_64-linux-gnu/libnss_files-2.24.so
7f5252abe000-7f5252abf000 r--p 0000a000 08:06 2755107                    /lib/x86_64-linux-gnu/libnss_files-2.24.so
7f5252abf000-7f5252ac0000 rw-p 0000b000 08:06 2755107                    /lib/x86_64-linux-gnu/libnss_files-2.24.so
7f5252ac0000-7f5252ac6000 rw-p 00000000 00:00 0 
7f5252ac6000-7f5252ad1000 r-xp 00000000 08:06 2755111                    /lib/x86_64-linux-gnu/libnss_nis-2.24.so
7f5252ad1000-7f5252cd0000 ---p 0000b000 08:06 2755111                    /lib/x86_64-linux-gnu/libnss_nis-2.24.so
7f5252cd0000-7f5252cd1000 r--p 0000a000 08:06 2755111                    /lib/x86_64-linux-gnu/libnss_nis-2.24.so
7f5252cd1000-7f5252cd2000 rw-p 0000b000 08:06 2755111                    /lib/x86_64-linux-gnu/libnss_nis-2.24.so
7f5252cd2000-7f5252ce6000 r-xp 00000000 08:06 2755101                    /lib/x86_64-linux-gnu/libnsl-2.24.so
7f5252ce6000-7f5252ee6000 ---p 00014000 08:06 2755101                    /lib/x86_64-linux-gnu/libnsl-2.24.so
7f5252ee6000-7f5252ee7000 r--p 00014000 08:06 2755101                    /lib/x86_64-linux-gnu/libnsl-2.24.so
7f5252ee7000-7f5252ee8000 rw-p 00015000 08:06 2755101                    /lib/x86_64-linux-gnu/libnsl-2.24.so
7f5252ee8000-7f5252eea000 rw-p 00000000 00:00 0 
7f5252eea000-7f5252ef1000 r-xp 00000000 08:06 2755103                    /lib/x86_64-linux-gnu/libnss_compat-2.24.so
7f5252ef1000-7f52530f0000 ---p 00007000 08:06 2755103                    /lib/x86_64-linux-gnu/libnss_compat-2.24.so
7f52530f0000-7f52530f1000 r--p 00006000 08:06 2755103                    /lib/x86_64-linux-gnu/libnss_compat-2.24.so
7f52530f1000-7f52530f2000 rw-p 00007000 08:06 2755103                    /lib/x86_64-linux-gnu/libnss_compat-2.24.so
7f52530f2000-7f52530fc000 r-xp 00000000 08:06 13768357                   /usr/lib/jvm/java-8-openjdk-amd64/jre/lib/amd64/libinstrument.so
7f52530fc000-7f52532fb000 ---p 0000a000 08:06 13768357                   /usr/lib/jvm/java-8-openjdk-amd64/jre/lib/amd64/libinstrument.so
7f52532fb000-7f52532fc000 r--p 00009000 08:06 13768357                   /usr/lib/jvm/java-8-openjdk-amd64/jre/lib/amd64/libinstrument.so
7f52532fc000-7f52532fd000 rw-p 0000a000 08:06 13768357                   /usr/lib/jvm/java-8-openjdk-amd64/jre/lib/amd64/libinstrument.so
7f52532fd000-7f525332a000 r-xp 00000000 08:06 13768363                   /usr/lib/jvm/java-8-openjdk-amd64/jre/lib/amd64/libjava.so
7f525332a000-7f5253529000 ---p 0002d000 08:06 13768363                   /usr/lib/jvm/java-8-openjdk-amd64/jre/lib/amd64/libjava.so
7f5253529000-7f525352a000 r--p 0002c000 08:06 13768363                   /usr/lib/jvm/java-8-openjdk-amd64/jre/lib/amd64/libjava.so
7f525352a000-7f525352c000 rw-p 0002d000 08:06 13768363                   /usr/lib/jvm/java-8-openjdk-amd64/jre/lib/amd64/libjava.so
7f525352c000-7f525353b000 r-xp 00000000 08:06 13774518                   /usr/lib/jvm/java-8-openjdk-amd64/jre/lib/amd64/libverify.so
7f525353b000-7f525373b000 ---p 0000f000 08:06 13774518                   /usr/lib/jvm/java-8-openjdk-amd64/jre/lib/amd64/libverify.so
7f525373b000-7f525373d000 r--p 0000f000 08:06 13774518                   /usr/lib/jvm/java-8-openjdk-amd64/jre/lib/amd64/libverify.so
7f525373d000-7f525373e000 rw-p 00011000 08:06 13774518                   /usr/lib/jvm/java-8-openjdk-amd64/jre/lib/amd64/libverify.so
7f525373e000-7f5253745000 r-xp 00000000 08:06 2755160                    /lib/x86_64-linux-gnu/librt-2.24.so
7f5253745000-7f5253944000 ---p 00007000 08:06 2755160                    /lib/x86_64-linux-gnu/librt-2.24.so
7f5253944000-7f5253945000 r--p 00006000 08:06 2755160                    /lib/x86_64-linux-gnu/librt-2.24.so
7f5253945000-7f5253946000 rw-p 00007000 08:06 2755160                    /lib/x86_64-linux-gnu/librt-2.24.so
7f5253946000-7f525395c000 r-xp 00000000 08:06 2755254                    /lib/x86_64-linux-gnu/libgcc_s.so.1
7f525395c000-7f5253b5b000 ---p 00016000 08:06 2755254                    /lib/x86_64-linux-gnu/libgcc_s.so.1
7f5253b5b000-7f5253b5c000 r--p 00015000 08:06 2755254                    /lib/x86_64-linux-gnu/libgcc_s.so.1
7f5253b5c000-7f5253b5d000 rw-p 00016000 08:06 2755254                    /lib/x86_64-linux-gnu/libgcc_s.so.1
7f5253b5d000-7f5253c60000 r-xp 00000000 08:06 2755084                    /lib/x86_64-linux-gnu/libm-2.24.so
7f5253c60000-7f5253e5f000 ---p 00103000 08:06 2755084                    /lib/x86_64-linux-gnu/libm-2.24.so
7f5253e5f000-7f5253e60000 r--p 00102000 08:06 2755084                    /lib/x86_64-linux-gnu/libm-2.24.so
7f5253e60000-7f5253e61000 rw-p 00103000 08:06 2755084                    /lib/x86_64-linux-gnu/libm-2.24.so
7f5253e61000-7f5253fd3000 r-xp 00000000 08:06 13909765                   /usr/lib/x86_64-linux-gnu/libstdc++.so.6.0.24
7f5253fd3000-7f52541d3000 ---p 00172000 08:06 13909765                   /usr/lib/x86_64-linux-gnu/libstdc++.so.6.0.24
7f52541d3000-7f52541dd000 r--p 00172000 08:06 13909765                   /usr/lib/x86_64-linux-gnu/libstdc++.so.6.0.24
7f52541dd000-7f52541df000 rw-p 0017c000 08:06 13909765                   /usr/lib/x86_64-linux-gnu/libstdc++.so.6.0.24
7f52541df000-7f52541e2000 rw-p 00000000 00:00 0 
7f52541e2000-7f5254e3b000 r-xp 00000000 08:06 13774522                   /usr/lib/jvm/java-8-openjdk-amd64/jre/lib/amd64/server/libjvm.so
7f5254e3b000-7f525503b000 ---p 00c59000 08:06 13774522                   /usr/lib/jvm/java-8-openjdk-amd64/jre/lib/amd64/server/libjvm.so
7f525503b000-7f52550ce000 r--p 00c59000 08:06 13774522                   /usr/lib/jvm/java-8-openjdk-amd64/jre/lib/amd64/server/libjvm.so
7f52550ce000-7f52550f7000 rw-p 00cec000 08:06 13774522                   /usr/lib/jvm/java-8-openjdk-amd64/jre/lib/amd64/server/libjvm.so
7f52550f7000-7f5255127000 rw-p 00000000 00:00 0 
7f5255127000-7f52552bc000 r-xp 00000000 08:06 2755012                    /lib/x86_64-linux-gnu/libc-2.24.so
7f52552bc000-7f52554bb000 ---p 00195000 08:06 2755012                    /lib/x86_64-linux-gnu/libc-2.24.so
7f52554bb000-7f52554bf000 r--p 00194000 08:06 2755012                    /lib/x86_64-linux-gnu/libc-2.24.so
7f52554bf000-7f52554c1000 rw-p 00198000 08:06 2755012                    /lib/x86_64-linux-gnu/libc-2.24.so
7f52554c1000-7f52554c5000 rw-p 00000000 00:00 0 
7f52554c5000-7f52554c7000 r-xp 00000000 08:06 2755035                    /lib/x86_64-linux-gnu/libdl-2.24.so
7f52554c7000-7f52556c7000 ---p 00002000 08:06 2755035                    /lib/x86_64-linux-gnu/libdl-2.24.so
7f52556c7000-7f52556c8000 r--p 00002000 08:06 2755035                    /lib/x86_64-linux-gnu/libdl-2.24.so
7f52556c8000-7f52556c9000 rw-p 00003000 08:06 2755035                    /lib/x86_64-linux-gnu/libdl-2.24.so
7f52556c9000-7f52556d6000 r-xp 00000000 08:06 13768346                   /usr/lib/jvm/java-8-openjdk-amd64/jre/lib/amd64/jli/libjli.so
7f52556d6000-7f52558d6000 ---p 0000d000 08:06 13768346                   /usr/lib/jvm/java-8-openjdk-amd64/jre/lib/amd64/jli/libjli.so
7f52558d6000-7f52558d7000 r--p 0000d000 08:06 13768346                   /usr/lib/jvm/java-8-openjdk-amd64/jre/lib/amd64/jli/libjli.so
7f52558d7000-7f52558d8000 rw-p 0000e000 08:06 13768346                   /usr/lib/jvm/java-8-openjdk-amd64/jre/lib/amd64/jli/libjli.so
7f52558d8000-7f52558f1000 r-xp 00000000 08:06 2755193                    /lib/x86_64-linux-gnu/libz.so.1.2.8
7f52558f1000-7f5255af0000 ---p 00019000 08:06 2755193                    /lib/x86_64-linux-gnu/libz.so.1.2.8
7f5255af0000-7f5255af1000 r--p 00018000 08:06 2755193                    /lib/x86_64-linux-gnu/libz.so.1.2.8
7f5255af1000-7f5255af2000 rw-p 00019000 08:06 2755193                    /lib/x86_64-linux-gnu/libz.so.1.2.8
7f5255af2000-7f5255b0a000 r-xp 00000000 08:06 2755150                    /lib/x86_64-linux-gnu/libpthread-2.24.so
7f5255b0a000-7f5255d09000 ---p 00018000 08:06 2755150                    /lib/x86_64-linux-gnu/libpthread-2.24.so
7f5255d09000-7f5255d0a000 r--p 00017000 08:06 2755150                    /lib/x86_64-linux-gnu/libpthread-2.24.so
7f5255d0a000-7f5255d0b000 rw-p 00018000 08:06 2755150                    /lib/x86_64-linux-gnu/libpthread-2.24.so
7f5255d0b000-7f5255d0f000 rw-p 00000000 00:00 0 
7f5255d0f000-7f5255d32000 r-xp 00000000 08:06 2754986                    /lib/x86_64-linux-gnu/ld-2.24.so
7f5255d32000-7f5255d34000 r--s 00007000 08:06 14821044                   /usr/share/java/java-atk-wrapper.jar
7f5255d34000-7f5255d35000 r--s 00010000 08:06 13774542                   /usr/lib/jvm/java-8-openjdk-amd64/jre/lib/ext/zipfs.jar
7f5255d35000-7f5255d37000 r--s 00007000 08:06 14821044                   /usr/share/java/java-atk-wrapper.jar
7f5255d37000-7f5255d39000 r--s 00001000 08:06 13774534                   /usr/lib/jvm/java-8-openjdk-amd64/jre/lib/ext/dnsns.jar
7f5255d39000-7f5255d3e000 r--s 0003b000 08:06 13774540                   /usr/lib/jvm/java-8-openjdk-amd64/jre/lib/ext/sunjce_provider.jar
7f5255d3e000-7f5255e0e000 rw-p 00000000 00:00 0 
7f5255e0e000-7f5255e11000 ---p 00000000 00:00 0 
7f5255e11000-7f5255f11000 rw-p 00000000 00:00 0 
7f5255f11000-7f5255f12000 r--s 0000a000 08:06 13774536                   /usr/lib/jvm/java-8-openjdk-amd64/jre/lib/ext/jaccess.jar
7f5255f12000-7f5255f16000 r--s 00037000 08:06 13774541                   /usr/lib/jvm/java-8-openjdk-amd64/jre/lib/ext/sunpkcs11.jar
7f5255f16000-7f5255f19000 r--s 0000f000 08:06 13774535                   /usr/lib/jvm/java-8-openjdk-amd64/jre/lib/ext/icedtea-sound.jar
7f5255f19000-7f5255f1b000 r--s 00008000 08:06 13774539                   /usr/lib/jvm/java-8-openjdk-amd64/jre/lib/ext/sunec.jar
7f5255f1b000-7f5255f25000 r--s 00116000 08:06 13774537                   /usr/lib/jvm/java-8-openjdk-amd64/jre/lib/ext/localedata.jar
7f5255f25000-7f5255f2d000 rw-s 00000000 08:06 8141365                    /tmp/hsperfdata_stefstef/8947
7f5255f2d000-7f5255f2e000 rw-p 00000000 00:00 0 
7f5255f2e000-7f5255f2f000 r--p 00000000 00:00 0 
7f5255f2f000-7f5255f32000 rw-p 00000000 00:00 0 
7f5255f32000-7f5255f33000 r--p 00023000 08:06 2754986                    /lib/x86_64-linux-gnu/ld-2.24.so
7f5255f33000-7f5255f34000 rw-p 00024000 08:06 2754986                    /lib/x86_64-linux-gnu/ld-2.24.so
7f5255f34000-7f5255f35000 rw-p 00000000 00:00 0 
7ffe87747000-7ffe87769000 rw-p 00000000 00:00 0                          [stack]
7ffe8778b000-7ffe8778d000 r--p 00000000 00:00 0                          [vvar]
7ffe8778d000-7ffe8778f000 r-xp 00000000 00:00 0                          [vdso]
ffffffffff600000-ffffffffff601000 r-xp 00000000 00:00 0                  [vsyscall]

VM Arguments:
jvm_args: -javaagent:/home/stefstef/Editors/idea-IU-172.3968.16/lib/idea_rt.jar=38819:/home/stefstef/Editors/idea-IU-172.3968.16/bin -Dfile.encoding=UTF-8 -Dawt.useSystemAAFontSettings=gasp 
java_command: com.noReasonException.Misc.Factories.ServiceFactory
java_class_path (initial): /usr/lib/jvm/java-1.8.0-openjdk-amd64/jre/lib/charsets.jar:/usr/lib/jvm/java-1.8.0-openjdk-amd64/jre/lib/ext/cldrdata.jar:/usr/lib/jvm/java-1.8.0-openjdk-amd64/jre/lib/ext/dnsns.jar:/usr/lib/jvm/java-1.8.0-openjdk-amd64/jre/lib/ext/icedtea-sound.jar:/usr/lib/jvm/java-1.8.0-openjdk-amd64/jre/lib/ext/jaccess.jar:/usr/lib/jvm/java-1.8.0-openjdk-amd64/jre/lib/ext/java-atk-wrapper.jar:/usr/lib/jvm/java-1.8.0-openjdk-amd64/jre/lib/ext/localedata.jar:/usr/lib/jvm/java-1.8.0-openjdk-amd64/jre/lib/ext/nashorn.jar:/usr/lib/jvm/java-1.8.0-openjdk-amd64/jre/lib/ext/sunec.jar:/usr/lib/jvm/java-1.8.0-openjdk-amd64/jre/lib/ext/sunjce_provider.jar:/usr/lib/jvm/java-1.8.0-openjdk-amd64/jre/lib/ext/sunpkcs11.jar:/usr/lib/jvm/java-1.8.0-openjdk-amd64/jre/lib/ext/zipfs.jar:/usr/lib/jvm/java-1.8.0-openjdk-amd64/jre/lib/jce.jar:/usr/lib/jvm/java-1.8.0-openjdk-amd64/jre/lib/jsse.jar:/usr/lib/jvm/java-1.8.0-openjdk-amd64/jre/lib/management-agent.jar:/usr/lib/jvm/java-1.8.0-openjdk-amd64/jre/lib/resources.jar:/usr/lib/jvm/java-1.8.0-openjdk-amd64/jre/lib/rt.jar:/home/stefstef/Desktop/googledrivesyncclientlinux/googleDriveSync/target/classes:/home/stefstef/.m2/repository/com/google/oauth-client/google-oauth-client-jetty/1.22.0/google-oauth-client-jetty-1.22.0.jar:/home/stefstef/.m2/repository/com/google/oauth-client/google-oauth-client-java6/1.22.0/google-oauth-client-java6-1.22.0.jar:/home/stefstef/.m2/repository/org/mortbay/jetty/jetty/6.1.26/jetty-6.1.26.jar:/home/stefstef/.m2/repository/org/mortbay/jetty/jetty-util/6.1.26/jetty-util-6.1.26.jar:/home/stefstef/.m2/repository/org/mortbay/jetty/servlet-api/2.5-20081211/servlet-api-2.5-20081211.jar:/home/stefstef/.m2/repository/com/google/api-client/google-api-client/1.22.0/google-api-client-1.22.0.jar:/home/stefstef/.m2/repository/com/google/oauth-client/google-oauth-client/1.22.0/google-oauth-client-1.22.0.jar:/home/stefstef/.m2/repository/com/google/http-client/google-http-client/1.22.0/google-http-client-1.22.
Launcher Type: SUN_STANDARD

Environment Variables:
_JAVA_OPTIONS=  -Dawt.useSystemAAFontSettings=gasp
PATH=/usr/local/bin:/usr/bin:/bin:/usr/local/games:/usr/games:/sbin:/usr/sbin
SHELL=/bin/bash
DISPLAY=:0

Signal Handlers:
SIGSEGV: [libjvm.so+0xa6f4f0], sa_mask[0]=11111111011111111101111111111110, sa_flags=SA_RESTART|SA_SIGINFO
SIGBUS: [libjvm.so+0xa6f4f0], sa_mask[0]=11111111011111111101111111111110, sa_flags=SA_RESTART|SA_SIGINFO
SIGFPE: [libjvm.so+0x8b95e0], sa_mask[0]=11111111011111111101111111111110, sa_flags=SA_RESTART|SA_SIGINFO
SIGPIPE: [libjvm.so+0x8b95e0], sa_mask[0]=11111111011111111101111111111110, sa_flags=SA_RESTART|SA_SIGINFO
SIGXFSZ: [libjvm.so+0x8b95e0], sa_mask[0]=11111111011111111101111111111110, sa_flags=SA_RESTART|SA_SIGINFO
SIGILL: [libjvm.so+0x8b95e0], sa_mask[0]=11111111011111111101111111111110, sa_flags=SA_RESTART|SA_SIGINFO
SIGUSR1: SIG_DFL, sa_mask[0]=00000000000000000000000000000000, sa_flags=none
SIGUSR2: [libjvm.so+0x8b9490], sa_mask[0]=00100000000000000000000000000000, sa_flags=SA_RESTART|SA_SIGINFO
SIGHUP: SIG_IGN, sa_mask[0]=00000000000000000000000000000000, sa_flags=none
SIGINT: [libjvm.so+0x8b9940], sa_mask[0]=11111111011111111101111111111110, sa_flags=SA_RESTART|SA_SIGINFO
SIGTERM: [libjvm.so+0x8b9940], sa_mask[0]=11111111011111111101111111111110, sa_flags=SA_RESTART|SA_SIGINFO
SIGQUIT: [libjvm.so+0x8b9940], sa_mask[0]=11111111011111111101111111111110, sa_flags=SA_RESTART|SA_SIGINFO


---------------  S Y S T E M  ---------------

OS:DISTRIB_ID=Deepin
DISTRIB_RELEASE=15.4.1
DISTRIB_DESCRIPTION="Deepin 15.4.1 "
DISTRIB_CODENAME=unstable

uname:Linux 4.9.0-deepin9-amd64 #1 SMP PREEMPT Deepin 4.9.29-4 (2017-07-17) x86_64
libc:glibc 2.24 NPTL 2.24 
rlimit: STACK 8192k, CORE 0k, NPROC 31240, NOFILE 1048576, AS infinity
load average:1,51 1,08 1,32

/proc/meminfo:
MemTotal:        8044820 kB
MemFree:          580196 kB
MemAvailable:    2937244 kB
Buffers:          149860 kB
Cached:          2912908 kB
SwapCached:            0 kB
Active:          5239532 kB
Inactive:        1795544 kB
Active(anon):    3981888 kB
Inactive(anon):   603772 kB
Active(file):    1257644 kB
Inactive(file):  1191772 kB
Unevictable:          88 kB
Mlocked:              88 kB
SwapTotal:       8190972 kB
SwapFree:        8190972 kB
Dirty:              4132 kB
Writeback:             0 kB
AnonPages:       3972540 kB
Mapped:           770488 kB
Shmem:            613356 kB
Slab:             270776 kB
SReclaimable:     216540 kB
SUnreclaim:        54236 kB
KernelStack:       14512 kB
PageTables:        52140 kB
NFS_Unstable:          0 kB
Bounce:                0 kB
WritebackTmp:          0 kB
CommitLimit:    12213380 kB
Committed_AS:   11024060 kB
VmallocTotal:   34359738367 kB
VmallocUsed:           0 kB
VmallocChunk:          0 kB
HardwareCorrupted:     0 kB
AnonHugePages:      2048 kB
ShmemHugePages:        0 kB
ShmemPmdMapped:        0 kB
HugePages_Total:       0
HugePages_Free:        0
HugePages_Rsvd:        0
HugePages_Surp:        0
Hugepagesize:       2048 kB
DirectMap4k:      195188 kB
DirectMap2M:     8058880 kB
DirectMap1G:           0 kB


CPU:total 4 (initial active 4) (2 cores per cpu, 2 threads per core) family 6 model 142 stepping 9, cmov, cx8, fxsr, mmx, sse, sse2, sse3, ssse3, sse4.1, sse4.2, popcnt, avx, avx2, aes, clmul, erms, 3dnowpref, lzcnt, ht, tsc, tscinvbit, bmi1, bmi2, adx

/proc/cpuinfo:
processor	: 0
vendor_id	: GenuineIntel
cpu family	: 6
model		: 142
model name	: Intel(R) Core(TM) i7-7500U CPU @ 2.70GHz
stepping	: 9
microcode	: 0x38
cpu MHz		: 2700.000
cache size	: 4096 KB
physical id	: 0
siblings	: 4
core id		: 0
cpu cores	: 2
apicid		: 0
initial apicid	: 0
fpu		: yes
fpu_exception	: yes
cpuid level	: 22
wp		: yes
flags		: fpu vme de pse tsc msr pae mce cx8 apic sep mtrr pge mca cmov pat pse36 clflush dts acpi mmx fxsr sse sse2 ss ht tm pbe syscall nx pdpe1gb rdtscp lm constant_tsc art arch_perfmon pebs bts rep_good nopl xtopology nonstop_tsc aperfmperf eagerfpu pni pclmulqdq dtes64 monitor ds_cpl vmx est tm2 ssse3 sdbg fma cx16 xtpr pdcm pcid sse4_1 sse4_2 x2apic movbe popcnt tsc_deadline_timer aes xsave avx f16c rdrand lahf_lm abm 3dnowprefetch epb intel_pt tpr_shadow vnmi flexpriority ept vpid fsgsbase tsc_adjust bmi1 avx2 smep bmi2 erms invpcid mpx rdseed adx smap clflushopt xsaveopt xsavec xgetbv1 xsaves dtherm ida arat pln pts hwp hwp_notify hwp_act_window hwp_epp
bugs		:
bogomips	: 5808.00
clflush size	: 64
cache_alignment	: 64
address sizes	: 39 bits physical, 48 bits virtual
power management:

processor	: 1
vendor_id	: GenuineIntel
cpu family	: 6
model		: 142
model name	: Intel(R) Core(TM) i7-7500U CPU @ 2.70GHz
stepping	: 9
microcode	: 0x38
cpu MHz		: 2700.000
cache size	: 4096 KB
physical id	: 0
siblings	: 4
core id		: 1
cpu cores	: 2
apicid		: 2
initial apicid	: 2
fpu		: yes
fpu_exception	: yes
cpuid level	: 22
wp		: yes
flags		: fpu vme de pse tsc msr pae mce cx8 apic sep mtrr pge mca cmov pat pse36 clflush dts acpi mmx fxsr sse sse2 ss ht tm pbe syscall nx pdpe1gb rdtscp lm constant_tsc art arch_perfmon pebs bts rep_good nopl xtopology nonstop_tsc aperfmperf eagerfpu pni pclmulqdq dtes64 monitor ds_cpl vmx est tm2 ssse3 sdbg fma cx16 xtpr pdcm pcid sse4_1 sse4_2 x2apic movbe popcnt tsc_deadline_timer aes xsave avx f16c rdrand lahf_lm abm 3dnowprefetch epb intel_pt tpr_shadow vnmi flexpriority ept vpid fsgsbase tsc_adjust bmi1 avx2 smep bmi2 erms invpcid mpx rdseed adx smap clflushopt xsaveopt xsavec xgetbv1 xsaves dtherm ida arat pln pts hwp hwp_notify hwp_act_window hwp_epp
bugs		:
bogomips	: 5808.00
clflush size	: 64
cache_alignment	: 64
address sizes	: 39 bits physical, 48 bits virtual
power management:

processor	: 2
vendor_id	: GenuineIntel
cpu family	: 6
model		: 142
model name	: Intel(R) Core(TM) i7-7500U CPU @ 2.70GHz
stepping	: 9
microcode	: 0x38
cpu MHz		: 2700.000
cache size	: 4096 KB
physical id	: 0
siblings	: 4
core id		: 0
cpu cores	: 2
apicid		: 1
initial apicid	: 1
fpu		: yes
fpu_exception	: yes
cpuid level	: 22
wp		: yes
flags		: fpu vme de pse tsc msr pae mce cx8 apic sep mtrr pge mca cmov pat pse36 clflush dts acpi mmx fxsr sse sse2 ss ht tm pbe syscall nx pdpe1gb rdtscp lm constant_tsc art arch_perfmon pebs bts rep_good nopl xtopology nonstop_tsc aperfmperf eagerfpu pni pclmulqdq dtes64 monitor ds_cpl vmx est tm2 ssse3 sdbg fma cx16 xtpr pdcm pcid sse4_1 sse4_2 x2apic movbe popcnt tsc_deadline_timer aes xsave avx f16c rdrand lahf_lm abm 3dnowprefetch epb intel_pt tpr_shadow vnmi flexpriority ept vpid fsgsbase tsc_adjust bmi1 avx2 smep bmi2 erms invpcid mpx rdseed adx smap clflushopt xsaveopt xsavec xgetbv1 xsaves dtherm ida arat pln pts hwp hwp_notify hwp_act_window hwp_epp
bugs		:
bogomips	: 5808.00
clflush size	: 64
cache_alignment	: 64
address sizes	: 39 bits physical, 48 bits virtual
power management:

processor	: 3
vendor_id	: GenuineIntel
cpu family	: 6
model		: 142
model name	: Intel(R) Core(TM) i7-7500U CPU @ 2.70GHz
stepping	: 9
microcode	: 0x38
cpu MHz		: 2700.000
cache size	: 4096 KB
physical id	: 0
siblings	: 4
core id		: 1
cpu cores	: 2
apicid		: 3
initial apicid	: 3
fpu		: yes
fpu_exception	: yes
cpuid level	: 22
wp		: yes
flags		: fpu vme de pse tsc msr pae mce cx8 apic sep mtrr pge mca cmov pat pse36 clflush dts acpi mmx fxsr sse sse2 ss ht tm pbe syscall nx pdpe1gb rdtscp lm constant_tsc art arch_perfmon pebs bts rep_good nopl xtopology nonstop_tsc aperfmperf eagerfpu pni pclmulqdq dtes64 monitor ds_cpl vmx est tm2 ssse3 sdbg fma cx16 xtpr pdcm pcid sse4_1 sse4_2 x2apic movbe popcnt tsc_deadline_timer aes xsave avx f16c rdrand lahf_lm abm 3dnowprefetch epb intel_pt tpr_shadow vnmi flexpriority ept vpid fsgsbase tsc_adjust bmi1 avx2 smep bmi2 erms invpcid mpx rdseed adx smap clflushopt xsaveopt xsavec xgetbv1 xsaves dtherm ida arat pln pts hwp hwp_notify hwp_act_window hwp_epp
bugs		:
bogomips	: 5808.00
clflush size	: 64
cache_alignment	: 64
address sizes	: 39 bits physical, 48 bits virtual
power management:



Memory: 4k page, physical 8044820k(580196k free), swap 8190972k(8190972k free)

vm_info: OpenJDK 64-Bit Server VM (25.141-b15) for linux-amd64 JRE (1.8.0_141-8u141-b15-3-b15), built on Jul 25 2017 15:03:27 by "buildd" with gcc 6.4.0 20170704

time: Wed Oct 25 18:21:49 2017
elapsed time: 141 seconds (0d 0h 2m 21s)

