#
# A fatal error has been detected by the Java Runtime Environment:
#
#  SIGSEGV (0xb) at pc=0x00007fb5b8851344, pid=4636, tid=0x00007fb5841cf700
#
# JRE version: OpenJDK Runtime Environment (8.0_141-b15) (build 1.8.0_141-8u141-b15-3-b15)
# Java VM: OpenJDK 64-Bit Server VM (25.141-b15 mixed mode linux-amd64 compressed oops)
# Problematic frame:
# C  [libc.so.6+0x7b344]  cfree+0x14
#
# Failed to write core dump. Core dumps have been disabled. To enable core dumping, try "ulimit -c unlimited" before starting Java again
#
# If you would like to submit a bug report, please visit:
#   http://bugreport.java.com/bugreport/crash.jsp
# The crash happened outside the Java Virtual Machine in native code.
# See problematic frame for where to report the bug.
#

---------------  T H R E A D  ---------------

Current thread (0x00007fb5b049e000):  JavaThread "inotifyRequestSubmitterThread" [_thread_in_native, id=4677, stack(0x00007fb5840cf000,0x00007fb5841d0000)]

siginfo: si_signo: 11 (SIGSEGV), si_code: 1 (SEGV_MAPERR), si_addr: 0x00000000000000a8

Registers:
RAX=0x0000000000000000, RBX=0x00000000000002a8, RCX=0x00000000000000b0, RDX=0x0000000000000040
RSP=0x00007fb5841ce778, RBP=0x00007fb5841ce7a0, RSI=0x00000000000000b0, RDI=0x00000000000000b0
R8 =0x00007fb5b4aa8128, R9 =0x0000000000000006, R10=0x00007fb5a1017748, R11=0x00007fb5b81f57a0
R12=0x0000000000000000, R13=0x00007fb5b4aa8120, R14=0x00007fb5841ce940, R15=0x00007fb5b049e000
RIP=0x00007fb5b8851344, EFLAGS=0x0000000000010202, CSGSFS=0x002b000000000033, ERR=0x0000000000000004
  TRAPNO=0x000000000000000e

Top of Stack: (sp=0x00007fb5841ce778)
0x00007fb5841ce778:   00007fb563df8904 00007fb56393b0c0
0x00007fb5841ce788:   0000000000000040 00000000000000b0
0x00007fb5841ce798:   00007fb563fffd60 00007fb5841ce7d0
0x00007fb5841ce7a8:   00007fb563df7c68 00007fb5a1005310
0x00007fb5841ce7b8:   0000000000000040 00000000000000b0
0x00007fb5841ce7c8:   00007fb563fffd60 00007fb5841ce7f0
0x00007fb5841ce7d8:   00007fb563df7176 00000000000000b0
0x00007fb5841ce7e8:   00007fb563fffd60 00007fb5841ce820
0x00007fb5841ce7f8:   00007fb563df6de7 00007fb5841ce840
0x00007fb5841ce808:   00007fb563fffd60 00007fb5841ce920
0x00007fb5841ce818:   00007fb5b4aa8128 00007fb5841ce840
0x00007fb5841ce828:   00007fb563df5b8e 00007fb5b04330c0
0x00007fb5841ce838:   00007fb563fffd60 00007fb5841ce860
0x00007fb5841ce848:   00007fb563df4f38 00007fb5841ce940
0x00007fb5841ce858:   00007fb563fffd60 00007fb5841ce880
0x00007fb5841ce868:   00007fb563df3f1d 00007fb5841ce8d0
0x00007fb5841ce878:   00007fb5b04a6eb0 00007fb5841ce8c0
0x00007fb5841ce888:   00007fb563df3598 00007fb5841ce940
0x00007fb5841ce898:   00007fb5b049e1e0 00007fb5841ce8e0
0x00007fb5841ce8a8:   719669fe91a94000 00007fb5b4aa8128
0x00007fb5841ce8b8:   0000000000000000 00007fb5841ce920
0x00007fb5841ce8c8:   00007fb5a1017774 00007fb5841ce930
0x00007fb5841ce8d8:   00007fb5a1017c95 00007fb5841ce8e0
0x00007fb5841ce8e8:   00007fb5b4aa8120 00007fb5841ce940
0x00007fb5841ce8f8:   00007fb5b4aa8378 0000000000000000
0x00007fb5841ce908:   00007fb5b4aa8128 0000000000000000
0x00007fb5841ce918:   00007fb5841ce940 00007fb5841ce988
0x00007fb5841ce928:   00007fb5a1007d80 0000000000000000
0x00007fb5841ce938:   00007fb5a101127b 00000000d909fe30
0x00007fb5841ce948:   00007fb5841ce948 00007fb5b4aa7c89
0x00007fb5841ce958:   00007fb5841ce9b0 00007fb5b4aa8458
0x00007fb5841ce968:   0000000000000000 00007fb5b4aa7d10 

Instructions: (pc=0x00007fb5b8851344)
0x00007fb5b8851324:   48 89 fb e9 ee fd ff ff 0f 1f 40 00 48 8b 05 c1
0x00007fb5b8851334:   cb 31 00 48 8b 00 48 85 c0 75 79 48 85 ff 74 7c
0x00007fb5b8851344:   48 8b 47 f8 48 8d 77 f0 a8 02 75 20 a8 04 48 8d
0x00007fb5b8851354:   3d a7 d7 31 00 74 0c 48 89 f0 48 25 00 00 00 fc 

Register to memory mapping:

RAX=0x0000000000000000 is an unknown value
RBX=0x00000000000002a8 is an unknown value
RCX=0x00000000000000b0 is an unknown value
RDX=0x0000000000000040 is an unknown value
RSP=0x00007fb5841ce778 is pointing into the stack for thread: 0x00007fb5b049e000
RBP=0x00007fb5841ce7a0 is pointing into the stack for thread: 0x00007fb5b049e000
RSI=0x00000000000000b0 is an unknown value
RDI=0x00000000000000b0 is an unknown value
R8 ={method} {0x00007fb5b4aa8128} 'getLastModifiedFile' '()[B' in 'com/noReasonException/EventGeneratable/EventGenerators/InotifyWrapper/InotifyWrapper'
R9 =0x0000000000000006 is an unknown value
R10=0x00007fb5a1017748 is at code_begin+808 in an Interpreter codelet
method entry point (kind = native)  [0x00007fb5a1017420, 0x00007fb5a1017d20]  2304 bytes
R11=0x00007fb5b81f57a0: <offset 0x9647a0> in /usr/lib/jvm/java-8-openjdk-amd64/jre/lib/amd64/server/libjvm.so at 0x00007fb5b7891000
R12=0x0000000000000000 is an unknown value
R13=0x00007fb5b4aa8120 is pointing into metadata
R14=0x00007fb5841ce940 is pointing into the stack for thread: 0x00007fb5b049e000
R15=0x00007fb5b049e000 is a thread


Stack: [0x00007fb5840cf000,0x00007fb5841d0000],  sp=0x00007fb5841ce778,  free space=1021k
Native frames: (J=compiled Java code, j=interpreted, Vv=VM code, C=native code)
C  [libc.so.6+0x7b344]  cfree+0x14
C  [libInotifyNative.so+0x14c68]  std::allocator_traits<std::allocator<char*> >::deallocate(std::allocator<char*>&, char**, unsigned long)+0x2b
C  [libInotifyNative.so+0x14176]  std::_Deque_base<char*, std::allocator<char*> >::_M_deallocate_node(char**)+0x30
C  [libInotifyNative.so+0x13de7]  std::deque<char*, std::allocator<char*> >::_M_pop_front_aux()+0x43
C  [libInotifyNative.so+0x12b8e]  std::deque<char*, std::allocator<char*> >::pop_front()+0x5e
C  [libInotifyNative.so+0x11f38]  std::queue<char*, std::deque<char*, std::allocator<char*> > >::pop()+0x18
C  [libInotifyNative.so+0x10f1d]  getLastModifiedFile()+0x2d
C  [libInotifyNative.so+0x10598]  Java_com_noReasonException_EventGeneratable_EventGenerators_InotifyWrapper_InotifyWrapper_getLastModifiedFile+0x15
j  com.noReasonException.EventGeneratable.EventGenerators.InotifyWrapper.InotifyWrapper.getLastModifiedFile()[B+0
j  com.noReasonException.EventGeneratable.EventGenerators.InotifyWrapperEventGenerator.getLastEventOccured()Lcom/noReasonException/EventGeneratable/EventRequest/EventRequest;+9
j  com.noReasonException.EventGeneratable.EventGenerators.RequestSubmitter.RequestSubmitter.run()V+44
j  java.lang.Thread.run()V+11
v  ~StubRoutines::call_stub
V  [libjvm.so+0x666133]  JavaCalls::call_helper(JavaValue*, methodHandle*, JavaCallArguments*, Thread*)+0xf53
V  [libjvm.so+0x663697]  JavaCalls::call_virtual(JavaValue*, KlassHandle, Symbol*, Symbol*, JavaCallArguments*, Thread*)+0x297
V  [libjvm.so+0x663c77]  JavaCalls::call_virtual(JavaValue*, Handle, KlassHandle, Symbol*, Symbol*, Thread*)+0x57
V  [libjvm.so+0x6a5a64]  thread_entry(JavaThread*, Thread*)+0x84
V  [libjvm.so+0xa1355b]  JavaThread::thread_main_inner()+0x1eb
V  [libjvm.so+0xa13a1f]  JavaThread::run()+0x46f
V  [libjvm.so+0x8bb352]  java_start(Thread*)+0xf2
C  [libpthread.so.0+0x7424]  start_thread+0xc4

Java frames: (J=compiled Java code, j=interpreted, Vv=VM code)
j  com.noReasonException.EventGeneratable.EventGenerators.InotifyWrapper.InotifyWrapper.getLastModifiedFile()[B+0
j  com.noReasonException.EventGeneratable.EventGenerators.InotifyWrapperEventGenerator.getLastEventOccured()Lcom/noReasonException/EventGeneratable/EventRequest/EventRequest;+9
j  com.noReasonException.EventGeneratable.EventGenerators.RequestSubmitter.RequestSubmitter.run()V+44
j  java.lang.Thread.run()V+11
v  ~StubRoutines::call_stub

---------------  P R O C E S S  ---------------

Java Threads: ( => current thread )
  0x00007fb5b04a7800 JavaThread "googleRequestSubmitterThread" [_thread_in_native, id=4678, stack(0x00007fb5632a8000,0x00007fb5633a9000)]
=>0x00007fb5b049e000 JavaThread "inotifyRequestSubmitterThread" [_thread_in_native, id=4677, stack(0x00007fb5840cf000,0x00007fb5841d0000)]
  0x00007fb5b031c800 JavaThread "Service Thread" daemon [_thread_blocked, id=4668, stack(0x00007fb584719000,0x00007fb58481a000)]
  0x00007fb5b0319800 JavaThread "C1 CompilerThread2" daemon [_thread_blocked, id=4667, stack(0x00007fb58481a000,0x00007fb58491b000)]
  0x00007fb5b0314800 JavaThread "C2 CompilerThread1" daemon [_thread_blocked, id=4666, stack(0x00007fb58491b000,0x00007fb584a1c000)]
  0x00007fb5b0313000 JavaThread "C2 CompilerThread0" daemon [_thread_blocked, id=4665, stack(0x00007fb587c35000,0x00007fb587d36000)]
  0x00007fb5b0311800 JavaThread "Monitor Ctrl-Break" daemon [_thread_in_native, id=4664, stack(0x00007fb587d36000,0x00007fb587e37000)]
  0x00007fb5b0174800 JavaThread "Signal Dispatcher" daemon [_thread_blocked, id=4657, stack(0x00007fb59c07e000,0x00007fb59c17f000)]
  0x00007fb5b014d000 JavaThread "Finalizer" daemon [_thread_blocked, id=4654, stack(0x00007fb59c17f000,0x00007fb59c280000)]
  0x00007fb5b0148800 JavaThread "Reference Handler" daemon [_thread_blocked, id=4653, stack(0x00007fb59c280000,0x00007fb59c381000)]
  0x00007fb5b000c800 JavaThread "main" [_thread_in_Java, id=4640, stack(0x00007fb5b94bd000,0x00007fb5b95be000)]

Other Threads:
  0x00007fb5b0141000 VMThread [stack: 0x00007fb59c381000,0x00007fb59c482000] [id=4651]
  0x00007fb5b031f000 WatcherThread [stack: 0x00007fb584618000,0x00007fb584719000] [id=4669]

VM state:not at safepoint (normal execution)

VM Mutex/Monitor currently owned by a thread: None

Heap:
 PSYoungGen      total 36864K, used 16102K [0x00000000d7100000, 0x00000000db900000, 0x0000000100000000)
  eden space 31744K, 35% used [0x00000000d7100000,0x00000000d7beb108,0x00000000d9000000)
  from space 5120K, 96% used [0x00000000d9000000,0x00000000d94ce758,0x00000000d9500000)
  to   space 5120K, 0% used [0x00000000db400000,0x00000000db400000,0x00000000db900000)
 ParOldGen       total 84992K, used 16K [0x0000000085200000, 0x000000008a500000, 0x00000000d7100000)
  object space 84992K, 0% used [0x0000000085200000,0x0000000085204000,0x000000008a500000)
 Metaspace       used 10828K, capacity 11058K, committed 11264K, reserved 1058816K
  class space    used 1184K, capacity 1277K, committed 1280K, reserved 1048576K

Card table byte_map: [0x00007fb5b55c2000,0x00007fb5b599a000] byte_map_base: 0x00007fb5b5199000

Marking Bits: (ParMarkBitMap*) 0x00007fb5b87b92c0
 Begin Bits: [0x00007fb59d290000, 0x00007fb59f148000)
 End Bits:   [0x00007fb59f148000, 0x00007fb5a1000000)

Polling page: 0x00007fb5b95dd000

CodeCache: size=245760Kb used=4006Kb max_used=4006Kb free=241753Kb
 bounds [0x00007fb5a1000000, 0x00007fb5a13f0000, 0x00007fb5b0000000]
 total_blobs=1495 nmethods=1124 adapters=286
 compilation: enabled

Compilation events (10 events):
Event: 10,082 Thread 0x00007fb5b0319800 nmethod 1112 0x00007fb5a13e12d0 code [0x00007fb5a13e1440, 0x00007fb5a13e1610]
Event: 10,132 Thread 0x00007fb5b0319800 1113       3       sun.security.ssl.HandshakeOutStream::putInt16 (42 bytes)
Event: 10,132 Thread 0x00007fb5b0319800 nmethod 1113 0x00007fb5a13e1690 code [0x00007fb5a13e1880, 0x00007fb5a13e22d8]
Event: 10,309 Thread 0x00007fb5b0319800 1114       3       java.nio.Buffer::limit (62 bytes)
Event: 10,309 Thread 0x00007fb5b0319800 nmethod 1114 0x00007fb5a13e28d0 code [0x00007fb5a13e2a40, 0x00007fb5a13e2d48]
Event: 10,309 Thread 0x00007fb5b0319800 1116       3       java.nio.charset.CoderResult::isUnderflow (13 bytes)
Event: 10,309 Thread 0x00007fb5b0319800 nmethod 1116 0x00007fb5a13e2e10 code [0x00007fb5a13e2f80, 0x00007fb5a13e3130]
Event: 10,309 Thread 0x00007fb5b0319800 1117       3       java.nio.Buffer::<init> (121 bytes)
Event: 10,310 Thread 0x00007fb5b0319800 nmethod 1117 0x00007fb5a13e3190 code [0x00007fb5a13e3460, 0x00007fb5a13e48c8]
Event: 10,310 Thread 0x00007fb5b0319800 1118       3       sun.nio.cs.UTF_8$Encoder::encodeArrayLoop (489 bytes)

GC Heap History (2 events):
Event: 0,880 GC heap before
{Heap before GC invocations=1 (full 0):
 PSYoungGen      total 36864K, used 31744K [0x00000000d7100000, 0x00000000d9a00000, 0x0000000100000000)
  eden space 31744K, 100% used [0x00000000d7100000,0x00000000d9000000,0x00000000d9000000)
  from space 5120K, 0% used [0x00000000d9500000,0x00000000d9500000,0x00000000d9a00000)
  to   space 5120K, 0% used [0x00000000d9000000,0x00000000d9000000,0x00000000d9500000)
 ParOldGen       total 84992K, used 0K [0x0000000085200000, 0x000000008a500000, 0x00000000d7100000)
  object space 84992K, 0% used [0x0000000085200000,0x0000000085200000,0x000000008a500000)
 Metaspace       used 10287K, capacity 10560K, committed 10752K, reserved 1058816K
  class space    used 1130K, capacity 1242K, committed 1280K, reserved 1048576K
Event: 0,902 GC heap after
Heap after GC invocations=1 (full 0):
 PSYoungGen      total 36864K, used 4921K [0x00000000d7100000, 0x00000000db900000, 0x0000000100000000)
  eden space 31744K, 0% used [0x00000000d7100000,0x00000000d7100000,0x00000000d9000000)
  from space 5120K, 96% used [0x00000000d9000000,0x00000000d94ce758,0x00000000d9500000)
  to   space 5120K, 0% used [0x00000000db400000,0x00000000db400000,0x00000000db900000)
 ParOldGen       total 84992K, used 16K [0x0000000085200000, 0x000000008a500000, 0x00000000d7100000)
  object space 84992K, 0% used [0x0000000085200000,0x0000000085204000,0x000000008a500000)
 Metaspace       used 10287K, capacity 10560K, committed 10752K, reserved 1058816K
  class space    used 1130K, capacity 1242K, committed 1280K, reserved 1048576K
}

Deoptimization events (10 events):
Event: 0,584 Thread 0x00007fb5b000c800 Uncommon trap: reason=unstable_if action=reinterpret pc=0x00007fb5a115b1e0 method=java.lang.CharacterData.of(I)Ljava/lang/CharacterData; @ 4
Event: 0,589 Thread 0x00007fb5b000c800 Uncommon trap: reason=bimorphic action=maybe_recompile pc=0x00007fb5a1202ce8 method=java.util.regex.Pattern$Start.match(Ljava/util/regex/Matcher;ILjava/lang/CharSequence;)Z @ 44
Event: 0,606 Thread 0x00007fb5b000c800 Uncommon trap: reason=unstable_if action=reinterpret pc=0x00007fb5a1176f9c method=java.lang.CharacterDataLatin1.digit(II)I @ 82
Event: 0,724 Thread 0x00007fb5b000c800 Uncommon trap: reason=predicate action=maybe_recompile pc=0x00007fb5a1202c8c method=java.util.regex.Pattern$SliceI.match(Ljava/util/regex/Matcher;ILjava/lang/CharSequence;)Z @ 21
Event: 0,812 Thread 0x00007fb5b000c800 Uncommon trap: reason=unstable_if action=reinterpret pc=0x00007fb5a12baee4 method=java.util.Arrays.equals([B[B)Z @ 23
Event: 0,812 Thread 0x00007fb5b000c800 Uncommon trap: reason=unstable_if action=reinterpret pc=0x00007fb5a11f801c method=java.lang.String.indexOf([CII[CIII)I @ 27
Event: 0,912 Thread 0x00007fb5b000c800 Uncommon trap: reason=unstable_if action=reinterpret pc=0x00007fb5a12006d8 method=java.lang.String.startsWith(Ljava/lang/String;I)Z @ 25
Event: 3,452 Thread 0x00007fb5b000c800 Uncommon trap: reason=unstable_if action=reinterpret pc=0x00007fb5a121a620 method=java.util.HashMap.hash(Ljava/lang/Object;)I @ 1
Event: 3,452 Thread 0x00007fb5b000c800 Uncommon trap: reason=unstable_if action=reinterpret pc=0x00007fb5a11d95a8 method=java.util.HashMap.hash(Ljava/lang/Object;)I @ 1
Event: 3,456 Thread 0x00007fb5b000c800 Uncommon trap: reason=unstable_if action=reinterpret pc=0x00007fb5a13046b8 method=java.util.regex.Matcher.reset()Ljava/util/regex/Matcher; @ 47

Internal exceptions (10 events):
Event: 0,214 Thread 0x00007fb5b000c800 Exception <a 'java/security/PrivilegedActionException'> (0x00000000d779e858) thrown at [/build/openjdk-8-qvKKlC/openjdk-8-8u141-b15/src/hotspot/src/share/vm/prims/jvm.cpp, line 1390]
Event: 0,214 Thread 0x00007fb5b000c800 Exception <a 'java/security/PrivilegedActionException'> (0x00000000d779ea68) thrown at [/build/openjdk-8-qvKKlC/openjdk-8-8u141-b15/src/hotspot/src/share/vm/prims/jvm.cpp, line 1390]
Event: 0,427 Thread 0x00007fb5b000c800 Exception <a 'java/lang/ArrayIndexOutOfBoundsException'> (0x00000000d7f4f588) thrown at [/build/openjdk-8-qvKKlC/openjdk-8-8u141-b15/src/hotspot/src/share/vm/runtime/sharedRuntime.cpp, line 605]
Event: 0,427 Thread 0x00007fb5b000c800 Exception <a 'java/lang/ArrayIndexOutOfBoundsException'> (0x00000000d7f512f8) thrown at [/build/openjdk-8-qvKKlC/openjdk-8-8u141-b15/src/hotspot/src/share/vm/runtime/sharedRuntime.cpp, line 605]
Event: 0,428 Thread 0x00007fb5b000c800 Exception <a 'java/lang/ArrayIndexOutOfBoundsException'> (0x00000000d7f54758) thrown at [/build/openjdk-8-qvKKlC/openjdk-8-8u141-b15/src/hotspot/src/share/vm/runtime/sharedRuntime.cpp, line 605]
Event: 0,428 Thread 0x00007fb5b000c800 Exception <a 'java/lang/ArrayIndexOutOfBoundsException'> (0x00000000d7f55530) thrown at [/build/openjdk-8-qvKKlC/openjdk-8-8u141-b15/src/hotspot/src/share/vm/runtime/sharedRuntime.cpp, line 605]
Event: 0,463 Thread 0x00007fb5b000c800 Exception <a 'java/lang/NoSuchFieldError': method resolution failed> (0x00000000d8143448) thrown at [/build/openjdk-8-qvKKlC/openjdk-8-8u141-b15/src/hotspot/src/share/vm/prims/methodHandles.cpp, line 1146]
Event: 0,464 Thread 0x00007fb5b000c800 Exception <a 'java/lang/NoSuchFieldError': method resolution failed> (0x00000000d81511f0) thrown at [/build/openjdk-8-qvKKlC/openjdk-8-8u141-b15/src/hotspot/src/share/vm/prims/methodHandles.cpp, line 1146]
Event: 3,452 Thread 0x00007fb5b000c800 Implicit null exception at 0x00007fb5a1219f39 to 0x00007fb5a121a611
Event: 3,452 Thread 0x00007fb5b000c800 Implicit null exception at 0x00007fb5a11d952f to 0x00007fb5a11d9599

Events (10 events):
Event: 9,365 Executing VM operation: RevokeBias done
Event: 9,365 Thread 0x00007fb550013000 Thread exited: 0x00007fb550013000
Event: 9,876 Thread 0x00007fb550013000 Thread added: 0x00007fb550013000
Event: 9,876 Executing VM operation: RevokeBias
Event: 9,877 Executing VM operation: RevokeBias done
Event: 9,877 Thread 0x00007fb550013000 Thread exited: 0x00007fb550013000
Event: 10,308 loading class com/noReasonException/EventGeneratable/EventGenerators/InotifyWrapper/ModifiedType
Event: 10,308 loading class com/noReasonException/EventGeneratable/EventGenerators/InotifyWrapper/ModifiedType done
Event: 10,308 loading class com/noReasonException/EventGeneratable/EventRequest/EventRequest
Event: 10,308 loading class com/noReasonException/EventGeneratable/EventRequest/EventRequest done


Dynamic libraries:
85200000-8a500000 rw-p 00000000 00:00 0 
8a500000-d7100000 ---p 00000000 00:00 0 
d7100000-db900000 rw-p 00000000 00:00 0 
db900000-100000000 ---p 00000000 00:00 0 
100000000-100140000 rw-p 00000000 00:00 0 
100140000-140000000 ---p 00000000 00:00 0 
f04d2a5000-f04d2a6000 r-xp 00000000 08:06 13768332                       /usr/lib/jvm/java-8-openjdk-amd64/jre/bin/java
f04d4a5000-f04d4a6000 r--p 00000000 08:06 13768332                       /usr/lib/jvm/java-8-openjdk-amd64/jre/bin/java
f04d4a6000-f04d4a7000 rw-p 00001000 08:06 13768332                       /usr/lib/jvm/java-8-openjdk-amd64/jre/bin/java
f04ebdb000-f04ebfc000 rw-p 00000000 00:00 0                              [heap]
7fb550000000-7fb550034000 rw-p 00000000 00:00 0 
7fb550034000-7fb554000000 ---p 00000000 00:00 0 
7fb554000000-7fb554021000 rw-p 00000000 00:00 0 
7fb554021000-7fb558000000 ---p 00000000 00:00 0 
7fb558000000-7fb558285000 rw-p 00000000 00:00 0 
7fb558285000-7fb55c000000 ---p 00000000 00:00 0 
7fb55c000000-7fb55c021000 rw-p 00000000 00:00 0 
7fb55c021000-7fb560000000 ---p 00000000 00:00 0 
7fb5631a7000-7fb5631aa000 ---p 00000000 00:00 0 
7fb5631aa000-7fb5632a8000 rw-p 00000000 00:00 0 
7fb5632a8000-7fb5632ab000 ---p 00000000 00:00 0 
7fb5632ab000-7fb5633a9000 rw-p 00000000 00:00 0 
7fb5633a9000-7fb5633bd000 r-xp 00000000 08:06 2755158                    /lib/x86_64-linux-gnu/libresolv-2.24.so
7fb5633bd000-7fb5635bc000 ---p 00014000 08:06 2755158                    /lib/x86_64-linux-gnu/libresolv-2.24.so
7fb5635bc000-7fb5635bd000 r--p 00013000 08:06 2755158                    /lib/x86_64-linux-gnu/libresolv-2.24.so
7fb5635bd000-7fb5635be000 rw-p 00014000 08:06 2755158                    /lib/x86_64-linux-gnu/libresolv-2.24.so
7fb5635be000-7fb5635c0000 rw-p 00000000 00:00 0 
7fb5635c0000-7fb5635c5000 r-xp 00000000 08:06 2755105                    /lib/x86_64-linux-gnu/libnss_dns-2.24.so
7fb5635c5000-7fb5637c4000 ---p 00005000 08:06 2755105                    /lib/x86_64-linux-gnu/libnss_dns-2.24.so
7fb5637c4000-7fb5637c5000 r--p 00004000 08:06 2755105                    /lib/x86_64-linux-gnu/libnss_dns-2.24.so
7fb5637c5000-7fb5637c6000 rw-p 00005000 08:06 2755105                    /lib/x86_64-linux-gnu/libnss_dns-2.24.so
7fb5637c6000-7fb563986000 rw-p 00000000 00:00 0 
7fb563986000-7fb5639c6000 ---p 00000000 00:00 0 
7fb5639c6000-7fb5639c9000 r-xp 00000000 08:06 13901257                   /usr/lib/x86_64-linux-gnu/libboost_system.so.1.62.0
7fb5639c9000-7fb563bc8000 ---p 00003000 08:06 13901257                   /usr/lib/x86_64-linux-gnu/libboost_system.so.1.62.0
7fb563bc8000-7fb563bc9000 r--p 00002000 08:06 13901257                   /usr/lib/x86_64-linux-gnu/libboost_system.so.1.62.0
7fb563bc9000-7fb563bca000 rw-p 00003000 08:06 13901257                   /usr/lib/x86_64-linux-gnu/libboost_system.so.1.62.0
7fb563bca000-7fb563be2000 r-xp 00000000 08:06 13901252                   /usr/lib/x86_64-linux-gnu/libboost_filesystem.so.1.62.0
7fb563be2000-7fb563de1000 ---p 00018000 08:06 13901252                   /usr/lib/x86_64-linux-gnu/libboost_filesystem.so.1.62.0
7fb563de1000-7fb563de2000 r--p 00017000 08:06 13901252                   /usr/lib/x86_64-linux-gnu/libboost_filesystem.so.1.62.0
7fb563de2000-7fb563de3000 rw-p 00018000 08:06 13901252                   /usr/lib/x86_64-linux-gnu/libboost_filesystem.so.1.62.0
7fb563de3000-7fb563dfe000 r-xp 00000000 08:06 2622561                    /lib/libInotifyNative.so
7fb563dfe000-7fb563ffe000 ---p 0001b000 08:06 2622561                    /lib/libInotifyNative.so
7fb563ffe000-7fb563fff000 r--p 0001b000 08:06 2622561                    /lib/libInotifyNative.so
7fb563fff000-7fb564000000 rw-p 0001c000 08:06 2622561                    /lib/libInotifyNative.so
7fb564000000-7fb564349000 rw-p 00000000 00:00 0 
7fb564349000-7fb568000000 ---p 00000000 00:00 0 
7fb568000000-7fb568021000 rw-p 00000000 00:00 0 
7fb568021000-7fb56c000000 ---p 00000000 00:00 0 
7fb56c000000-7fb56c351000 rw-p 00000000 00:00 0 
7fb56c351000-7fb570000000 ---p 00000000 00:00 0 
7fb570000000-7fb570204000 rw-p 00000000 00:00 0 
7fb570204000-7fb574000000 ---p 00000000 00:00 0 
7fb574000000-7fb574021000 rw-p 00000000 00:00 0 
7fb574021000-7fb578000000 ---p 00000000 00:00 0 
7fb578000000-7fb578021000 rw-p 00000000 00:00 0 
7fb578021000-7fb57c000000 ---p 00000000 00:00 0 
7fb57c000000-7fb57c021000 rw-p 00000000 00:00 0 
7fb57c021000-7fb580000000 ---p 00000000 00:00 0 
7fb580000000-7fb580021000 rw-p 00000000 00:00 0 
7fb580021000-7fb584000000 ---p 00000000 00:00 0 
7fb5840cf000-7fb5840d2000 ---p 00000000 00:00 0 
7fb5840d2000-7fb5841d0000 rw-p 00000000 00:00 0 
7fb5841d0000-7fb5841f8000 r-xp 00000000 08:06 13773854                   /usr/lib/jvm/java-8-openjdk-amd64/jre/lib/amd64/libsunec.so
7fb5841f8000-7fb5843f8000 ---p 00028000 08:06 13773854                   /usr/lib/jvm/java-8-openjdk-amd64/jre/lib/amd64/libsunec.so
7fb5843f8000-7fb5843fc000 r--p 00028000 08:06 13773854                   /usr/lib/jvm/java-8-openjdk-amd64/jre/lib/amd64/libsunec.so
7fb5843fc000-7fb5843fd000 rw-p 0002c000 08:06 13773854                   /usr/lib/jvm/java-8-openjdk-amd64/jre/lib/amd64/libsunec.so
7fb5843fd000-7fb584400000 r--s 00015000 08:06 13774554                   /usr/lib/jvm/java-8-openjdk-amd64/jre/lib/jce.jar
7fb584400000-7fb584405000 r--s 0009a000 08:06 13774556                   /usr/lib/jvm/java-8-openjdk-amd64/jre/lib/jsse.jar
7fb584405000-7fb584416000 r-xp 00000000 08:06 13768375                   /usr/lib/jvm/java-8-openjdk-amd64/jre/lib/amd64/libnio.so
7fb584416000-7fb584616000 ---p 00011000 08:06 13768375                   /usr/lib/jvm/java-8-openjdk-amd64/jre/lib/amd64/libnio.so
7fb584616000-7fb584617000 r--p 00011000 08:06 13768375                   /usr/lib/jvm/java-8-openjdk-amd64/jre/lib/amd64/libnio.so
7fb584617000-7fb584618000 rw-p 00012000 08:06 13768375                   /usr/lib/jvm/java-8-openjdk-amd64/jre/lib/amd64/libnio.so
7fb584618000-7fb584619000 ---p 00000000 00:00 0 
7fb584619000-7fb584719000 rw-p 00000000 00:00 0 
7fb584719000-7fb58471c000 ---p 00000000 00:00 0 
7fb58471c000-7fb58481a000 rw-p 00000000 00:00 0 
7fb58481a000-7fb58481d000 ---p 00000000 00:00 0 
7fb58481d000-7fb58491b000 rw-p 00000000 00:00 0 
7fb58491b000-7fb58491e000 ---p 00000000 00:00 0 
7fb58491e000-7fb587a1d000 rw-p 00000000 00:00 0 
7fb587a1d000-7fb587a34000 r-xp 00000000 08:06 13768374                   /usr/lib/jvm/java-8-openjdk-amd64/jre/lib/amd64/libnet.so
7fb587a34000-7fb587c33000 ---p 00017000 08:06 13768374                   /usr/lib/jvm/java-8-openjdk-amd64/jre/lib/amd64/libnet.so
7fb587c33000-7fb587c34000 r--p 00016000 08:06 13768374                   /usr/lib/jvm/java-8-openjdk-amd64/jre/lib/amd64/libnet.so
7fb587c34000-7fb587c35000 rw-p 00017000 08:06 13768374                   /usr/lib/jvm/java-8-openjdk-amd64/jre/lib/amd64/libnet.so
7fb587c35000-7fb587c38000 ---p 00000000 00:00 0 
7fb587c38000-7fb587d36000 rw-p 00000000 00:00 0 
7fb587d36000-7fb587d39000 ---p 00000000 00:00 0 
7fb587d39000-7fb587e37000 rw-p 00000000 00:00 0 
7fb587e37000-7fb587e39000 r--s 0001a000 08:06 5640687                    /home/stefstef/Editors/idea-IU-172.3968.16/lib/idea_rt.jar
7fb587e39000-7fb587e3d000 r--s 00019000 08:06 10096758                   /home/stefstef/.m2/repository/com/google/apis/google-api-services-drive/v3-rev76-1.22.0/google-api-services-drive-v3-rev76-1.22.0.jar
7fb587e3d000-7fb587e65000 r--s 001cf000 08:06 6697606                    /home/stefstef/.m2/repository/com/google/guava/guava-jdk5/17.0/guava-jdk5-17.0.jar
7fb587e65000-7fb588000000 r--p 00000000 08:06 13768397                   /usr/lib/locale/locale-archive
7fb588000000-7fb588021000 rw-p 00000000 00:00 0 
7fb588021000-7fb58c000000 ---p 00000000 00:00 0 
7fb58c000000-7fb58c021000 rw-p 00000000 00:00 0 
7fb58c021000-7fb590000000 ---p 00000000 00:00 0 
7fb590000000-7fb590021000 rw-p 00000000 00:00 0 
7fb590021000-7fb594000000 ---p 00000000 00:00 0 
7fb594000000-7fb594021000 rw-p 00000000 00:00 0 
7fb594021000-7fb598000000 ---p 00000000 00:00 0 
7fb598000000-7fb598021000 rw-p 00000000 00:00 0 
7fb598021000-7fb59c000000 ---p 00000000 00:00 0 
7fb59c001000-7fb59c005000 r--s 0002f000 08:06 6697602                    /home/stefstef/.m2/repository/com/fasterxml/jackson/core/jackson-core/2.1.3/jackson-core-2.1.3.jar
7fb59c005000-7fb59c006000 r--s 00001000 08:06 6697598                    /home/stefstef/.m2/repository/com/google/http-client/google-http-client-jackson2/1.22.0/google-http-client-jackson2-1.22.0.jar
7fb59c006000-7fb59c009000 r--s 00006000 08:06 6697600                    /home/stefstef/.m2/repository/com/google/code/findbugs/jsr305/1.3.9/jsr305-1.3.9.jar
7fb59c009000-7fb59c00b000 r--s 0000a000 08:06 7354560                    /home/stefstef/.m2/repository/commons-codec/commons-codec/1.3/commons-codec-1.3.jar
7fb59c00b000-7fb59c00d000 r--s 0000d000 08:06 7354558                    /home/stefstef/.m2/repository/commons-logging/commons-logging/1.1.1/commons-logging-1.1.1.jar
7fb59c00d000-7fb59c012000 r--s 00026000 08:06 7354562                    /home/stefstef/.m2/repository/org/apache/httpcomponents/httpcore/4.0.1/httpcore-4.0.1.jar
7fb59c012000-7fb59c01a000 r--s 00040000 08:06 8006077                    /home/stefstef/.m2/repository/org/apache/httpcomponents/httpclient/4.0.1/httpclient-4.0.1.jar
7fb59c01a000-7fb59c023000 r--s 0004f000 08:06 6697597                    /home/stefstef/.m2/repository/com/google/http-client/google-http-client/1.22.0/google-http-client-1.22.0.jar
7fb59c023000-7fb59c025000 r--s 0000d000 08:06 6558464                    /home/stefstef/.m2/repository/com/google/oauth-client/google-oauth-client/1.22.0/google-oauth-client-1.22.0.jar
7fb59c025000-7fb59c02a000 r--s 0002c000 08:06 6558462                    /home/stefstef/.m2/repository/com/google/api-client/google-api-client/1.22.0/google-api-client-1.22.0.jar
7fb59c02a000-7fb59c02e000 r--s 00028000 08:06 9965488                    /home/stefstef/.m2/repository/org/mortbay/jetty/jetty-util/6.1.26/jetty-util-6.1.26.jar
7fb59c02e000-7fb59c035000 r--s 0007d000 08:06 9965486                    /home/stefstef/.m2/repository/org/mortbay/jetty/jetty/6.1.26/jetty-6.1.26.jar
7fb59c035000-7fb59c048000 r--s 00346000 08:06 13774561                   /usr/lib/jvm/java-8-openjdk-amd64/jre/lib/resources.jar
7fb59c048000-7fb59c063000 r--s 00394000 08:06 13774533                   /usr/lib/jvm/java-8-openjdk-amd64/jre/lib/ext/cldrdata.jar
7fb59c063000-7fb59c07e000 r--s 001d6000 08:06 13774538                   /usr/lib/jvm/java-8-openjdk-amd64/jre/lib/ext/nashorn.jar
7fb59c07e000-7fb59c081000 ---p 00000000 00:00 0 
7fb59c081000-7fb59c17f000 rw-p 00000000 00:00 0 
7fb59c17f000-7fb59c182000 ---p 00000000 00:00 0 
7fb59c182000-7fb59c280000 rw-p 00000000 00:00 0 
7fb59c280000-7fb59c283000 ---p 00000000 00:00 0 
7fb59c283000-7fb59c381000 rw-p 00000000 00:00 0 
7fb59c381000-7fb59c382000 ---p 00000000 00:00 0 
7fb59c382000-7fb5a1000000 rw-p 00000000 00:00 0 
7fb5a1000000-7fb5a13f0000 rwxp 00000000 00:00 0 
7fb5a13f0000-7fb5b0000000 ---p 00000000 00:00 0 
7fb5b0000000-7fb5b05e2000 rw-p 00000000 00:00 0 
7fb5b05e2000-7fb5b4000000 ---p 00000000 00:00 0 
7fb5b4000000-7fb5b4002000 r--s 0001f000 08:06 8262924                    /home/stefstef/.m2/repository/org/mortbay/jetty/servlet-api/2.5-20081211/servlet-api-2.5-20081211.jar
7fb5b4002000-7fb5b4003000 r--s 00002000 08:06 9965484                    /home/stefstef/.m2/repository/com/google/oauth-client/google-oauth-client-java6/1.22.0/google-oauth-client-java6-1.22.0.jar
7fb5b4003000-7fb5b4004000 r--s 00001000 08:06 9965482                    /home/stefstef/.m2/repository/com/google/oauth-client/google-oauth-client-jetty/1.22.0/google-oauth-client-jetty-1.22.0.jar
7fb5b4004000-7fb5b4005000 r--s 00000000 08:06 13774559                   /usr/lib/jvm/java-8-openjdk-amd64/jre/lib/management-agent.jar
7fb5b4005000-7fb5b400a000 r--s 0009a000 08:06 13774556                   /usr/lib/jvm/java-8-openjdk-amd64/jre/lib/jsse.jar
7fb5b400a000-7fb5b400d000 r--s 00015000 08:06 13774554                   /usr/lib/jvm/java-8-openjdk-amd64/jre/lib/jce.jar
7fb5b400d000-7fb5b4012000 r--s 002f9000 08:06 13774523                   /usr/lib/jvm/java-8-openjdk-amd64/jre/lib/charsets.jar
7fb5b4012000-7fb5b4113000 rw-p 00000000 00:00 0 
7fb5b4113000-7fb5b42e1000 r--s 03c15000 08:06 13774562                   /usr/lib/jvm/java-8-openjdk-amd64/jre/lib/rt.jar
7fb5b42e1000-7fb5b4f2e000 rw-p 00000000 00:00 0 
7fb5b4f2e000-7fb5b4f2f000 ---p 00000000 00:00 0 
7fb5b4f2f000-7fb5b502f000 rw-p 00000000 00:00 0 
7fb5b502f000-7fb5b5030000 ---p 00000000 00:00 0 
7fb5b5030000-7fb5b5130000 rw-p 00000000 00:00 0 
7fb5b5130000-7fb5b5131000 ---p 00000000 00:00 0 
7fb5b5131000-7fb5b5231000 rw-p 00000000 00:00 0 
7fb5b5231000-7fb5b5232000 ---p 00000000 00:00 0 
7fb5b5232000-7fb5b535c000 rw-p 00000000 00:00 0 
7fb5b535c000-7fb5b55c2000 ---p 00000000 00:00 0 
7fb5b55c2000-7fb5b55ec000 rw-p 00000000 00:00 0 
7fb5b55ec000-7fb5b5851000 ---p 00000000 00:00 0 
7fb5b5851000-7fb5b5876000 rw-p 00000000 00:00 0 
7fb5b5876000-7fb5b5999000 ---p 00000000 00:00 0 
7fb5b5999000-7fb5b59aa000 rw-p 00000000 00:00 0 
7fb5b59aa000-7fb5b5d5a000 ---p 00000000 00:00 0 
7fb5b5d5a000-7fb5b5d62000 r-xp 00000000 08:06 13774519                   /usr/lib/jvm/java-8-openjdk-amd64/jre/lib/amd64/libzip.so
7fb5b5d62000-7fb5b5f61000 ---p 00008000 08:06 13774519                   /usr/lib/jvm/java-8-openjdk-amd64/jre/lib/amd64/libzip.so
7fb5b5f61000-7fb5b5f62000 r--p 00007000 08:06 13774519                   /usr/lib/jvm/java-8-openjdk-amd64/jre/lib/amd64/libzip.so
7fb5b5f62000-7fb5b5f63000 rw-p 00008000 08:06 13774519                   /usr/lib/jvm/java-8-openjdk-amd64/jre/lib/amd64/libzip.so
7fb5b5f63000-7fb5b5f6d000 r-xp 00000000 08:06 2755107                    /lib/x86_64-linux-gnu/libnss_files-2.24.so
7fb5b5f6d000-7fb5b616d000 ---p 0000a000 08:06 2755107                    /lib/x86_64-linux-gnu/libnss_files-2.24.so
7fb5b616d000-7fb5b616e000 r--p 0000a000 08:06 2755107                    /lib/x86_64-linux-gnu/libnss_files-2.24.so
7fb5b616e000-7fb5b616f000 rw-p 0000b000 08:06 2755107                    /lib/x86_64-linux-gnu/libnss_files-2.24.so
7fb5b616f000-7fb5b6175000 rw-p 00000000 00:00 0 
7fb5b6175000-7fb5b6180000 r-xp 00000000 08:06 2755111                    /lib/x86_64-linux-gnu/libnss_nis-2.24.so
7fb5b6180000-7fb5b637f000 ---p 0000b000 08:06 2755111                    /lib/x86_64-linux-gnu/libnss_nis-2.24.so
7fb5b637f000-7fb5b6380000 r--p 0000a000 08:06 2755111                    /lib/x86_64-linux-gnu/libnss_nis-2.24.so
7fb5b6380000-7fb5b6381000 rw-p 0000b000 08:06 2755111                    /lib/x86_64-linux-gnu/libnss_nis-2.24.so
7fb5b6381000-7fb5b6395000 r-xp 00000000 08:06 2755101                    /lib/x86_64-linux-gnu/libnsl-2.24.so
7fb5b6395000-7fb5b6595000 ---p 00014000 08:06 2755101                    /lib/x86_64-linux-gnu/libnsl-2.24.so
7fb5b6595000-7fb5b6596000 r--p 00014000 08:06 2755101                    /lib/x86_64-linux-gnu/libnsl-2.24.so
7fb5b6596000-7fb5b6597000 rw-p 00015000 08:06 2755101                    /lib/x86_64-linux-gnu/libnsl-2.24.so
7fb5b6597000-7fb5b6599000 rw-p 00000000 00:00 0 
7fb5b6599000-7fb5b65a0000 r-xp 00000000 08:06 2755103                    /lib/x86_64-linux-gnu/libnss_compat-2.24.so
7fb5b65a0000-7fb5b679f000 ---p 00007000 08:06 2755103                    /lib/x86_64-linux-gnu/libnss_compat-2.24.so
7fb5b679f000-7fb5b67a0000 r--p 00006000 08:06 2755103                    /lib/x86_64-linux-gnu/libnss_compat-2.24.so
7fb5b67a0000-7fb5b67a1000 rw-p 00007000 08:06 2755103                    /lib/x86_64-linux-gnu/libnss_compat-2.24.so
7fb5b67a1000-7fb5b67ab000 r-xp 00000000 08:06 13768357                   /usr/lib/jvm/java-8-openjdk-amd64/jre/lib/amd64/libinstrument.so
7fb5b67ab000-7fb5b69aa000 ---p 0000a000 08:06 13768357                   /usr/lib/jvm/java-8-openjdk-amd64/jre/lib/amd64/libinstrument.so
7fb5b69aa000-7fb5b69ab000 r--p 00009000 08:06 13768357                   /usr/lib/jvm/java-8-openjdk-amd64/jre/lib/amd64/libinstrument.so
7fb5b69ab000-7fb5b69ac000 rw-p 0000a000 08:06 13768357                   /usr/lib/jvm/java-8-openjdk-amd64/jre/lib/amd64/libinstrument.so
7fb5b69ac000-7fb5b69d9000 r-xp 00000000 08:06 13768363                   /usr/lib/jvm/java-8-openjdk-amd64/jre/lib/amd64/libjava.so
7fb5b69d9000-7fb5b6bd8000 ---p 0002d000 08:06 13768363                   /usr/lib/jvm/java-8-openjdk-amd64/jre/lib/amd64/libjava.so
7fb5b6bd8000-7fb5b6bd9000 r--p 0002c000 08:06 13768363                   /usr/lib/jvm/java-8-openjdk-amd64/jre/lib/amd64/libjava.so
7fb5b6bd9000-7fb5b6bdb000 rw-p 0002d000 08:06 13768363                   /usr/lib/jvm/java-8-openjdk-amd64/jre/lib/amd64/libjava.so
7fb5b6bdb000-7fb5b6bea000 r-xp 00000000 08:06 13774518                   /usr/lib/jvm/java-8-openjdk-amd64/jre/lib/amd64/libverify.so
7fb5b6bea000-7fb5b6dea000 ---p 0000f000 08:06 13774518                   /usr/lib/jvm/java-8-openjdk-amd64/jre/lib/amd64/libverify.so
7fb5b6dea000-7fb5b6dec000 r--p 0000f000 08:06 13774518                   /usr/lib/jvm/java-8-openjdk-amd64/jre/lib/amd64/libverify.so
7fb5b6dec000-7fb5b6ded000 rw-p 00011000 08:06 13774518                   /usr/lib/jvm/java-8-openjdk-amd64/jre/lib/amd64/libverify.so
7fb5b6ded000-7fb5b6df4000 r-xp 00000000 08:06 2755160                    /lib/x86_64-linux-gnu/librt-2.24.so
7fb5b6df4000-7fb5b6ff3000 ---p 00007000 08:06 2755160                    /lib/x86_64-linux-gnu/librt-2.24.so
7fb5b6ff3000-7fb5b6ff4000 r--p 00006000 08:06 2755160                    /lib/x86_64-linux-gnu/librt-2.24.so
7fb5b6ff4000-7fb5b6ff5000 rw-p 00007000 08:06 2755160                    /lib/x86_64-linux-gnu/librt-2.24.so
7fb5b6ff5000-7fb5b700b000 r-xp 00000000 08:06 2755254                    /lib/x86_64-linux-gnu/libgcc_s.so.1
7fb5b700b000-7fb5b720a000 ---p 00016000 08:06 2755254                    /lib/x86_64-linux-gnu/libgcc_s.so.1
7fb5b720a000-7fb5b720b000 r--p 00015000 08:06 2755254                    /lib/x86_64-linux-gnu/libgcc_s.so.1
7fb5b720b000-7fb5b720c000 rw-p 00016000 08:06 2755254                    /lib/x86_64-linux-gnu/libgcc_s.so.1
7fb5b720c000-7fb5b730f000 r-xp 00000000 08:06 2755084                    /lib/x86_64-linux-gnu/libm-2.24.so
7fb5b730f000-7fb5b750e000 ---p 00103000 08:06 2755084                    /lib/x86_64-linux-gnu/libm-2.24.so
7fb5b750e000-7fb5b750f000 r--p 00102000 08:06 2755084                    /lib/x86_64-linux-gnu/libm-2.24.so
7fb5b750f000-7fb5b7510000 rw-p 00103000 08:06 2755084                    /lib/x86_64-linux-gnu/libm-2.24.so
7fb5b7510000-7fb5b7682000 r-xp 00000000 08:06 13909765                   /usr/lib/x86_64-linux-gnu/libstdc++.so.6.0.24
7fb5b7682000-7fb5b7882000 ---p 00172000 08:06 13909765                   /usr/lib/x86_64-linux-gnu/libstdc++.so.6.0.24
7fb5b7882000-7fb5b788c000 r--p 00172000 08:06 13909765                   /usr/lib/x86_64-linux-gnu/libstdc++.so.6.0.24
7fb5b788c000-7fb5b788e000 rw-p 0017c000 08:06 13909765                   /usr/lib/x86_64-linux-gnu/libstdc++.so.6.0.24
7fb5b788e000-7fb5b7891000 rw-p 00000000 00:00 0 
7fb5b7891000-7fb5b84ea000 r-xp 00000000 08:06 13774522                   /usr/lib/jvm/java-8-openjdk-amd64/jre/lib/amd64/server/libjvm.so
7fb5b84ea000-7fb5b86ea000 ---p 00c59000 08:06 13774522                   /usr/lib/jvm/java-8-openjdk-amd64/jre/lib/amd64/server/libjvm.so
7fb5b86ea000-7fb5b877d000 r--p 00c59000 08:06 13774522                   /usr/lib/jvm/java-8-openjdk-amd64/jre/lib/amd64/server/libjvm.so
7fb5b877d000-7fb5b87a6000 rw-p 00cec000 08:06 13774522                   /usr/lib/jvm/java-8-openjdk-amd64/jre/lib/amd64/server/libjvm.so
7fb5b87a6000-7fb5b87d6000 rw-p 00000000 00:00 0 
7fb5b87d6000-7fb5b896b000 r-xp 00000000 08:06 2755012                    /lib/x86_64-linux-gnu/libc-2.24.so
7fb5b896b000-7fb5b8b6a000 ---p 00195000 08:06 2755012                    /lib/x86_64-linux-gnu/libc-2.24.so
7fb5b8b6a000-7fb5b8b6e000 r--p 00194000 08:06 2755012                    /lib/x86_64-linux-gnu/libc-2.24.so
7fb5b8b6e000-7fb5b8b70000 rw-p 00198000 08:06 2755012                    /lib/x86_64-linux-gnu/libc-2.24.so
7fb5b8b70000-7fb5b8b74000 rw-p 00000000 00:00 0 
7fb5b8b74000-7fb5b8b76000 r-xp 00000000 08:06 2755035                    /lib/x86_64-linux-gnu/libdl-2.24.so
7fb5b8b76000-7fb5b8d76000 ---p 00002000 08:06 2755035                    /lib/x86_64-linux-gnu/libdl-2.24.so
7fb5b8d76000-7fb5b8d77000 r--p 00002000 08:06 2755035                    /lib/x86_64-linux-gnu/libdl-2.24.so
7fb5b8d77000-7fb5b8d78000 rw-p 00003000 08:06 2755035                    /lib/x86_64-linux-gnu/libdl-2.24.so
7fb5b8d78000-7fb5b8d85000 r-xp 00000000 08:06 13768346                   /usr/lib/jvm/java-8-openjdk-amd64/jre/lib/amd64/jli/libjli.so
7fb5b8d85000-7fb5b8f85000 ---p 0000d000 08:06 13768346                   /usr/lib/jvm/java-8-openjdk-amd64/jre/lib/amd64/jli/libjli.so
7fb5b8f85000-7fb5b8f86000 r--p 0000d000 08:06 13768346                   /usr/lib/jvm/java-8-openjdk-amd64/jre/lib/amd64/jli/libjli.so
7fb5b8f86000-7fb5b8f87000 rw-p 0000e000 08:06 13768346                   /usr/lib/jvm/java-8-openjdk-amd64/jre/lib/amd64/jli/libjli.so
7fb5b8f87000-7fb5b8fa0000 r-xp 00000000 08:06 2755193                    /lib/x86_64-linux-gnu/libz.so.1.2.8
7fb5b8fa0000-7fb5b919f000 ---p 00019000 08:06 2755193                    /lib/x86_64-linux-gnu/libz.so.1.2.8
7fb5b919f000-7fb5b91a0000 r--p 00018000 08:06 2755193                    /lib/x86_64-linux-gnu/libz.so.1.2.8
7fb5b91a0000-7fb5b91a1000 rw-p 00019000 08:06 2755193                    /lib/x86_64-linux-gnu/libz.so.1.2.8
7fb5b91a1000-7fb5b91b9000 r-xp 00000000 08:06 2755150                    /lib/x86_64-linux-gnu/libpthread-2.24.so
7fb5b91b9000-7fb5b93b8000 ---p 00018000 08:06 2755150                    /lib/x86_64-linux-gnu/libpthread-2.24.so
7fb5b93b8000-7fb5b93b9000 r--p 00017000 08:06 2755150                    /lib/x86_64-linux-gnu/libpthread-2.24.so
7fb5b93b9000-7fb5b93ba000 rw-p 00018000 08:06 2755150                    /lib/x86_64-linux-gnu/libpthread-2.24.so
7fb5b93ba000-7fb5b93be000 rw-p 00000000 00:00 0 
7fb5b93be000-7fb5b93e1000 r-xp 00000000 08:06 2754986                    /lib/x86_64-linux-gnu/ld-2.24.so
7fb5b93e1000-7fb5b93e3000 r--s 00007000 08:06 14821044                   /usr/share/java/java-atk-wrapper.jar
7fb5b93e3000-7fb5b93e4000 r--s 00010000 08:06 13774542                   /usr/lib/jvm/java-8-openjdk-amd64/jre/lib/ext/zipfs.jar
7fb5b93e4000-7fb5b93e6000 r--s 00007000 08:06 14821044                   /usr/share/java/java-atk-wrapper.jar
7fb5b93e6000-7fb5b93e8000 r--s 00001000 08:06 13774534                   /usr/lib/jvm/java-8-openjdk-amd64/jre/lib/ext/dnsns.jar
7fb5b93e8000-7fb5b93ed000 r--s 0003b000 08:06 13774540                   /usr/lib/jvm/java-8-openjdk-amd64/jre/lib/ext/sunjce_provider.jar
7fb5b93ed000-7fb5b94bd000 rw-p 00000000 00:00 0 
7fb5b94bd000-7fb5b94c0000 ---p 00000000 00:00 0 
7fb5b94c0000-7fb5b95c0000 rw-p 00000000 00:00 0 
7fb5b95c0000-7fb5b95c1000 r--s 0000a000 08:06 13774536                   /usr/lib/jvm/java-8-openjdk-amd64/jre/lib/ext/jaccess.jar
7fb5b95c1000-7fb5b95c5000 r--s 00037000 08:06 13774541                   /usr/lib/jvm/java-8-openjdk-amd64/jre/lib/ext/sunpkcs11.jar
7fb5b95c5000-7fb5b95c8000 r--s 0000f000 08:06 13774535                   /usr/lib/jvm/java-8-openjdk-amd64/jre/lib/ext/icedtea-sound.jar
7fb5b95c8000-7fb5b95ca000 r--s 00008000 08:06 13774539                   /usr/lib/jvm/java-8-openjdk-amd64/jre/lib/ext/sunec.jar
7fb5b95ca000-7fb5b95d4000 r--s 00116000 08:06 13774537                   /usr/lib/jvm/java-8-openjdk-amd64/jre/lib/ext/localedata.jar
7fb5b95d4000-7fb5b95dc000 rw-s 00000000 08:06 8526137                    /tmp/hsperfdata_stefstef/4636
7fb5b95dc000-7fb5b95dd000 rw-p 00000000 00:00 0 
7fb5b95dd000-7fb5b95de000 r--p 00000000 00:00 0 
7fb5b95de000-7fb5b95e1000 rw-p 00000000 00:00 0 
7fb5b95e1000-7fb5b95e2000 r--p 00023000 08:06 2754986                    /lib/x86_64-linux-gnu/ld-2.24.so
7fb5b95e2000-7fb5b95e3000 rw-p 00024000 08:06 2754986                    /lib/x86_64-linux-gnu/ld-2.24.so
7fb5b95e3000-7fb5b95e4000 rw-p 00000000 00:00 0 
7ffc7df1a000-7ffc7df3c000 rw-p 00000000 00:00 0                          [stack]
7ffc7df76000-7ffc7df78000 r--p 00000000 00:00 0                          [vvar]
7ffc7df78000-7ffc7df7a000 r-xp 00000000 00:00 0                          [vdso]
ffffffffff600000-ffffffffff601000 r-xp 00000000 00:00 0                  [vsyscall]

VM Arguments:
jvm_args: -javaagent:/home/stefstef/Editors/idea-IU-172.3968.16/lib/idea_rt.jar=36357:/home/stefstef/Editors/idea-IU-172.3968.16/bin -Dfile.encoding=UTF-8 -Dawt.useSystemAAFontSettings=gasp 
java_command: com.noReasonException.Misc.Factories.ServiceFactory
java_class_path (initial): /usr/lib/jvm/java-1.8.0-openjdk-amd64/jre/lib/charsets.jar:/usr/lib/jvm/java-1.8.0-openjdk-amd64/jre/lib/ext/cldrdata.jar:/usr/lib/jvm/java-1.8.0-openjdk-amd64/jre/lib/ext/dnsns.jar:/usr/lib/jvm/java-1.8.0-openjdk-amd64/jre/lib/ext/icedtea-sound.jar:/usr/lib/jvm/java-1.8.0-openjdk-amd64/jre/lib/ext/jaccess.jar:/usr/lib/jvm/java-1.8.0-openjdk-amd64/jre/lib/ext/java-atk-wrapper.jar:/usr/lib/jvm/java-1.8.0-openjdk-amd64/jre/lib/ext/localedata.jar:/usr/lib/jvm/java-1.8.0-openjdk-amd64/jre/lib/ext/nashorn.jar:/usr/lib/jvm/java-1.8.0-openjdk-amd64/jre/lib/ext/sunec.jar:/usr/lib/jvm/java-1.8.0-openjdk-amd64/jre/lib/ext/sunjce_provider.jar:/usr/lib/jvm/java-1.8.0-openjdk-amd64/jre/lib/ext/sunpkcs11.jar:/usr/lib/jvm/java-1.8.0-openjdk-amd64/jre/lib/ext/zipfs.jar:/usr/lib/jvm/java-1.8.0-openjdk-amd64/jre/lib/jce.jar:/usr/lib/jvm/java-1.8.0-openjdk-amd64/jre/lib/jsse.jar:/usr/lib/jvm/java-1.8.0-openjdk-amd64/jre/lib/management-agent.jar:/usr/lib/jvm/java-1.8.0-openjdk-amd64/jre/lib/resources.jar:/usr/lib/jvm/java-1.8.0-openjdk-amd64/jre/lib/rt.jar:/home/stefstef/Desktop/googledrivesyncclientlinux/googleDriveSync/target/classes:/home/stefstef/.m2/repository/com/google/oauth-client/google-oauth-client-jetty/1.22.0/google-oauth-client-jetty-1.22.0.jar:/home/stefstef/.m2/repository/com/google/oauth-client/google-oauth-client-java6/1.22.0/google-oauth-client-java6-1.22.0.jar:/home/stefstef/.m2/repository/org/mortbay/jetty/jetty/6.1.26/jetty-6.1.26.jar:/home/stefstef/.m2/repository/org/mortbay/jetty/jetty-util/6.1.26/jetty-util-6.1.26.jar:/home/stefstef/.m2/repository/org/mortbay/jetty/servlet-api/2.5-20081211/servlet-api-2.5-20081211.jar:/home/stefstef/.m2/repository/com/google/api-client/google-api-client/1.22.0/google-api-client-1.22.0.jar:/home/stefstef/.m2/repository/com/google/oauth-client/google-oauth-client/1.22.0/google-oauth-client-1.22.0.jar:/home/stefstef/.m2/repository/com/google/http-client/google-http-client/1.22.0/google-http-client-1.22.
Launcher Type: SUN_STANDARD

Environment Variables:
_JAVA_OPTIONS=  -Dawt.useSystemAAFontSettings=gasp
PATH=/usr/local/bin:/usr/bin:/bin:/usr/local/games:/usr/games:/sbin:/usr/sbin
SHELL=/bin/bash
DISPLAY=:0

Signal Handlers:
SIGSEGV: [libjvm.so+0xa6f4f0], sa_mask[0]=11111111011111111101111111111110, sa_flags=SA_RESTART|SA_SIGINFO
SIGBUS: [libjvm.so+0xa6f4f0], sa_mask[0]=11111111011111111101111111111110, sa_flags=SA_RESTART|SA_SIGINFO
SIGFPE: [libjvm.so+0x8b95e0], sa_mask[0]=11111111011111111101111111111110, sa_flags=SA_RESTART|SA_SIGINFO
SIGPIPE: [libjvm.so+0x8b95e0], sa_mask[0]=11111111011111111101111111111110, sa_flags=SA_RESTART|SA_SIGINFO
SIGXFSZ: [libjvm.so+0x8b95e0], sa_mask[0]=11111111011111111101111111111110, sa_flags=SA_RESTART|SA_SIGINFO
SIGILL: [libjvm.so+0x8b95e0], sa_mask[0]=11111111011111111101111111111110, sa_flags=SA_RESTART|SA_SIGINFO
SIGUSR1: SIG_DFL, sa_mask[0]=00000000000000000000000000000000, sa_flags=none
SIGUSR2: [libjvm.so+0x8b9490], sa_mask[0]=00100000000000000000000000000000, sa_flags=SA_RESTART|SA_SIGINFO
SIGHUP: SIG_IGN, sa_mask[0]=00000000000000000000000000000000, sa_flags=none
SIGINT: [libjvm.so+0x8b9940], sa_mask[0]=11111111011111111101111111111110, sa_flags=SA_RESTART|SA_SIGINFO
SIGTERM: [libjvm.so+0x8b9940], sa_mask[0]=11111111011111111101111111111110, sa_flags=SA_RESTART|SA_SIGINFO
SIGQUIT: [libjvm.so+0x8b9940], sa_mask[0]=11111111011111111101111111111110, sa_flags=SA_RESTART|SA_SIGINFO


---------------  S Y S T E M  ---------------

OS:DISTRIB_ID=Deepin
DISTRIB_RELEASE=15.4.1
DISTRIB_DESCRIPTION="Deepin 15.4.1 "
DISTRIB_CODENAME=unstable

uname:Linux 4.9.0-deepin9-amd64 #1 SMP PREEMPT Deepin 4.9.29-4 (2017-07-17) x86_64
libc:glibc 2.24 NPTL 2.24 
rlimit: STACK 8192k, CORE 0k, NPROC 31240, NOFILE 1048576, AS infinity
load average:0,72 0,52 0,56

/proc/meminfo:
MemTotal:        8044820 kB
MemFree:         1036960 kB
MemAvailable:    3328516 kB
Buffers:          128916 kB
Cached:          2813936 kB
SwapCached:            0 kB
Active:          4635524 kB
Inactive:        1946464 kB
Active(anon):    3648188 kB
Inactive(anon):   542892 kB
Active(file):     987336 kB
Inactive(file):  1403572 kB
Unevictable:          88 kB
Mlocked:              88 kB
SwapTotal:       8190972 kB
SwapFree:        8190972 kB
Dirty:              5580 kB
Writeback:             0 kB
AnonPages:       3639300 kB
Mapped:           760928 kB
Shmem:            551944 kB
Slab:             261900 kB
SReclaimable:     209556 kB
SUnreclaim:        52344 kB
KernelStack:       13776 kB
PageTables:        55196 kB
NFS_Unstable:          0 kB
Bounce:                0 kB
WritebackTmp:          0 kB
CommitLimit:    12213380 kB
Committed_AS:   10133304 kB
VmallocTotal:   34359738367 kB
VmallocUsed:           0 kB
VmallocChunk:          0 kB
HardwareCorrupted:     0 kB
AnonHugePages:         0 kB
ShmemHugePages:        0 kB
ShmemPmdMapped:        0 kB
HugePages_Total:       0
HugePages_Free:        0
HugePages_Rsvd:        0
HugePages_Surp:        0
Hugepagesize:       2048 kB
DirectMap4k:      172660 kB
DirectMap2M:     8081408 kB
DirectMap1G:           0 kB


CPU:total 4 (initial active 4) (2 cores per cpu, 2 threads per core) family 6 model 142 stepping 9, cmov, cx8, fxsr, mmx, sse, sse2, sse3, ssse3, sse4.1, sse4.2, popcnt, avx, avx2, aes, clmul, erms, 3dnowpref, lzcnt, ht, tsc, tscinvbit, bmi1, bmi2, adx

/proc/cpuinfo:
processor	: 0
vendor_id	: GenuineIntel
cpu family	: 6
model		: 142
model name	: Intel(R) Core(TM) i7-7500U CPU @ 2.70GHz
stepping	: 9
microcode	: 0x38
cpu MHz		: 2700.000
cache size	: 4096 KB
physical id	: 0
siblings	: 4
core id		: 0
cpu cores	: 2
apicid		: 0
initial apicid	: 0
fpu		: yes
fpu_exception	: yes
cpuid level	: 22
wp		: yes
flags		: fpu vme de pse tsc msr pae mce cx8 apic sep mtrr pge mca cmov pat pse36 clflush dts acpi mmx fxsr sse sse2 ss ht tm pbe syscall nx pdpe1gb rdtscp lm constant_tsc art arch_perfmon pebs bts rep_good nopl xtopology nonstop_tsc aperfmperf eagerfpu pni pclmulqdq dtes64 monitor ds_cpl vmx est tm2 ssse3 sdbg fma cx16 xtpr pdcm pcid sse4_1 sse4_2 x2apic movbe popcnt tsc_deadline_timer aes xsave avx f16c rdrand lahf_lm abm 3dnowprefetch epb intel_pt tpr_shadow vnmi flexpriority ept vpid fsgsbase tsc_adjust bmi1 avx2 smep bmi2 erms invpcid mpx rdseed adx smap clflushopt xsaveopt xsavec xgetbv1 xsaves dtherm ida arat pln pts hwp hwp_notify hwp_act_window hwp_epp
bugs		:
bogomips	: 5808.00
clflush size	: 64
cache_alignment	: 64
address sizes	: 39 bits physical, 48 bits virtual
power management:

processor	: 1
vendor_id	: GenuineIntel
cpu family	: 6
model		: 142
model name	: Intel(R) Core(TM) i7-7500U CPU @ 2.70GHz
stepping	: 9
microcode	: 0x38
cpu MHz		: 1500.000
cache size	: 4096 KB
physical id	: 0
siblings	: 4
core id		: 1
cpu cores	: 2
apicid		: 2
initial apicid	: 2
fpu		: yes
fpu_exception	: yes
cpuid level	: 22
wp		: yes
flags		: fpu vme de pse tsc msr pae mce cx8 apic sep mtrr pge mca cmov pat pse36 clflush dts acpi mmx fxsr sse sse2 ss ht tm pbe syscall nx pdpe1gb rdtscp lm constant_tsc art arch_perfmon pebs bts rep_good nopl xtopology nonstop_tsc aperfmperf eagerfpu pni pclmulqdq dtes64 monitor ds_cpl vmx est tm2 ssse3 sdbg fma cx16 xtpr pdcm pcid sse4_1 sse4_2 x2apic movbe popcnt tsc_deadline_timer aes xsave avx f16c rdrand lahf_lm abm 3dnowprefetch epb intel_pt tpr_shadow vnmi flexpriority ept vpid fsgsbase tsc_adjust bmi1 avx2 smep bmi2 erms invpcid mpx rdseed adx smap clflushopt xsaveopt xsavec xgetbv1 xsaves dtherm ida arat pln pts hwp hwp_notify hwp_act_window hwp_epp
bugs		:
bogomips	: 5808.00
clflush size	: 64
cache_alignment	: 64
address sizes	: 39 bits physical, 48 bits virtual
power management:

processor	: 2
vendor_id	: GenuineIntel
cpu family	: 6
model		: 142
model name	: Intel(R) Core(TM) i7-7500U CPU @ 2.70GHz
stepping	: 9
microcode	: 0x38
cpu MHz		: 800.000
cache size	: 4096 KB
physical id	: 0
siblings	: 4
core id		: 0
cpu cores	: 2
apicid		: 1
initial apicid	: 1
fpu		: yes
fpu_exception	: yes
cpuid level	: 22
wp		: yes
flags		: fpu vme de pse tsc msr pae mce cx8 apic sep mtrr pge mca cmov pat pse36 clflush dts acpi mmx fxsr sse sse2 ss ht tm pbe syscall nx pdpe1gb rdtscp lm constant_tsc art arch_perfmon pebs bts rep_good nopl xtopology nonstop_tsc aperfmperf eagerfpu pni pclmulqdq dtes64 monitor ds_cpl vmx est tm2 ssse3 sdbg fma cx16 xtpr pdcm pcid sse4_1 sse4_2 x2apic movbe popcnt tsc_deadline_timer aes xsave avx f16c rdrand lahf_lm abm 3dnowprefetch epb intel_pt tpr_shadow vnmi flexpriority ept vpid fsgsbase tsc_adjust bmi1 avx2 smep bmi2 erms invpcid mpx rdseed adx smap clflushopt xsaveopt xsavec xgetbv1 xsaves dtherm ida arat pln pts hwp hwp_notify hwp_act_window hwp_epp
bugs		:
bogomips	: 5808.00
clflush size	: 64
cache_alignment	: 64
address sizes	: 39 bits physical, 48 bits virtual
power management:

processor	: 3
vendor_id	: GenuineIntel
cpu family	: 6
model		: 142
model name	: Intel(R) Core(TM) i7-7500U CPU @ 2.70GHz
stepping	: 9
microcode	: 0x38
cpu MHz		: 800.000
cache size	: 4096 KB
physical id	: 0
siblings	: 4
core id		: 1
cpu cores	: 2
apicid		: 3
initial apicid	: 3
fpu		: yes
fpu_exception	: yes
cpuid level	: 22
wp		: yes
flags		: fpu vme de pse tsc msr pae mce cx8 apic sep mtrr pge mca cmov pat pse36 clflush dts acpi mmx fxsr sse sse2 ss ht tm pbe syscall nx pdpe1gb rdtscp lm constant_tsc art arch_perfmon pebs bts rep_good nopl xtopology nonstop_tsc aperfmperf eagerfpu pni pclmulqdq dtes64 monitor ds_cpl vmx est tm2 ssse3 sdbg fma cx16 xtpr pdcm pcid sse4_1 sse4_2 x2apic movbe popcnt tsc_deadline_timer aes xsave avx f16c rdrand lahf_lm abm 3dnowprefetch epb intel_pt tpr_shadow vnmi flexpriority ept vpid fsgsbase tsc_adjust bmi1 avx2 smep bmi2 erms invpcid mpx rdseed adx smap clflushopt xsaveopt xsavec xgetbv1 xsaves dtherm ida arat pln pts hwp hwp_notify hwp_act_window hwp_epp
bugs		:
bogomips	: 5808.00
clflush size	: 64
cache_alignment	: 64
address sizes	: 39 bits physical, 48 bits virtual
power management:



Memory: 4k page, physical 8044820k(1036960k free), swap 8190972k(8190972k free)

vm_info: OpenJDK 64-Bit Server VM (25.141-b15) for linux-amd64 JRE (1.8.0_141-8u141-b15-3-b15), built on Jul 25 2017 15:03:27 by "buildd" with gcc 6.4.0 20170704

time: Wed Oct 25 09:51:04 2017
elapsed time: 10 seconds (0d 0h 0m 10s)

