#
# A fatal error has been detected by the Java Runtime Environment:
#
#  SIGSEGV (0xb) at pc=0x0000000000011006, pid=8811, tid=0x00007f4d22188700
#
# JRE version: OpenJDK Runtime Environment (8.0_141-b15) (build 1.8.0_141-8u141-b15-3-b15)
# Java VM: OpenJDK 64-Bit Server VM (25.141-b15 mixed mode linux-amd64 compressed oops)
# Problematic frame:
# C  0x0000000000011006
#
# Failed to write core dump. Core dumps have been disabled. To enable core dumping, try "ulimit -c unlimited" before starting Java again
#
# If you would like to submit a bug report, please visit:
#   http://bugreport.java.com/bugreport/crash.jsp
#

---------------  T H R E A D  ---------------

Current thread (0x00007f4d38141000):  VMThread [stack: 0x00007f4d22088000,0x00007f4d22189000] [id=8824]

siginfo: si_signo: 11 (SIGSEGV), si_code: 1 (SEGV_MAPERR), si_addr: 0x0000000000011006

Registers:
RAX=0x00007f4d20f02f80, RBX=0x0000000000000082, RCX=0x00007f4d3e8a1fd0, RDX=0x00007f4d20cfc09a
RSP=0x00007f4d22187b48, RBP=0x00007f4d22187b60, RSI=0x0000000000000082, RDI=0x00007f4d20f02f80
R8 =0x00007f4d380008c0, R9 =0x0000000000000000, R10=0x0000000000000001, R11=0x0000000000000206
R12=0x0000000000000001, R13=0x00007f4d3e8a1c20, R14=0x00007f4d38050578, R15=0x00007f4d380501a0
RIP=0x0000000000011006, EFLAGS=0x0000000000010206, CSGSFS=0x002b000000000033, ERR=0x0000000000000014
  TRAPNO=0x000000000000000e

Top of Stack: (sp=0x00007f4d22187b48)
0x00007f4d22187b48:   00007f4d20cfc0b2 00007f4d38050190
0x00007f4d22187b58:   00007f4d20f02f80 00007f4d3e8a05d8
0x00007f4d22187b68:   00007f4d3e53d920 00007f4cf8ffd770
0x00007f4d22187b78:   0000000000000082 00007f4d22187bc0
0x00007f4d22187b88:   00007f4d38050190 00007f4cf8ffd770
0x00007f4d22187b98:   00007f4d3e53d97a 00007f4d22187bc0
0x00007f4d22187ba8:   00007f4d3dc2467c 0000000000000000
0x00007f4d22187bb8:   00007f4d38140430 00007f4d22187c10
0x00007f4d22187bc8:   00007f4d3e0387e7 0000000000001048
0x00007f4d22187bd8:   00000000000003d8 00007f4d22187c00
0x00007f4d22187be8:   00007f4d38140430 00007f4d3e4d6840
0x00007f4d22187bf8:   00007f4cf8ffd770 0000000000000000
0x00007f4d22187c08:   00007f4d3d8b5f90 00007f4d22187d00
0x00007f4d22187c18:   00007f4d3e035fe2 00007f4d22187c70
0x00007f4d22187c28:   00007f4d3df21e34 00007f4d21b60100
0x00007f4d22187c38:   0000000000000000 00007f4d22187c60
0x00007f4d22187c48:   00007f4d3dfe3100 00007f4d38009e50
0x00007f4d22187c58:   ccb0d3a48cf5ae00 431bde82d7b634db
0x00007f4d22187c68:   00007f4d38009e50 00007f4d22187d00
0x00007f4d22187c78:   00000000000003d8 00007f4d38050578
0x00007f4d22187c88:   00007f4d380501a0 00007f4d22187ca0
0x00007f4d22187c98:   00007f4d38050190 0000000000000000
0x00007f4d22187ca8:   0000001137b4b4d8 00007f4d38008a01
0x00007f4d22187cb8:   00007f4d38141fd0 0000000000000000
0x00007f4d22187cc8:   ccb0d3a48cf5ae00 00007f4d22187d00
0x00007f4d22187cd8:   00007f4cf8ffd770 00007f4d3e4e6f08
0x00007f4d22187ce8:   00007f4d3d8b5ec0 00007f4d38008a00
0x00007f4d22187cf8:   0000000000000000 00007f4d22187ea0
0x00007f4d22187d08:   00007f4d3e0373f6 00007f4d22187d60
0x00007f4d22187d18:   00007f4d22187d20 00007f4d38141000
0x00007f4d22187d28:   00007f4d38141370 00007f4d381413b0
0x00007f4d22187d38:   00007f4d381413c0 00007f4d38141498 

Instructions: (pc=0x0000000000011006)
0x0000000000010fe6:   
[error occurred during error reporting (printing registers, top of stack, instructions near pc), id 0xb]

Register to memory mapping:

RAX=
[error occurred during error reporting (printing register info), id 0xb]

Stack: [0x00007f4d22088000,0x00007f4d22189000],  sp=0x00007f4d22187b48,  free space=1022k
Native frames: (J=compiled Java code, j=interpreted, Vv=VM code, C=native code)
C  0x0000000000011006

VM_Operation (0x00007f4cf8ffd770): Exit, mode: safepoint, requested by thread 0x00007f4cfc001000


---------------  P R O C E S S  ---------------

Java Threads: ( => current thread )
  0x00007f4cfc001000 JavaThread "SIGINT handler" daemon [_thread_blocked, id=8914, stack(0x00007f4cf8efe000,0x00007f4cf8fff000)]
  0x00007f4d38083800 JavaThread "googleRequestSubmitterThread" [_thread_in_native, id=8852, stack(0x00007f4d20088000,0x00007f4d20189000)]
  0x00007f4d384d8800 JavaThread "inotifyRequestSubmitterThread" [_thread_in_native, id=8851, stack(0x00007f4d20189000,0x00007f4d2028a000)]
  0x00007f4d38326800 JavaThread "Service Thread" daemon [_thread_blocked, id=8840, stack(0x00007f4d2144d000,0x00007f4d2154e000)]
  0x00007f4d38319800 JavaThread "C1 CompilerThread2" daemon [_thread_blocked, id=8839, stack(0x00007f4d2154e000,0x00007f4d2164f000)]
  0x00007f4d38314800 JavaThread "C2 CompilerThread1" daemon [_thread_blocked, id=8838, stack(0x00007f4d2164f000,0x00007f4d21750000)]
  0x00007f4d38313000 JavaThread "C2 CompilerThread0" daemon [_thread_blocked, id=8837, stack(0x00007f4d21968000,0x00007f4d21a69000)]
  0x00007f4d38311800 JavaThread "Monitor Ctrl-Break" daemon [_thread_in_native, id=8836, stack(0x00007f4d21a69000,0x00007f4d21b6a000)]
  0x00007f4d3814d000 JavaThread "Finalizer" daemon [_thread_blocked, id=8828, stack(0x00007f4d21e86000,0x00007f4d21f87000)]
  0x00007f4d38148800 JavaThread "Reference Handler" daemon [_thread_blocked, id=8826, stack(0x00007f4d21f87000,0x00007f4d22088000)]
  0x00007f4d3800c800 JavaThread "main" [_thread_blocked, id=8813, stack(0x00007f4d3f1ef000,0x00007f4d3f2f0000)]

Other Threads:
=>0x00007f4d38141000 VMThread [stack: 0x00007f4d22088000,0x00007f4d22189000] [id=8824]

VM state:at safepoint (shutting down)

VM Mutex/Monitor currently owned by a thread:  ([mutex/lock_event])
[0x00007f4d38008980] Threads_lock - owner thread: 0x00007f4d38141000

Heap:
 PSYoungGen      total 36864K, used 29240K [0x00000000d7100000, 0x00000000d9a00000, 0x0000000100000000)
  eden space 31744K, 76% used [0x00000000d7100000,0x00000000d88b1c68,0x00000000d9000000)
  from space 5120K, 97% used [0x00000000d9000000,0x00000000d94dc658,0x00000000d9500000)
  to   space 5120K, 0% used [0x00000000d9500000,0x00000000d9500000,0x00000000d9a00000)
 ParOldGen       total 84992K, used 16K [0x0000000085200000, 0x000000008a500000, 0x00000000d7100000)
  object space 84992K, 0% used [0x0000000085200000,0x0000000085204000,0x000000008a500000)
 Metaspace       used 11663K, capacity 11928K, committed 12160K, reserved 1060864K
  class space    used 1278K, capacity 1374K, committed 1408K, reserved 1048576K

Card table byte_map: [0x00007f4d28241000,0x00007f4d28619000] byte_map_base: 0x00007f4d27e18000

Marking Bits: (ParMarkBitMap*) 0x00007f4d3e4eb2c0
 Begin Bits: [0x00007f4d23e3d000, 0x00007f4d25cf5000)
 End Bits:   [0x00007f4d25cf5000, 0x00007f4d27bad000)

Polling page: 0x00007f4d3f30f000

CodeCache: size=245760Kb used=4402Kb max_used=4402Kb free=241357Kb
 bounds [0x00007f4d289d9000, 0x00007f4d28e39000, 0x00007f4d379d9000]
 total_blobs=1659 nmethods=1278 adapters=295
 compilation: enabled

Compilation events (10 events):
Event: 73,605 Thread 0x00007f4d38319800 1281       3       com.google.api.client.http.javanet.NetHttpResponse::getHeaderValue (12 bytes)
Event: 73,606 Thread 0x00007f4d38319800 nmethod 1281 0x00007f4d28e23050 code [0x00007f4d28e23200, 0x00007f4d28e236d8]
Event: 73,606 Thread 0x00007f4d38319800 1282   !   3       sun.net.www.http.ChunkedInputStream::processRaw (756 bytes)
Event: 73,608 Thread 0x00007f4d38319800 nmethod 1282 0x00007f4d28e28950 code [0x00007f4d28e28d80, 0x00007f4d28e2b2f8]
Event: 73,608 Thread 0x00007f4d38319800 1283       3       java.nio.ByteBuffer::array (35 bytes)
Event: 73,608 Thread 0x00007f4d38319800 nmethod 1283 0x00007f4d28e257d0 code [0x00007f4d28e25960, 0x00007f4d28e25c78]
Event: 73,608 Thread 0x00007f4d38319800 1284       1       java.util.Collections$1::hasNext (5 bytes)
Event: 73,608 Thread 0x00007f4d38319800 nmethod 1284 0x00007f4d28e23e90 code [0x00007f4d28e23fe0, 0x00007f4d28e240f0]
Event: 73,608 Thread 0x00007f4d38319800 1285       1       com.google.api.client.util.DataMap$Entry::getValue (5 bytes)
Event: 73,608 Thread 0x00007f4d38319800 nmethod 1285 0x00007f4d28e22d90 code [0x00007f4d28e22ee0, 0x00007f4d28e22ff0]

GC Heap History (2 events):
Event: 8,359 GC heap before
{Heap before GC invocations=1 (full 0):
 PSYoungGen      total 36864K, used 31744K [0x00000000d7100000, 0x00000000d9a00000, 0x0000000100000000)
  eden space 31744K, 100% used [0x00000000d7100000,0x00000000d9000000,0x00000000d9000000)
  from space 5120K, 0% used [0x00000000d9500000,0x00000000d9500000,0x00000000d9a00000)
  to   space 5120K, 0% used [0x00000000d9000000,0x00000000d9000000,0x00000000d9500000)
 ParOldGen       total 84992K, used 0K [0x0000000085200000, 0x000000008a500000, 0x00000000d7100000)
  object space 84992K, 0% used [0x0000000085200000,0x0000000085200000,0x000000008a500000)
 Metaspace       used 10300K, capacity 10560K, committed 10752K, reserved 1058816K
  class space    used 1130K, capacity 1242K, committed 1280K, reserved 1048576K
Event: 8,369 GC heap after
Heap after GC invocations=1 (full 0):
 PSYoungGen      total 36864K, used 4977K [0x00000000d7100000, 0x00000000d9a00000, 0x0000000100000000)
  eden space 31744K, 0% used [0x00000000d7100000,0x00000000d7100000,0x00000000d9000000)
  from space 5120K, 97% used [0x00000000d9000000,0x00000000d94dc658,0x00000000d9500000)
  to   space 5120K, 0% used [0x00000000d9500000,0x00000000d9500000,0x00000000d9a00000)
 ParOldGen       total 84992K, used 16K [0x0000000085200000, 0x000000008a500000, 0x00000000d7100000)
  object space 84992K, 0% used [0x0000000085200000,0x0000000085204000,0x000000008a500000)
 Metaspace       used 10300K, capacity 10560K, committed 10752K, reserved 1058816K
  class space    used 1130K, capacity 1242K, committed 1280K, reserved 1048576K
}

Deoptimization events (10 events):
Event: 7,272 Thread 0x00007f4d3800c800 Uncommon trap: reason=predicate action=maybe_recompile pc=0x00007f4d28bf7878 method=java.util.regex.Pattern$SliceI.match(Ljava/util/regex/Matcher;ILjava/lang/CharSequence;)Z @ 21
Event: 8,301 Thread 0x00007f4d3800c800 Uncommon trap: reason=unstable_if action=reinterpret pc=0x00007f4d28c888e4 method=java.util.Arrays.equals([B[B)Z @ 23
Event: 8,302 Thread 0x00007f4d3800c800 Uncommon trap: reason=unstable_if action=reinterpret pc=0x00007f4d28c16254 method=java.lang.String.indexOf([CII[CIII)I @ 27
Event: 8,388 Thread 0x00007f4d3800c800 Uncommon trap: reason=unstable_if action=reinterpret pc=0x00007f4d28beb618 method=java.lang.String.startsWith(Ljava/lang/String;I)Z @ 25
Event: 10,322 Thread 0x00007f4d3800c800 Uncommon trap: reason=unstable_if action=reinterpret pc=0x00007f4d28d4860c method=java.util.HashMap.hash(Ljava/lang/Object;)I @ 1
Event: 10,322 Thread 0x00007f4d3800c800 Uncommon trap: reason=unstable_if action=reinterpret pc=0x00007f4d28c075a0 method=java.util.HashMap.hash(Ljava/lang/Object;)I @ 1
Event: 10,323 Thread 0x00007f4d3800c800 Uncommon trap: reason=unstable_if action=reinterpret pc=0x00007f4d28bc6be8 method=java.util.HashMap.hash(Ljava/lang/Object;)I @ 1
Event: 10,331 Thread 0x00007f4d3800c800 Uncommon trap: reason=unstable_if action=reinterpret pc=0x00007f4d28cf5c78 method=java.util.regex.Matcher.reset()Ljava/util/regex/Matcher; @ 47
Event: 10,345 Thread 0x00007f4d3800c800 Uncommon trap: reason=unstable_if action=reinterpret pc=0x00007f4d28d42290 method=java.io.DataInputStream.readUTF(Ljava/io/DataInput;)Ljava/lang/String; @ 31
Event: 10,345 Thread 0x00007f4d3800c800 Uncommon trap: reason=unstable_if action=reinterpret pc=0x00007f4d28c1ab4c method=java.lang.String.replace(CC)Ljava/lang/String; @ 26

Internal exceptions (10 events):
Event: 0,457 Thread 0x00007f4d3800c800 Exception <a 'java/lang/ArrayIndexOutOfBoundsException'> (0x00000000d7f52e60) thrown at [/build/openjdk-8-qvKKlC/openjdk-8-8u141-b15/src/hotspot/src/share/vm/runtime/sharedRuntime.cpp, line 605]
Event: 0,458 Thread 0x00007f4d3800c800 Exception <a 'java/lang/ArrayIndexOutOfBoundsException'> (0x00000000d7f562c0) thrown at [/build/openjdk-8-qvKKlC/openjdk-8-8u141-b15/src/hotspot/src/share/vm/runtime/sharedRuntime.cpp, line 605]
Event: 0,458 Thread 0x00007f4d3800c800 Exception <a 'java/lang/ArrayIndexOutOfBoundsException'> (0x00000000d7f57098) thrown at [/build/openjdk-8-qvKKlC/openjdk-8-8u141-b15/src/hotspot/src/share/vm/runtime/sharedRuntime.cpp, line 605]
Event: 0,504 Thread 0x00007f4d3800c800 Exception <a 'java/lang/NoSuchFieldError': method resolution failed> (0x00000000d8144a88) thrown at [/build/openjdk-8-qvKKlC/openjdk-8-8u141-b15/src/hotspot/src/share/vm/prims/methodHandles.cpp, line 1146]
Event: 0,505 Thread 0x00007f4d3800c800 Exception <a 'java/lang/NoSuchFieldError': method resolution failed> (0x00000000d8152830) thrown at [/build/openjdk-8-qvKKlC/openjdk-8-8u141-b15/src/hotspot/src/share/vm/prims/methodHandles.cpp, line 1146]
Event: 10,322 Thread 0x00007f4d3800c800 Implicit null exception at 0x00007f4d28d483f5 to 0x00007f4d28d485fd
Event: 10,322 Thread 0x00007f4d3800c800 Implicit null exception at 0x00007f4d28c06eb9 to 0x00007f4d28c07591
Event: 10,323 Thread 0x00007f4d3800c800 Implicit null exception at 0x00007f4d28bc6b6f to 0x00007f4d28bc6bd9
Event: 10,345 Thread 0x00007f4d384d8800 Exception <a 'java/io/IOException': No Other files detected , try call waitForFileEvent()> (0x00000000d7419ec0) thrown at [/build/openjdk-8-qvKKlC/openjdk-8-8u141-b15/src/hotspot/src/share/vm/prims/jni.cpp, line 735]
Event: 18,821 Thread 0x00007f4d384d8800 Exception <a 'java/io/IOException': No Other files detected , try call waitForFileEvent()> (0x00000000d741ad78) thrown at [/build/openjdk-8-qvKKlC/openjdk-8-8u141-b15/src/hotspot/src/share/vm/prims/jni.cpp, line 735]

Events (10 events):
Event: 73,948 loading class sun/misc/Signal$1 done
Event: 73,948 Thread 0x00007f4cfc001000 Thread added: 0x00007f4cfc001000
Event: 73,948 loading class java/util/IdentityHashMap$KeySet
Event: 73,949 loading class java/util/IdentityHashMap$KeySet done
Event: 73,949 loading class java/util/IdentityHashMap$KeyIterator
Event: 73,949 loading class java/util/IdentityHashMap$KeyIterator done
Event: 73,949 Thread 0x00007f4cd4002000 Thread added: 0x00007f4cd4002000
Event: 73,949 Thread 0x00007f4cd4002000 Thread exited: 0x00007f4cd4002000
Event: 73,949 Thread 0x00007f4d38174800 Thread exited: 0x00007f4d38174800
Event: 73,949 Executing VM operation: Exit


Dynamic libraries:
85200000-8a500000 rw-p 00000000 00:00 0 
8a500000-d7100000 ---p 00000000 00:00 0 
d7100000-d9a00000 rw-p 00000000 00:00 0 
d9a00000-100000000 ---p 00000000 00:00 0 
100000000-100160000 rw-p 00000000 00:00 0 
100160000-140000000 ---p 00000000 00:00 0 
67db94f000-67db950000 r-xp 00000000 08:06 13768332                       /usr/lib/jvm/java-8-openjdk-amd64/jre/bin/java
67dbb4f000-67dbb50000 r--p 00000000 08:06 13768332                       /usr/lib/jvm/java-8-openjdk-amd64/jre/bin/java
67dbb50000-67dbb51000 rw-p 00001000 08:06 13768332                       /usr/lib/jvm/java-8-openjdk-amd64/jre/bin/java
67dd932000-67dd953000 rw-p 00000000 00:00 0                              [heap]
7f4cd4000000-7f4cd4021000 rw-p 00000000 00:00 0 
7f4cd4021000-7f4cd8000000 ---p 00000000 00:00 0 
7f4cd8000000-7f4cd8021000 rw-p 00000000 00:00 0 
7f4cd8021000-7f4cdc000000 ---p 00000000 00:00 0 
7f4cdc000000-7f4cdc02d000 rw-p 00000000 00:00 0 
7f4cdc02d000-7f4ce0000000 ---p 00000000 00:00 0 
7f4ce0000000-7f4ce029e000 rw-p 00000000 00:00 0 
7f4ce029e000-7f4ce4000000 ---p 00000000 00:00 0 
7f4ce4000000-7f4ce4021000 rw-p 00000000 00:00 0 
7f4ce4021000-7f4ce8000000 ---p 00000000 00:00 0 
7f4ce8000000-7f4ce8021000 rw-p 00000000 00:00 0 
7f4ce8021000-7f4cec000000 ---p 00000000 00:00 0 
7f4cec000000-7f4cec1c4000 rw-p 00000000 00:00 0 
7f4cec1c4000-7f4cf0000000 ---p 00000000 00:00 0 
7f4cf0000000-7f4cf0280000 rw-p 00000000 00:00 0 
7f4cf0280000-7f4cf4000000 ---p 00000000 00:00 0 
7f4cf4000000-7f4cf4674000 rw-p 00000000 00:00 0 
7f4cf4674000-7f4cf8000000 ---p 00000000 00:00 0 
7f4cf8bfd000-7f4cf8c00000 ---p 00000000 00:00 0 
7f4cf8c00000-7f4cf8d7e000 rw-p 00000000 00:00 0 
7f4cf8d7e000-7f4cf8efe000 ---p 00000000 00:00 0 
7f4cf8efe000-7f4cf8f01000 ---p 00000000 00:00 0 
7f4cf8f01000-7f4cfc000000 rw-p 00000000 00:00 0 
7f4cfc000000-7f4cfc021000 rw-p 00000000 00:00 0 
7f4cfc021000-7f4d00000000 ---p 00000000 00:00 0 
7f4d00000000-7f4d00021000 rw-p 00000000 00:00 0 
7f4d00021000-7f4d04000000 ---p 00000000 00:00 0 
7f4d04000000-7f4d04021000 rw-p 00000000 00:00 0 
7f4d04021000-7f4d08000000 ---p 00000000 00:00 0 
7f4d08000000-7f4d08021000 rw-p 00000000 00:00 0 
7f4d08021000-7f4d0c000000 ---p 00000000 00:00 0 
7f4d0c000000-7f4d0c021000 rw-p 00000000 00:00 0 
7f4d0c021000-7f4d10000000 ---p 00000000 00:00 0 
7f4d10000000-7f4d10021000 rw-p 00000000 00:00 0 
7f4d10021000-7f4d14000000 ---p 00000000 00:00 0 
7f4d14000000-7f4d14021000 rw-p 00000000 00:00 0 
7f4d14021000-7f4d18000000 ---p 00000000 00:00 0 
7f4d18000000-7f4d18021000 rw-p 00000000 00:00 0 
7f4d18021000-7f4d1c000000 ---p 00000000 00:00 0 
7f4d1c000000-7f4d1c021000 rw-p 00000000 00:00 0 
7f4d1c021000-7f4d20000000 ---p 00000000 00:00 0 
7f4d20088000-7f4d2008b000 ---p 00000000 00:00 0 
7f4d2008b000-7f4d20189000 rw-p 00000000 00:00 0 
7f4d20189000-7f4d2018c000 ---p 00000000 00:00 0 
7f4d2018c000-7f4d2028a000 rw-p 00000000 00:00 0 
7f4d2028a000-7f4d2029e000 r-xp 00000000 08:06 2755158                    /lib/x86_64-linux-gnu/libresolv-2.24.so
7f4d2029e000-7f4d2049d000 ---p 00014000 08:06 2755158                    /lib/x86_64-linux-gnu/libresolv-2.24.so
7f4d2049d000-7f4d2049e000 r--p 00013000 08:06 2755158                    /lib/x86_64-linux-gnu/libresolv-2.24.so
7f4d2049e000-7f4d2049f000 rw-p 00014000 08:06 2755158                    /lib/x86_64-linux-gnu/libresolv-2.24.so
7f4d2049f000-7f4d204a1000 rw-p 00000000 00:00 0 
7f4d204a1000-7f4d204a6000 r-xp 00000000 08:06 2755105                    /lib/x86_64-linux-gnu/libnss_dns-2.24.so
7f4d204a6000-7f4d206a5000 ---p 00005000 08:06 2755105                    /lib/x86_64-linux-gnu/libnss_dns-2.24.so
7f4d206a5000-7f4d206a6000 r--p 00004000 08:06 2755105                    /lib/x86_64-linux-gnu/libnss_dns-2.24.so
7f4d206a6000-7f4d206a7000 rw-p 00005000 08:06 2755105                    /lib/x86_64-linux-gnu/libnss_dns-2.24.so
7f4d206a7000-7f4d208a7000 rw-p 00000000 00:00 0 
7f4d208a7000-7f4d208aa000 r-xp 00000000 08:06 13901257                   /usr/lib/x86_64-linux-gnu/libboost_system.so.1.62.0
7f4d208aa000-7f4d20aa9000 ---p 00003000 08:06 13901257                   /usr/lib/x86_64-linux-gnu/libboost_system.so.1.62.0
7f4d20aa9000-7f4d20aaa000 r--p 00002000 08:06 13901257                   /usr/lib/x86_64-linux-gnu/libboost_system.so.1.62.0
7f4d20aaa000-7f4d20aab000 rw-p 00003000 08:06 13901257                   /usr/lib/x86_64-linux-gnu/libboost_system.so.1.62.0
7f4d20aab000-7f4d20ac3000 r-xp 00000000 08:06 13901252                   /usr/lib/x86_64-linux-gnu/libboost_filesystem.so.1.62.0
7f4d20ac3000-7f4d20cc2000 ---p 00018000 08:06 13901252                   /usr/lib/x86_64-linux-gnu/libboost_filesystem.so.1.62.0
7f4d20cc2000-7f4d20cc3000 r--p 00017000 08:06 13901252                   /usr/lib/x86_64-linux-gnu/libboost_filesystem.so.1.62.0
7f4d20cc3000-7f4d20cc4000 rw-p 00018000 08:06 13901252                   /usr/lib/x86_64-linux-gnu/libboost_filesystem.so.1.62.0
7f4d20ce2000-7f4d20d02000 r-xp 00000000 08:06 2622561                    /lib/libInotifyNative.so
7f4d20d02000-7f4d20f01000 ---p 00020000 08:06 2622561                    /lib/libInotifyNative.so
7f4d20f01000-7f4d20f02000 r--p 0001f000 08:06 2622561                    /lib/libInotifyNative.so
7f4d20f02000-7f4d20f03000 rw-p 00020000 08:06 2622561                    /lib/libInotifyNative.so
7f4d20f03000-7f4d20f04000 rw-p 00000000 00:00 0 
7f4d20f04000-7f4d20f2c000 r-xp 00000000 08:06 13773854                   /usr/lib/jvm/java-8-openjdk-amd64/jre/lib/amd64/libsunec.so
7f4d20f2c000-7f4d2112c000 ---p 00028000 08:06 13773854                   /usr/lib/jvm/java-8-openjdk-amd64/jre/lib/amd64/libsunec.so
7f4d2112c000-7f4d21130000 r--p 00028000 08:06 13773854                   /usr/lib/jvm/java-8-openjdk-amd64/jre/lib/amd64/libsunec.so
7f4d21130000-7f4d21131000 rw-p 0002c000 08:06 13773854                   /usr/lib/jvm/java-8-openjdk-amd64/jre/lib/amd64/libsunec.so
7f4d21131000-7f4d21134000 r--s 00015000 08:06 13774554                   /usr/lib/jvm/java-8-openjdk-amd64/jre/lib/jce.jar
7f4d21134000-7f4d21139000 r--s 0009a000 08:06 13774556                   /usr/lib/jvm/java-8-openjdk-amd64/jre/lib/jsse.jar
7f4d21139000-7f4d2114a000 r-xp 00000000 08:06 13768375                   /usr/lib/jvm/java-8-openjdk-amd64/jre/lib/amd64/libnio.so
7f4d2114a000-7f4d2134a000 ---p 00011000 08:06 13768375                   /usr/lib/jvm/java-8-openjdk-amd64/jre/lib/amd64/libnio.so
7f4d2134a000-7f4d2134b000 r--p 00011000 08:06 13768375                   /usr/lib/jvm/java-8-openjdk-amd64/jre/lib/amd64/libnio.so
7f4d2134b000-7f4d2134c000 rw-p 00012000 08:06 13768375                   /usr/lib/jvm/java-8-openjdk-amd64/jre/lib/amd64/libnio.so
7f4d2134c000-7f4d2134d000 ---p 00000000 00:00 0 
7f4d2134d000-7f4d2144d000 rw-p 00000000 00:00 0 
7f4d2144d000-7f4d21450000 ---p 00000000 00:00 0 
7f4d21450000-7f4d2154e000 rw-p 00000000 00:00 0 
7f4d2154e000-7f4d21551000 ---p 00000000 00:00 0 
7f4d21551000-7f4d2164f000 rw-p 00000000 00:00 0 
7f4d2164f000-7f4d21652000 ---p 00000000 00:00 0 
7f4d21652000-7f4d21750000 rw-p 00000000 00:00 0 
7f4d21750000-7f4d21767000 r-xp 00000000 08:06 13768374                   /usr/lib/jvm/java-8-openjdk-amd64/jre/lib/amd64/libnet.so
7f4d21767000-7f4d21966000 ---p 00017000 08:06 13768374                   /usr/lib/jvm/java-8-openjdk-amd64/jre/lib/amd64/libnet.so
7f4d21966000-7f4d21967000 r--p 00016000 08:06 13768374                   /usr/lib/jvm/java-8-openjdk-amd64/jre/lib/amd64/libnet.so
7f4d21967000-7f4d21968000 rw-p 00017000 08:06 13768374                   /usr/lib/jvm/java-8-openjdk-amd64/jre/lib/amd64/libnet.so
7f4d21968000-7f4d2196b000 ---p 00000000 00:00 0 
7f4d2196b000-7f4d21a69000 rw-p 00000000 00:00 0 
7f4d21a69000-7f4d21a6c000 ---p 00000000 00:00 0 
7f4d21a6c000-7f4d21b6a000 rw-p 00000000 00:00 0 
7f4d21b6a000-7f4d21b6c000 r--s 0001a000 08:06 5640687                    /home/stefstef/Editors/idea-IU-172.3968.16/lib/idea_rt.jar
7f4d21b6c000-7f4d21b70000 r--s 00019000 08:06 10096758                   /home/stefstef/.m2/repository/com/google/apis/google-api-services-drive/v3-rev76-1.22.0/google-api-services-drive-v3-rev76-1.22.0.jar
7f4d21b70000-7f4d21b98000 r--s 001cf000 08:06 6697606                    /home/stefstef/.m2/repository/com/google/guava/guava-jdk5/17.0/guava-jdk5-17.0.jar
7f4d21b98000-7f4d21b9c000 r--s 0002f000 08:06 6697602                    /home/stefstef/.m2/repository/com/fasterxml/jackson/core/jackson-core/2.1.3/jackson-core-2.1.3.jar
7f4d21b9c000-7f4d21b9d000 r--s 00001000 08:06 6697598                    /home/stefstef/.m2/repository/com/google/http-client/google-http-client-jackson2/1.22.0/google-http-client-jackson2-1.22.0.jar
7f4d21b9d000-7f4d21ba0000 r--s 00006000 08:06 6697600                    /home/stefstef/.m2/repository/com/google/code/findbugs/jsr305/1.3.9/jsr305-1.3.9.jar
7f4d21ba0000-7f4d21ba2000 r--s 0000a000 08:06 7354560                    /home/stefstef/.m2/repository/commons-codec/commons-codec/1.3/commons-codec-1.3.jar
7f4d21ba2000-7f4d21ba4000 r--s 0000d000 08:06 7354558                    /home/stefstef/.m2/repository/commons-logging/commons-logging/1.1.1/commons-logging-1.1.1.jar
7f4d21ba4000-7f4d21ba9000 r--s 00026000 08:06 7354562                    /home/stefstef/.m2/repository/org/apache/httpcomponents/httpcore/4.0.1/httpcore-4.0.1.jar
7f4d21ba9000-7f4d21bb1000 r--s 00040000 08:06 8006077                    /home/stefstef/.m2/repository/org/apache/httpcomponents/httpclient/4.0.1/httpclient-4.0.1.jar
7f4d21bb1000-7f4d21bba000 r--s 0004f000 08:06 6697597                    /home/stefstef/.m2/repository/com/google/http-client/google-http-client/1.22.0/google-http-client-1.22.0.jar
7f4d21bba000-7f4d21bbc000 r--s 0000d000 08:06 6558464                    /home/stefstef/.m2/repository/com/google/oauth-client/google-oauth-client/1.22.0/google-oauth-client-1.22.0.jar
7f4d21bbc000-7f4d21bc1000 r--s 0002c000 08:06 6558462                    /home/stefstef/.m2/repository/com/google/api-client/google-api-client/1.22.0/google-api-client-1.22.0.jar
7f4d21bc1000-7f4d21bc3000 r--s 0001f000 08:06 8262924                    /home/stefstef/.m2/repository/org/mortbay/jetty/servlet-api/2.5-20081211/servlet-api-2.5-20081211.jar
7f4d21bc3000-7f4d21bc7000 r--s 00028000 08:06 9965488                    /home/stefstef/.m2/repository/org/mortbay/jetty/jetty-util/6.1.26/jetty-util-6.1.26.jar
7f4d21bc7000-7f4d21bce000 r--s 0007d000 08:06 9965486                    /home/stefstef/.m2/repository/org/mortbay/jetty/jetty/6.1.26/jetty-6.1.26.jar
7f4d21bce000-7f4d21bcf000 r--s 00002000 08:06 9965484                    /home/stefstef/.m2/repository/com/google/oauth-client/google-oauth-client-java6/1.22.0/google-oauth-client-java6-1.22.0.jar
7f4d21bcf000-7f4d21be2000 r--s 00346000 08:06 13774561                   /usr/lib/jvm/java-8-openjdk-amd64/jre/lib/resources.jar
7f4d21be2000-7f4d21be7000 r--s 0009a000 08:06 13774556                   /usr/lib/jvm/java-8-openjdk-amd64/jre/lib/jsse.jar
7f4d21be7000-7f4d21bea000 r--s 00015000 08:06 13774554                   /usr/lib/jvm/java-8-openjdk-amd64/jre/lib/jce.jar
7f4d21bea000-7f4d21bed000 ---p 00000000 00:00 0 
7f4d21bed000-7f4d21ceb000 rw-p 00000000 00:00 0 
7f4d21ceb000-7f4d21e86000 r--p 00000000 08:06 13768397                   /usr/lib/locale/locale-archive
7f4d21e86000-7f4d21e89000 ---p 00000000 00:00 0 
7f4d21e89000-7f4d21f87000 rw-p 00000000 00:00 0 
7f4d21f87000-7f4d21f8a000 ---p 00000000 00:00 0 
7f4d21f8a000-7f4d22088000 rw-p 00000000 00:00 0 
7f4d22088000-7f4d22089000 ---p 00000000 00:00 0 
7f4d22089000-7f4d23098000 rw-p 00000000 00:00 0 
7f4d23098000-7f4d23266000 r--s 03c15000 08:06 13774562                   /usr/lib/jvm/java-8-openjdk-amd64/jre/lib/rt.jar
7f4d23266000-7f4d27bad000 rw-p 00000000 00:00 0 
7f4d27bad000-7f4d27bae000 ---p 00000000 00:00 0 
7f4d27bae000-7f4d27cae000 rw-p 00000000 00:00 0 
7f4d27cae000-7f4d27caf000 ---p 00000000 00:00 0 
7f4d27caf000-7f4d27daf000 rw-p 00000000 00:00 0 
7f4d27daf000-7f4d27db0000 ---p 00000000 00:00 0 
7f4d27db0000-7f4d27eb0000 rw-p 00000000 00:00 0 
7f4d27eb0000-7f4d27eb1000 ---p 00000000 00:00 0 
7f4d27eb1000-7f4d27fdb000 rw-p 00000000 00:00 0 
7f4d27fdb000-7f4d28241000 ---p 00000000 00:00 0 
7f4d28241000-7f4d2826b000 rw-p 00000000 00:00 0 
7f4d2826b000-7f4d284d0000 ---p 00000000 00:00 0 
7f4d284d0000-7f4d284e5000 rw-p 00000000 00:00 0 
7f4d284e5000-7f4d28618000 ---p 00000000 00:00 0 
7f4d28618000-7f4d2862b000 rw-p 00000000 00:00 0 
7f4d2862b000-7f4d289d9000 ---p 00000000 00:00 0 
7f4d289d9000-7f4d28e39000 rwxp 00000000 00:00 0 
7f4d28e39000-7f4d379d9000 ---p 00000000 00:00 0 
7f4d379d9000-7f4d379e1000 r-xp 00000000 08:06 13774519                   /usr/lib/jvm/java-8-openjdk-amd64/jre/lib/amd64/libzip.so
7f4d379e1000-7f4d37be0000 ---p 00008000 08:06 13774519                   /usr/lib/jvm/java-8-openjdk-amd64/jre/lib/amd64/libzip.so
7f4d37be0000-7f4d37be1000 r--p 00007000 08:06 13774519                   /usr/lib/jvm/java-8-openjdk-amd64/jre/lib/amd64/libzip.so
7f4d37be1000-7f4d37be2000 rw-p 00008000 08:06 13774519                   /usr/lib/jvm/java-8-openjdk-amd64/jre/lib/amd64/libzip.so
7f4d37be2000-7f4d37bec000 r-xp 00000000 08:06 2755107                    /lib/x86_64-linux-gnu/libnss_files-2.24.so
7f4d37bec000-7f4d37dec000 ---p 0000a000 08:06 2755107                    /lib/x86_64-linux-gnu/libnss_files-2.24.so
7f4d37dec000-7f4d37ded000 r--p 0000a000 08:06 2755107                    /lib/x86_64-linux-gnu/libnss_files-2.24.so
7f4d37ded000-7f4d37dee000 rw-p 0000b000 08:06 2755107                    /lib/x86_64-linux-gnu/libnss_files-2.24.so
7f4d37dee000-7f4d37df4000 rw-p 00000000 00:00 0 
7f4d37df4000-7f4d37dff000 r-xp 00000000 08:06 2755111                    /lib/x86_64-linux-gnu/libnss_nis-2.24.so
7f4d37dff000-7f4d37ffe000 ---p 0000b000 08:06 2755111                    /lib/x86_64-linux-gnu/libnss_nis-2.24.so
7f4d37ffe000-7f4d37fff000 r--p 0000a000 08:06 2755111                    /lib/x86_64-linux-gnu/libnss_nis-2.24.so
7f4d37fff000-7f4d38000000 rw-p 0000b000 08:06 2755111                    /lib/x86_64-linux-gnu/libnss_nis-2.24.so
7f4d38000000-7f4d385ea000 rw-p 00000000 00:00 0 
7f4d385ea000-7f4d3c000000 ---p 00000000 00:00 0 
7f4d3c000000-7f4d3c001000 r--s 00001000 08:06 9965482                    /home/stefstef/.m2/repository/com/google/oauth-client/google-oauth-client-jetty/1.22.0/google-oauth-client-jetty-1.22.0.jar
7f4d3c001000-7f4d3c002000 r--s 00000000 08:06 13774559                   /usr/lib/jvm/java-8-openjdk-amd64/jre/lib/management-agent.jar
7f4d3c002000-7f4d3c007000 r--s 002f9000 08:06 13774523                   /usr/lib/jvm/java-8-openjdk-amd64/jre/lib/charsets.jar
7f4d3c007000-7f4d3c022000 r--s 00394000 08:06 13774533                   /usr/lib/jvm/java-8-openjdk-amd64/jre/lib/ext/cldrdata.jar
7f4d3c022000-7f4d3c03d000 r--s 001d6000 08:06 13774538                   /usr/lib/jvm/java-8-openjdk-amd64/jre/lib/ext/nashorn.jar
7f4d3c03d000-7f4d3c0b3000 rw-p 00000000 00:00 0 
7f4d3c0b3000-7f4d3c0c7000 r-xp 00000000 08:06 2755101                    /lib/x86_64-linux-gnu/libnsl-2.24.so
7f4d3c0c7000-7f4d3c2c7000 ---p 00014000 08:06 2755101                    /lib/x86_64-linux-gnu/libnsl-2.24.so
7f4d3c2c7000-7f4d3c2c8000 r--p 00014000 08:06 2755101                    /lib/x86_64-linux-gnu/libnsl-2.24.so
7f4d3c2c8000-7f4d3c2c9000 rw-p 00015000 08:06 2755101                    /lib/x86_64-linux-gnu/libnsl-2.24.so
7f4d3c2c9000-7f4d3c2cb000 rw-p 00000000 00:00 0 
7f4d3c2cb000-7f4d3c2d2000 r-xp 00000000 08:06 2755103                    /lib/x86_64-linux-gnu/libnss_compat-2.24.so
7f4d3c2d2000-7f4d3c4d1000 ---p 00007000 08:06 2755103                    /lib/x86_64-linux-gnu/libnss_compat-2.24.so
7f4d3c4d1000-7f4d3c4d2000 r--p 00006000 08:06 2755103                    /lib/x86_64-linux-gnu/libnss_compat-2.24.so
7f4d3c4d2000-7f4d3c4d3000 rw-p 00007000 08:06 2755103                    /lib/x86_64-linux-gnu/libnss_compat-2.24.so
7f4d3c4d3000-7f4d3c4dd000 r-xp 00000000 08:06 13768357                   /usr/lib/jvm/java-8-openjdk-amd64/jre/lib/amd64/libinstrument.so
7f4d3c4dd000-7f4d3c6dc000 ---p 0000a000 08:06 13768357                   /usr/lib/jvm/java-8-openjdk-amd64/jre/lib/amd64/libinstrument.so
7f4d3c6dc000-7f4d3c6dd000 r--p 00009000 08:06 13768357                   /usr/lib/jvm/java-8-openjdk-amd64/jre/lib/amd64/libinstrument.so
7f4d3c6dd000-7f4d3c6de000 rw-p 0000a000 08:06 13768357                   /usr/lib/jvm/java-8-openjdk-amd64/jre/lib/amd64/libinstrument.so
7f4d3c6de000-7f4d3c70b000 r-xp 00000000 08:06 13768363                   /usr/lib/jvm/java-8-openjdk-amd64/jre/lib/amd64/libjava.so
7f4d3c70b000-7f4d3c90a000 ---p 0002d000 08:06 13768363                   /usr/lib/jvm/java-8-openjdk-amd64/jre/lib/amd64/libjava.so
7f4d3c90a000-7f4d3c90b000 r--p 0002c000 08:06 13768363                   /usr/lib/jvm/java-8-openjdk-amd64/jre/lib/amd64/libjava.so
7f4d3c90b000-7f4d3c90d000 rw-p 0002d000 08:06 13768363                   /usr/lib/jvm/java-8-openjdk-amd64/jre/lib/amd64/libjava.so
7f4d3c90d000-7f4d3c91c000 r-xp 00000000 08:06 13774518                   /usr/lib/jvm/java-8-openjdk-amd64/jre/lib/amd64/libverify.so
7f4d3c91c000-7f4d3cb1c000 ---p 0000f000 08:06 13774518                   /usr/lib/jvm/java-8-openjdk-amd64/jre/lib/amd64/libverify.so
7f4d3cb1c000-7f4d3cb1e000 r--p 0000f000 08:06 13774518                   /usr/lib/jvm/java-8-openjdk-amd64/jre/lib/amd64/libverify.so
7f4d3cb1e000-7f4d3cb1f000 rw-p 00011000 08:06 13774518                   /usr/lib/jvm/java-8-openjdk-amd64/jre/lib/amd64/libverify.so
7f4d3cb1f000-7f4d3cb26000 r-xp 00000000 08:06 2755160                    /lib/x86_64-linux-gnu/librt-2.24.so
7f4d3cb26000-7f4d3cd25000 ---p 00007000 08:06 2755160                    /lib/x86_64-linux-gnu/librt-2.24.so
7f4d3cd25000-7f4d3cd26000 r--p 00006000 08:06 2755160                    /lib/x86_64-linux-gnu/librt-2.24.so
7f4d3cd26000-7f4d3cd27000 rw-p 00007000 08:06 2755160                    /lib/x86_64-linux-gnu/librt-2.24.so
7f4d3cd27000-7f4d3cd3d000 r-xp 00000000 08:06 2755254                    /lib/x86_64-linux-gnu/libgcc_s.so.1
7f4d3cd3d000-7f4d3cf3c000 ---p 00016000 08:06 2755254                    /lib/x86_64-linux-gnu/libgcc_s.so.1
7f4d3cf3c000-7f4d3cf3d000 r--p 00015000 08:06 2755254                    /lib/x86_64-linux-gnu/libgcc_s.so.1
7f4d3cf3d000-7f4d3cf3e000 rw-p 00016000 08:06 2755254                    /lib/x86_64-linux-gnu/libgcc_s.so.1
7f4d3cf3e000-7f4d3d041000 r-xp 00000000 08:06 2755084                    /lib/x86_64-linux-gnu/libm-2.24.so
7f4d3d041000-7f4d3d240000 ---p 00103000 08:06 2755084                    /lib/x86_64-linux-gnu/libm-2.24.so
7f4d3d240000-7f4d3d241000 r--p 00102000 08:06 2755084                    /lib/x86_64-linux-gnu/libm-2.24.so
7f4d3d241000-7f4d3d242000 rw-p 00103000 08:06 2755084                    /lib/x86_64-linux-gnu/libm-2.24.so
7f4d3d242000-7f4d3d3b4000 r-xp 00000000 08:06 13909765                   /usr/lib/x86_64-linux-gnu/libstdc++.so.6.0.24
7f4d3d3b4000-7f4d3d5b4000 ---p 00172000 08:06 13909765                   /usr/lib/x86_64-linux-gnu/libstdc++.so.6.0.24
7f4d3d5b4000-7f4d3d5be000 r--p 00172000 08:06 13909765                   /usr/lib/x86_64-linux-gnu/libstdc++.so.6.0.24
7f4d3d5be000-7f4d3d5c0000 rw-p 0017c000 08:06 13909765                   /usr/lib/x86_64-linux-gnu/libstdc++.so.6.0.24
7f4d3d5c0000-7f4d3d5c3000 rw-p 00000000 00:00 0 
7f4d3d5c3000-7f4d3e21c000 r-xp 00000000 08:06 13774522                   /usr/lib/jvm/java-8-openjdk-amd64/jre/lib/amd64/server/libjvm.so
7f4d3e21c000-7f4d3e41c000 ---p 00c59000 08:06 13774522                   /usr/lib/jvm/java-8-openjdk-amd64/jre/lib/amd64/server/libjvm.so
7f4d3e41c000-7f4d3e4af000 r--p 00c59000 08:06 13774522                   /usr/lib/jvm/java-8-openjdk-amd64/jre/lib/amd64/server/libjvm.so
7f4d3e4af000-7f4d3e4d8000 rw-p 00cec000 08:06 13774522                   /usr/lib/jvm/java-8-openjdk-amd64/jre/lib/amd64/server/libjvm.so
7f4d3e4d8000-7f4d3e508000 rw-p 00000000 00:00 0 
7f4d3e508000-7f4d3e69d000 r-xp 00000000 08:06 2755012                    /lib/x86_64-linux-gnu/libc-2.24.so
7f4d3e69d000-7f4d3e89c000 ---p 00195000 08:06 2755012                    /lib/x86_64-linux-gnu/libc-2.24.so
7f4d3e89c000-7f4d3e8a0000 r--p 00194000 08:06 2755012                    /lib/x86_64-linux-gnu/libc-2.24.so
7f4d3e8a0000-7f4d3e8a2000 rw-p 00198000 08:06 2755012                    /lib/x86_64-linux-gnu/libc-2.24.so
7f4d3e8a2000-7f4d3e8a6000 rw-p 00000000 00:00 0 
7f4d3e8a6000-7f4d3e8a8000 r-xp 00000000 08:06 2755035                    /lib/x86_64-linux-gnu/libdl-2.24.so
7f4d3e8a8000-7f4d3eaa8000 ---p 00002000 08:06 2755035                    /lib/x86_64-linux-gnu/libdl-2.24.so
7f4d3eaa8000-7f4d3eaa9000 r--p 00002000 08:06 2755035                    /lib/x86_64-linux-gnu/libdl-2.24.so
7f4d3eaa9000-7f4d3eaaa000 rw-p 00003000 08:06 2755035                    /lib/x86_64-linux-gnu/libdl-2.24.so
7f4d3eaaa000-7f4d3eab7000 r-xp 00000000 08:06 13768346                   /usr/lib/jvm/java-8-openjdk-amd64/jre/lib/amd64/jli/libjli.so
7f4d3eab7000-7f4d3ecb7000 ---p 0000d000 08:06 13768346                   /usr/lib/jvm/java-8-openjdk-amd64/jre/lib/amd64/jli/libjli.so
7f4d3ecb7000-7f4d3ecb8000 r--p 0000d000 08:06 13768346                   /usr/lib/jvm/java-8-openjdk-amd64/jre/lib/amd64/jli/libjli.so
7f4d3ecb8000-7f4d3ecb9000 rw-p 0000e000 08:06 13768346                   /usr/lib/jvm/java-8-openjdk-amd64/jre/lib/amd64/jli/libjli.so
7f4d3ecb9000-7f4d3ecd2000 r-xp 00000000 08:06 2755193                    /lib/x86_64-linux-gnu/libz.so.1.2.8
7f4d3ecd2000-7f4d3eed1000 ---p 00019000 08:06 2755193                    /lib/x86_64-linux-gnu/libz.so.1.2.8
7f4d3eed1000-7f4d3eed2000 r--p 00018000 08:06 2755193                    /lib/x86_64-linux-gnu/libz.so.1.2.8
7f4d3eed2000-7f4d3eed3000 rw-p 00019000 08:06 2755193                    /lib/x86_64-linux-gnu/libz.so.1.2.8
7f4d3eed3000-7f4d3eeeb000 r-xp 00000000 08:06 2755150                    /lib/x86_64-linux-gnu/libpthread-2.24.so
7f4d3eeeb000-7f4d3f0ea000 ---p 00018000 08:06 2755150                    /lib/x86_64-linux-gnu/libpthread-2.24.so
7f4d3f0ea000-7f4d3f0eb000 r--p 00017000 08:06 2755150                    /lib/x86_64-linux-gnu/libpthread-2.24.so
7f4d3f0eb000-7f4d3f0ec000 rw-p 00018000 08:06 2755150                    /lib/x86_64-linux-gnu/libpthread-2.24.so
7f4d3f0ec000-7f4d3f0f0000 rw-p 00000000 00:00 0 
7f4d3f0f0000-7f4d3f113000 r-xp 00000000 08:06 2754986                    /lib/x86_64-linux-gnu/ld-2.24.so
7f4d3f113000-7f4d3f115000 r--s 00007000 08:06 14821044                   /usr/share/java/java-atk-wrapper.jar
7f4d3f115000-7f4d3f116000 r--s 00010000 08:06 13774542                   /usr/lib/jvm/java-8-openjdk-amd64/jre/lib/ext/zipfs.jar
7f4d3f116000-7f4d3f118000 r--s 00007000 08:06 14821044                   /usr/share/java/java-atk-wrapper.jar
7f4d3f118000-7f4d3f11a000 r--s 00001000 08:06 13774534                   /usr/lib/jvm/java-8-openjdk-amd64/jre/lib/ext/dnsns.jar
7f4d3f11a000-7f4d3f11f000 r--s 0003b000 08:06 13774540                   /usr/lib/jvm/java-8-openjdk-amd64/jre/lib/ext/sunjce_provider.jar
7f4d3f11f000-7f4d3f1ef000 rw-p 00000000 00:00 0 
7f4d3f1ef000-7f4d3f1f2000 ---p 00000000 00:00 0 
7f4d3f1f2000-7f4d3f2f2000 rw-p 00000000 00:00 0 
7f4d3f2f2000-7f4d3f2f3000 r--s 0000a000 08:06 13774536                   /usr/lib/jvm/java-8-openjdk-amd64/jre/lib/ext/jaccess.jar
7f4d3f2f3000-7f4d3f2f7000 r--s 00037000 08:06 13774541                   /usr/lib/jvm/java-8-openjdk-amd64/jre/lib/ext/sunpkcs11.jar
7f4d3f2f7000-7f4d3f2fa000 r--s 0000f000 08:06 13774535                   /usr/lib/jvm/java-8-openjdk-amd64/jre/lib/ext/icedtea-sound.jar
7f4d3f2fa000-7f4d3f2fc000 r--s 00008000 08:06 13774539                   /usr/lib/jvm/java-8-openjdk-amd64/jre/lib/ext/sunec.jar
7f4d3f2fc000-7f4d3f306000 r--s 00116000 08:06 13774537                   /usr/lib/jvm/java-8-openjdk-amd64/jre/lib/ext/localedata.jar
7f4d3f306000-7f4d3f30e000 rw-s 00000000 08:06 8141363                    /tmp/hsperfdata_stefstef/8811 (deleted)
7f4d3f30e000-7f4d3f30f000 rw-p 00000000 00:00 0 
7f4d3f30f000-7f4d3f310000 ---p 00000000 00:00 0 
7f4d3f310000-7f4d3f313000 rw-p 00000000 00:00 0 
7f4d3f313000-7f4d3f314000 r--p 00023000 08:06 2754986                    /lib/x86_64-linux-gnu/ld-2.24.so
7f4d3f314000-7f4d3f315000 rw-p 00024000 08:06 2754986                    /lib/x86_64-linux-gnu/ld-2.24.so
7f4d3f315000-7f4d3f316000 rw-p 00000000 00:00 0 
7ffe0c898000-7ffe0c8ba000 rw-p 00000000 00:00 0                          [stack]
7ffe0c943000-7ffe0c945000 r--p 00000000 00:00 0                          [vvar]
7ffe0c945000-7ffe0c947000 r-xp 00000000 00:00 0                          [vdso]
ffffffffff600000-ffffffffff601000 r-xp 00000000 00:00 0                  [vsyscall]

VM Arguments:
jvm_args: -javaagent:/home/stefstef/Editors/idea-IU-172.3968.16/lib/idea_rt.jar=35795:/home/stefstef/Editors/idea-IU-172.3968.16/bin -Dfile.encoding=UTF-8 -Dawt.useSystemAAFontSettings=gasp 
java_command: com.noReasonException.Misc.Factories.ServiceFactory
java_class_path (initial): /usr/lib/jvm/java-1.8.0-openjdk-amd64/jre/lib/charsets.jar:/usr/lib/jvm/java-1.8.0-openjdk-amd64/jre/lib/ext/cldrdata.jar:/usr/lib/jvm/java-1.8.0-openjdk-amd64/jre/lib/ext/dnsns.jar:/usr/lib/jvm/java-1.8.0-openjdk-amd64/jre/lib/ext/icedtea-sound.jar:/usr/lib/jvm/java-1.8.0-openjdk-amd64/jre/lib/ext/jaccess.jar:/usr/lib/jvm/java-1.8.0-openjdk-amd64/jre/lib/ext/java-atk-wrapper.jar:/usr/lib/jvm/java-1.8.0-openjdk-amd64/jre/lib/ext/localedata.jar:/usr/lib/jvm/java-1.8.0-openjdk-amd64/jre/lib/ext/nashorn.jar:/usr/lib/jvm/java-1.8.0-openjdk-amd64/jre/lib/ext/sunec.jar:/usr/lib/jvm/java-1.8.0-openjdk-amd64/jre/lib/ext/sunjce_provider.jar:/usr/lib/jvm/java-1.8.0-openjdk-amd64/jre/lib/ext/sunpkcs11.jar:/usr/lib/jvm/java-1.8.0-openjdk-amd64/jre/lib/ext/zipfs.jar:/usr/lib/jvm/java-1.8.0-openjdk-amd64/jre/lib/jce.jar:/usr/lib/jvm/java-1.8.0-openjdk-amd64/jre/lib/jsse.jar:/usr/lib/jvm/java-1.8.0-openjdk-amd64/jre/lib/management-agent.jar:/usr/lib/jvm/java-1.8.0-openjdk-amd64/jre/lib/resources.jar:/usr/lib/jvm/java-1.8.0-openjdk-amd64/jre/lib/rt.jar:/home/stefstef/Desktop/googledrivesyncclientlinux/googleDriveSync/target/classes:/home/stefstef/.m2/repository/com/google/oauth-client/google-oauth-client-jetty/1.22.0/google-oauth-client-jetty-1.22.0.jar:/home/stefstef/.m2/repository/com/google/oauth-client/google-oauth-client-java6/1.22.0/google-oauth-client-java6-1.22.0.jar:/home/stefstef/.m2/repository/org/mortbay/jetty/jetty/6.1.26/jetty-6.1.26.jar:/home/stefstef/.m2/repository/org/mortbay/jetty/jetty-util/6.1.26/jetty-util-6.1.26.jar:/home/stefstef/.m2/repository/org/mortbay/jetty/servlet-api/2.5-20081211/servlet-api-2.5-20081211.jar:/home/stefstef/.m2/repository/com/google/api-client/google-api-client/1.22.0/google-api-client-1.22.0.jar:/home/stefstef/.m2/repository/com/google/oauth-client/google-oauth-client/1.22.0/google-oauth-client-1.22.0.jar:/home/stefstef/.m2/repository/com/google/http-client/google-http-client/1.22.0/google-http-client-1.22.
Launcher Type: SUN_STANDARD

Environment Variables:
_JAVA_OPTIONS=  -Dawt.useSystemAAFontSettings=gasp
PATH=/usr/local/bin:/usr/bin:/bin:/usr/local/games:/usr/games:/sbin:/usr/sbin
SHELL=/bin/bash
DISPLAY=:0

Signal Handlers:
SIGSEGV: [libjvm.so+0xa6f4f0], sa_mask[0]=11111111011111111101111111111110, sa_flags=SA_RESTART|SA_SIGINFO
SIGBUS: [libjvm.so+0xa6f4f0], sa_mask[0]=11111111011111111101111111111110, sa_flags=SA_RESTART|SA_SIGINFO
SIGFPE: [libjvm.so+0x8b95e0], sa_mask[0]=11111111011111111101111111111110, sa_flags=SA_RESTART|SA_SIGINFO
SIGPIPE: [libjvm.so+0x8b95e0], sa_mask[0]=11111111011111111101111111111110, sa_flags=SA_RESTART|SA_SIGINFO
SIGXFSZ: [libjvm.so+0x8b95e0], sa_mask[0]=11111111011111111101111111111110, sa_flags=SA_RESTART|SA_SIGINFO
SIGILL: [libjvm.so+0x8b95e0], sa_mask[0]=11111111011111111101111111111110, sa_flags=SA_RESTART|SA_SIGINFO
SIGUSR1: SIG_DFL, sa_mask[0]=00000000000000000000000000000000, sa_flags=none
SIGUSR2: [libjvm.so+0x8b9490], sa_mask[0]=00100000000000000000000000000000, sa_flags=SA_RESTART|SA_SIGINFO
SIGHUP: SIG_IGN, sa_mask[0]=00000000000000000000000000000000, sa_flags=none
SIGINT: [libjvm.so+0x8b9940], sa_mask[0]=11111111011111111101111111111110, sa_flags=SA_RESTART|SA_SIGINFO
SIGTERM: [libjvm.so+0x8b9940], sa_mask[0]=11111111011111111101111111111110, sa_flags=SA_RESTART|SA_SIGINFO
SIGQUIT: [libjvm.so+0x8b9940], sa_mask[0]=11111111011111111101111111111110, sa_flags=SA_RESTART|SA_SIGINFO


---------------  S Y S T E M  ---------------

OS:DISTRIB_ID=Deepin
DISTRIB_RELEASE=15.4.1
DISTRIB_DESCRIPTION="Deepin 15.4.1 "
DISTRIB_CODENAME=unstable

uname:Linux 4.9.0-deepin9-amd64 #1 SMP PREEMPT Deepin 4.9.29-4 (2017-07-17) x86_64
libc:glibc 2.24 NPTL 2.24 
rlimit: STACK 8192k, CORE 0k, NPROC 31240, NOFILE 1048576, AS infinity
load average:1,18 1,50 1,34

/proc/meminfo:
MemTotal:        8044812 kB
MemFree:          578140 kB
MemAvailable:    2289564 kB
Buffers:          133520 kB
Cached:          2393624 kB
SwapCached:            8 kB
Active:          5876776 kB
Inactive:        1159908 kB
Active(anon):    4499680 kB
Inactive(anon):   729264 kB
Active(file):    1377096 kB
Inactive(file):   430644 kB
Unevictable:          88 kB
Mlocked:              88 kB
SwapTotal:       8190972 kB
SwapFree:        8190952 kB
Dirty:              2628 kB
Writeback:             0 kB
AnonPages:       4509576 kB
Mapped:           782816 kB
Shmem:            719404 kB
Slab:             266328 kB
SReclaimable:     212668 kB
SUnreclaim:        53660 kB
KernelStack:       14128 kB
PageTables:        56572 kB
NFS_Unstable:          0 kB
Bounce:                0 kB
WritebackTmp:          0 kB
CommitLimit:    12213376 kB
Committed_AS:   11330780 kB
VmallocTotal:   34359738367 kB
VmallocUsed:           0 kB
VmallocChunk:          0 kB
HardwareCorrupted:     0 kB
AnonHugePages:         0 kB
ShmemHugePages:        0 kB
ShmemPmdMapped:        0 kB
HugePages_Total:       0
HugePages_Free:        0
HugePages_Rsvd:        0
HugePages_Surp:        0
Hugepagesize:       2048 kB
DirectMap4k:      199284 kB
DirectMap2M:     7006208 kB
DirectMap1G:     1048576 kB


CPU:total 4 (initial active 4) (2 cores per cpu, 2 threads per core) family 6 model 142 stepping 9, cmov, cx8, fxsr, mmx, sse, sse2, sse3, ssse3, sse4.1, sse4.2, popcnt, avx, avx2, aes, clmul, erms, 3dnowpref, lzcnt, ht, tsc, tscinvbit, bmi1, bmi2, adx

/proc/cpuinfo:
processor	: 0
vendor_id	: GenuineIntel
cpu family	: 6
model		: 142
model name	: Intel(R) Core(TM) i7-7500U CPU @ 2.70GHz
stepping	: 9
microcode	: 0x38
cpu MHz		: 700.000
cache size	: 4096 KB
physical id	: 0
siblings	: 4
core id		: 0
cpu cores	: 2
apicid		: 0
initial apicid	: 0
fpu		: yes
fpu_exception	: yes
cpuid level	: 22
wp		: yes
flags		: fpu vme de pse tsc msr pae mce cx8 apic sep mtrr pge mca cmov pat pse36 clflush dts acpi mmx fxsr sse sse2 ss ht tm pbe syscall nx pdpe1gb rdtscp lm constant_tsc art arch_perfmon pebs bts rep_good nopl xtopology nonstop_tsc aperfmperf eagerfpu pni pclmulqdq dtes64 monitor ds_cpl vmx est tm2 ssse3 sdbg fma cx16 xtpr pdcm pcid sse4_1 sse4_2 x2apic movbe popcnt tsc_deadline_timer aes xsave avx f16c rdrand lahf_lm abm 3dnowprefetch epb intel_pt tpr_shadow vnmi flexpriority ept vpid fsgsbase tsc_adjust bmi1 avx2 smep bmi2 erms invpcid mpx rdseed adx smap clflushopt xsaveopt xsavec xgetbv1 xsaves dtherm ida arat pln pts hwp hwp_notify hwp_act_window hwp_epp
bugs		:
bogomips	: 5808.00
clflush size	: 64
cache_alignment	: 64
address sizes	: 39 bits physical, 48 bits virtual
power management:

processor	: 1
vendor_id	: GenuineIntel
cpu family	: 6
model		: 142
model name	: Intel(R) Core(TM) i7-7500U CPU @ 2.70GHz
stepping	: 9
microcode	: 0x38
cpu MHz		: 600.000
cache size	: 4096 KB
physical id	: 0
siblings	: 4
core id		: 1
cpu cores	: 2
apicid		: 2
initial apicid	: 2
fpu		: yes
fpu_exception	: yes
cpuid level	: 22
wp		: yes
flags		: fpu vme de pse tsc msr pae mce cx8 apic sep mtrr pge mca cmov pat pse36 clflush dts acpi mmx fxsr sse sse2 ss ht tm pbe syscall nx pdpe1gb rdtscp lm constant_tsc art arch_perfmon pebs bts rep_good nopl xtopology nonstop_tsc aperfmperf eagerfpu pni pclmulqdq dtes64 monitor ds_cpl vmx est tm2 ssse3 sdbg fma cx16 xtpr pdcm pcid sse4_1 sse4_2 x2apic movbe popcnt tsc_deadline_timer aes xsave avx f16c rdrand lahf_lm abm 3dnowprefetch epb intel_pt tpr_shadow vnmi flexpriority ept vpid fsgsbase tsc_adjust bmi1 avx2 smep bmi2 erms invpcid mpx rdseed adx smap clflushopt xsaveopt xsavec xgetbv1 xsaves dtherm ida arat pln pts hwp hwp_notify hwp_act_window hwp_epp
bugs		:
bogomips	: 5808.00
clflush size	: 64
cache_alignment	: 64
address sizes	: 39 bits physical, 48 bits virtual
power management:

processor	: 2
vendor_id	: GenuineIntel
cpu family	: 6
model		: 142
model name	: Intel(R) Core(TM) i7-7500U CPU @ 2.70GHz
stepping	: 9
microcode	: 0x38
cpu MHz		: 600.000
cache size	: 4096 KB
physical id	: 0
siblings	: 4
core id		: 0
cpu cores	: 2
apicid		: 1
initial apicid	: 1
fpu		: yes
fpu_exception	: yes
cpuid level	: 22
wp		: yes
flags		: fpu vme de pse tsc msr pae mce cx8 apic sep mtrr pge mca cmov pat pse36 clflush dts acpi mmx fxsr sse sse2 ss ht tm pbe syscall nx pdpe1gb rdtscp lm constant_tsc art arch_perfmon pebs bts rep_good nopl xtopology nonstop_tsc aperfmperf eagerfpu pni pclmulqdq dtes64 monitor ds_cpl vmx est tm2 ssse3 sdbg fma cx16 xtpr pdcm pcid sse4_1 sse4_2 x2apic movbe popcnt tsc_deadline_timer aes xsave avx f16c rdrand lahf_lm abm 3dnowprefetch epb intel_pt tpr_shadow vnmi flexpriority ept vpid fsgsbase tsc_adjust bmi1 avx2 smep bmi2 erms invpcid mpx rdseed adx smap clflushopt xsaveopt xsavec xgetbv1 xsaves dtherm ida arat pln pts hwp hwp_notify hwp_act_window hwp_epp
bugs		:
bogomips	: 5808.00
clflush size	: 64
cache_alignment	: 64
address sizes	: 39 bits physical, 48 bits virtual
power management:

processor	: 3
vendor_id	: GenuineIntel
cpu family	: 6
model		: 142
model name	: Intel(R) Core(TM) i7-7500U CPU @ 2.70GHz
stepping	: 9
microcode	: 0x38
cpu MHz		: 1300.000
cache size	: 4096 KB
physical id	: 0
siblings	: 4
core id		: 1
cpu cores	: 2
apicid		: 3
initial apicid	: 3
fpu		: yes
fpu_exception	: yes
cpuid level	: 22
wp		: yes
flags		: fpu vme de pse tsc msr pae mce cx8 apic sep mtrr pge mca cmov pat pse36 clflush dts acpi mmx fxsr sse sse2 ss ht tm pbe syscall nx pdpe1gb rdtscp lm constant_tsc art arch_perfmon pebs bts rep_good nopl xtopology nonstop_tsc aperfmperf eagerfpu pni pclmulqdq dtes64 monitor ds_cpl vmx est tm2 ssse3 sdbg fma cx16 xtpr pdcm pcid sse4_1 sse4_2 x2apic movbe popcnt tsc_deadline_timer aes xsave avx f16c rdrand lahf_lm abm 3dnowprefetch epb intel_pt tpr_shadow vnmi flexpriority ept vpid fsgsbase tsc_adjust bmi1 avx2 smep bmi2 erms invpcid mpx rdseed adx smap clflushopt xsaveopt xsavec xgetbv1 xsaves dtherm ida arat pln pts hwp hwp_notify hwp_act_window hwp_epp
bugs		:
bogomips	: 5808.00
clflush size	: 64
cache_alignment	: 64
address sizes	: 39 bits physical, 48 bits virtual
power management:



Memory: 4k page, physical 8044812k(578140k free), swap 8190972k(8190952k free)

vm_info: OpenJDK 64-Bit Server VM (25.141-b15) for linux-amd64 JRE (1.8.0_141-8u141-b15-3-b15), built on Jul 25 2017 15:03:27 by "buildd" with gcc 6.4.0 20170704

time: Wed Oct 25 23:39:13 2017
elapsed time: 74 seconds (0d 0h 1m 14s)

