#
# A fatal error has been detected by the Java Runtime Environment:
#
#  SIGBUS (0x7) at pc=0x00007fb977aa1486, pid=7772, tid=0x00007fb978808700
#
# JRE version: OpenJDK Runtime Environment (8.0_141-b15) (build 1.8.0_141-8u141-b15-3-b15)
# Java VM: OpenJDK 64-Bit Server VM (25.141-b15 mixed mode linux-amd64 compressed oops)
# Problematic frame:
# C  [libc.so.6+0x80486]  strlen+0x26
#
# Failed to write core dump. Core dumps have been disabled. To enable core dumping, try "ulimit -c unlimited" before starting Java again
#
# If you would like to submit a bug report, please visit:
#   http://bugreport.java.com/bugreport/crash.jsp
#

---------------  T H R E A D  ---------------

Current thread (0x00007fb97000c800):  JavaThread "main" [_thread_in_vm, id=7774, stack(0x00007fb978708000,0x00007fb978809000)]

siginfo: si_signo: 7 (SIGBUS), si_code: 2 (BUS_ADRERR), si_addr: 0x00007fb94a1f2c78

Registers:
RAX=0x00007fb94a1f2c78, RBX=0x00007fb978807510, RCX=0x0000000000000c78, RDX=0x0000000000000000
RSP=0x00007fb978806f98, RBP=0x00007fb978807500, RSI=0x00007fb978807090, RDI=0x00007fb94a1f2c78
R8 =0x00007fb94a1f2c78, R9 =0x0000000000000024, R10=0x0000000000000073, R11=0x00007fb9788074c8
R12=0x00007fb977595de8, R13=0x00007fb9788076b0, R14=0x0000000000000000, R15=0xffffffffffffffff
RIP=0x00007fb977aa1486, EFLAGS=0x0000000000010297, CSGSFS=0x002b000000000033, ERR=0x0000000000000004
  TRAPNO=0x000000000000000e

Top of Stack: (sp=0x00007fb978806f98)
0x00007fb978806f98:   00007fb977a69da3 00007fb900000000
0x00007fb978806fa8:   000000d4ffffffff 00007fb9788074c8
0x00007fb978806fb8:   00000000000002df 00007fb978807068
0x00007fb978806fc8:   00007fb90000000a 00007fb978807090
0x00007fb978806fd8:   0000000000000064 0000000000000000
0x00007fb978806fe8:   00007fb900000000 0000000000000000
0x00007fb978806ff8:   ffffffffffffffff 00007fb900000000
0x00007fb978807008:   00007fb900000024 00007fb94a1f2c78
0x00007fb978807018:   2126ffb600000020 0000000000000000
0x00007fb978807028:   0000000000000000 00007fb9788070e0
0x00007fb978807038:   0000000000000000 0000000000000d68
0x00007fb978807048:   0000000000000000 00007fb977595df3
0x00007fb978807058:   0000000000000002 00007fb978807760
0x00007fb978807068:   00007fb977595df8 0000000000000004
0x00007fb978807078:   000000010003d820 00007fb9788070a0
0x00007fb978807088:   00007fb970009bb8 00007fb96062a228
0x00007fb978807098:   00007fb9788070c0 00007fb978807150
0x00007fb9788070a8:   0000003000000010 00007fb9788077b0
0x00007fb9788070b8:   00007fb9788076d0 00007fb96082ce48
0x00007fb9788070c8:   00007fb978807110 00007fb9788070f0
0x00007fb9788070d8:   00007fb977327a0b 0000000000000004
0x00007fb9788070e8:   00007fb978807110 00007fb9788071a0
0x00007fb9788070f8:   00007fb97753c2ca 00007fb978807140
0x00007fb978807108:   0000000078807540 00007fb970009b60
0x00007fb978807118:   00007fb978807160 00007fb9770f99df
0x00007fb978807128:   00007fb900000002 0000000000000004
0x00007fb978807138:   000000010003d820 00007fb97868a4e0
0x00007fb978807148:   00007fb9786887a0 00007fb96062a228
0x00007fb978807158:   00007fb97000c800 00007fb978807190
0x00007fb978807168:   2126ffb654778400 00007fb96062a328
0x00007fb978807178:   00007fb97000c800 00007fb97000c800
0x00007fb978807188:   00007fb9788071e0 00007fb978807230 

Instructions: (pc=0x00007fb977aa1486)
0x00007fb977aa1466:   ef c9 66 0f ef d2 66 0f ef db 48 89 f8 48 89 f9
0x00007fb977aa1476:   48 81 e1 ff 0f 00 00 48 81 f9 cf 0f 00 00 77 6a
0x00007fb977aa1486:   f3 0f 6f 20 66 0f 74 e0 66 0f d7 d4 85 d2 74 04
0x00007fb977aa1496:   0f bc c2 c3 48 83 e0 f0 66 0f 74 48 10 66 0f 74 

Register to memory mapping:

RAX=