#
# A fatal error has been detected by the Java Runtime Environment:
#
#  SIGSEGV (0xb) at pc=0x00007f59f63ede72, pid=13189, tid=0x00007f59f59a0700
#
# JRE version: OpenJDK Runtime Environment (8.0_141-b15) (build 1.8.0_141-8u141-b15-3-b15)
# Java VM: OpenJDK 64-Bit Server VM (25.141-b15 mixed mode linux-amd64 compressed oops)
# Problematic frame:
# 
[error occurred during error reporting (printing problematic frame), id 0xb]

# Failed to write core dump. Core dumps have been disabled. To enable core dumping, try "ulimit -c unlimited" before starting Java again
#
# If you would like to submit a bug report, please visit:
#   http://bugreport.java.com/bugreport/crash.jsp
# The crash happened outside the Java Virtual Machine in native code.
# See problematic frame for where to report the bug.
#

---------------  T H R E A D  ---------------

Current thread (0x00007f5a144c7800):  JavaThread "inotifyRequestSubmitterThread" [_thread_in_native, id=13238, stack(0x00007f59f58a0000,0x00007f59f59a1000)]

siginfo: si_signo: 11 (SIGSEGV), si_code: 1 (SEGV_MAPERR), si_addr: 0x0000000000000000

Registers:
RAX=0x0000000000000000, RBX=0x00007f5a04f512c0, RCX=0x00007f5a1c6ac20d, RDX=0x0000000000000010
RSP=0x00007f59f599f840, RBP=0x00007f59f599f8c0, RSI=0x00007f5a1445fe40, RDI=0x0000000000000000
R8 =0x00007f59f59a0700, R9 =0x00007f5a04f50cae, R10=0x00007f5a05017748, R11=0x0000000000000000
R12=0x0000000000000000, R13=0x00007f5a04f512c0, R14=0x00007f59f599f958, R15=0x00007f5a144c7800
RIP=0x00007f59f63ede72, EFLAGS=0x0000000000010246, CSGSFS=0x002b000000000033, ERR=0x0000000000000004
  TRAPNO=0x000000000000000e

Top of Stack: (sp=0x00007f59f599f840)
0x00007f59f599f840:   00007f59f599f860 2ac701171efc4900
0x00007f59f599f850:   00007f5a1449fad8 00007f5a04f50768
0x00007f59f599f860:   00007f5a0501ae90 00007f59f599fb30
0x00007f59f599f870:   00007f59f599f930 00007f5a1b3e255e
0x00007f59f599f880:   0000000000000000 2ac701171efc4900
0x00007f59f599f890:   00007f5a04f50768 00007f5a05011a20
0x00007f59f599f8a0:   0000000000000010 00007f5a04f50cae
0x00007f59f599f8b0:   00007f5a04f512c0 0000000000000000
0x00007f59f599f8c0:   00007f59f599f8e0 00007f59f63ed74d
0x00007f59f599f8d0:   00007f59f599f958 00007f5a144c79e0
0x00007f59f599f8e0:   00007f59f599f938 00007f5a05017774
0x00007f59f599f8f0:   00007f59f599f920 00007f59f599f8f8
0x00007f59f599f900:   0000000000000000 00007f59f599f958
0x00007f59f599f910:   00007f5a04f51768 0000000000000000
0x00007f59f599f920:   00007f5a04f512c0 0000000000000000
0x00007f59f599f930:   00007f59f599f958 00007f59f599f9a0
0x00007f59f599f940:   00007f5a05007a40 0000000000000000
0x00007f59f599f950:   00007f5a05011276 0000000085addbd8
0x00007f59f599f960:   00007f59f599f960 00007f5a04f50b39
0x00007f59f599f970:   00007f59f599f9b0 00007f5a04f51988
0x00007f59f599f980:   0000000000000000 00007f5a04f50b58
0x00007f59f599f990:   00007f59f599f958 00007f59f599f9b0
0x00007f59f599f9a0:   00007f59f599f9f8 00007f5a05007815
0x00007f59f599f9b0:   0000000085addbd8 00007f59f599f9b8
0x00007f59f599f9c0:   00007f5a04f5045c 00007f59f599fa10
0x00007f59f599f9d0:   00007f5a04f505d0 0000000000000000
0x00007f59f599f9e0:   00007f5a04f504b0 00007f59f599f9b0
0x00007f59f599f9f0:   00007f59f599fa10 00007f59f599fa58
0x00007f59f599fa00:   00007f5a05008042 0000000000000000
0x00007f59f599fa10:   0000000085addbc0 00007f59f599fa18
0x00007f59f599fa20:   00007f5a0482d99b 00007f59f599fa68
0x00007f59f599fa30:   00007f5a048b50b8 0000000000000000 

Instructions: (pc=0x00007f59f63ede72)
0x00007f59f63ede52:   c0 74 0c 48 8d 3d 7c 6f 00 00 e8 0f ef ff ff b8
0x00007f59f63ede62:   ff ff ff ff e9 f3 01 00 00 48 8b 05 4e c1 20 00
0x00007f59f63ede72:   8b 00 85 c0 74 0c 48 8d 3d 92 6f 00 00 e8 ec ee
0x00007f59f63ede82:   ff ff 48 8b 05 45 c1 20 00 48 8b 00 48 89 45 e8 

Register to memory mapping:

RAX=0x0000000000000000 is an unknown value
RBX={method} {0x00007f5a04f512c0} 'waitForFileEvent' '()I' in 'com/noReasonException/EventGeneratable/EventGenerators/InotifyWrapper/InotifyWrapper'
RCX=0x00007f5a1c6ac20d: read+0x2d in /lib/x86_64-linux-gnu/libpthread.so.0 at 0x00007f5a1c69c000
RDX=0x0000000000000010 is an unknown value
RSP=0x00007f59f599f840 is pointing into the stack for thread: 0x00007f5a144c7800
RBP=0x00007f59f599f8c0 is pointing into the stack for thread: 0x00007f5a144c7800
RSI=0x00007f5a1445fe40 is an unknown value
RDI=0x0000000000000000 is an unknown value
R8 =0x00007f59f59a0700 is pointing into the stack for thread: 0x00007f5a144c7800
R9 =0x00007f5a04f50cae is pointing into metadata
R10=0x00007f5a05017748 is at code_begin+808 in an Interpreter codelet
method entry point (kind = native)  [0x00007f5a05017420, 0x00007f5a05017d20]  2304 bytes
R11=0x0000000000000000 is an unknown value
R12=0x0000000000000000 is an unknown value
R13={method} {0x00007f5a04f512c0} 'waitForFileEvent' '()I' in 'com/noReasonException/EventGeneratable/EventGenerators/InotifyWrapper/InotifyWrapper'
R14=0x00007f59f599f958 is pointing into the stack for thread: 0x00007f5a144c7800
R15=0x00007f5a144c7800 is a thread


Stack: [0x00007f59f58a0000,0x00007f59f59a1000],  sp=0x00007f59f599f840,  free space=1022k
Native frames: (J=compiled Java code, j=interpreted, Vv=VM code, C=native code)

[error occurred during error reporting (printing native stack), id 0xb]

Java frames: (J=compiled Java code, j=interpreted, Vv=VM code)
j  com.noReasonException.EventGeneratable.EventGenerators.InotifyWrapper.InotifyWrapper.waitForFileEvent()I+0
j  com.noReasonException.EventGeneratable.EventGenerators.InotifyWrapperEventGenerator.waitForEvent()Z+1
j  com.noReasonException.EventGeneratable.EventGenerators.RequestSubmitter.RequestSubmitter.run()V+4
j  java.lang.Thread.run()V+11
v  ~StubRoutines::call_stub

---------------  P R O C E S S  ---------------

Java Threads: ( => current thread )
  0x00007f5a1400c800 JavaThread "DestroyJavaVM" [_thread_blocked, id=13191, stack(0x00007f5a1c9b8000,0x00007f5a1cab9000)]
  0x00007f5a144c8000 JavaThread "googleRequestSubmitterThread" [_thread_in_native, id=13239, stack(0x00007f59f579f000,0x00007f59f58a0000)]
=>0x00007f5a144c7800 JavaThread "inotifyRequestSubmitterThread" [_thread_in_native, id=13238, stack(0x00007f59f58a0000,0x00007f59f59a1000)]
  0x00007f5a1432e800 JavaThread "Service Thread" daemon [_thread_blocked, id=13220, stack(0x00007f59f6d54000,0x00007f59f6e55000)]
  0x00007f5a14319800 JavaThread "C1 CompilerThread2" daemon [_thread_blocked, id=13219, stack(0x00007f59f6e55000,0x00007f59f6f56000)]
  0x00007f5a14315000 JavaThread "C2 CompilerThread1" daemon [_thread_blocked, id=13218, stack(0x00007f59f6f56000,0x00007f59f7057000)]
  0x00007f5a14313000 JavaThread "C2 CompilerThread0" daemon [_thread_blocked, id=13217, stack(0x00007f59f7057000,0x00007f59f7158000)]
  0x00007f5a14311800 JavaThread "Monitor Ctrl-Break" daemon [_thread_in_native, id=13216, stack(0x00007f59f7158000,0x00007f59f7259000)]
  0x00007f5a14174800 JavaThread "Signal Dispatcher" daemon [_thread_blocked, id=13207, stack(0x00007f59f7259000,0x00007f59f735a000)]
  0x00007f5a1414d000 JavaThread "Finalizer" daemon [_thread_blocked, id=13206, stack(0x00007f59f74f5000,0x00007f59f75f6000)]
  0x00007f5a14148800 JavaThread "Reference Handler" daemon [_thread_blocked, id=13203, stack(0x00007f59f75f6000,0x00007f59f76f7000)]

Other Threads:
  0x00007f5a14141000 VMThread [stack: 0x00007f59f76f7000,0x00007f59f77f8000] [id=13201]
  0x00007f5a14331000 WatcherThread [stack: 0x00007f59f6a3b000,0x00007f59f6b3c000] [id=13221]

VM state:not at safepoint (normal execution)

VM Mutex/Monitor currently owned by a thread: None

Heap:
 PSYoungGen      total 31232K, used 7847K [0x00000000d7100000, 0x00000000d9700000, 0x0000000100000000)
  eden space 23552K, 24% used [0x00000000d7100000,0x00000000d769cec8,0x00000000d8800000)
  from space 7680K, 27% used [0x00000000d8800000,0x00000000d8a0cfe0,0x00000000d8f80000)
  to   space 7680K, 0% used [0x00000000d8f80000,0x00000000d8f80000,0x00000000d9700000)
 ParOldGen       total 84992K, used 13437K [0x0000000085200000, 0x000000008a500000, 0x00000000d7100000)
  object space 84992K, 15% used [0x0000000085200000,0x0000000085f1f418,0x000000008a500000)
 Metaspace       used 12516K, capacity 12804K, committed 12928K, reserved 1060864K
  class space    used 1260K, capacity 1344K, committed 1408K, reserved 1048576K

Card table byte_map: [0x00007f5a18abd000,0x00007f5a18e95000] byte_map_base: 0x00007f5a18694000

Marking Bits: (ParMarkBitMap*) 0x00007f5a1bcb42c0
 Begin Bits: [0x00007f59fc290000, 0x00007f59fe148000)
 End Bits:   [0x00007f59fe148000, 0x00007f5a00000000)

Polling page: 0x00007f5a1cad8000

CodeCache: size=245760Kb used=9092Kb max_used=9108Kb free=236667Kb
 bounds [0x00007f5a05000000, 0x00007f5a05900000, 0x00007f5a14000000]
 total_blobs=2828 nmethods=2453 adapters=289
 compilation: enabled

Compilation events (10 events):
Event: 415,280 Thread 0x00007f5a14315000 2747       4       com.google.api.client.util.Data::parsePrimitiveValue (337 bytes)
Event: 415,296 Thread 0x00007f5a14315000 nmethod 2747 0x00007f5a058e6d10 code [0x00007f5a058e6fe0, 0x00007f5a058e7b28]
Event: 416,099 Thread 0x00007f5a14313000 2748       4       com.google.api.client.http.javanet.NetHttpResponse$SizeValidatingInputStream::read (40 bytes)
Event: 416,100 Thread 0x00007f5a14313000 nmethod 2748 0x00007f5a058c2c90 code [0x00007f5a058c2de0, 0x00007f5a058c2ec8]
Event: 417,228 Thread 0x00007f5a14315000 2749       4       com.fasterxml.jackson.core.json.UTF8StreamJsonParser::getText (43 bytes)
Event: 417,265 Thread 0x00007f5a14313000 2750       4       sun.security.ssl.HandshakeOutStream::write (54 bytes)
Event: 417,269 Thread 0x00007f5a14319800 2751       3       sun.security.ssl.HelloExtensions::send (57 bytes)
Event: 417,269 Thread 0x00007f5a14319800 nmethod 2751 0x00007f5a058c0cd0 code [0x00007f5a058c0ea0, 0x00007f5a058c15d8]
Event: 417,298 Thread 0x00007f5a14313000 nmethod 2750 0x00007f5a058dc6d0 code [0x00007f5a058dc840, 0x00007f5a058dd1d8]
Event: 417,308 Thread 0x00007f5a14315000 nmethod 2749 0x00007f5a058f2f50 code [0x00007f5a058f3220, 0x00007f5a058f45a8]

GC Heap History (10 events):
Event: 361,360 GC heap before
{Heap before GC invocations=19 (full 0):
 PSYoungGen      total 32768K, used 27325K [0x00000000d7100000, 0x00000000d9a00000, 0x0000000100000000)
  eden space 24576K, 100% used [0x00000000d7100000,0x00000000d8900000,0x00000000d8900000)
  from space 8192K, 33% used [0x00000000d9200000,0x00000000d94af7e0,0x00000000d9a00000)
  to   space 8704K, 0% used [0x00000000d8900000,0x00000000d8900000,0x00000000d9180000)
 ParOldGen       total 84992K, used 12955K [0x0000000085200000, 0x000000008a500000, 0x00000000d7100000)
  object space 84992K, 15% used [0x0000000085200000,0x0000000085ea6d38,0x000000008a500000)
 Metaspace       used 12504K, capacity 12734K, committed 12928K, reserved 1060864K
  class space    used 1259K, capacity 1343K, committed 1408K, reserved 1048576K
Event: 361,365 GC heap after
Heap after GC invocations=19 (full 0):
 PSYoungGen      total 26624K, used 2103K [0x00000000d7100000, 0x00000000d9980000, 0x0000000100000000)
  eden space 24064K, 0% used [0x00000000d7100000,0x00000000d7100000,0x00000000d8880000)
  from space 2560K, 82% used [0x00000000d8900000,0x00000000d8b0df60,0x00000000d8b80000)
  to   space 8704K, 0% used [0x00000000d9100000,0x00000000d9100000,0x00000000d9980000)
 ParOldGen       total 84992K, used 13092K [0x0000000085200000, 0x000000008a500000, 0x00000000d7100000)
  object space 84992K, 15% used [0x0000000085200000,0x0000000085ec91f8,0x000000008a500000)
 Metaspace       used 12504K, capacity 12734K, committed 12928K, reserved 1060864K
  class space    used 1259K, capacity 1343K, committed 1408K, reserved 1048576K
}
Event: 378,879 GC heap before
{Heap before GC invocations=20 (full 0):
 PSYoungGen      total 26624K, used 26167K [0x00000000d7100000, 0x00000000d9980000, 0x0000000100000000)
  eden space 24064K, 100% used [0x00000000d7100000,0x00000000d8880000,0x00000000d8880000)
  from space 2560K, 82% used [0x00000000d8900000,0x00000000d8b0df60,0x00000000d8b80000)
  to   space 8704K, 0% used [0x00000000d9100000,0x00000000d9100000,0x00000000d9980000)
 ParOldGen       total 84992K, used 13092K [0x0000000085200000, 0x000000008a500000, 0x00000000d7100000)
  object space 84992K, 15% used [0x0000000085200000,0x0000000085ec91f8,0x000000008a500000)
 Metaspace       used 12505K, capacity 12734K, committed 12928K, reserved 1060864K
  class space    used 1259K, capacity 1343K, committed 1408K, reserved 1048576K
Event: 378,884 GC heap after
Heap after GC invocations=20 (full 0):
 PSYoungGen      total 30720K, used 2765K [0x00000000d7100000, 0x00000000d9800000, 0x0000000100000000)
  eden space 23552K, 0% used [0x00000000d7100000,0x00000000d7100000,0x00000000d8800000)
  from space 7168K, 38% used [0x00000000d9100000,0x00000000d93b3590,0x00000000d9800000)
  to   space 8192K, 0% used [0x00000000d8800000,0x00000000d8800000,0x00000000d9000000)
 ParOldGen       total 84992K, used 13153K [0x0000000085200000, 0x000000008a500000, 0x00000000d7100000)
  object space 84992K, 15% used [0x0000000085200000,0x0000000085ed8668,0x000000008a500000)
 Metaspace       used 12505K, capacity 12734K, committed 12928K, reserved 1060864K
  class space    used 1259K, capacity 1343K, committed 1408K, reserved 1048576K
}
Event: 391,372 GC heap before
{Heap before GC invocations=21 (full 0):
 PSYoungGen      total 30720K, used 26317K [0x00000000d7100000, 0x00000000d9800000, 0x0000000100000000)
  eden space 23552K, 100% used [0x00000000d7100000,0x00000000d8800000,0x00000000d8800000)
  from space 7168K, 38% used [0x00000000d9100000,0x00000000d93b3590,0x00000000d9800000)
  to   space 8192K, 0% used [0x00000000d8800000,0x00000000d8800000,0x00000000d9000000)
 ParOldGen       total 84992K, used 13153K [0x0000000085200000, 0x000000008a500000, 0x00000000d7100000)
  object space 84992K, 15% used [0x0000000085200000,0x0000000085ed8668,0x000000008a500000)
 Metaspace       used 12505K, capacity 12734K, committed 12928K, reserved 1060864K
  class space    used 1259K, capacity 1343K, committed 1408K, reserved 1048576K
Event: 391,376 GC heap after
Heap after GC invocations=21 (full 0):
 PSYoungGen      total 31744K, used 2085K [0x00000000d7100000, 0x00000000d9800000, 0x0000000100000000)
  eden space 23552K, 0% used [0x00000000d7100000,0x00000000d7100000,0x00000000d8800000)
  from space 8192K, 25% used [0x00000000d8800000,0x00000000d8a09690,0x00000000d9000000)
  to   space 8192K, 0% used [0x00000000d9000000,0x00000000d9000000,0x00000000d9800000)
 ParOldGen       total 84992K, used 13258K [0x0000000085200000, 0x000000008a500000, 0x00000000d7100000)
  object space 84992K, 15% used [0x0000000085200000,0x0000000085ef2af8,0x000000008a500000)
 Metaspace       used 12505K, capacity 12734K, committed 12928K, reserved 1060864K
  class space    used 1259K, capacity 1343K, committed 1408K, reserved 1048576K
}
Event: 402,105 GC heap before
{Heap before GC invocations=22 (full 0):
 PSYoungGen      total 31744K, used 25637K [0x00000000d7100000, 0x00000000d9800000, 0x0000000100000000)
  eden space 23552K, 100% used [0x00000000d7100000,0x00000000d8800000,0x00000000d8800000)
  from space 8192K, 25% used [0x00000000d8800000,0x00000000d8a09690,0x00000000d9000000)
  to   space 8192K, 0% used [0x00000000d9000000,0x00000000d9000000,0x00000000d9800000)
 ParOldGen       total 84992K, used 13258K [0x0000000085200000, 0x000000008a500000, 0x00000000d7100000)
  object space 84992K, 15% used [0x0000000085200000,0x0000000085ef2af8,0x000000008a500000)
 Metaspace       used 12509K, capacity 12734K, committed 12928K, reserved 1060864K
  class space    used 1259K, capacity 1343K, committed 1408K, reserved 1048576K
Event: 402,107 GC heap after
Heap after GC invocations=22 (full 0):
 PSYoungGen      total 30720K, used 2085K [0x00000000d7100000, 0x00000000d9700000, 0x0000000100000000)
  eden space 23552K, 0% used [0x00000000d7100000,0x00000000d7100000,0x00000000d8800000)
  from space 7168K, 29% used [0x00000000d9000000,0x00000000d9209690,0x00000000d9700000)
  to   space 7680K, 0% used [0x00000000d8800000,0x00000000d8800000,0x00000000d8f80000)
 ParOldGen       total 84992K, used 13347K [0x0000000085200000, 0x000000008a500000, 0x00000000d7100000)
  object space 84992K, 15% used [0x0000000085200000,0x0000000085f08f88,0x000000008a500000)
 Metaspace       used 12509K, capacity 12734K, committed 12928K, reserved 1060864K
  class space    used 1259K, capacity 1343K, committed 1408K, reserved 1048576K
}
Event: 415,315 GC heap before
{Heap before GC invocations=23 (full 0):
 PSYoungGen      total 30720K, used 25637K [0x00000000d7100000, 0x00000000d9700000, 0x0000000100000000)
  eden space 23552K, 100% used [0x00000000d7100000,0x00000000d8800000,0x00000000d8800000)
  from space 7168K, 29% used [0x00000000d9000000,0x00000000d9209690,0x00000000d9700000)
  to   space 7680K, 0% used [0x00000000d8800000,0x00000000d8800000,0x00000000d8f80000)
 ParOldGen       total 84992K, used 13347K [0x0000000085200000, 0x000000008a500000, 0x00000000d7100000)
  object space 84992K, 15% used [0x0000000085200000,0x0000000085f08f88,0x000000008a500000)
 Metaspace       used 12516K, capacity 12804K, committed 12928K, reserved 1060864K
  class space    used 1260K, capacity 1344K, committed 1408K, reserved 1048576K
Event: 415,319 GC heap after
Heap after GC invocations=23 (full 0):
 PSYoungGen      total 31232K, used 2099K [0x00000000d7100000, 0x00000000d9700000, 0x0000000100000000)
  eden space 23552K, 0% used [0x00000000d7100000,0x00000000d7100000,0x00000000d8800000)
  from space 7680K, 27% used [0x00000000d8800000,0x00000000d8a0cfe0,0x00000000d8f80000)
  to   space 7680K, 0% used [0x00000000d8f80000,0x00000000d8f80000,0x00000000d9700000)
 ParOldGen       total 84992K, used 13437K [0x0000000085200000, 0x000000008a500000, 0x00000000d7100000)
  object space 84992K, 15% used [0x0000000085200000,0x0000000085f1f418,0x000000008a500000)
 Metaspace       used 12516K, capacity 12804K, committed 12928K, reserved 1060864K
  class space    used 1260K, capacity 1344K, committed 1408K, reserved 1048576K
}

Deoptimization events (10 events):
Event: 205,677 Thread 0x00007f5a144c8000 Uncommon trap: reason=class_check action=maybe_recompile pc=0x00007f5a051da1f0 method=java.util.Collections$UnmodifiableList.get(I)Ljava/lang/Object; @ 5
Event: 205,677 Thread 0x00007f5a144c8000 Uncommon trap: reason=class_check action=maybe_recompile pc=0x00007f5a05154c80 method=java.util.Collections$UnmodifiableCollection.size()I @ 4
Event: 205,677 Thread 0x00007f5a144c8000 Uncommon trap: reason=class_check action=maybe_recompile pc=0x00007f5a051da1f0 method=java.util.Collections$UnmodifiableList.get(I)Ljava/lang/Object; @ 5
Event: 205,678 Thread 0x00007f5a144c8000 Uncommon trap: reason=class_check action=maybe_recompile pc=0x00007f5a05154c80 method=java.util.Collections$UnmodifiableCollection.size()I @ 4
Event: 205,679 Thread 0x00007f5a144c8000 Uncommon trap: reason=unstable_if action=reinterpret pc=0x00007f5a0575b278 method=java.util.WeakHashMap.get(Ljava/lang/Object;)Ljava/lang/Object; @ 35
Event: 205,684 Thread 0x00007f5a144c8000 Uncommon trap: reason=unstable_if action=reinterpret pc=0x00007f5a056ecf7c method=java.util.concurrent.ConcurrentHashMap.get(Ljava/lang/Object;)Ljava/lang/Object; @ 138
Event: 205,692 Thread 0x00007f5a144c8000 Uncommon trap: reason=unstable_if action=reinterpret pc=0x00007f5a05685a90 method=java.lang.reflect.Field.getFieldAccessor(Ljava/lang/Object;)Lsun/reflect/FieldAccessor; @ 22
Event: 205,692 Thread 0x00007f5a144c8000 Uncommon trap: reason=unstable_if action=reinterpret pc=0x00007f5a05202a00 method=java.lang.reflect.Field.getFieldAccessor(Ljava/lang/Object;)Lsun/reflect/FieldAccessor; @ 22
Event: 210,893 Thread 0x00007f5a144c8000 Uncommon trap: reason=bimorphic action=maybe_recompile pc=0x00007f5a051e51ec method=java.util.regex.Matcher.match(II)Z @ 86
Event: 210,893 Thread 0x00007f5a144c8000 Uncommon trap: reason=bimorphic action=maybe_recompile pc=0x00007f5a0537ea48 method=java.util.regex.Pattern$BranchConn.match(Ljava/util/regex/Matcher;ILjava/lang/CharSequence;)Z @ 7

Internal exceptions (10 events):
Event: 160,795 Thread 0x00007f5a144c7800 Exception <a 'java/io/IOException': No Other files detected , try call waitForFileEvent()> (0x00000000d7511070) thrown at [/build/openjdk-8-qvKKlC/openjdk-8-8u141-b15/src/hotspot/src/share/vm/prims/jni.cpp, line 735]
Event: 160,795 Thread 0x00007f5a144c7800 Exception <a 'java/io/IOException': No Other files detected , try call waitForFileEvent()> (0x00000000d7511320) thrown at [/build/openjdk-8-qvKKlC/openjdk-8-8u141-b15/src/hotspot/src/share/vm/prims/jni.cpp, line 735]
Event: 160,795 Thread 0x00007f5a144c7800 Exception <a 'java/io/IOException': No Other files detected , try call waitForFileEvent()> (0x00000000d75115d0) thrown at [/build/openjdk-8-qvKKlC/openjdk-8-8u141-b15/src/hotspot/src/share/vm/prims/jni.cpp, line 735]
Event: 160,795 Thread 0x00007f5a144c7800 Exception <a 'java/io/IOException': No Other files detected , try call waitForFileEvent()> (0x00000000d7511880) thrown at [/build/openjdk-8-qvKKlC/openjdk-8-8u141-b15/src/hotspot/src/share/vm/prims/jni.cpp, line 735]
Event: 205,670 Thread 0x00007f5a144c8000 Implicit null exception at 0x00007f5a05131e30 to 0x00007f5a051320a1
Event: 205,670 Thread 0x00007f5a144c8000 Implicit null exception at 0x00007f5a055e9540 to 0x00007f5a055e9779
Event: 205,692 Thread 0x00007f5a144c8000 Implicit null exception at 0x00007f5a05685472 to 0x00007f5a05685a75
Event: 205,692 Thread 0x00007f5a144c8000 Implicit null exception at 0x00007f5a052028bd to 0x00007f5a052029e5
Event: 244,375 Thread 0x00007f5a144c7800 Exception <a 'java/io/IOException': No Other files detected , try call waitForFileEvent()> (0x00000000d73c4290) thrown at [/build/openjdk-8-qvKKlC/openjdk-8-8u141-b15/src/hotspot/src/share/vm/prims/jni.cpp, line 735]
Event: 244,375 Thread 0x00007f5a144c7800 Exception <a 'java/io/IOException': No Other files detected , try call waitForFileEvent()> (0x00000000d73c4540) thrown at [/build/openjdk-8-qvKKlC/openjdk-8-8u141-b15/src/hotspot/src/share/vm/prims/jni.cpp, line 735]

Events (10 events):
Event: 415,755 Thread 0x00007f59b400e800 Thread added: 0x00007f59b400e800
Event: 415,756 Thread 0x00007f59b400e800 Thread exited: 0x00007f59b400e800
Event: 416,196 Thread 0x00007f59b400e800 Thread added: 0x00007f59b400e800
Event: 416,196 Thread 0x00007f59b400e800 Thread exited: 0x00007f59b400e800
Event: 416,532 Thread 0x00007f59b400e800 Thread added: 0x00007f59b400e800
Event: 416,532 Thread 0x00007f59b400e800 Thread exited: 0x00007f59b400e800
Event: 416,908 Thread 0x00007f59b400e800 Thread added: 0x00007f59b400e800
Event: 416,909 Thread 0x00007f59b400e800 Thread exited: 0x00007f59b400e800
Event: 417,326 Thread 0x00007f59b400e800 Thread added: 0x00007f59b400e800
Event: 417,326 Thread 0x00007f59b400e800 Thread exited: 0x00007f59b400e800


Dynamic libraries:
85200000-8a500000 rw-p 00000000 00:00 0 
8a500000-d7100000 ---p 00000000 00:00 0 
d7100000-d9700000 rw-p 00000000 00:00 0 
d9700000-100000000 ---p 00000000 00:00 0 
100000000-100160000 rw-p 00000000 00:00 0 
100160000-140000000 ---p 00000000 00:00 0 
2e3025e000-2e3025f000 r-xp 00000000 08:06 13768332                       /usr/lib/jvm/java-8-openjdk-amd64/jre/bin/java
2e3045e000-2e3045f000 r--p 00000000 08:06 13768332                       /usr/lib/jvm/java-8-openjdk-amd64/jre/bin/java
2e3045f000-2e30460000 rw-p 00001000 08:06 13768332                       /usr/lib/jvm/java-8-openjdk-amd64/jre/bin/java
2e30b09000-2e30b2a000 rw-p 00000000 00:00 0                              [heap]
7f59b4000000-7f59b4291000 rw-p 00000000 00:00 0 
7f59b4291000-7f59b8000000 ---p 00000000 00:00 0 
7f59b8000000-7f59b8021000 rw-p 00000000 00:00 0 
7f59b8021000-7f59bc000000 ---p 00000000 00:00 0 
7f59bc000000-7f59bc021000 rw-p 00000000 00:00 0 
7f59bc021000-7f59c0000000 ---p 00000000 00:00 0 
7f59c0000000-7f59c0021000 rw-p 00000000 00:00 0 
7f59c0021000-7f59c4000000 ---p 00000000 00:00 0 
7f59c4000000-7f59c4021000 rw-p 00000000 00:00 0 
7f59c4021000-7f59c8000000 ---p 00000000 00:00 0 
7f59c8000000-7f59c864e000 rw-p 00000000 00:00 0 
7f59c864e000-7f59cc000000 ---p 00000000 00:00 0 
7f59ccfff000-7f59d0000000 rw-p 00000000 00:00 0 
7f59d0000000-7f59d105e000 rw-p 00000000 00:00 0 
7f59d105e000-7f59d4000000 ---p 00000000 00:00 0 
7f59d4000000-7f59d4a65000 rw-p 00000000 00:00 0 
7f59d4a65000-7f59d8000000 ---p 00000000 00:00 0 
7f59d8000000-7f59d8021000 rw-p 00000000 00:00 0 
7f59d8021000-7f59dc000000 ---p 00000000 00:00 0 
7f59dc000000-7f59dc021000 rw-p 00000000 00:00 0 
7f59dc021000-7f59e0000000 ---p 00000000 00:00 0 
7f59e0000000-7f59e0021000 rw-p 00000000 00:00 0 
7f59e0021000-7f59e4000000 ---p 00000000 00:00 0 
7f59e4000000-7f59e4021000 rw-p 00000000 00:00 0 
7f59e4021000-7f59e8000000 ---p 00000000 00:00 0 
7f59e8000000-7f59e8021000 rw-p 00000000 00:00 0 
7f59e8021000-7f59ec000000 ---p 00000000 00:00 0 
7f59ec000000-7f59ec021000 rw-p 00000000 00:00 0 
7f59ec021000-7f59f0000000 ---p 00000000 00:00 0 
7f59f0000000-7f59f0021000 rw-p 00000000 00:00 0 
7f59f0021000-7f59f4000000 ---p 00000000 00:00 0 
7f59f549e000-7f59f55de000 rw-p 00000000 00:00 0 
7f59f55de000-7f59f56a1000 ---p 00000000 00:00 0 
7f59f56a1000-7f59f579f000 rw-p 00000000 00:00 0 
7f59f579f000-7f59f57a2000 ---p 00000000 00:00 0 
7f59f57a2000-7f59f58a0000 rw-p 00000000 00:00 0 
7f59f58a0000-7f59f58a3000 ---p 00000000 00:00 0 
7f59f58a3000-7f59f59a1000 rw-p 00000000 00:00 0 
7f59f59a1000-7f59f59b5000 r-xp 00000000 08:06 2755158                    /lib/x86_64-linux-gnu/libresolv-2.24.so
7f59f59b5000-7f59f5bb4000 ---p 00014000 08:06 2755158                    /lib/x86_64-linux-gnu/libresolv-2.24.so
7f59f5bb4000-7f59f5bb5000 r--p 00013000 08:06 2755158                    /lib/x86_64-linux-gnu/libresolv-2.24.so
7f59f5bb5000-7f59f5bb6000 rw-p 00014000 08:06 2755158                    /lib/x86_64-linux-gnu/libresolv-2.24.so
7f59f5bb6000-7f59f5bb8000 rw-p 00000000 00:00 0 
7f59f5bb8000-7f59f5bbd000 r-xp 00000000 08:06 2755105                    /lib/x86_64-linux-gnu/libnss_dns-2.24.so
7f59f5bbd000-7f59f5dbc000 ---p 00005000 08:06 2755105                    /lib/x86_64-linux-gnu/libnss_dns-2.24.so
7f59f5dbc000-7f59f5dbd000 r--p 00004000 08:06 2755105                    /lib/x86_64-linux-gnu/libnss_dns-2.24.so
7f59f5dbd000-7f59f5dbe000 rw-p 00005000 08:06 2755105                    /lib/x86_64-linux-gnu/libnss_dns-2.24.so
7f59f5dbe000-7f59f5fbe000 rw-p 00000000 00:00 0 
7f59f5fbe000-7f59f5fc1000 r-xp 00000000 08:06 13901257                   /usr/lib/x86_64-linux-gnu/libboost_system.so.1.62.0
7f59f5fc1000-7f59f61c0000 ---p 00003000 08:06 13901257                   /usr/lib/x86_64-linux-gnu/libboost_system.so.1.62.0
7f59f61c0000-7f59f61c1000 r--p 00002000 08:06 13901257                   /usr/lib/x86_64-linux-gnu/libboost_system.so.1.62.0
7f59f61c1000-7f59f61c2000 rw-p 00003000 08:06 13901257                   /usr/lib/x86_64-linux-gnu/libboost_system.so.1.62.0
7f59f61c2000-7f59f61da000 r-xp 00000000 08:06 13901252                   /usr/lib/x86_64-linux-gnu/libboost_filesystem.so.1.62.0
7f59f61da000-7f59f63d9000 ---p 00018000 08:06 13901252                   /usr/lib/x86_64-linux-gnu/libboost_filesystem.so.1.62.0
7f59f63d9000-7f59f63da000 r--p 00017000 08:06 13901252                   /usr/lib/x86_64-linux-gnu/libboost_filesystem.so.1.62.0
7f59f63da000-7f59f63db000 rw-p 00018000 08:06 13901252                   /usr/lib/x86_64-linux-gnu/libboost_filesystem.so.1.62.0
7f59f63db000-7f59f63fa000 r-xp 00000000 08:06 2622561                    /lib/libInotifyNative.so
7f59f63fa000-7f59f65f9000 ---p 0001f000 08:06 2622561                    /lib/libInotifyNative.so
7f59f65f9000-7f59f65fa000 r--p 0001e000 08:06 2622561                    /lib/libInotifyNative.so
7f59f65fa000-7f59f65fb000 rw-p 0001f000 08:06 2622561                    /lib/libInotifyNative.so
7f59f65fb000-7f59f6623000 r-xp 00000000 08:06 13773854                   /usr/lib/jvm/java-8-openjdk-amd64/jre/lib/amd64/libsunec.so
7f59f6623000-7f59f6823000 ---p 00028000 08:06 13773854                   /usr/lib/jvm/java-8-openjdk-amd64/jre/lib/amd64/libsunec.so
7f59f6823000-7f59f6827000 r--p 00028000 08:06 13773854                   /usr/lib/jvm/java-8-openjdk-amd64/jre/lib/amd64/libsunec.so
7f59f6827000-7f59f6828000 rw-p 0002c000 08:06 13773854                   /usr/lib/jvm/java-8-openjdk-amd64/jre/lib/amd64/libsunec.so
7f59f6828000-7f59f6839000 r-xp 00000000 08:06 13768375                   /usr/lib/jvm/java-8-openjdk-amd64/jre/lib/amd64/libnio.so
7f59f6839000-7f59f6a39000 ---p 00011000 08:06 13768375                   /usr/lib/jvm/java-8-openjdk-amd64/jre/lib/amd64/libnio.so
7f59f6a39000-7f59f6a3a000 r--p 00011000 08:06 13768375                   /usr/lib/jvm/java-8-openjdk-amd64/jre/lib/amd64/libnio.so
7f59f6a3a000-7f59f6a3b000 rw-p 00012000 08:06 13768375                   /usr/lib/jvm/java-8-openjdk-amd64/jre/lib/amd64/libnio.so
7f59f6a3b000-7f59f6a3c000 ---p 00000000 00:00 0 
7f59f6a3c000-7f59f6b3c000 rw-p 00000000 00:00 0 
7f59f6b3c000-7f59f6b53000 r-xp 00000000 08:06 13768374                   /usr/lib/jvm/java-8-openjdk-amd64/jre/lib/amd64/libnet.so
7f59f6b53000-7f59f6d52000 ---p 00017000 08:06 13768374                   /usr/lib/jvm/java-8-openjdk-amd64/jre/lib/amd64/libnet.so
7f59f6d52000-7f59f6d53000 r--p 00016000 08:06 13768374                   /usr/lib/jvm/java-8-openjdk-amd64/jre/lib/amd64/libnet.so
7f59f6d53000-7f59f6d54000 rw-p 00017000 08:06 13768374                   /usr/lib/jvm/java-8-openjdk-amd64/jre/lib/amd64/libnet.so
7f59f6d54000-7f59f6d57000 ---p 00000000 00:00 0 
7f59f6d57000-7f59f6e55000 rw-p 00000000 00:00 0 
7f59f6e55000-7f59f6e58000 ---p 00000000 00:00 0 
7f59f6e58000-7f59f6f56000 rw-p 00000000 00:00 0 
7f59f6f56000-7f59f6f59000 ---p 00000000 00:00 0 
7f59f6f59000-7f59f7057000 rw-p 00000000 00:00 0 
7f59f7057000-7f59f705a000 ---p 00000000 00:00 0 
7f59f705a000-7f59f7158000 rw-p 00000000 00:00 0 
7f59f7158000-7f59f715b000 ---p 00000000 00:00 0 
7f59f715b000-7f59f7259000 rw-p 00000000 00:00 0 
7f59f7259000-7f59f725c000 ---p 00000000 00:00 0 
7f59f725c000-7f59f735a000 rw-p 00000000 00:00 0 
7f59f735a000-7f59f74f5000 r--p 00000000 08:06 13768397                   /usr/lib/locale/locale-archive
7f59f74f5000-7f59f74f8000 ---p 00000000 00:00 0 
7f59f74f8000-7f59f75f6000 rw-p 00000000 00:00 0 
7f59f75f6000-7f59f75f9000 ---p 00000000 00:00 0 
7f59f75f9000-7f59f76f7000 rw-p 00000000 00:00 0 
7f59f76f7000-7f59f76f8000 ---p 00000000 00:00 0 
7f59f76f8000-7f59f8000000 rw-p 00000000 00:00 0 
7f59f8000000-7f59f8021000 rw-p 00000000 00:00 0 
7f59f8021000-7f59fc000000 ---p 00000000 00:00 0 
7f59fc08e000-7f5a00000000 rw-p 00000000 00:00 0 
7f5a00000000-7f5a00021000 rw-p 00000000 00:00 0 
7f5a00021000-7f5a04000000 ---p 00000000 00:00 0 
7f5a04044000-7f5a04047000 r--s 00015000 08:06 13774554                   /usr/lib/jvm/java-8-openjdk-amd64/jre/lib/jce.jar
7f5a04047000-7f5a0404c000 r--s 0009a000 08:06 13774556                   /usr/lib/jvm/java-8-openjdk-amd64/jre/lib/jsse.jar
7f5a0404c000-7f5a0404e000 r--s 0001a000 08:06 5640687                    /home/stefstef/Editors/idea-IU-172.3968.16/lib/idea_rt.jar
7f5a0404e000-7f5a04052000 r--s 00019000 08:06 10096758                   /home/stefstef/.m2/repository/com/google/apis/google-api-services-drive/v3-rev76-1.22.0/google-api-services-drive-v3-rev76-1.22.0.jar
7f5a04052000-7f5a0407a000 r--s 001cf000 08:06 6697606                    /home/stefstef/.m2/repository/com/google/guava/guava-jdk5/17.0/guava-jdk5-17.0.jar
7f5a0407a000-7f5a0407e000 r--s 0002f000 08:06 6697602                    /home/stefstef/.m2/repository/com/fasterxml/jackson/core/jackson-core/2.1.3/jackson-core-2.1.3.jar
7f5a0407e000-7f5a04081000 r--s 00006000 08:06 6697600                    /home/stefstef/.m2/repository/com/google/code/findbugs/jsr305/1.3.9/jsr305-1.3.9.jar
7f5a04081000-7f5a04083000 r--s 0000a000 08:06 7354560                    /home/stefstef/.m2/repository/commons-codec/commons-codec/1.3/commons-codec-1.3.jar
7f5a04083000-7f5a04085000 r--s 0000d000 08:06 7354558                    /home/stefstef/.m2/repository/commons-logging/commons-logging/1.1.1/commons-logging-1.1.1.jar
7f5a04085000-7f5a0408a000 r--s 00026000 08:06 7354562                    /home/stefstef/.m2/repository/org/apache/httpcomponents/httpcore/4.0.1/httpcore-4.0.1.jar
7f5a0408a000-7f5a04092000 r--s 00040000 08:06 8006077                    /home/stefstef/.m2/repository/org/apache/httpcomponents/httpclient/4.0.1/httpclient-4.0.1.jar
7f5a04092000-7f5a0409b000 r--s 0004f000 08:06 6697597                    /home/stefstef/.m2/repository/com/google/http-client/google-http-client/1.22.0/google-http-client-1.22.0.jar
7f5a0409b000-7f5a0409d000 r--s 0000d000 08:06 6558464                    /home/stefstef/.m2/repository/com/google/oauth-client/google-oauth-client/1.22.0/google-oauth-client-1.22.0.jar
7f5a0409d000-7f5a040a2000 r--s 0002c000 08:06 6558462                    /home/stefstef/.m2/repository/com/google/api-client/google-api-client/1.22.0/google-api-client-1.22.0.jar
7f5a040a2000-7f5a040a4000 r--s 0001f000 08:06 8262924                    /home/stefstef/.m2/repository/org/mortbay/jetty/servlet-api/2.5-20081211/servlet-api-2.5-20081211.jar
7f5a040a4000-7f5a040b7000 r--s 00346000 08:06 13774561                   /usr/lib/jvm/java-8-openjdk-amd64/jre/lib/resources.jar
7f5a040b7000-7f5a045bc000 rw-p 00000000 00:00 0 
7f5a045bc000-7f5a0478a000 r--s 03c15000 08:06 13774562                   /usr/lib/jvm/java-8-openjdk-amd64/jre/lib/rt.jar
7f5a0478a000-7f5a05000000 rw-p 00000000 00:00 0 
7f5a05000000-7f5a05900000 rwxp 00000000 00:00 0 
7f5a05900000-7f5a14000000 ---p 00000000 00:00 0 
7f5a14000000-7f5a145df000 rw-p 00000000 00:00 0 
7f5a145df000-7f5a18000000 ---p 00000000 00:00 0 
7f5a18000000-7f5a18001000 r--s 00001000 08:06 6697598                    /home/stefstef/.m2/repository/com/google/http-client/google-http-client-jackson2/1.22.0/google-http-client-jackson2-1.22.0.jar
7f5a18001000-7f5a18005000 r--s 00028000 08:06 9965488                    /home/stefstef/.m2/repository/org/mortbay/jetty/jetty-util/6.1.26/jetty-util-6.1.26.jar
7f5a18005000-7f5a1800c000 r--s 0007d000 08:06 9965486                    /home/stefstef/.m2/repository/org/mortbay/jetty/jetty/6.1.26/jetty-6.1.26.jar
7f5a1800c000-7f5a1800d000 r--s 00002000 08:06 9965484                    /home/stefstef/.m2/repository/com/google/oauth-client/google-oauth-client-java6/1.22.0/google-oauth-client-java6-1.22.0.jar
7f5a1800d000-7f5a1800e000 r--s 00001000 08:06 9965482                    /home/stefstef/.m2/repository/com/google/oauth-client/google-oauth-client-jetty/1.22.0/google-oauth-client-jetty-1.22.0.jar
7f5a1800e000-7f5a1800f000 r--s 00000000 08:06 13774559                   /usr/lib/jvm/java-8-openjdk-amd64/jre/lib/management-agent.jar
7f5a1800f000-7f5a18014000 r--s 0009a000 08:06 13774556                   /usr/lib/jvm/java-8-openjdk-amd64/jre/lib/jsse.jar
7f5a18014000-7f5a18017000 r--s 00015000 08:06 13774554                   /usr/lib/jvm/java-8-openjdk-amd64/jre/lib/jce.jar
7f5a18017000-7f5a1801c000 r--s 002f9000 08:06 13774523                   /usr/lib/jvm/java-8-openjdk-amd64/jre/lib/charsets.jar
7f5a1801c000-7f5a18037000 r--s 00394000 08:06 13774533                   /usr/lib/jvm/java-8-openjdk-amd64/jre/lib/ext/cldrdata.jar
7f5a18037000-7f5a18052000 r--s 001d6000 08:06 13774538                   /usr/lib/jvm/java-8-openjdk-amd64/jre/lib/ext/nashorn.jar
7f5a18052000-7f5a18429000 rw-p 00000000 00:00 0 
7f5a18429000-7f5a1842a000 ---p 00000000 00:00 0 
7f5a1842a000-7f5a1852a000 rw-p 00000000 00:00 0 
7f5a1852a000-7f5a1852b000 ---p 00000000 00:00 0 
7f5a1852b000-7f5a1862b000 rw-p 00000000 00:00 0 
7f5a1862b000-7f5a1862c000 ---p 00000000 00:00 0 
7f5a1862c000-7f5a1872c000 rw-p 00000000 00:00 0 
7f5a1872c000-7f5a1872d000 ---p 00000000 00:00 0 
7f5a1872d000-7f5a18857000 rw-p 00000000 00:00 0 
7f5a18857000-7f5a18abd000 ---p 00000000 00:00 0 
7f5a18abd000-7f5a18ae7000 rw-p 00000000 00:00 0 
7f5a18ae7000-7f5a18d4c000 ---p 00000000 00:00 0 
7f5a18d4c000-7f5a18d60000 rw-p 00000000 00:00 0 
7f5a18d60000-7f5a18e94000 ---p 00000000 00:00 0 
7f5a18e94000-7f5a18eb9000 rw-p 00000000 00:00 0 
7f5a18eb9000-7f5a19255000 ---p 00000000 00:00 0 
7f5a19255000-7f5a1925d000 r-xp 00000000 08:06 13774519                   /usr/lib/jvm/java-8-openjdk-amd64/jre/lib/amd64/libzip.so
7f5a1925d000-7f5a1945c000 ---p 00008000 08:06 13774519                   /usr/lib/jvm/java-8-openjdk-amd64/jre/lib/amd64/libzip.so
7f5a1945c000-7f5a1945d000 r--p 00007000 08:06 13774519                   /usr/lib/jvm/java-8-openjdk-amd64/jre/lib/amd64/libzip.so
7f5a1945d000-7f5a1945e000 rw-p 00008000 08:06 13774519                   /usr/lib/jvm/java-8-openjdk-amd64/jre/lib/amd64/libzip.so
7f5a1945e000-7f5a19468000 r-xp 00000000 08:06 2755107                    /lib/x86_64-linux-gnu/libnss_files-2.24.so
7f5a19468000-7f5a19668000 ---p 0000a000 08:06 2755107                    /lib/x86_64-linux-gnu/libnss_files-2.24.so
7f5a19668000-7f5a19669000 r--p 0000a000 08:06 2755107                    /lib/x86_64-linux-gnu/libnss_files-2.24.so
7f5a19669000-7f5a1966a000 rw-p 0000b000 08:06 2755107                    /lib/x86_64-linux-gnu/libnss_files-2.24.so
7f5a1966a000-7f5a19670000 rw-p 00000000 00:00 0 
7f5a19670000-7f5a1967b000 r-xp 00000000 08:06 2755111                    /lib/x86_64-linux-gnu/libnss_nis-2.24.so
7f5a1967b000-7f5a1987a000 ---p 0000b000 08:06 2755111                    /lib/x86_64-linux-gnu/libnss_nis-2.24.so
7f5a1987a000-7f5a1987b000 r--p 0000a000 08:06 2755111                    /lib/x86_64-linux-gnu/libnss_nis-2.24.so
7f5a1987b000-7f5a1987c000 rw-p 0000b000 08:06 2755111                    /lib/x86_64-linux-gnu/libnss_nis-2.24.so
7f5a1987c000-7f5a19890000 r-xp 00000000 08:06 2755101                    /lib/x86_64-linux-gnu/libnsl-2.24.so
7f5a19890000-7f5a19a90000 ---p 00014000 08:06 2755101                    /lib/x86_64-linux-gnu/libnsl-2.24.so
7f5a19a90000-7f5a19a91000 r--p 00014000 08:06 2755101                    /lib/x86_64-linux-gnu/libnsl-2.24.so
7f5a19a91000-7f5a19a92000 rw-p 00015000 08:06 2755101                    /lib/x86_64-linux-gnu/libnsl-2.24.so
7f5a19a92000-7f5a19a94000 rw-p 00000000 00:00 0 
7f5a19a94000-7f5a19a9b000 r-xp 00000000 08:06 2755103                    /lib/x86_64-linux-gnu/libnss_compat-2.24.so
7f5a19a9b000-7f5a19c9a000 ---p 00007000 08:06 2755103                    /lib/x86_64-linux-gnu/libnss_compat-2.24.so
7f5a19c9a000-7f5a19c9b000 r--p 00006000 08:06 2755103                    /lib/x86_64-linux-gnu/libnss_compat-2.24.so
7f5a19c9b000-7f5a19c9c000 rw-p 00007000 08:06 2755103                    /lib/x86_64-linux-gnu/libnss_compat-2.24.so
7f5a19c9c000-7f5a19ca6000 r-xp 00000000 08:06 13768357                   /usr/lib/jvm/java-8-openjdk-amd64/jre/lib/amd64/libinstrument.so
7f5a19ca6000-7f5a19ea5000 ---p 0000a000 08:06 13768357                   /usr/lib/jvm/java-8-openjdk-amd64/jre/lib/amd64/libinstrument.so
7f5a19ea5000-7f5a19ea6000 r--p 00009000 08:06 13768357                   /usr/lib/jvm/java-8-openjdk-amd64/jre/lib/amd64/libinstrument.so
7f5a19ea6000-7f5a19ea7000 rw-p 0000a000 08:06 13768357                   /usr/lib/jvm/java-8-openjdk-amd64/jre/lib/amd64/libinstrument.so
7f5a19ea7000-7f5a19ed4000 r-xp 00000000 08:06 13768363                   /usr/lib/jvm/java-8-openjdk-amd64/jre/lib/amd64/libjava.so
7f5a19ed4000-7f5a1a0d3000 ---p 0002d000 08:06 13768363                   /usr/lib/jvm/java-8-openjdk-amd64/jre/lib/amd64/libjava.so
7f5a1a0d3000-7f5a1a0d4000 r--p 0002c000 08:06 13768363                   /usr/lib/jvm/java-8-openjdk-amd64/jre/lib/amd64/libjava.so
7f5a1a0d4000-7f5a1a0d6000 rw-p 0002d000 08:06 13768363                   /usr/lib/jvm/java-8-openjdk-amd64/jre/lib/amd64/libjava.so
7f5a1a0d6000-7f5a1a0e5000 r-xp 00000000 08:06 13774518                   /usr/lib/jvm/java-8-openjdk-amd64/jre/lib/amd64/libverify.so
7f5a1a0e5000-7f5a1a2e5000 ---p 0000f000 08:06 13774518                   /usr/lib/jvm/java-8-openjdk-amd64/jre/lib/amd64/libverify.so
7f5a1a2e5000-7f5a1a2e7000 r--p 0000f000 08:06 13774518                   /usr/lib/jvm/java-8-openjdk-amd64/jre/lib/amd64/libverify.so
7f5a1a2e7000-7f5a1a2e8000 rw-p 00011000 08:06 13774518                   /usr/lib/jvm/java-8-openjdk-amd64/jre/lib/amd64/libverify.so
7f5a1a2e8000-7f5a1a2ef000 r-xp 00000000 08:06 2755160                    /lib/x86_64-linux-gnu/librt-2.24.so
7f5a1a2ef000-7f5a1a4ee000 ---p 00007000 08:06 2755160                    /lib/x86_64-linux-gnu/librt-2.24.so
7f5a1a4ee000-7f5a1a4ef000 r--p 00006000 08:06 2755160                    /lib/x86_64-linux-gnu/librt-2.24.so
7f5a1a4ef000-7f5a1a4f0000 rw-p 00007000 08:06 2755160                    /lib/x86_64-linux-gnu/librt-2.24.so
7f5a1a4f0000-7f5a1a506000 r-xp 00000000 08:06 2755254                    /lib/x86_64-linux-gnu/libgcc_s.so.1
7f5a1a506000-7f5a1a705000 ---p 00016000 08:06 2755254                    /lib/x86_64-linux-gnu/libgcc_s.so.1
7f5a1a705000-7f5a1a706000 r--p 00015000 08:06 2755254                    /lib/x86_64-linux-gnu/libgcc_s.so.1
7f5a1a706000-7f5a1a707000 rw-p 00016000 08:06 2755254                    /lib/x86_64-linux-gnu/libgcc_s.so.1
7f5a1a707000-7f5a1a80a000 r-xp 00000000 08:06 2755084                    /lib/x86_64-linux-gnu/libm-2.24.so
7f5a1a80a000-7f5a1aa09000 ---p 00103000 08:06 2755084                    /lib/x86_64-linux-gnu/libm-2.24.so
7f5a1aa09000-7f5a1aa0a000 r--p 00102000 08:06 2755084                    /lib/x86_64-linux-gnu/libm-2.24.so
7f5a1aa0a000-7f5a1aa0b000 rw-p 00103000 08:06 2755084                    /lib/x86_64-linux-gnu/libm-2.24.so
7f5a1aa0b000-7f5a1ab7d000 r-xp 00000000 08:06 13909765                   /usr/lib/x86_64-linux-gnu/libstdc++.so.6.0.24
7f5a1ab7d000-7f5a1ad7d000 ---p 00172000 08:06 13909765                   /usr/lib/x86_64-linux-gnu/libstdc++.so.6.0.24
7f5a1ad7d000-7f5a1ad87000 r--p 00172000 08:06 13909765                   /usr/lib/x86_64-linux-gnu/libstdc++.so.6.0.24
7f5a1ad87000-7f5a1ad89000 rw-p 0017c000 08:06 13909765                   /usr/lib/x86_64-linux-gnu/libstdc++.so.6.0.24
7f5a1ad89000-7f5a1ad8c000 rw-p 00000000 00:00 0 
7f5a1ad8c000-7f5a1b9e5000 r-xp 00000000 08:06 13774522                   /usr/lib/jvm/java-8-openjdk-amd64/jre/lib/amd64/server/libjvm.so
7f5a1b9e5000-7f5a1bbe5000 ---p 00c59000 08:06 13774522                   /usr/lib/jvm/java-8-openjdk-amd64/jre/lib/amd64/server/libjvm.so
7f5a1bbe5000-7f5a1bc78000 r--p 00c59000 08:06 13774522                   /usr/lib/jvm/java-8-openjdk-amd64/jre/lib/amd64/server/libjvm.so
7f5a1bc78000-7f5a1bca1000 rw-p 00cec000 08:06 13774522                   /usr/lib/jvm/java-8-openjdk-amd64/jre/lib/amd64/server/libjvm.so
7f5a1bca1000-7f5a1bcd1000 rw-p 00000000 00:00 0 
7f5a1bcd1000-7f5a1be66000 r-xp 00000000 08:06 2755012                    /lib/x86_64-linux-gnu/libc-2.24.so
7f5a1be66000-7f5a1c065000 ---p 00195000 08:06 2755012                    /lib/x86_64-linux-gnu/libc-2.24.so
7f5a1c065000-7f5a1c069000 r--p 00194000 08:06 2755012                    /lib/x86_64-linux-gnu/libc-2.24.so
7f5a1c069000-7f5a1c06b000 rw-p 00198000 08:06 2755012                    /lib/x86_64-linux-gnu/libc-2.24.so
7f5a1c06b000-7f5a1c06f000 rw-p 00000000 00:00 0 
7f5a1c06f000-7f5a1c071000 r-xp 00000000 08:06 2755035                    /lib/x86_64-linux-gnu/libdl-2.24.so
7f5a1c071000-7f5a1c271000 ---p 00002000 08:06 2755035                    /lib/x86_64-linux-gnu/libdl-2.24.so
7f5a1c271000-7f5a1c272000 r--p 00002000 08:06 2755035                    /lib/x86_64-linux-gnu/libdl-2.24.so
7f5a1c272000-7f5a1c273000 rw-p 00003000 08:06 2755035                    /lib/x86_64-linux-gnu/libdl-2.24.so
7f5a1c273000-7f5a1c280000 r-xp 00000000 08:06 13768346                   /usr/lib/jvm/java-8-openjdk-amd64/jre/lib/amd64/jli/libjli.so
7f5a1c280000-7f5a1c480000 ---p 0000d000 08:06 13768346                   /usr/lib/jvm/java-8-openjdk-amd64/jre/lib/amd64/jli/libjli.so
7f5a1c480000-7f5a1c481000 r--p 0000d000 08:06 13768346                   /usr/lib/jvm/java-8-openjdk-amd64/jre/lib/amd64/jli/libjli.so
7f5a1c481000-7f5a1c482000 rw-p 0000e000 08:06 13768346                   /usr/lib/jvm/java-8-openjdk-amd64/jre/lib/amd64/jli/libjli.so
7f5a1c482000-7f5a1c49b000 r-xp 00000000 08:06 2755193                    /lib/x86_64-linux-gnu/libz.so.1.2.8
7f5a1c49b000-7f5a1c69a000 ---p 00019000 08:06 2755193                    /lib/x86_64-linux-gnu/libz.so.1.2.8
7f5a1c69a000-7f5a1c69b000 r--p 00018000 08:06 2755193                    /lib/x86_64-linux-gnu/libz.so.1.2.8
7f5a1c69b000-7f5a1c69c000 rw-p 00019000 08:06 2755193                    /lib/x86_64-linux-gnu/libz.so.1.2.8
7f5a1c69c000-7f5a1c6b4000 r-xp 00000000 08:06 2755150                    /lib/x86_64-linux-gnu/libpthread-2.24.so
7f5a1c6b4000-7f5a1c8b3000 ---p 00018000 08:06 2755150                    /lib/x86_64-linux-gnu/libpthread-2.24.so
7f5a1c8b3000-7f5a1c8b4000 r--p 00017000 08:06 2755150                    /lib/x86_64-linux-gnu/libpthread-2.24.so
7f5a1c8b4000-7f5a1c8b5000 rw-p 00018000 08:06 2755150                    /lib/x86_64-linux-gnu/libpthread-2.24.so
7f5a1c8b5000-7f5a1c8b9000 rw-p 00000000 00:00 0 
7f5a1c8b9000-7f5a1c8dc000 r-xp 00000000 08:06 2754986                    /lib/x86_64-linux-gnu/ld-2.24.so
7f5a1c8dc000-7f5a1c8de000 r--s 00007000 08:06 14821044                   /usr/share/java/java-atk-wrapper.jar
7f5a1c8de000-7f5a1c8df000 r--s 00010000 08:06 13774542                   /usr/lib/jvm/java-8-openjdk-amd64/jre/lib/ext/zipfs.jar
7f5a1c8df000-7f5a1c8e1000 r--s 00007000 08:06 14821044                   /usr/share/java/java-atk-wrapper.jar
7f5a1c8e1000-7f5a1c8e3000 r--s 00001000 08:06 13774534                   /usr/lib/jvm/java-8-openjdk-amd64/jre/lib/ext/dnsns.jar
7f5a1c8e3000-7f5a1c8e8000 r--s 0003b000 08:06 13774540                   /usr/lib/jvm/java-8-openjdk-amd64/jre/lib/ext/sunjce_provider.jar
7f5a1c8e8000-7f5a1c9b8000 rw-p 00000000 00:00 0 
7f5a1c9b8000-7f5a1c9bb000 ---p 00000000 00:00 0 
7f5a1c9bb000-7f5a1cabb000 rw-p 00000000 00:00 0 
7f5a1cabb000-7f5a1cabc000 r--s 0000a000 08:06 13774536                   /usr/lib/jvm/java-8-openjdk-amd64/jre/lib/ext/jaccess.jar
7f5a1cabc000-7f5a1cac0000 r--s 00037000 08:06 13774541                   /usr/lib/jvm/java-8-openjdk-amd64/jre/lib/ext/sunpkcs11.jar
7f5a1cac0000-7f5a1cac3000 r--s 0000f000 08:06 13774535                   /usr/lib/jvm/java-8-openjdk-amd64/jre/lib/ext/icedtea-sound.jar
7f5a1cac3000-7f5a1cac5000 r--s 00008000 08:06 13774539                   /usr/lib/jvm/java-8-openjdk-amd64/jre/lib/ext/sunec.jar
7f5a1cac5000-7f5a1cacf000 r--s 00116000 08:06 13774537                   /usr/lib/jvm/java-8-openjdk-amd64/jre/lib/ext/localedata.jar
7f5a1cacf000-7f5a1cad7000 rw-s 00000000 08:06 8141365                    /tmp/hsperfdata_stefstef/13189
7f5a1cad7000-7f5a1cad8000 rw-p 00000000 00:00 0 
7f5a1cad8000-7f5a1cad9000 r--p 00000000 00:00 0 
7f5a1cad9000-7f5a1cadc000 rw-p 00000000 00:00 0 
7f5a1cadc000-7f5a1cadd000 r--p 00023000 08:06 2754986                    /lib/x86_64-linux-gnu/ld-2.24.so
7f5a1cadd000-7f5a1cade000 rw-p 00024000 08:06 2754986                    /lib/x86_64-linux-gnu/ld-2.24.so
7f5a1cade000-7f5a1cadf000 rw-p 00000000 00:00 0 
7fff07785000-7fff077a7000 rw-p 00000000 00:00 0                          [stack]
7fff077cd000-7fff077cf000 r--p 00000000 00:00 0                          [vvar]
7fff077cf000-7fff077d1000 r-xp 00000000 00:00 0                          [vdso]
ffffffffff600000-ffffffffff601000 r-xp 00000000 00:00 0                  [vsyscall]

VM Arguments:
jvm_args: -javaagent:/home/stefstef/Editors/idea-IU-172.3968.16/lib/idea_rt.jar=46395:/home/stefstef/Editors/idea-IU-172.3968.16/bin -Dfile.encoding=UTF-8 -Dawt.useSystemAAFontSettings=gasp 
java_command: com.noReasonException.Misc.Factories.ServiceFactory
java_class_path (initial): /usr/lib/jvm/java-1.8.0-openjdk-amd64/jre/lib/charsets.jar:/usr/lib/jvm/java-1.8.0-openjdk-amd64/jre/lib/ext/cldrdata.jar:/usr/lib/jvm/java-1.8.0-openjdk-amd64/jre/lib/ext/dnsns.jar:/usr/lib/jvm/java-1.8.0-openjdk-amd64/jre/lib/ext/icedtea-sound.jar:/usr/lib/jvm/java-1.8.0-openjdk-amd64/jre/lib/ext/jaccess.jar:/usr/lib/jvm/java-1.8.0-openjdk-amd64/jre/lib/ext/java-atk-wrapper.jar:/usr/lib/jvm/java-1.8.0-openjdk-amd64/jre/lib/ext/localedata.jar:/usr/lib/jvm/java-1.8.0-openjdk-amd64/jre/lib/ext/nashorn.jar:/usr/lib/jvm/java-1.8.0-openjdk-amd64/jre/lib/ext/sunec.jar:/usr/lib/jvm/java-1.8.0-openjdk-amd64/jre/lib/ext/sunjce_provider.jar:/usr/lib/jvm/java-1.8.0-openjdk-amd64/jre/lib/ext/sunpkcs11.jar:/usr/lib/jvm/java-1.8.0-openjdk-amd64/jre/lib/ext/zipfs.jar:/usr/lib/jvm/java-1.8.0-openjdk-amd64/jre/lib/jce.jar:/usr/lib/jvm/java-1.8.0-openjdk-amd64/jre/lib/jsse.jar:/usr/lib/jvm/java-1.8.0-openjdk-amd64/jre/lib/management-agent.jar:/usr/lib/jvm/java-1.8.0-openjdk-amd64/jre/lib/resources.jar:/usr/lib/jvm/java-1.8.0-openjdk-amd64/jre/lib/rt.jar:/home/stefstef/Desktop/googledrivesyncclientlinux/googleDriveSync/target/classes:/home/stefstef/.m2/repository/com/google/oauth-client/google-oauth-client-jetty/1.22.0/google-oauth-client-jetty-1.22.0.jar:/home/stefstef/.m2/repository/com/google/oauth-client/google-oauth-client-java6/1.22.0/google-oauth-client-java6-1.22.0.jar:/home/stefstef/.m2/repository/org/mortbay/jetty/jetty/6.1.26/jetty-6.1.26.jar:/home/stefstef/.m2/repository/org/mortbay/jetty/jetty-util/6.1.26/jetty-util-6.1.26.jar:/home/stefstef/.m2/repository/org/mortbay/jetty/servlet-api/2.5-20081211/servlet-api-2.5-20081211.jar:/home/stefstef/.m2/repository/com/google/api-client/google-api-client/1.22.0/google-api-client-1.22.0.jar:/home/stefstef/.m2/repository/com/google/oauth-client/google-oauth-client/1.22.0/google-oauth-client-1.22.0.jar:/home/stefstef/.m2/repository/com/google/http-client/google-http-client/1.22.0/google-http-client-1.22.
Launcher Type: SUN_STANDARD

Environment Variables:
_JAVA_OPTIONS=  -Dawt.useSystemAAFontSettings=gasp
PATH=/usr/local/bin:/usr/bin:/bin:/usr/local/games:/usr/games:/sbin:/usr/sbin
SHELL=/bin/bash
DISPLAY=:0

Signal Handlers:
SIGSEGV: [libjvm.so+0xa6f4f0], sa_mask[0]=11111111011111111101111111111110, sa_flags=SA_RESTART|SA_SIGINFO
SIGBUS: [libjvm.so+0xa6f4f0], sa_mask[0]=11111111011111111101111111111110, sa_flags=SA_RESTART|SA_SIGINFO
SIGFPE: [libjvm.so+0x8b95e0], sa_mask[0]=11111111011111111101111111111110, sa_flags=SA_RESTART|SA_SIGINFO
SIGPIPE: [libjvm.so+0x8b95e0], sa_mask[0]=11111111011111111101111111111110, sa_flags=SA_RESTART|SA_SIGINFO
SIGXFSZ: [libjvm.so+0x8b95e0], sa_mask[0]=11111111011111111101111111111110, sa_flags=SA_RESTART|SA_SIGINFO
SIGILL: [libjvm.so+0x8b95e0], sa_mask[0]=11111111011111111101111111111110, sa_flags=SA_RESTART|SA_SIGINFO
SIGUSR1: SIG_DFL, sa_mask[0]=00000000000000000000000000000000, sa_flags=none
SIGUSR2: [libjvm.so+0x8b9490], sa_mask[0]=00100000000000000000000000000000, sa_flags=SA_RESTART|SA_SIGINFO
SIGHUP: SIG_IGN, sa_mask[0]=00000000000000000000000000000000, sa_flags=none
SIGINT: [libjvm.so+0x8b9940], sa_mask[0]=11111111011111111101111111111110, sa_flags=SA_RESTART|SA_SIGINFO
SIGTERM: [libjvm.so+0x8b9940], sa_mask[0]=11111111011111111101111111111110, sa_flags=SA_RESTART|SA_SIGINFO
SIGQUIT: [libjvm.so+0x8b9940], sa_mask[0]=11111111011111111101111111111110, sa_flags=SA_RESTART|SA_SIGINFO


---------------  S Y S T E M  ---------------

OS:DISTRIB_ID=Deepin
DISTRIB_RELEASE=15.4.1
DISTRIB_DESCRIPTION="Deepin 15.4.1 "
DISTRIB_CODENAME=unstable

uname:Linux 4.9.0-deepin9-amd64 #1 SMP PREEMPT Deepin 4.9.29-4 (2017-07-17) x86_64
libc:glibc 2.24 NPTL 2.24 
rlimit: STACK 8192k, CORE 0k, NPROC 31240, NOFILE 1048576, AS infinity
load average:0,80 0,69 0,89

/proc/meminfo:
MemTotal:        8044820 kB
MemFree:          275616 kB
MemAvailable:    2535488 kB
Buffers:          158856 kB
Cached:          2828412 kB
SwapCached:            0 kB
Active:          5751140 kB
Inactive:        1578508 kB
Active(anon):    4343344 kB
Inactive(anon):   635800 kB
Active(file):    1407796 kB
Inactive(file):   942708 kB
Unevictable:          88 kB
Mlocked:              88 kB
SwapTotal:       8190972 kB
SwapFree:        8190972 kB
Dirty:              5032 kB
Writeback:             0 kB
AnonPages:       4342404 kB
Mapped:           888504 kB
Shmem:            636768 kB
Slab:             273600 kB
SReclaimable:     218276 kB
SUnreclaim:        55324 kB
KernelStack:       15012 kB
PageTables:        57976 kB
NFS_Unstable:          0 kB
Bounce:                0 kB
WritebackTmp:          0 kB
CommitLimit:    12213380 kB
Committed_AS:   11783636 kB
VmallocTotal:   34359738367 kB
VmallocUsed:           0 kB
VmallocChunk:          0 kB
HardwareCorrupted:     0 kB
AnonHugePages:      2048 kB
ShmemHugePages:        0 kB
ShmemPmdMapped:        0 kB
HugePages_Total:       0
HugePages_Free:        0
HugePages_Rsvd:        0
HugePages_Surp:        0
Hugepagesize:       2048 kB
DirectMap4k:      207476 kB
DirectMap2M:     8046592 kB
DirectMap1G:           0 kB


CPU:total 4 (initial active 4) (2 cores per cpu, 2 threads per core) family 6 model 142 stepping 9, cmov, cx8, fxsr, mmx, sse, sse2, sse3, ssse3, sse4.1, sse4.2, popcnt, avx, avx2, aes, clmul, erms, 3dnowpref, lzcnt, ht, tsc, tscinvbit, bmi1, bmi2, adx

/proc/cpuinfo:
processor	: 0
vendor_id	: GenuineIntel
cpu family	: 6
model		: 142
model name	: Intel(R) Core(TM) i7-7500U CPU @ 2.70GHz
stepping	: 9
microcode	: 0x38
cpu MHz		: 2700.000
cache size	: 4096 KB
physical id	: 0
siblings	: 4
core id		: 0
cpu cores	: 2
apicid		: 0
initial apicid	: 0
fpu		: yes
fpu_exception	: yes
cpuid level	: 22
wp		: yes
flags		: fpu vme de pse tsc msr pae mce cx8 apic sep mtrr pge mca cmov pat pse36 clflush dts acpi mmx fxsr sse sse2 ss ht tm pbe syscall nx pdpe1gb rdtscp lm constant_tsc art arch_perfmon pebs bts rep_good nopl xtopology nonstop_tsc aperfmperf eagerfpu pni pclmulqdq dtes64 monitor ds_cpl vmx est tm2 ssse3 sdbg fma cx16 xtpr pdcm pcid sse4_1 sse4_2 x2apic movbe popcnt tsc_deadline_timer aes xsave avx f16c rdrand lahf_lm abm 3dnowprefetch epb intel_pt tpr_shadow vnmi flexpriority ept vpid fsgsbase tsc_adjust bmi1 avx2 smep bmi2 erms invpcid mpx rdseed adx smap clflushopt xsaveopt xsavec xgetbv1 xsaves dtherm ida arat pln pts hwp hwp_notify hwp_act_window hwp_epp
bugs		:
bogomips	: 5808.00
clflush size	: 64
cache_alignment	: 64
address sizes	: 39 bits physical, 48 bits virtual
power management:

processor	: 1
vendor_id	: GenuineIntel
cpu family	: 6
model		: 142
model name	: Intel(R) Core(TM) i7-7500U CPU @ 2.70GHz
stepping	: 9
microcode	: 0x38
cpu MHz		: 2700.000
cache size	: 4096 KB
physical id	: 0
siblings	: 4
core id		: 1
cpu cores	: 2
apicid		: 2
initial apicid	: 2
fpu		: yes
fpu_exception	: yes
cpuid level	: 22
wp		: yes
flags		: fpu vme de pse tsc msr pae mce cx8 apic sep mtrr pge mca cmov pat pse36 clflush dts acpi mmx fxsr sse sse2 ss ht tm pbe syscall nx pdpe1gb rdtscp lm constant_tsc art arch_perfmon pebs bts rep_good nopl xtopology nonstop_tsc aperfmperf eagerfpu pni pclmulqdq dtes64 monitor ds_cpl vmx est tm2 ssse3 sdbg fma cx16 xtpr pdcm pcid sse4_1 sse4_2 x2apic movbe popcnt tsc_deadline_timer aes xsave avx f16c rdrand lahf_lm abm 3dnowprefetch epb intel_pt tpr_shadow vnmi flexpriority ept vpid fsgsbase tsc_adjust bmi1 avx2 smep bmi2 erms invpcid mpx rdseed adx smap clflushopt xsaveopt xsavec xgetbv1 xsaves dtherm ida arat pln pts hwp hwp_notify hwp_act_window hwp_epp
bugs		:
bogomips	: 5808.00
clflush size	: 64
cache_alignment	: 64
address sizes	: 39 bits physical, 48 bits virtual
power management:

processor	: 2
vendor_id	: GenuineIntel
cpu family	: 6
model		: 142
model name	: Intel(R) Core(TM) i7-7500U CPU @ 2.70GHz
stepping	: 9
microcode	: 0x38
cpu MHz		: 2700.000
cache size	: 4096 KB
physical id	: 0
siblings	: 4
core id		: 0
cpu cores	: 2
apicid		: 1
initial apicid	: 1
fpu		: yes
fpu_exception	: yes
cpuid level	: 22
wp		: yes
flags		: fpu vme de pse tsc msr pae mce cx8 apic sep mtrr pge mca cmov pat pse36 clflush dts acpi mmx fxsr sse sse2 ss ht tm pbe syscall nx pdpe1gb rdtscp lm constant_tsc art arch_perfmon pebs bts rep_good nopl xtopology nonstop_tsc aperfmperf eagerfpu pni pclmulqdq dtes64 monitor ds_cpl vmx est tm2 ssse3 sdbg fma cx16 xtpr pdcm pcid sse4_1 sse4_2 x2apic movbe popcnt tsc_deadline_timer aes xsave avx f16c rdrand lahf_lm abm 3dnowprefetch epb intel_pt tpr_shadow vnmi flexpriority ept vpid fsgsbase tsc_adjust bmi1 avx2 smep bmi2 erms invpcid mpx rdseed adx smap clflushopt xsaveopt xsavec xgetbv1 xsaves dtherm ida arat pln pts hwp hwp_notify hwp_act_window hwp_epp
bugs		:
bogomips	: 5808.00
clflush size	: 64
cache_alignment	: 64
address sizes	: 39 bits physical, 48 bits virtual
power management:

processor	: 3
vendor_id	: GenuineIntel
cpu family	: 6
model		: 142
model name	: Intel(R) Core(TM) i7-7500U CPU @ 2.70GHz
stepping	: 9
microcode	: 0x38
cpu MHz		: 2700.000
cache size	: 4096 KB
physical id	: 0
siblings	: 4
core id		: 1
cpu cores	: 2
apicid		: 3
initial apicid	: 3
fpu		: yes
fpu_exception	: yes
cpuid level	: 22
wp		: yes
flags		: fpu vme de pse tsc msr pae mce cx8 apic sep mtrr pge mca cmov pat pse36 clflush dts acpi mmx fxsr sse sse2 ss ht tm pbe syscall nx pdpe1gb rdtscp lm constant_tsc art arch_perfmon pebs bts rep_good nopl xtopology nonstop_tsc aperfmperf eagerfpu pni pclmulqdq dtes64 monitor ds_cpl vmx est tm2 ssse3 sdbg fma cx16 xtpr pdcm pcid sse4_1 sse4_2 x2apic movbe popcnt tsc_deadline_timer aes xsave avx f16c rdrand lahf_lm abm 3dnowprefetch epb intel_pt tpr_shadow vnmi flexpriority ept vpid fsgsbase tsc_adjust bmi1 avx2 smep bmi2 erms invpcid mpx rdseed adx smap clflushopt xsaveopt xsavec xgetbv1 xsaves dtherm ida arat pln pts hwp hwp_notify hwp_act_window hwp_epp
bugs		:
bogomips	: 5808.00
clflush size	: 64
cache_alignment	: 64
address sizes	: 39 bits physical, 48 bits virtual
power management:



Memory: 4k page, physical 8044820k(275788k free), swap 8190972k(8190972k free)

vm_info: OpenJDK 64-Bit Server VM (25.141-b15) for linux-amd64 JRE (1.8.0_141-8u141-b15-3-b15), built on Jul 25 2017 15:03:27 by "buildd" with gcc 6.4.0 20170704

time: Wed Oct 25 18:39:30 2017
elapsed time: 417 seconds (0d 0h 6m 57s)

