#
# A fatal error has been detected by the Java Runtime Environment:
#
#  SIGSEGV (0xb) at pc=0x00007fee9671f344, pid=4265, tid=0x00007fee74429700
#
# JRE version: OpenJDK Runtime Environment (8.0_141-b15) (build 1.8.0_141-8u141-b15-3-b15)
# Java VM: OpenJDK 64-Bit Server VM (25.141-b15 mixed mode linux-amd64 compressed oops)
# Problematic frame:
# C  [libc.so.6+0x7b344]  cfree+0x14
#
# Failed to write core dump. Core dumps have been disabled. To enable core dumping, try "ulimit -c unlimited" before starting Java again
#
# If you would like to submit a bug report, please visit:
#   http://bugreport.java.com/bugreport/crash.jsp
# The crash happened outside the Java Virtual Machine in native code.
# See problematic frame for where to report the bug.
#

---------------  T H R E A D  ---------------

Current thread (0x00007fee904fd000):  JavaThread "inotifyRequestSubmitterThread" [_thread_in_native, id=4306, stack(0x00007fee74329000,0x00007fee7442a000)]

siginfo: si_signo: 11 (SIGSEGV), si_code: 1 (SEGV_MAPERR), si_addr: 0x000000000000004d

Registers:
RAX=0x0000000000000000, RBX=0x000000000000024d, RCX=0x0000000000000055, RDX=0x0000000000000040
RSP=0x00007fee74428768, RBP=0x00007fee74428790, RSI=0x0000000000000055, RDI=0x0000000000000055
R8 =0x00007fee74426300, R9 =0x00000000d909cd80, R10=0x00007fee80bfc748, R11=0x00007fee960c37a0
R12=0x0000000000000000, R13=0x00007fee77b7a0d8, R14=0x00007fee74428930, R15=0x00007fee904fd000
RIP=0x00007fee9671f344, EFLAGS=0x0000000000010206, CSGSFS=0x002b000000000033, ERR=0x0000000000000004
  TRAPNO=0x000000000000000e

Top of Stack: (sp=0x00007fee74428768)
0x00007fee74428768:   00007fee74e97904 00007fee744287e8
0x00007fee74428778:   0000000000000040 0000000000000055
0x00007fee74428788:   00007fee7509ed60 00007fee744287c0
0x00007fee74428798:   00007fee74e96c68 00000000d9018e50
0x00007fee744287a8:   0000000000000040 0000000000000055
0x00007fee744287b8:   00007fee7509ed60 00007fee744287e0
0x00007fee744287c8:   00007fee74e96176 0000000000000055
0x00007fee744287d8:   00007fee7509ed60 00007fee74428810
0x00007fee744287e8:   00007fee74e95de7 00007fee74428830
0x00007fee744287f8:   00007fee7509ed60 00007fee7509edf0
0x00007fee74428808:   00007fee77b7a0e0 00007fee74428830
0x00007fee74428818:   00007fee74e94b8e 00007fee90492ac0
0x00007fee74428828:   00007fee7509ed60 00007fee74428850
0x00007fee74428838:   00007fee74e93f38 00000000000000fc
0x00007fee74428848:   00007fee7509ed60 00007fee74428870
0x00007fee74428858:   00007fee74e92f1d 00007fee90492cd0
0x00007fee74428868:   00007fee904f6590 00007fee744288b0
0x00007fee74428878:   00007fee74e92598 00007fee74428930
0x00007fee74428888:   00007fee904fd1e0 00007fee744288b0
0x00007fee74428898:   00007fee74e92f4e 00007fee744288a0
0x00007fee744288a8:   00007fee749cb270 00007fee74428910
0x00007fee744288b8:   00007fee80bfc774 0000000000000000
0x00007fee744288c8:   00007fee749cb288 00007fee744288d0
0x00007fee744288d8:   0000000000000000 00007fee74428930
0x00007fee744288e8:   00007fee77b7a330 0000000000000000
0x00007fee744288f8:   00007fee77b7a0e0 0000000000000000
0x00007fee74428908:   00007fee74428930 00007fee74428998
0x00007fee74428918:   00007fee80becd80 0000000000000000
0x00007fee74428928:   00007fee80bf627b 00000000d9018ea0
0x00007fee74428938:   00000000d764b498 00000000d764b498
0x00007fee74428948:   00000000d764b480 00000000d764b480
0x00007fee74428958:   00007fee74428958 00007fee77b79c6f 

Instructions: (pc=0x00007fee9671f344)
0x00007fee9671f324:   48 89 fb e9 ee fd ff ff 0f 1f 40 00 48 8b 05 c1
0x00007fee9671f334:   cb 31 00 48 8b 00 48 85 c0 75 79 48 85 ff 74 7c
0x00007fee9671f344:   48 8b 47 f8 48 8d 77 f0 a8 02 75 20 a8 04 48 8d
0x00007fee9671f354:   3d a7 d7 31 00 74 0c 48 89 f0 48 25 00 00 00 fc 

Register to memory mapping:

RAX=0x0000000000000000 is an unknown value
RBX=0x000000000000024d is an unknown value
RCX=0x0000000000000055 is an unknown value
RDX=0x0000000000000040 is an unknown value
RSP=0x00007fee74428768 is pointing into the stack for thread: 0x00007fee904fd000
RBP=0x00007fee74428790 is pointing into the stack for thread: 0x00007fee904fd000
RSI=0x0000000000000055 is an unknown value
RDI=0x0000000000000055 is an unknown value
R8 =0x00007fee74426300 is pointing into the stack for thread: 0x00007fee904fd000
R9 =0x00000000d909cd80 is an oop
java.io.FileDescriptor 
 - klass: 'java/io/FileDescriptor'
R10=0x00007fee80bfc748 is at code_begin+808 in an Interpreter codelet
method entry point (kind = native)  [0x00007fee80bfc420, 0x00007fee80bfcd20]  2304 bytes
R11=0x00007fee960c37a0: <offset 0x9647a0> in /usr/lib/jvm/java-8-openjdk-amd64/jre/lib/amd64/server/libjvm.so at 0x00007fee9575f000
R12=0x0000000000000000 is an unknown value
R13=0x00007fee77b7a0d8 is pointing into metadata
R14=0x00007fee74428930 is pointing into the stack for thread: 0x00007fee904fd000
R15=0x00007fee904fd000 is a thread


Stack: [0x00007fee74329000,0x00007fee7442a000],  sp=0x00007fee74428768,  free space=1021k
Native frames: (J=compiled Java code, j=interpreted, Vv=VM code, C=native code)
C  [libc.so.6+0x7b344]  cfree+0x14
C  [libInotifyNative.so+0x14c68]  std::allocator_traits<std::allocator<char*> >::deallocate(std::allocator<char*>&, char**, unsigned long)+0x2b
C  [libInotifyNative.so+0x14176]  std::_Deque_base<char*, std::allocator<char*> >::_M_deallocate_node(char**)+0x30
C  [libInotifyNative.so+0x13de7]  std::deque<char*, std::allocator<char*> >::_M_pop_front_aux()+0x43
C  [libInotifyNative.so+0x12b8e]  std::deque<char*, std::allocator<char*> >::pop_front()+0x5e
C  [libInotifyNative.so+0x11f38]  std::queue<char*, std::deque<char*, std::allocator<char*> > >::pop()+0x18
C  [libInotifyNative.so+0x10f1d]  getLastModifiedFile()+0x2d
C  [libInotifyNative.so+0x10598]  Java_com_noReasonException_EventGeneratable_EventGenerators_InotifyWrapper_InotifyWrapper_getLastModifiedFile+0x15
j  com.noReasonException.EventGeneratable.EventGenerators.InotifyWrapper.InotifyWrapper.getLastModifiedFile()[B+0
j  com.noReasonException.EventGeneratable.EventGenerators.InotifyWrapperEventGenerator.getLastEventOccured()Lcom/noReasonException/EventGeneratable/EventRequest/EventRequest;+23
j  com.noReasonException.EventGeneratable.EventGenerators.RequestSubmitter.RequestSubmitter.run()V+44
j  java.lang.Thread.run()V+11
v  ~StubRoutines::call_stub
V  [libjvm.so+0x666133]  JavaCalls::call_helper(JavaValue*, methodHandle*, JavaCallArguments*, Thread*)+0xf53
V  [libjvm.so+0x663697]  JavaCalls::call_virtual(JavaValue*, KlassHandle, Symbol*, Symbol*, JavaCallArguments*, Thread*)+0x297
V  [libjvm.so+0x663c77]  JavaCalls::call_virtual(JavaValue*, Handle, KlassHandle, Symbol*, Symbol*, Thread*)+0x57
V  [libjvm.so+0x6a5a64]  thread_entry(JavaThread*, Thread*)+0x84
V  [libjvm.so+0xa1355b]  JavaThread::thread_main_inner()+0x1eb
V  [libjvm.so+0xa13a1f]  JavaThread::run()+0x46f
V  [libjvm.so+0x8bb352]  java_start(Thread*)+0xf2
C  [libpthread.so.0+0x7424]  start_thread+0xc4

Java frames: (J=compiled Java code, j=interpreted, Vv=VM code)
j  com.noReasonException.EventGeneratable.EventGenerators.InotifyWrapper.InotifyWrapper.getLastModifiedFile()[B+0
j  com.noReasonException.EventGeneratable.EventGenerators.InotifyWrapperEventGenerator.getLastEventOccured()Lcom/noReasonException/EventGeneratable/EventRequest/EventRequest;+23
j  com.noReasonException.EventGeneratable.EventGenerators.RequestSubmitter.RequestSubmitter.run()V+44
j  java.lang.Thread.run()V+11
v  ~StubRoutines::call_stub

---------------  P R O C E S S  ---------------

Java Threads: ( => current thread )
  0x00007fee904fe000 JavaThread "googleRequestSubmitterThread" [_thread_in_native, id=4307, stack(0x00007fee74228000,0x00007fee74329000)]
=>0x00007fee904fd000 JavaThread "inotifyRequestSubmitterThread" [_thread_in_native, id=4306, stack(0x00007fee74329000,0x00007fee7442a000)]
  0x00007fee90326800 JavaThread "Service Thread" daemon [_thread_blocked, id=4298, stack(0x00007fee755e8000,0x00007fee756e9000)]
  0x00007fee90319800 JavaThread "C1 CompilerThread2" daemon [_thread_blocked, id=4297, stack(0x00007fee756e9000,0x00007fee757ea000)]
  0x00007fee90314800 JavaThread "C2 CompilerThread1" daemon [_thread_in_native, id=4296, stack(0x00007fee75a02000,0x00007fee75b03000)]
  0x00007fee90313000 JavaThread "C2 CompilerThread0" daemon [_thread_in_native, id=4295, stack(0x00007fee75b03000,0x00007fee75c04000)]
  0x00007fee90311800 JavaThread "Monitor Ctrl-Break" daemon [_thread_in_native, id=4294, stack(0x00007fee75c04000,0x00007fee75d05000)]
  0x00007fee90174800 JavaThread "Signal Dispatcher" daemon [_thread_blocked, id=4287, stack(0x00007fee75d37000,0x00007fee75e38000)]
  0x00007fee9014d000 JavaThread "Finalizer" daemon [_thread_blocked, id=4283, stack(0x00007fee75fd3000,0x00007fee760d4000)]
  0x00007fee90148800 JavaThread "Reference Handler" daemon [_thread_blocked, id=4282, stack(0x00007fee760d4000,0x00007fee761d5000)]
  0x00007fee9000c800 JavaThread "main" [_thread_in_Java, id=4266, stack(0x00007fee9738b000,0x00007fee9748c000)]

Other Threads:
  0x00007fee90141000 VMThread [stack: 0x00007fee761d5000,0x00007fee762d6000] [id=4279]
  0x00007fee90329000 WatcherThread [stack: 0x00007fee754e7000,0x00007fee755e8000] [id=4299]

VM state:not at safepoint (normal execution)

VM Mutex/Monitor currently owned by a thread: None

Heap:
 PSYoungGen      total 36864K, used 10974K [0x00000000d7100000, 0x00000000d9a00000, 0x0000000100000000)
  eden space 31744K, 19% used [0x00000000d7100000,0x00000000d76e8ce0,0x00000000d9000000)
  from space 5120K, 96% used [0x00000000d9000000,0x00000000d94cebd0,0x00000000d9500000)
  to   space 5120K, 0% used [0x00000000d9500000,0x00000000d9500000,0x00000000d9a00000)
 ParOldGen       total 84992K, used 16K [0x0000000085200000, 0x000000008a500000, 0x00000000d7100000)
  object space 84992K, 0% used [0x0000000085200000,0x0000000085204000,0x000000008a500000)
 Metaspace       used 10809K, capacity 11046K, committed 11264K, reserved 1058816K
  class space    used 1183K, capacity 1275K, committed 1280K, reserved 1048576K

Card table byte_map: [0x00007fee8044d000,0x00007fee80825000] byte_map_base: 0x00007fee80024000

Marking Bits: (ParMarkBitMap*) 0x00007fee966872c0
 Begin Bits: [0x00007fee7c049000, 0x00007fee7df01000)
 End Bits:   [0x00007fee7df01000, 0x00007fee7fdb9000)

Polling page: 0x00007fee974ab000

CodeCache: size=245760Kb used=3907Kb max_used=3915Kb free=241852Kb
 bounds [0x00007fee80be5000, 0x00007fee80fc5000, 0x00007fee8fbe5000]
 total_blobs=1432 nmethods=1061 adapters=286
 compilation: enabled

Compilation events (10 events):
Event: 5,298 Thread 0x00007fee90319800 1039       3       java.nio.CharBuffer::arrayOffset (35 bytes)
Event: 5,298 Thread 0x00007fee90319800 nmethod 1039 0x00007fee80fa9f10 code [0x00007fee80faa0a0, 0x00007fee80faa3b8]
Event: 5,298 Thread 0x00007fee90319800 1038       3       java.nio.charset.CoderResult::isUnderflow (13 bytes)
Event: 5,298 Thread 0x00007fee90319800 nmethod 1038 0x00007fee80faa510 code [0x00007fee80faa680, 0x00007fee80faa830]
Event: 5,298 Thread 0x00007fee90319800 1040       3       java.io.BufferedWriter::ensureOpen (18 bytes)
Event: 5,298 Thread 0x00007fee90319800 nmethod 1040 0x00007fee80faa890 code [0x00007fee80faaa00, 0x00007fee80faac48]
Event: 5,298 Thread 0x00007fee90319800 1041       1       sun.nio.cs.StreamEncoder::isOpen (5 bytes)
Event: 5,298 Thread 0x00007fee90319800 nmethod 1041 0x00007fee80faad10 code [0x00007fee80faae60, 0x00007fee80faaf70]
Event: 5,298 Thread 0x00007fee90319800 1043       3       sun.nio.cs.UTF_8$Encoder::encodeArrayLoop (489 bytes)
Event: 5,307 Thread 0x00007fee90313000 1059       4       java.lang.StringBuilder::toString (17 bytes)

GC Heap History (2 events):
Event: 0,974 GC heap before
{Heap before GC invocations=1 (full 0):
 PSYoungGen      total 36864K, used 31744K [0x00000000d7100000, 0x00000000d9a00000, 0x0000000100000000)
  eden space 31744K, 100% used [0x00000000d7100000,0x00000000d9000000,0x00000000d9000000)
  from space 5120K, 0% used [0x00000000d9500000,0x00000000d9500000,0x00000000d9a00000)
  to   space 5120K, 0% used [0x00000000d9000000,0x00000000d9000000,0x00000000d9500000)
 ParOldGen       total 84992K, used 0K [0x0000000085200000, 0x000000008a500000, 0x00000000d7100000)
  object space 84992K, 0% used [0x0000000085200000,0x0000000085200000,0x000000008a500000)
 Metaspace       used 10283K, capacity 10560K, committed 10752K, reserved 1058816K
  class space    used 1130K, capacity 1242K, committed 1280K, reserved 1048576K
Event: 0,983 GC heap after
Heap after GC invocations=1 (full 0):
 PSYoungGen      total 36864K, used 4922K [0x00000000d7100000, 0x00000000d9a00000, 0x0000000100000000)
  eden space 31744K, 0% used [0x00000000d7100000,0x00000000d7100000,0x00000000d9000000)
  from space 5120K, 96% used [0x00000000d9000000,0x00000000d94cebd0,0x00000000d9500000)
  to   space 5120K, 0% used [0x00000000d9500000,0x00000000d9500000,0x00000000d9a00000)
 ParOldGen       total 84992K, used 16K [0x0000000085200000, 0x000000008a500000, 0x00000000d7100000)
  object space 84992K, 0% used [0x0000000085200000,0x0000000085204000,0x000000008a500000)
 Metaspace       used 10283K, capacity 10560K, committed 10752K, reserved 1058816K
  class space    used 1130K, capacity 1242K, committed 1280K, reserved 1048576K
}

Deoptimization events (10 events):
Event: 0,670 Thread 0x00007fee9000c800 Uncommon trap: reason=unstable_if action=reinterpret pc=0x00007fee80d41f60 method=java.lang.CharacterData.of(I)Ljava/lang/CharacterData; @ 4
Event: 0,678 Thread 0x00007fee9000c800 Uncommon trap: reason=bimorphic action=maybe_recompile pc=0x00007fee80df4568 method=java.util.regex.Pattern$Start.match(Ljava/util/regex/Matcher;ILjava/lang/CharSequence;)Z @ 44
Event: 0,694 Thread 0x00007fee9000c800 Uncommon trap: reason=unstable_if action=reinterpret pc=0x00007fee80d5df5c method=java.lang.CharacterDataLatin1.digit(II)I @ 82
Event: 0,820 Thread 0x00007fee9000c800 Uncommon trap: reason=predicate action=maybe_recompile pc=0x00007fee80df450c method=java.util.regex.Pattern$SliceI.match(Ljava/util/regex/Matcher;ILjava/lang/CharSequence;)Z @ 21
Event: 0,914 Thread 0x00007fee9000c800 Uncommon trap: reason=unstable_if action=reinterpret pc=0x00007fee80eb4864 method=java.util.Arrays.equals([B[B)Z @ 23
Event: 0,914 Thread 0x00007fee9000c800 Uncommon trap: reason=unstable_if action=reinterpret pc=0x00007fee80e033dc method=java.lang.String.indexOf([CII[CIII)I @ 27
Event: 0,998 Thread 0x00007fee9000c800 Uncommon trap: reason=unstable_if action=reinterpret pc=0x00007fee80def158 method=java.lang.String.startsWith(Ljava/lang/String;I)Z @ 25
Event: 2,042 Thread 0x00007fee9000c800 Uncommon trap: reason=unstable_if action=reinterpret pc=0x00007fee80f64b8c method=java.util.HashMap.hash(Ljava/lang/Object;)I @ 1
Event: 2,043 Thread 0x00007fee9000c800 Uncommon trap: reason=unstable_if action=reinterpret pc=0x00007fee80df93e0 method=java.util.HashMap.hash(Ljava/lang/Object;)I @ 1
Event: 2,043 Thread 0x00007fee9000c800 Uncommon trap: reason=unstable_if action=reinterpret pc=0x00007fee80dca4e8 method=java.util.HashMap.hash(Ljava/lang/Object;)I @ 1

Internal exceptions (10 events):
Event: 0,190 Thread 0x00007fee9000c800 Exception <a 'java/security/PrivilegedActionException'> (0x00000000d779ff60) thrown at [/build/openjdk-8-qvKKlC/openjdk-8-8u141-b15/src/hotspot/src/share/vm/prims/jvm.cpp, line 1390]
Event: 0,482 Thread 0x00007fee9000c800 Exception <a 'java/lang/ArrayIndexOutOfBoundsException'> (0x00000000d7f50f70) thrown at [/build/openjdk-8-qvKKlC/openjdk-8-8u141-b15/src/hotspot/src/share/vm/runtime/sharedRuntime.cpp, line 605]
Event: 0,482 Thread 0x00007fee9000c800 Exception <a 'java/lang/ArrayIndexOutOfBoundsException'> (0x00000000d7f52ce0) thrown at [/build/openjdk-8-qvKKlC/openjdk-8-8u141-b15/src/hotspot/src/share/vm/runtime/sharedRuntime.cpp, line 605]
Event: 0,482 Thread 0x00007fee9000c800 Exception <a 'java/lang/ArrayIndexOutOfBoundsException'> (0x00000000d7f56140) thrown at [/build/openjdk-8-qvKKlC/openjdk-8-8u141-b15/src/hotspot/src/share/vm/runtime/sharedRuntime.cpp, line 605]
Event: 0,483 Thread 0x00007fee9000c800 Exception <a 'java/lang/ArrayIndexOutOfBoundsException'> (0x00000000d7f56f18) thrown at [/build/openjdk-8-qvKKlC/openjdk-8-8u141-b15/src/hotspot/src/share/vm/runtime/sharedRuntime.cpp, line 605]
Event: 0,531 Thread 0x00007fee9000c800 Exception <a 'java/lang/NoSuchFieldError': method resolution failed> (0x00000000d8144e30) thrown at [/build/openjdk-8-qvKKlC/openjdk-8-8u141-b15/src/hotspot/src/share/vm/prims/methodHandles.cpp, line 1146]
Event: 0,533 Thread 0x00007fee9000c800 Exception <a 'java/lang/NoSuchFieldError': method resolution failed> (0x00000000d8152bd8) thrown at [/build/openjdk-8-qvKKlC/openjdk-8-8u141-b15/src/hotspot/src/share/vm/prims/methodHandles.cpp, line 1146]
Event: 2,042 Thread 0x00007fee9000c800 Implicit null exception at 0x00007fee80f64975 to 0x00007fee80f64b7d
Event: 2,043 Thread 0x00007fee9000c800 Implicit null exception at 0x00007fee80df8cf9 to 0x00007fee80df93d1
Event: 2,043 Thread 0x00007fee9000c800 Implicit null exception at 0x00007fee80dca46f to 0x00007fee80dca4d9

Events (10 events):
Event: 4,712 Thread 0x00007fee3000f800 Thread added: 0x00007fee3000f800
Event: 4,712 Executing VM operation: RevokeBias
Event: 4,712 Executing VM operation: RevokeBias done
Event: 4,712 Thread 0x00007fee3000f800 Thread exited: 0x00007fee3000f800
Event: 5,295 loading class com/noReasonException/EventGeneratable/EventGenerators/InotifyWrapper/ModifiedType
Event: 5,295 loading class com/noReasonException/EventGeneratable/EventGenerators/InotifyWrapper/ModifiedType done
Event: 5,295 Thread 0x00007fee904fd000 DEOPT PACKING pc=0x00007fee80f340ec sp=0x00007fee744266f0
Event: 5,295 Thread 0x00007fee904fd000 DEOPT UNPACKING pc=0x00007fee80c2c373 sp=0x00007fee744263e8 mode 0
Event: 5,296 loading class com/noReasonException/EventGeneratable/EventRequest/EventRequest
Event: 5,296 loading class com/noReasonException/EventGeneratable/EventRequest/EventRequest done


Dynamic libraries:
85200000-8a500000 rw-p 00000000 00:00 0 
8a500000-d7100000 ---p 00000000 00:00 0 
d7100000-d9a00000 rw-p 00000000 00:00 0 
d9a00000-100000000 ---p 00000000 00:00 0 
100000000-100140000 rw-p 00000000 00:00 0 
100140000-140000000 ---p 00000000 00:00 0 
9ba4c0000-9ba4c1000 r-xp 00000000 08:06 13768332                         /usr/lib/jvm/java-8-openjdk-amd64/jre/bin/java
9ba6c0000-9ba6c1000 r--p 00000000 08:06 13768332                         /usr/lib/jvm/java-8-openjdk-amd64/jre/bin/java
9ba6c1000-9ba6c2000 rw-p 00001000 08:06 13768332                         /usr/lib/jvm/java-8-openjdk-amd64/jre/bin/java
9bae21000-9bae42000 rw-p 00000000 00:00 0                                [heap]
7fee30000000-7fee30021000 rw-p 00000000 00:00 0 
7fee30021000-7fee34000000 ---p 00000000 00:00 0 
7fee34000000-7fee34021000 rw-p 00000000 00:00 0 
7fee34021000-7fee38000000 ---p 00000000 00:00 0 
7fee38000000-7fee38021000 rw-p 00000000 00:00 0 
7fee38021000-7fee3c000000 ---p 00000000 00:00 0 
7fee3c000000-7fee3c287000 rw-p 00000000 00:00 0 
7fee3c287000-7fee40000000 ---p 00000000 00:00 0 
7fee40000000-7fee40293000 rw-p 00000000 00:00 0 
7fee40293000-7fee44000000 ---p 00000000 00:00 0 
7fee44000000-7fee44021000 rw-p 00000000 00:00 0 
7fee44021000-7fee48000000 ---p 00000000 00:00 0 
7fee48000000-7fee48270000 rw-p 00000000 00:00 0 
7fee48270000-7fee4c000000 ---p 00000000 00:00 0 
7fee4c000000-7fee4c29d000 rw-p 00000000 00:00 0 
7fee4c29d000-7fee50000000 ---p 00000000 00:00 0 
7fee50000000-7fee50021000 rw-p 00000000 00:00 0 
7fee50021000-7fee54000000 ---p 00000000 00:00 0 
7fee54000000-7fee54021000 rw-p 00000000 00:00 0 
7fee54021000-7fee58000000 ---p 00000000 00:00 0 
7fee58000000-7fee58021000 rw-p 00000000 00:00 0 
7fee58021000-7fee5c000000 ---p 00000000 00:00 0 
7fee5c000000-7fee5c021000 rw-p 00000000 00:00 0 
7fee5c021000-7fee60000000 ---p 00000000 00:00 0 
7fee60000000-7fee60021000 rw-p 00000000 00:00 0 
7fee60021000-7fee64000000 ---p 00000000 00:00 0 
7fee64000000-7fee64021000 rw-p 00000000 00:00 0 
7fee64021000-7fee68000000 ---p 00000000 00:00 0 
7fee68000000-7fee68021000 rw-p 00000000 00:00 0 
7fee68021000-7fee6c000000 ---p 00000000 00:00 0 
7fee6cfff000-7fee70000000 rw-p 00000000 00:00 0 
7fee70000000-7fee70021000 rw-p 00000000 00:00 0 
7fee70021000-7fee74000000 ---p 00000000 00:00 0 
7fee74127000-7fee7412a000 ---p 00000000 00:00 0 
7fee7412a000-7fee74228000 rw-p 00000000 00:00 0 
7fee74228000-7fee7422b000 ---p 00000000 00:00 0 
7fee7422b000-7fee74329000 rw-p 00000000 00:00 0 
7fee74329000-7fee7432c000 ---p 00000000 00:00 0 
7fee7432c000-7fee7442a000 rw-p 00000000 00:00 0 
7fee7442a000-7fee7443e000 r-xp 00000000 08:06 2755158                    /lib/x86_64-linux-gnu/libresolv-2.24.so
7fee7443e000-7fee7463d000 ---p 00014000 08:06 2755158                    /lib/x86_64-linux-gnu/libresolv-2.24.so
7fee7463d000-7fee7463e000 r--p 00013000 08:06 2755158                    /lib/x86_64-linux-gnu/libresolv-2.24.so
7fee7463e000-7fee7463f000 rw-p 00014000 08:06 2755158                    /lib/x86_64-linux-gnu/libresolv-2.24.so
7fee7463f000-7fee74641000 rw-p 00000000 00:00 0 
7fee74641000-7fee74646000 r-xp 00000000 08:06 2755105                    /lib/x86_64-linux-gnu/libnss_dns-2.24.so
7fee74646000-7fee74845000 ---p 00005000 08:06 2755105                    /lib/x86_64-linux-gnu/libnss_dns-2.24.so
7fee74845000-7fee74846000 r--p 00004000 08:06 2755105                    /lib/x86_64-linux-gnu/libnss_dns-2.24.so
7fee74846000-7fee74847000 rw-p 00005000 08:06 2755105                    /lib/x86_64-linux-gnu/libnss_dns-2.24.so
7fee74847000-7fee74a07000 rw-p 00000000 00:00 0 
7fee74a07000-7fee74a47000 ---p 00000000 00:00 0 
7fee74a47000-7fee74a4a000 r-xp 00000000 08:06 13901257                   /usr/lib/x86_64-linux-gnu/libboost_system.so.1.62.0
7fee74a4a000-7fee74c49000 ---p 00003000 08:06 13901257                   /usr/lib/x86_64-linux-gnu/libboost_system.so.1.62.0
7fee74c49000-7fee74c4a000 r--p 00002000 08:06 13901257                   /usr/lib/x86_64-linux-gnu/libboost_system.so.1.62.0
7fee74c4a000-7fee74c4b000 rw-p 00003000 08:06 13901257                   /usr/lib/x86_64-linux-gnu/libboost_system.so.1.62.0
7fee74c4b000-7fee74c63000 r-xp 00000000 08:06 13901252                   /usr/lib/x86_64-linux-gnu/libboost_filesystem.so.1.62.0
7fee74c63000-7fee74e62000 ---p 00018000 08:06 13901252                   /usr/lib/x86_64-linux-gnu/libboost_filesystem.so.1.62.0
7fee74e62000-7fee74e63000 r--p 00017000 08:06 13901252                   /usr/lib/x86_64-linux-gnu/libboost_filesystem.so.1.62.0
7fee74e63000-7fee74e64000 rw-p 00018000 08:06 13901252                   /usr/lib/x86_64-linux-gnu/libboost_filesystem.so.1.62.0
7fee74e82000-7fee74e9d000 r-xp 00000000 08:06 2622561                    /lib/libInotifyNative.so
7fee74e9d000-7fee7509d000 ---p 0001b000 08:06 2622561                    /lib/libInotifyNative.so
7fee7509d000-7fee7509e000 r--p 0001b000 08:06 2622561                    /lib/libInotifyNative.so
7fee7509e000-7fee7509f000 rw-p 0001c000 08:06 2622561                    /lib/libInotifyNative.so
7fee7509f000-7fee750c7000 r-xp 00000000 08:06 13773854                   /usr/lib/jvm/java-8-openjdk-amd64/jre/lib/amd64/libsunec.so
7fee750c7000-7fee752c7000 ---p 00028000 08:06 13773854                   /usr/lib/jvm/java-8-openjdk-amd64/jre/lib/amd64/libsunec.so
7fee752c7000-7fee752cb000 r--p 00028000 08:06 13773854                   /usr/lib/jvm/java-8-openjdk-amd64/jre/lib/amd64/libsunec.so
7fee752cb000-7fee752cc000 rw-p 0002c000 08:06 13773854                   /usr/lib/jvm/java-8-openjdk-amd64/jre/lib/amd64/libsunec.so
7fee752cc000-7fee752cf000 r--s 00015000 08:06 13774554                   /usr/lib/jvm/java-8-openjdk-amd64/jre/lib/jce.jar
7fee752cf000-7fee752d4000 r--s 0009a000 08:06 13774556                   /usr/lib/jvm/java-8-openjdk-amd64/jre/lib/jsse.jar
7fee752d4000-7fee752e5000 r-xp 00000000 08:06 13768375                   /usr/lib/jvm/java-8-openjdk-amd64/jre/lib/amd64/libnio.so
7fee752e5000-7fee754e5000 ---p 00011000 08:06 13768375                   /usr/lib/jvm/java-8-openjdk-amd64/jre/lib/amd64/libnio.so
7fee754e5000-7fee754e6000 r--p 00011000 08:06 13768375                   /usr/lib/jvm/java-8-openjdk-amd64/jre/lib/amd64/libnio.so
7fee754e6000-7fee754e7000 rw-p 00012000 08:06 13768375                   /usr/lib/jvm/java-8-openjdk-amd64/jre/lib/amd64/libnio.so
7fee754e7000-7fee754e8000 ---p 00000000 00:00 0 
7fee754e8000-7fee755e8000 rw-p 00000000 00:00 0 
7fee755e8000-7fee755eb000 ---p 00000000 00:00 0 
7fee755eb000-7fee756e9000 rw-p 00000000 00:00 0 
7fee756e9000-7fee756ec000 ---p 00000000 00:00 0 
7fee756ec000-7fee757ea000 rw-p 00000000 00:00 0 
7fee757ea000-7fee75801000 r-xp 00000000 08:06 13768374                   /usr/lib/jvm/java-8-openjdk-amd64/jre/lib/amd64/libnet.so
7fee75801000-7fee75a00000 ---p 00017000 08:06 13768374                   /usr/lib/jvm/java-8-openjdk-amd64/jre/lib/amd64/libnet.so
7fee75a00000-7fee75a01000 r--p 00016000 08:06 13768374                   /usr/lib/jvm/java-8-openjdk-amd64/jre/lib/amd64/libnet.so
7fee75a01000-7fee75a02000 rw-p 00017000 08:06 13768374                   /usr/lib/jvm/java-8-openjdk-amd64/jre/lib/amd64/libnet.so
7fee75a02000-7fee75a05000 ---p 00000000 00:00 0 
7fee75a05000-7fee75b03000 rw-p 00000000 00:00 0 
7fee75b03000-7fee75b06000 ---p 00000000 00:00 0 
7fee75b06000-7fee75c04000 rw-p 00000000 00:00 0 
7fee75c04000-7fee75c07000 ---p 00000000 00:00 0 
7fee75c07000-7fee75d05000 rw-p 00000000 00:00 0 
7fee75d05000-7fee75d07000 r--s 0001a000 08:06 5640687                    /home/stefstef/Editors/idea-IU-172.3968.16/lib/idea_rt.jar
7fee75d07000-7fee75d0b000 r--s 00019000 08:06 10096758                   /home/stefstef/.m2/repository/com/google/apis/google-api-services-drive/v3-rev76-1.22.0/google-api-services-drive-v3-rev76-1.22.0.jar
7fee75d0b000-7fee75d33000 r--s 001cf000 08:06 6697606                    /home/stefstef/.m2/repository/com/google/guava/guava-jdk5/17.0/guava-jdk5-17.0.jar
7fee75d33000-7fee75d37000 r--s 0002f000 08:06 6697602                    /home/stefstef/.m2/repository/com/fasterxml/jackson/core/jackson-core/2.1.3/jackson-core-2.1.3.jar
7fee75d37000-7fee75d3a000 ---p 00000000 00:00 0 
7fee75d3a000-7fee75e38000 rw-p 00000000 00:00 0 
7fee75e38000-7fee75fd3000 r--p 00000000 08:06 13768397                   /usr/lib/locale/locale-archive
7fee75fd3000-7fee75fd6000 ---p 00000000 00:00 0 
7fee75fd6000-7fee760d4000 rw-p 00000000 00:00 0 
7fee760d4000-7fee760d7000 ---p 00000000 00:00 0 
7fee760d7000-7fee761d5000 rw-p 00000000 00:00 0 
7fee761d5000-7fee761d6000 ---p 00000000 00:00 0 
7fee761d6000-7fee771e5000 rw-p 00000000 00:00 0 
7fee771e5000-7fee773b3000 r--s 03c15000 08:06 13774562                   /usr/lib/jvm/java-8-openjdk-amd64/jre/lib/rt.jar
7fee773b3000-7fee78000000 rw-p 00000000 00:00 0 
7fee78000000-7fee78021000 rw-p 00000000 00:00 0 
7fee78021000-7fee7c000000 ---p 00000000 00:00 0 
7fee7c001000-7fee7c002000 r--s 00001000 08:06 6697598                    /home/stefstef/.m2/repository/com/google/http-client/google-http-client-jackson2/1.22.0/google-http-client-jackson2-1.22.0.jar
7fee7c002000-7fee7c005000 r--s 00006000 08:06 6697600                    /home/stefstef/.m2/repository/com/google/code/findbugs/jsr305/1.3.9/jsr305-1.3.9.jar
7fee7c005000-7fee7c007000 r--s 0000a000 08:06 7354560                    /home/stefstef/.m2/repository/commons-codec/commons-codec/1.3/commons-codec-1.3.jar
7fee7c007000-7fee7c009000 r--s 0000d000 08:06 7354558                    /home/stefstef/.m2/repository/commons-logging/commons-logging/1.1.1/commons-logging-1.1.1.jar
7fee7c009000-7fee7c00e000 r--s 00026000 08:06 7354562                    /home/stefstef/.m2/repository/org/apache/httpcomponents/httpcore/4.0.1/httpcore-4.0.1.jar
7fee7c00e000-7fee7c016000 r--s 00040000 08:06 8006077                    /home/stefstef/.m2/repository/org/apache/httpcomponents/httpclient/4.0.1/httpclient-4.0.1.jar
7fee7c016000-7fee7c01f000 r--s 0004f000 08:06 6697597                    /home/stefstef/.m2/repository/com/google/http-client/google-http-client/1.22.0/google-http-client-1.22.0.jar
7fee7c01f000-7fee7c021000 r--s 0000d000 08:06 6558464                    /home/stefstef/.m2/repository/com/google/oauth-client/google-oauth-client/1.22.0/google-oauth-client-1.22.0.jar
7fee7c021000-7fee7c026000 r--s 0002c000 08:06 6558462                    /home/stefstef/.m2/repository/com/google/api-client/google-api-client/1.22.0/google-api-client-1.22.0.jar
7fee7c026000-7fee7c028000 r--s 0001f000 08:06 8262924                    /home/stefstef/.m2/repository/org/mortbay/jetty/servlet-api/2.5-20081211/servlet-api-2.5-20081211.jar
7fee7c028000-7fee7c02c000 r--s 00028000 08:06 9965488                    /home/stefstef/.m2/repository/org/mortbay/jetty/jetty-util/6.1.26/jetty-util-6.1.26.jar
7fee7c02c000-7fee7c033000 r--s 0007d000 08:06 9965486                    /home/stefstef/.m2/repository/org/mortbay/jetty/jetty/6.1.26/jetty-6.1.26.jar
7fee7c033000-7fee7c034000 r--s 00002000 08:06 9965484                    /home/stefstef/.m2/repository/com/google/oauth-client/google-oauth-client-java6/1.22.0/google-oauth-client-java6-1.22.0.jar
7fee7c034000-7fee7c035000 r--s 00001000 08:06 9965482                    /home/stefstef/.m2/repository/com/google/oauth-client/google-oauth-client-jetty/1.22.0/google-oauth-client-jetty-1.22.0.jar
7fee7c035000-7fee7c048000 r--s 00346000 08:06 13774561                   /usr/lib/jvm/java-8-openjdk-amd64/jre/lib/resources.jar
7fee7c048000-7fee7c049000 r--s 00000000 08:06 13774559                   /usr/lib/jvm/java-8-openjdk-amd64/jre/lib/management-agent.jar
7fee7c049000-7fee7fdb9000 rw-p 00000000 00:00 0 
7fee7fdb9000-7fee7fdba000 ---p 00000000 00:00 0 
7fee7fdba000-7fee7feba000 rw-p 00000000 00:00 0 
7fee7feba000-7fee7febb000 ---p 00000000 00:00 0 
7fee7febb000-7fee7ffbb000 rw-p 00000000 00:00 0 
7fee7ffbb000-7fee7ffbc000 ---p 00000000 00:00 0 
7fee7ffbc000-7fee800bc000 rw-p 00000000 00:00 0 
7fee800bc000-7fee800bd000 ---p 00000000 00:00 0 
7fee800bd000-7fee801e7000 rw-p 00000000 00:00 0 
7fee801e7000-7fee8044d000 ---p 00000000 00:00 0 
7fee8044d000-7fee80477000 rw-p 00000000 00:00 0 
7fee80477000-7fee806dc000 ---p 00000000 00:00 0 
7fee806dc000-7fee806f1000 rw-p 00000000 00:00 0 
7fee806f1000-7fee80824000 ---p 00000000 00:00 0 
7fee80824000-7fee80835000 rw-p 00000000 00:00 0 
7fee80835000-7fee80be5000 ---p 00000000 00:00 0 
7fee80be5000-7fee80fc5000 rwxp 00000000 00:00 0 
7fee80fc5000-7fee8fbe5000 ---p 00000000 00:00 0 
7fee8fbe5000-7fee8fbed000 r-xp 00000000 08:06 13774519                   /usr/lib/jvm/java-8-openjdk-amd64/jre/lib/amd64/libzip.so
7fee8fbed000-7fee8fdec000 ---p 00008000 08:06 13774519                   /usr/lib/jvm/java-8-openjdk-amd64/jre/lib/amd64/libzip.so
7fee8fdec000-7fee8fded000 r--p 00007000 08:06 13774519                   /usr/lib/jvm/java-8-openjdk-amd64/jre/lib/amd64/libzip.so
7fee8fded000-7fee8fdee000 rw-p 00008000 08:06 13774519                   /usr/lib/jvm/java-8-openjdk-amd64/jre/lib/amd64/libzip.so
7fee8fdee000-7fee8fdf8000 r-xp 00000000 08:06 2755107                    /lib/x86_64-linux-gnu/libnss_files-2.24.so
7fee8fdf8000-7fee8fff8000 ---p 0000a000 08:06 2755107                    /lib/x86_64-linux-gnu/libnss_files-2.24.so
7fee8fff8000-7fee8fff9000 r--p 0000a000 08:06 2755107                    /lib/x86_64-linux-gnu/libnss_files-2.24.so
7fee8fff9000-7fee8fffa000 rw-p 0000b000 08:06 2755107                    /lib/x86_64-linux-gnu/libnss_files-2.24.so
7fee8fffa000-7fee90000000 rw-p 00000000 00:00 0 
7fee90000000-7fee9063d000 rw-p 00000000 00:00 0 
7fee9063d000-7fee94000000 ---p 00000000 00:00 0 
7fee94000000-7fee94005000 r--s 0009a000 08:06 13774556                   /usr/lib/jvm/java-8-openjdk-amd64/jre/lib/jsse.jar
7fee94005000-7fee94008000 r--s 00015000 08:06 13774554                   /usr/lib/jvm/java-8-openjdk-amd64/jre/lib/jce.jar
7fee94008000-7fee9400d000 r--s 002f9000 08:06 13774523                   /usr/lib/jvm/java-8-openjdk-amd64/jre/lib/charsets.jar
7fee9400d000-7fee94028000 r--s 00394000 08:06 13774533                   /usr/lib/jvm/java-8-openjdk-amd64/jre/lib/ext/cldrdata.jar
7fee94028000-7fee94043000 r--s 001d6000 08:06 13774538                   /usr/lib/jvm/java-8-openjdk-amd64/jre/lib/ext/nashorn.jar
7fee94043000-7fee9404e000 r-xp 00000000 08:06 2755111                    /lib/x86_64-linux-gnu/libnss_nis-2.24.so
7fee9404e000-7fee9424d000 ---p 0000b000 08:06 2755111                    /lib/x86_64-linux-gnu/libnss_nis-2.24.so
7fee9424d000-7fee9424e000 r--p 0000a000 08:06 2755111                    /lib/x86_64-linux-gnu/libnss_nis-2.24.so
7fee9424e000-7fee9424f000 rw-p 0000b000 08:06 2755111                    /lib/x86_64-linux-gnu/libnss_nis-2.24.so
7fee9424f000-7fee94263000 r-xp 00000000 08:06 2755101                    /lib/x86_64-linux-gnu/libnsl-2.24.so
7fee94263000-7fee94463000 ---p 00014000 08:06 2755101                    /lib/x86_64-linux-gnu/libnsl-2.24.so
7fee94463000-7fee94464000 r--p 00014000 08:06 2755101                    /lib/x86_64-linux-gnu/libnsl-2.24.so
7fee94464000-7fee94465000 rw-p 00015000 08:06 2755101                    /lib/x86_64-linux-gnu/libnsl-2.24.so
7fee94465000-7fee94467000 rw-p 00000000 00:00 0 
7fee94467000-7fee9446e000 r-xp 00000000 08:06 2755103                    /lib/x86_64-linux-gnu/libnss_compat-2.24.so
7fee9446e000-7fee9466d000 ---p 00007000 08:06 2755103                    /lib/x86_64-linux-gnu/libnss_compat-2.24.so
7fee9466d000-7fee9466e000 r--p 00006000 08:06 2755103                    /lib/x86_64-linux-gnu/libnss_compat-2.24.so
7fee9466e000-7fee9466f000 rw-p 00007000 08:06 2755103                    /lib/x86_64-linux-gnu/libnss_compat-2.24.so
7fee9466f000-7fee94679000 r-xp 00000000 08:06 13768357                   /usr/lib/jvm/java-8-openjdk-amd64/jre/lib/amd64/libinstrument.so
7fee94679000-7fee94878000 ---p 0000a000 08:06 13768357                   /usr/lib/jvm/java-8-openjdk-amd64/jre/lib/amd64/libinstrument.so
7fee94878000-7fee94879000 r--p 00009000 08:06 13768357                   /usr/lib/jvm/java-8-openjdk-amd64/jre/lib/amd64/libinstrument.so
7fee94879000-7fee9487a000 rw-p 0000a000 08:06 13768357                   /usr/lib/jvm/java-8-openjdk-amd64/jre/lib/amd64/libinstrument.so
7fee9487a000-7fee948a7000 r-xp 00000000 08:06 13768363                   /usr/lib/jvm/java-8-openjdk-amd64/jre/lib/amd64/libjava.so
7fee948a7000-7fee94aa6000 ---p 0002d000 08:06 13768363                   /usr/lib/jvm/java-8-openjdk-amd64/jre/lib/amd64/libjava.so
7fee94aa6000-7fee94aa7000 r--p 0002c000 08:06 13768363                   /usr/lib/jvm/java-8-openjdk-amd64/jre/lib/amd64/libjava.so
7fee94aa7000-7fee94aa9000 rw-p 0002d000 08:06 13768363                   /usr/lib/jvm/java-8-openjdk-amd64/jre/lib/amd64/libjava.so
7fee94aa9000-7fee94ab8000 r-xp 00000000 08:06 13774518                   /usr/lib/jvm/java-8-openjdk-amd64/jre/lib/amd64/libverify.so
7fee94ab8000-7fee94cb8000 ---p 0000f000 08:06 13774518                   /usr/lib/jvm/java-8-openjdk-amd64/jre/lib/amd64/libverify.so
7fee94cb8000-7fee94cba000 r--p 0000f000 08:06 13774518                   /usr/lib/jvm/java-8-openjdk-amd64/jre/lib/amd64/libverify.so
7fee94cba000-7fee94cbb000 rw-p 00011000 08:06 13774518                   /usr/lib/jvm/java-8-openjdk-amd64/jre/lib/amd64/libverify.so
7fee94cbb000-7fee94cc2000 r-xp 00000000 08:06 2755160                    /lib/x86_64-linux-gnu/librt-2.24.so
7fee94cc2000-7fee94ec1000 ---p 00007000 08:06 2755160                    /lib/x86_64-linux-gnu/librt-2.24.so
7fee94ec1000-7fee94ec2000 r--p 00006000 08:06 2755160                    /lib/x86_64-linux-gnu/librt-2.24.so
7fee94ec2000-7fee94ec3000 rw-p 00007000 08:06 2755160                    /lib/x86_64-linux-gnu/librt-2.24.so
7fee94ec3000-7fee94ed9000 r-xp 00000000 08:06 2755254                    /lib/x86_64-linux-gnu/libgcc_s.so.1
7fee94ed9000-7fee950d8000 ---p 00016000 08:06 2755254                    /lib/x86_64-linux-gnu/libgcc_s.so.1
7fee950d8000-7fee950d9000 r--p 00015000 08:06 2755254                    /lib/x86_64-linux-gnu/libgcc_s.so.1
7fee950d9000-7fee950da000 rw-p 00016000 08:06 2755254                    /lib/x86_64-linux-gnu/libgcc_s.so.1
7fee950da000-7fee951dd000 r-xp 00000000 08:06 2755084                    /lib/x86_64-linux-gnu/libm-2.24.so
7fee951dd000-7fee953dc000 ---p 00103000 08:06 2755084                    /lib/x86_64-linux-gnu/libm-2.24.so
7fee953dc000-7fee953dd000 r--p 00102000 08:06 2755084                    /lib/x86_64-linux-gnu/libm-2.24.so
7fee953dd000-7fee953de000 rw-p 00103000 08:06 2755084                    /lib/x86_64-linux-gnu/libm-2.24.so
7fee953de000-7fee95550000 r-xp 00000000 08:06 13909765                   /usr/lib/x86_64-linux-gnu/libstdc++.so.6.0.24
7fee95550000-7fee95750000 ---p 00172000 08:06 13909765                   /usr/lib/x86_64-linux-gnu/libstdc++.so.6.0.24
7fee95750000-7fee9575a000 r--p 00172000 08:06 13909765                   /usr/lib/x86_64-linux-gnu/libstdc++.so.6.0.24
7fee9575a000-7fee9575c000 rw-p 0017c000 08:06 13909765                   /usr/lib/x86_64-linux-gnu/libstdc++.so.6.0.24
7fee9575c000-7fee9575f000 rw-p 00000000 00:00 0 
7fee9575f000-7fee963b8000 r-xp 00000000 08:06 13774522                   /usr/lib/jvm/java-8-openjdk-amd64/jre/lib/amd64/server/libjvm.so
7fee963b8000-7fee965b8000 ---p 00c59000 08:06 13774522                   /usr/lib/jvm/java-8-openjdk-amd64/jre/lib/amd64/server/libjvm.so
7fee965b8000-7fee9664b000 r--p 00c59000 08:06 13774522                   /usr/lib/jvm/java-8-openjdk-amd64/jre/lib/amd64/server/libjvm.so
7fee9664b000-7fee96674000 rw-p 00cec000 08:06 13774522                   /usr/lib/jvm/java-8-openjdk-amd64/jre/lib/amd64/server/libjvm.so
7fee96674000-7fee966a4000 rw-p 00000000 00:00 0 
7fee966a4000-7fee96839000 r-xp 00000000 08:06 2755012                    /lib/x86_64-linux-gnu/libc-2.24.so
7fee96839000-7fee96a38000 ---p 00195000 08:06 2755012                    /lib/x86_64-linux-gnu/libc-2.24.so
7fee96a38000-7fee96a3c000 r--p 00194000 08:06 2755012                    /lib/x86_64-linux-gnu/libc-2.24.so
7fee96a3c000-7fee96a3e000 rw-p 00198000 08:06 2755012                    /lib/x86_64-linux-gnu/libc-2.24.so
7fee96a3e000-7fee96a42000 rw-p 00000000 00:00 0 
7fee96a42000-7fee96a44000 r-xp 00000000 08:06 2755035                    /lib/x86_64-linux-gnu/libdl-2.24.so
7fee96a44000-7fee96c44000 ---p 00002000 08:06 2755035                    /lib/x86_64-linux-gnu/libdl-2.24.so
7fee96c44000-7fee96c45000 r--p 00002000 08:06 2755035                    /lib/x86_64-linux-gnu/libdl-2.24.so
7fee96c45000-7fee96c46000 rw-p 00003000 08:06 2755035                    /lib/x86_64-linux-gnu/libdl-2.24.so
7fee96c46000-7fee96c53000 r-xp 00000000 08:06 13768346                   /usr/lib/jvm/java-8-openjdk-amd64/jre/lib/amd64/jli/libjli.so
7fee96c53000-7fee96e53000 ---p 0000d000 08:06 13768346                   /usr/lib/jvm/java-8-openjdk-amd64/jre/lib/amd64/jli/libjli.so
7fee96e53000-7fee96e54000 r--p 0000d000 08:06 13768346                   /usr/lib/jvm/java-8-openjdk-amd64/jre/lib/amd64/jli/libjli.so
7fee96e54000-7fee96e55000 rw-p 0000e000 08:06 13768346                   /usr/lib/jvm/java-8-openjdk-amd64/jre/lib/amd64/jli/libjli.so
7fee96e55000-7fee96e6e000 r-xp 00000000 08:06 2755193                    /lib/x86_64-linux-gnu/libz.so.1.2.8
7fee96e6e000-7fee9706d000 ---p 00019000 08:06 2755193                    /lib/x86_64-linux-gnu/libz.so.1.2.8
7fee9706d000-7fee9706e000 r--p 00018000 08:06 2755193                    /lib/x86_64-linux-gnu/libz.so.1.2.8
7fee9706e000-7fee9706f000 rw-p 00019000 08:06 2755193                    /lib/x86_64-linux-gnu/libz.so.1.2.8
7fee9706f000-7fee97087000 r-xp 00000000 08:06 2755150                    /lib/x86_64-linux-gnu/libpthread-2.24.so
7fee97087000-7fee97286000 ---p 00018000 08:06 2755150                    /lib/x86_64-linux-gnu/libpthread-2.24.so
7fee97286000-7fee97287000 r--p 00017000 08:06 2755150                    /lib/x86_64-linux-gnu/libpthread-2.24.so
7fee97287000-7fee97288000 rw-p 00018000 08:06 2755150                    /lib/x86_64-linux-gnu/libpthread-2.24.so
7fee97288000-7fee9728c000 rw-p 00000000 00:00 0 
7fee9728c000-7fee972af000 r-xp 00000000 08:06 2754986                    /lib/x86_64-linux-gnu/ld-2.24.so
7fee972af000-7fee972b1000 r--s 00007000 08:06 14821044                   /usr/share/java/java-atk-wrapper.jar
7fee972b1000-7fee972b2000 r--s 00010000 08:06 13774542                   /usr/lib/jvm/java-8-openjdk-amd64/jre/lib/ext/zipfs.jar
7fee972b2000-7fee972b4000 r--s 00007000 08:06 14821044                   /usr/share/java/java-atk-wrapper.jar
7fee972b4000-7fee972b6000 r--s 00001000 08:06 13774534                   /usr/lib/jvm/java-8-openjdk-amd64/jre/lib/ext/dnsns.jar
7fee972b6000-7fee972bb000 r--s 0003b000 08:06 13774540                   /usr/lib/jvm/java-8-openjdk-amd64/jre/lib/ext/sunjce_provider.jar
7fee972bb000-7fee9738b000 rw-p 00000000 00:00 0 
7fee9738b000-7fee9738e000 ---p 00000000 00:00 0 
7fee9738e000-7fee9748e000 rw-p 00000000 00:00 0 
7fee9748e000-7fee9748f000 r--s 0000a000 08:06 13774536                   /usr/lib/jvm/java-8-openjdk-amd64/jre/lib/ext/jaccess.jar
7fee9748f000-7fee97493000 r--s 00037000 08:06 13774541                   /usr/lib/jvm/java-8-openjdk-amd64/jre/lib/ext/sunpkcs11.jar
7fee97493000-7fee97496000 r--s 0000f000 08:06 13774535                   /usr/lib/jvm/java-8-openjdk-amd64/jre/lib/ext/icedtea-sound.jar
7fee97496000-7fee97498000 r--s 00008000 08:06 13774539                   /usr/lib/jvm/java-8-openjdk-amd64/jre/lib/ext/sunec.jar
7fee97498000-7fee974a2000 r--s 00116000 08:06 13774537                   /usr/lib/jvm/java-8-openjdk-amd64/jre/lib/ext/localedata.jar
7fee974a2000-7fee974aa000 rw-s 00000000 08:06 8526136                    /tmp/hsperfdata_stefstef/4265
7fee974aa000-7fee974ab000 rw-p 00000000 00:00 0 
7fee974ab000-7fee974ac000 r--p 00000000 00:00 0 
7fee974ac000-7fee974af000 rw-p 00000000 00:00 0 
7fee974af000-7fee974b0000 r--p 00023000 08:06 2754986                    /lib/x86_64-linux-gnu/ld-2.24.so
7fee974b0000-7fee974b1000 rw-p 00024000 08:06 2754986                    /lib/x86_64-linux-gnu/ld-2.24.so
7fee974b1000-7fee974b2000 rw-p 00000000 00:00 0 
7ffd983cb000-7ffd983ed000 rw-p 00000000 00:00 0                          [stack]
7ffd983fc000-7ffd983fe000 r--p 00000000 00:00 0                          [vvar]
7ffd983fe000-7ffd98400000 r-xp 00000000 00:00 0                          [vdso]
ffffffffff600000-ffffffffff601000 r-xp 00000000 00:00 0                  [vsyscall]

VM Arguments:
jvm_args: -javaagent:/home/stefstef/Editors/idea-IU-172.3968.16/lib/idea_rt.jar=46883:/home/stefstef/Editors/idea-IU-172.3968.16/bin -Dfile.encoding=UTF-8 -Dawt.useSystemAAFontSettings=gasp 
java_command: com.noReasonException.Misc.Factories.ServiceFactory
java_class_path (initial): /usr/lib/jvm/java-1.8.0-openjdk-amd64/jre/lib/charsets.jar:/usr/lib/jvm/java-1.8.0-openjdk-amd64/jre/lib/ext/cldrdata.jar:/usr/lib/jvm/java-1.8.0-openjdk-amd64/jre/lib/ext/dnsns.jar:/usr/lib/jvm/java-1.8.0-openjdk-amd64/jre/lib/ext/icedtea-sound.jar:/usr/lib/jvm/java-1.8.0-openjdk-amd64/jre/lib/ext/jaccess.jar:/usr/lib/jvm/java-1.8.0-openjdk-amd64/jre/lib/ext/java-atk-wrapper.jar:/usr/lib/jvm/java-1.8.0-openjdk-amd64/jre/lib/ext/localedata.jar:/usr/lib/jvm/java-1.8.0-openjdk-amd64/jre/lib/ext/nashorn.jar:/usr/lib/jvm/java-1.8.0-openjdk-amd64/jre/lib/ext/sunec.jar:/usr/lib/jvm/java-1.8.0-openjdk-amd64/jre/lib/ext/sunjce_provider.jar:/usr/lib/jvm/java-1.8.0-openjdk-amd64/jre/lib/ext/sunpkcs11.jar:/usr/lib/jvm/java-1.8.0-openjdk-amd64/jre/lib/ext/zipfs.jar:/usr/lib/jvm/java-1.8.0-openjdk-amd64/jre/lib/jce.jar:/usr/lib/jvm/java-1.8.0-openjdk-amd64/jre/lib/jsse.jar:/usr/lib/jvm/java-1.8.0-openjdk-amd64/jre/lib/management-agent.jar:/usr/lib/jvm/java-1.8.0-openjdk-amd64/jre/lib/resources.jar:/usr/lib/jvm/java-1.8.0-openjdk-amd64/jre/lib/rt.jar:/home/stefstef/Desktop/googledrivesyncclientlinux/googleDriveSync/target/classes:/home/stefstef/.m2/repository/com/google/oauth-client/google-oauth-client-jetty/1.22.0/google-oauth-client-jetty-1.22.0.jar:/home/stefstef/.m2/repository/com/google/oauth-client/google-oauth-client-java6/1.22.0/google-oauth-client-java6-1.22.0.jar:/home/stefstef/.m2/repository/org/mortbay/jetty/jetty/6.1.26/jetty-6.1.26.jar:/home/stefstef/.m2/repository/org/mortbay/jetty/jetty-util/6.1.26/jetty-util-6.1.26.jar:/home/stefstef/.m2/repository/org/mortbay/jetty/servlet-api/2.5-20081211/servlet-api-2.5-20081211.jar:/home/stefstef/.m2/repository/com/google/api-client/google-api-client/1.22.0/google-api-client-1.22.0.jar:/home/stefstef/.m2/repository/com/google/oauth-client/google-oauth-client/1.22.0/google-oauth-client-1.22.0.jar:/home/stefstef/.m2/repository/com/google/http-client/google-http-client/1.22.0/google-http-client-1.22.
Launcher Type: SUN_STANDARD

Environment Variables:
_JAVA_OPTIONS=  -Dawt.useSystemAAFontSettings=gasp
PATH=/usr/local/bin:/usr/bin:/bin:/usr/local/games:/usr/games:/sbin:/usr/sbin
SHELL=/bin/bash
DISPLAY=:0

Signal Handlers:
SIGSEGV: [libjvm.so+0xa6f4f0], sa_mask[0]=11111111011111111101111111111110, sa_flags=SA_RESTART|SA_SIGINFO
SIGBUS: [libjvm.so+0xa6f4f0], sa_mask[0]=11111111011111111101111111111110, sa_flags=SA_RESTART|SA_SIGINFO
SIGFPE: [libjvm.so+0x8b95e0], sa_mask[0]=11111111011111111101111111111110, sa_flags=SA_RESTART|SA_SIGINFO
SIGPIPE: [libjvm.so+0x8b95e0], sa_mask[0]=11111111011111111101111111111110, sa_flags=SA_RESTART|SA_SIGINFO
SIGXFSZ: [libjvm.so+0x8b95e0], sa_mask[0]=11111111011111111101111111111110, sa_flags=SA_RESTART|SA_SIGINFO
SIGILL: [libjvm.so+0x8b95e0], sa_mask[0]=11111111011111111101111111111110, sa_flags=SA_RESTART|SA_SIGINFO
SIGUSR1: SIG_DFL, sa_mask[0]=00000000000000000000000000000000, sa_flags=none
SIGUSR2: [libjvm.so+0x8b9490], sa_mask[0]=00100000000000000000000000000000, sa_flags=SA_RESTART|SA_SIGINFO
SIGHUP: SIG_IGN, sa_mask[0]=00000000000000000000000000000000, sa_flags=none
SIGINT: [libjvm.so+0x8b9940], sa_mask[0]=11111111011111111101111111111110, sa_flags=SA_RESTART|SA_SIGINFO
SIGTERM: [libjvm.so+0x8b9940], sa_mask[0]=11111111011111111101111111111110, sa_flags=SA_RESTART|SA_SIGINFO
SIGQUIT: [libjvm.so+0x8b9940], sa_mask[0]=11111111011111111101111111111110, sa_flags=SA_RESTART|SA_SIGINFO


---------------  S Y S T E M  ---------------

OS:DISTRIB_ID=Deepin
DISTRIB_RELEASE=15.4.1
DISTRIB_DESCRIPTION="Deepin 15.4.1 "
DISTRIB_CODENAME=unstable

uname:Linux 4.9.0-deepin9-amd64 #1 SMP PREEMPT Deepin 4.9.29-4 (2017-07-17) x86_64
libc:glibc 2.24 NPTL 2.24 
rlimit: STACK 8192k, CORE 0k, NPROC 31240, NOFILE 1048576, AS infinity
load average:0,59 0,52 0,61

/proc/meminfo:
MemTotal:        8044820 kB
MemFree:         1362076 kB
MemAvailable:    3626672 kB
Buffers:          127332 kB
Cached:          2754400 kB
SwapCached:            0 kB
Active:          4371052 kB
Inactive:        1893296 kB
Active(anon):    3391716 kB
Inactive(anon):   508016 kB
Active(file):     979336 kB
Inactive(file):  1385280 kB
Unevictable:          88 kB
Mlocked:              88 kB
SwapTotal:       8190972 kB
SwapFree:        8190972 kB
Dirty:              2128 kB
Writeback:             0 kB
AnonPages:       3382776 kB
Mapped:           714404 kB
Shmem:            517112 kB
Slab:             259732 kB
SReclaimable:     208888 kB
SUnreclaim:        50844 kB
KernelStack:       13192 kB
PageTables:        51540 kB
NFS_Unstable:          0 kB
Bounce:                0 kB
WritebackTmp:          0 kB
CommitLimit:    12213380 kB
Committed_AS:    9295828 kB
VmallocTotal:   34359738367 kB
VmallocUsed:           0 kB
VmallocChunk:          0 kB
HardwareCorrupted:     0 kB
AnonHugePages:         0 kB
ShmemHugePages:        0 kB
ShmemPmdMapped:        0 kB
HugePages_Total:       0
HugePages_Free:        0
HugePages_Rsvd:        0
HugePages_Surp:        0
Hugepagesize:       2048 kB
DirectMap4k:      164468 kB
DirectMap2M:     8089600 kB
DirectMap1G:           0 kB


CPU:total 4 (initial active 4) (2 cores per cpu, 2 threads per core) family 6 model 142 stepping 9, cmov, cx8, fxsr, mmx, sse, sse2, sse3, ssse3, sse4.1, sse4.2, popcnt, avx, avx2, aes, clmul, erms, 3dnowpref, lzcnt, ht, tsc, tscinvbit, bmi1, bmi2, adx

/proc/cpuinfo:
processor	: 0
vendor_id	: GenuineIntel
cpu family	: 6
model		: 142
model name	: Intel(R) Core(TM) i7-7500U CPU @ 2.70GHz
stepping	: 9
microcode	: 0x38
cpu MHz		: 2700.000
cache size	: 4096 KB
physical id	: 0
siblings	: 4
core id		: 0
cpu cores	: 2
apicid		: 0
initial apicid	: 0
fpu		: yes
fpu_exception	: yes
cpuid level	: 22
wp		: yes
flags		: fpu vme de pse tsc msr pae mce cx8 apic sep mtrr pge mca cmov pat pse36 clflush dts acpi mmx fxsr sse sse2 ss ht tm pbe syscall nx pdpe1gb rdtscp lm constant_tsc art arch_perfmon pebs bts rep_good nopl xtopology nonstop_tsc aperfmperf eagerfpu pni pclmulqdq dtes64 monitor ds_cpl vmx est tm2 ssse3 sdbg fma cx16 xtpr pdcm pcid sse4_1 sse4_2 x2apic movbe popcnt tsc_deadline_timer aes xsave avx f16c rdrand lahf_lm abm 3dnowprefetch epb intel_pt tpr_shadow vnmi flexpriority ept vpid fsgsbase tsc_adjust bmi1 avx2 smep bmi2 erms invpcid mpx rdseed adx smap clflushopt xsaveopt xsavec xgetbv1 xsaves dtherm ida arat pln pts hwp hwp_notify hwp_act_window hwp_epp
bugs		:
bogomips	: 5808.00
clflush size	: 64
cache_alignment	: 64
address sizes	: 39 bits physical, 48 bits virtual
power management:

processor	: 1
vendor_id	: GenuineIntel
cpu family	: 6
model		: 142
model name	: Intel(R) Core(TM) i7-7500U CPU @ 2.70GHz
stepping	: 9
microcode	: 0x38
cpu MHz		: 2700.000
cache size	: 4096 KB
physical id	: 0
siblings	: 4
core id		: 1
cpu cores	: 2
apicid		: 2
initial apicid	: 2
fpu		: yes
fpu_exception	: yes
cpuid level	: 22
wp		: yes
flags		: fpu vme de pse tsc msr pae mce cx8 apic sep mtrr pge mca cmov pat pse36 clflush dts acpi mmx fxsr sse sse2 ss ht tm pbe syscall nx pdpe1gb rdtscp lm constant_tsc art arch_perfmon pebs bts rep_good nopl xtopology nonstop_tsc aperfmperf eagerfpu pni pclmulqdq dtes64 monitor ds_cpl vmx est tm2 ssse3 sdbg fma cx16 xtpr pdcm pcid sse4_1 sse4_2 x2apic movbe popcnt tsc_deadline_timer aes xsave avx f16c rdrand lahf_lm abm 3dnowprefetch epb intel_pt tpr_shadow vnmi flexpriority ept vpid fsgsbase tsc_adjust bmi1 avx2 smep bmi2 erms invpcid mpx rdseed adx smap clflushopt xsaveopt xsavec xgetbv1 xsaves dtherm ida arat pln pts hwp hwp_notify hwp_act_window hwp_epp
bugs		:
bogomips	: 5808.00
clflush size	: 64
cache_alignment	: 64
address sizes	: 39 bits physical, 48 bits virtual
power management:

processor	: 2
vendor_id	: GenuineIntel
cpu family	: 6
model		: 142
model name	: Intel(R) Core(TM) i7-7500U CPU @ 2.70GHz
stepping	: 9
microcode	: 0x38
cpu MHz		: 2700.000
cache size	: 4096 KB
physical id	: 0
siblings	: 4
core id		: 0
cpu cores	: 2
apicid		: 1
initial apicid	: 1
fpu		: yes
fpu_exception	: yes
cpuid level	: 22
wp		: yes
flags		: fpu vme de pse tsc msr pae mce cx8 apic sep mtrr pge mca cmov pat pse36 clflush dts acpi mmx fxsr sse sse2 ss ht tm pbe syscall nx pdpe1gb rdtscp lm constant_tsc art arch_perfmon pebs bts rep_good nopl xtopology nonstop_tsc aperfmperf eagerfpu pni pclmulqdq dtes64 monitor ds_cpl vmx est tm2 ssse3 sdbg fma cx16 xtpr pdcm pcid sse4_1 sse4_2 x2apic movbe popcnt tsc_deadline_timer aes xsave avx f16c rdrand lahf_lm abm 3dnowprefetch epb intel_pt tpr_shadow vnmi flexpriority ept vpid fsgsbase tsc_adjust bmi1 avx2 smep bmi2 erms invpcid mpx rdseed adx smap clflushopt xsaveopt xsavec xgetbv1 xsaves dtherm ida arat pln pts hwp hwp_notify hwp_act_window hwp_epp
bugs		:
bogomips	: 5808.00
clflush size	: 64
cache_alignment	: 64
address sizes	: 39 bits physical, 48 bits virtual
power management:

processor	: 3
vendor_id	: GenuineIntel
cpu family	: 6
model		: 142
model name	: Intel(R) Core(TM) i7-7500U CPU @ 2.70GHz
stepping	: 9
microcode	: 0x38
cpu MHz		: 2700.000
cache size	: 4096 KB
physical id	: 0
siblings	: 4
core id		: 1
cpu cores	: 2
apicid		: 3
initial apicid	: 3
fpu		: yes
fpu_exception	: yes
cpuid level	: 22
wp		: yes
flags		: fpu vme de pse tsc msr pae mce cx8 apic sep mtrr pge mca cmov pat pse36 clflush dts acpi mmx fxsr sse sse2 ss ht tm pbe syscall nx pdpe1gb rdtscp lm constant_tsc art arch_perfmon pebs bts rep_good nopl xtopology nonstop_tsc aperfmperf eagerfpu pni pclmulqdq dtes64 monitor ds_cpl vmx est tm2 ssse3 sdbg fma cx16 xtpr pdcm pcid sse4_1 sse4_2 x2apic movbe popcnt tsc_deadline_timer aes xsave avx f16c rdrand lahf_lm abm 3dnowprefetch epb intel_pt tpr_shadow vnmi flexpriority ept vpid fsgsbase tsc_adjust bmi1 avx2 smep bmi2 erms invpcid mpx rdseed adx smap clflushopt xsaveopt xsavec xgetbv1 xsaves dtherm ida arat pln pts hwp hwp_notify hwp_act_window hwp_epp
bugs		:
bogomips	: 5808.00
clflush size	: 64
cache_alignment	: 64
address sizes	: 39 bits physical, 48 bits virtual
power management:



Memory: 4k page, physical 8044820k(1362076k free), swap 8190972k(8190972k free)

vm_info: OpenJDK 64-Bit Server VM (25.141-b15) for linux-amd64 JRE (1.8.0_141-8u141-b15-3-b15), built on Jul 25 2017 15:03:27 by "buildd" with gcc 6.4.0 20170704

time: Wed Oct 25 09:41:25 2017
elapsed time: 5 seconds (0d 0h 0m 5s)

