#
# A fatal error has been detected by the Java Runtime Environment:
#
#  SIGSEGV (0xb) at pc=0x00007fe32a65f344, pid=3494, tid=0x00007fe30c36a700
#
# JRE version: OpenJDK Runtime Environment (8.0_141-b15) (build 1.8.0_141-8u141-b15-3-b15)
# Java VM: OpenJDK 64-Bit Server VM (25.141-b15 mixed mode linux-amd64 compressed oops)
# Problematic frame:
# C  [libc.so.6+0x7b344]  cfree+0x14
#
# Failed to write core dump. Core dumps have been disabled. To enable core dumping, try "ulimit -c unlimited" before starting Java again
#
# If you would like to submit a bug report, please visit:
#   http://bugreport.java.com/bugreport/crash.jsp
# The crash happened outside the Java Virtual Machine in native code.
# See problematic frame for where to report the bug.
#

---------------  T H R E A D  ---------------

Current thread (0x00007fe32450f000):  JavaThread "inotifyRequestSubmitterThread" [_thread_in_native, id=3562, stack(0x00007fe30c26a000,0x00007fe30c36b000)]

siginfo: si_signo: 11 (SIGSEGV), si_code: 128 (SI_KERNEL), si_addr: 0x0000000000000000

Registers:
RAX=0x0000000000000000, RBX=0x1a000000020017f8, RCX=0x1a00000002001600, RDX=0x0000000000000040
RSP=0x00007fe30c369768, RBP=0x00007fe30c369790, RSI=0x1a00000002001600, RDI=0x1a00000002001600
R8 =0x00007fe30fab80e0, R9 =0x0000000000000006, R10=0x00007fe3149f0748, R11=0x00007fe32a0037a0
R12=0x0000000000000000, R13=0x00007fe30fab80d8, R14=0x00007fe30c369930, R15=0x00007fe32450f000
RIP=0x00007fe32a65f344, EFLAGS=0x0000000000010206, CSGSFS=0x002b000000000033, ERR=0x0000000000000000
  TRAPNO=0x000000000000000d

Top of Stack: (sp=0x00007fe30c369768)
0x00007fe30c369768:   00007fe30cdd85fa 00007fe30c369880
0x00007fe30c369778:   0000000000000040 1a00000002001600
0x00007fe30c369788:   00007fe30cfdfd60 00007fe30c3697c0
0x00007fe30c369798:   00007fe30cdd795e 00007fe30c8fcdf8
0x00007fe30c3697a8:   0000000000000040 1a00000002001600
0x00007fe30c3697b8:   00007fe30cfdfd60 00007fe30c3697e0
0x00007fe30c3697c8:   00007fe30cdd6e6c 1a00000002001600
0x00007fe30c3697d8:   00007fe30cfdfd60 00007fe30c369810
0x00007fe30c3697e8:   00007fe30cdd6add 00007fe30c369830
0x00007fe30c3697f8:   00007fe30cfdfd60 00007fe30c369910
0x00007fe30c369808:   00007fe30fab80e0 00007fe30c369830
0x00007fe30c369818:   00007fe30cdd5884 00007fe3244731d0
0x00007fe30c369828:   00007fe30cfdfd60 00007fe30c369850
0x00007fe30c369838:   00007fe30cdd4c2e 00007fe30c369930
0x00007fe30c369848:   00007fe30cfdfd60 00007fe30c369870
0x00007fe30c369858:   00007fe30cdd3c12 0000000000000000
0x00007fe30c369868:   00007fe324508bc0 00007fe30c3698b0
0x00007fe30c369878:   00007fe30cdd971d 00007fe30c369930
0x00007fe30c369888:   00007fe32450f1e0 00007fe30c3698b0
0x00007fe30c369898:   b54b56e899626e00 00007fe30fab80e0
0x00007fe30c3698a8:   0000000000000000 00007fe30c369910
0x00007fe30c3698b8:   00007fe3149f0774 0000000000000000
0x00007fe30c3698c8:   00007fe3149f0c95 00007fe30c3698d0
0x00007fe30c3698d8:   00007fe30fab80d8 00007fe30c369930
0x00007fe30c3698e8:   00007fe30fab8330 0000000000000000
0x00007fe30c3698f8:   00007fe30fab80e0 0000000000000000
0x00007fe30c369908:   00007fe30c369930 00007fe30c369998
0x00007fe30c369918:   00007fe3149e0d80 0000000000000000
0x00007fe30c369928:   00007fe3149ea27b 00000000d908a308
0x00007fe30c369938:   00000000d73a9c88 00000000d73a9c88
0x00007fe30c369948:   00000000d73a9c70 00000000d73a9c70
0x00007fe30c369958:   00007fe30c369958 00007fe30fab7c6f 

Instructions: (pc=0x00007fe32a65f344)
0x00007fe32a65f324:   48 89 fb e9 ee fd ff ff 0f 1f 40 00 48 8b 05 c1
0x00007fe32a65f334:   cb 31 00 48 8b 00 48 85 c0 75 79 48 85 ff 74 7c
0x00007fe32a65f344:   48 8b 47 f8 48 8d 77 f0 a8 02 75 20 a8 04 48 8d
0x00007fe32a65f354:   3d a7 d7 31 00 74 0c 48 89 f0 48 25 00 00 00 fc 

Register to memory mapping:

RAX=0x0000000000000000 is an unknown value
RBX=0x1a000000020017f8 is an unknown value
RCX=0x1a00000002001600 is an unknown value
RDX=0x0000000000000040 is an unknown value
RSP=0x00007fe30c369768 is pointing into the stack for thread: 0x00007fe32450f000
RBP=0x00007fe30c369790 is pointing into the stack for thread: 0x00007fe32450f000
RSI=0x1a00000002001600 is an unknown value
RDI=0x1a00000002001600 is an unknown value
R8 ={method} {0x00007fe30fab80e0} 'getLastModifiedFile' '()[B' in 'com/noReasonException/EventGeneratable/EventGenerators/InotifyWrapper/InotifyWrapper'
R9 =0x0000000000000006 is an unknown value
R10=0x00007fe3149f0748 is at code_begin+808 in an Interpreter codelet
method entry point (kind = native)  [0x00007fe3149f0420, 0x00007fe3149f0d20]  2304 bytes
R11=0x00007fe32a0037a0: <offset 0x9647a0> in /usr/lib/jvm/java-8-openjdk-amd64/jre/lib/amd64/server/libjvm.so at 0x00007fe32969f000
R12=0x0000000000000000 is an unknown value
R13=0x00007fe30fab80d8 is pointing into metadata
R14=0x00007fe30c369930 is pointing into the stack for thread: 0x00007fe32450f000
R15=0x00007fe32450f000 is a thread


Stack: [0x00007fe30c26a000,0x00007fe30c36b000],  sp=0x00007fe30c369768,  free space=1021k
Native frames: (J=compiled Java code, j=interpreted, Vv=VM code, C=native code)
C  [libc.so.6+0x7b344]  cfree+0x14
C  [libInotifyNative.so+0x1495e]  std::allocator_traits<std::allocator<char*> >::deallocate(std::allocator<char*>&, char**, unsigned long)+0x2b
C  [libInotifyNative.so+0x13e6c]  std::_Deque_base<char*, std::allocator<char*> >::_M_deallocate_node(char**)+0x30
C  [libInotifyNative.so+0x13add]  std::deque<char*, std::allocator<char*> >::_M_pop_front_aux()+0x43
C  [libInotifyNative.so+0x12884]  std::deque<char*, std::allocator<char*> >::pop_front()+0x5e
C  [libInotifyNative.so+0x11c2e]  std::queue<char*, std::deque<char*, std::allocator<char*> > >::pop()+0x18
C  [libInotifyNative.so+0x10c12]  getLastModifiedFile()+0x2d
C  [libInotifyNative.so+0x1671d]  Java_com_noReasonException_EventGeneratable_EventGenerators_InotifyWrapper_InotifyWrapper_getLastModifiedFile+0x15
j  com.noReasonException.EventGeneratable.EventGenerators.InotifyWrapper.InotifyWrapper.getLastModifiedFile()[B+0
j  com.noReasonException.EventGeneratable.EventGenerators.InotifyWrapperEventGenerator.getLastEventOccured()Lcom/noReasonException/EventGeneratable/EventRequest/EventRequest;+23
j  com.noReasonException.EventGeneratable.EventGenerators.RequestSubmitter.RequestSubmitter.run()V+44
j  java.lang.Thread.run()V+11
v  ~StubRoutines::call_stub
V  [libjvm.so+0x666133]  JavaCalls::call_helper(JavaValue*, methodHandle*, JavaCallArguments*, Thread*)+0xf53
V  [libjvm.so+0x663697]  JavaCalls::call_virtual(JavaValue*, KlassHandle, Symbol*, Symbol*, JavaCallArguments*, Thread*)+0x297
V  [libjvm.so+0x663c77]  JavaCalls::call_virtual(JavaValue*, Handle, KlassHandle, Symbol*, Symbol*, Thread*)+0x57
V  [libjvm.so+0x6a5a64]  thread_entry(JavaThread*, Thread*)+0x84
V  [libjvm.so+0xa1355b]  JavaThread::thread_main_inner()+0x1eb
V  [libjvm.so+0xa13a1f]  JavaThread::run()+0x46f
V  [libjvm.so+0x8bb352]  java_start(Thread*)+0xf2
C  [libpthread.so.0+0x7424]  start_thread+0xc4

Java frames: (J=compiled Java code, j=interpreted, Vv=VM code)
j  com.noReasonException.EventGeneratable.EventGenerators.InotifyWrapper.InotifyWrapper.getLastModifiedFile()[B+0
j  com.noReasonException.EventGeneratable.EventGenerators.InotifyWrapperEventGenerator.getLastEventOccured()Lcom/noReasonException/EventGeneratable/EventRequest/EventRequest;+23
j  com.noReasonException.EventGeneratable.EventGenerators.RequestSubmitter.RequestSubmitter.run()V+44
j  java.lang.Thread.run()V+11
v  ~StubRoutines::call_stub

---------------  P R O C E S S  ---------------

Java Threads: ( => current thread )
  0x00007fe32450f800 JavaThread "googleRequestSubmitterThread" [_thread_in_native, id=3563, stack(0x00007fe30c169000,0x00007fe30c26a000)]
=>0x00007fe32450f000 JavaThread "inotifyRequestSubmitterThread" [_thread_in_native, id=3562, stack(0x00007fe30c26a000,0x00007fe30c36b000)]
  0x00007fe32431c000 JavaThread "Service Thread" daemon [_thread_blocked, id=3528, stack(0x00007fe30d529000,0x00007fe30d62a000)]
  0x00007fe324319800 JavaThread "C1 CompilerThread2" daemon [_thread_in_native, id=3527, stack(0x00007fe30d62a000,0x00007fe30d72b000)]
  0x00007fe324314800 JavaThread "C2 CompilerThread1" daemon [_thread_blocked, id=3526, stack(0x00007fe30d72b000,0x00007fe30d82c000)]
  0x00007fe324313000 JavaThread "C2 CompilerThread0" daemon [_thread_blocked, id=3525, stack(0x00007fe30da44000,0x00007fe30db45000)]
  0x00007fe324311800 JavaThread "Monitor Ctrl-Break" daemon [_thread_in_native, id=3524, stack(0x00007fe30db45000,0x00007fe30dc46000)]
  0x00007fe324174800 JavaThread "Signal Dispatcher" daemon [_thread_blocked, id=3518, stack(0x00007fe30dceb000,0x00007fe30ddec000)]
  0x00007fe32414d000 JavaThread "Finalizer" daemon [_thread_blocked, id=3514, stack(0x00007fe30df87000,0x00007fe30e088000)]
  0x00007fe324148800 JavaThread "Reference Handler" daemon [_thread_blocked, id=3513, stack(0x00007fe30e088000,0x00007fe30e189000)]
  0x00007fe32400c800 JavaThread "main" [_thread_in_Java, id=3496, stack(0x00007fe32b2cb000,0x00007fe32b3cc000)]

Other Threads:
  0x00007fe324141000 VMThread [stack: 0x00007fe30e189000,0x00007fe30e28a000] [id=3510]
  0x00007fe32431f000 WatcherThread [stack: 0x00007fe30d428000,0x00007fe30d529000] [id=3529]

VM state:not at safepoint (normal execution)

VM Mutex/Monitor currently owned by a thread: None

Heap:
 PSYoungGen      total 36864K, used 14244K [0x00000000d7100000, 0x00000000d9a00000, 0x0000000100000000)
  eden space 31744K, 29% used [0x00000000d7100000,0x00000000d7a0a130,0x00000000d9000000)
  from space 5120K, 97% used [0x00000000d9000000,0x00000000d94df060,0x00000000d9500000)
  to   space 5120K, 0% used [0x00000000d9500000,0x00000000d9500000,0x00000000d9a00000)
 ParOldGen       total 84992K, used 8K [0x0000000085200000, 0x000000008a500000, 0x00000000d7100000)
  object space 84992K, 0% used [0x0000000085200000,0x0000000085202000,0x000000008a500000)
 Metaspace       used 10788K, capacity 11058K, committed 11264K, reserved 1058816K
  class space    used 1184K, capacity 1277K, committed 1280K, reserved 1048576K

Card table byte_map: [0x00007fe314241000,0x00007fe314619000] byte_map_base: 0x00007fe313e18000

Marking Bits: (ParMarkBitMap*) 0x00007fe32a5c72c0
 Begin Bits: [0x00007fe30ff3e000, 0x00007fe311df6000)
 End Bits:   [0x00007fe311df6000, 0x00007fe313cae000)

Polling page: 0x00007fe32b3eb000

CodeCache: size=245760Kb used=3760Kb max_used=3760Kb free=241999Kb
 bounds [0x00007fe3149d9000, 0x00007fe314d99000, 0x00007fe3239d9000]
 total_blobs=1422 nmethods=1051 adapters=286
 compilation: enabled

Compilation events (10 events):
Event: 17,130 Thread 0x00007fe324313000 1041       4       sun.reflect.UTF8::utf8Length (81 bytes)
Event: 17,135 Thread 0x00007fe324313000 nmethod 1041 0x00007fe314d7af90 code [0x00007fe314d7b0e0, 0x00007fe314d7b2f8]
Event: 17,137 Thread 0x00007fe324314800 nmethod 1040 0x00007fe314d7b590 code [0x00007fe314d7b7a0, 0x00007fe314d7c270]
Event: 17,364 Thread 0x00007fe324319800 1044       3       java.nio.CharBuffer::arrayOffset (35 bytes)
Event: 17,364 Thread 0x00007fe324319800 nmethod 1044 0x00007fe314d7dcd0 code [0x00007fe314d7de60, 0x00007fe314d7e178]
Event: 17,364 Thread 0x00007fe324319800 1045       1       java.nio.charset.Charset::name (5 bytes)
Event: 17,364 Thread 0x00007fe324319800 nmethod 1045 0x00007fe314d698d0 code [0x00007fe314d69a20, 0x00007fe314d69b30]
Event: 17,367 Thread 0x00007fe324319800 1046       3       sun.nio.cs.UTF_8$Encoder::encodeArrayLoop (489 bytes)
Event: 17,378 Thread 0x00007fe324319800 nmethod 1046 0x00007fe314d80f10 code [0x00007fe314d81480, 0x00007fe314d84b08]
Event: 17,378 Thread 0x00007fe324319800 1047   !   3       java.lang.StringCoding::decode (120 bytes)

GC Heap History (2 events):
Event: 11,515 GC heap before
{Heap before GC invocations=1 (full 0):
 PSYoungGen      total 36864K, used 31744K [0x00000000d7100000, 0x00000000d9a00000, 0x0000000100000000)
  eden space 31744K, 100% used [0x00000000d7100000,0x00000000d9000000,0x00000000d9000000)
  from space 5120K, 0% used [0x00000000d9500000,0x00000000d9500000,0x00000000d9a00000)
  to   space 5120K, 0% used [0x00000000d9000000,0x00000000d9000000,0x00000000d9500000)
 ParOldGen       total 84992K, used 0K [0x0000000085200000, 0x000000008a500000, 0x00000000d7100000)
  object space 84992K, 0% used [0x0000000085200000,0x0000000085200000,0x000000008a500000)
 Metaspace       used 10246K, capacity 10496K, committed 10752K, reserved 1058816K
  class space    used 1130K, capacity 1242K, committed 1280K, reserved 1048576K
Event: 11,523 GC heap after
Heap after GC invocations=1 (full 0):
 PSYoungGen      total 36864K, used 4988K [0x00000000d7100000, 0x00000000d9a00000, 0x0000000100000000)
  eden space 31744K, 0% used [0x00000000d7100000,0x00000000d7100000,0x00000000d9000000)
  from space 5120K, 97% used [0x00000000d9000000,0x00000000d94df060,0x00000000d9500000)
  to   space 5120K, 0% used [0x00000000d9500000,0x00000000d9500000,0x00000000d9a00000)
 ParOldGen       total 84992K, used 8K [0x0000000085200000, 0x000000008a500000, 0x00000000d7100000)
  object space 84992K, 0% used [0x0000000085200000,0x0000000085202000,0x000000008a500000)
 Metaspace       used 10246K, capacity 10496K, committed 10752K, reserved 1058816K
  class space    used 1130K, capacity 1242K, committed 1280K, reserved 1048576K
}

Deoptimization events (10 events):
Event: 0,891 Thread 0x00007fe32400c800 Uncommon trap: reason=unstable_if action=reinterpret pc=0x00007fe314b3c660 method=java.lang.CharacterData.of(I)Ljava/lang/CharacterData; @ 4
Event: 0,899 Thread 0x00007fe32400c800 Uncommon trap: reason=bimorphic action=maybe_recompile pc=0x00007fe314be9484 method=java.util.regex.Pattern$Start.match(Ljava/util/regex/Matcher;ILjava/lang/CharSequence;)Z @ 44
Event: 0,918 Thread 0x00007fe32400c800 Uncommon trap: reason=unstable_if action=reinterpret pc=0x00007fe314b5445c method=java.lang.CharacterDataLatin1.digit(II)I @ 82
Event: 11,038 Thread 0x00007fe32400c800 Uncommon trap: reason=predicate action=maybe_recompile pc=0x00007fe314be9428 method=java.util.regex.Pattern$SliceI.match(Ljava/util/regex/Matcher;ILjava/lang/CharSequence;)Z @ 21
Event: 11,473 Thread 0x00007fe32400c800 Uncommon trap: reason=unstable_if action=reinterpret pc=0x00007fe314c91fe4 method=java.util.Arrays.equals([B[B)Z @ 23
Event: 11,473 Thread 0x00007fe32400c800 Uncommon trap: reason=unstable_if action=reinterpret pc=0x00007fe314bdfb1c method=java.lang.String.indexOf([CII[CIII)I @ 27
Event: 11,528 Thread 0x00007fe32400c800 Uncommon trap: reason=unstable_if action=reinterpret pc=0x00007fe314c16f98 method=java.lang.String.startsWith(Ljava/lang/String;I)Z @ 25
Event: 11,807 Thread 0x00007fe32400c800 Uncommon trap: reason=unstable_if action=reinterpret pc=0x00007fe314c00820 method=java.util.HashMap.hash(Ljava/lang/Object;)I @ 1
Event: 11,807 Thread 0x00007fe32400c800 Uncommon trap: reason=unstable_if action=reinterpret pc=0x00007fe314bce468 method=java.util.HashMap.hash(Ljava/lang/Object;)I @ 1
Event: 11,810 Thread 0x00007fe32400c800 Uncommon trap: reason=unstable_if action=reinterpret pc=0x00007fe314ccdaf8 method=java.util.regex.Matcher.reset()Ljava/util/regex/Matcher; @ 47

Internal exceptions (10 events):
Event: 0,285 Thread 0x00007fe32400c800 Exception <a 'java/security/PrivilegedActionException'> (0x00000000d779e858) thrown at [/build/openjdk-8-qvKKlC/openjdk-8-8u141-b15/src/hotspot/src/share/vm/prims/jvm.cpp, line 1390]
Event: 0,285 Thread 0x00007fe32400c800 Exception <a 'java/security/PrivilegedActionException'> (0x00000000d779ea68) thrown at [/build/openjdk-8-qvKKlC/openjdk-8-8u141-b15/src/hotspot/src/share/vm/prims/jvm.cpp, line 1390]
Event: 0,607 Thread 0x00007fe32400c800 Exception <a 'java/lang/ArrayIndexOutOfBoundsException'> (0x00000000d7f4f218) thrown at [/build/openjdk-8-qvKKlC/openjdk-8-8u141-b15/src/hotspot/src/share/vm/runtime/sharedRuntime.cpp, line 605]
Event: 0,608 Thread 0x00007fe32400c800 Exception <a 'java/lang/ArrayIndexOutOfBoundsException'> (0x00000000d7f50f88) thrown at [/build/openjdk-8-qvKKlC/openjdk-8-8u141-b15/src/hotspot/src/share/vm/runtime/sharedRuntime.cpp, line 605]
Event: 0,608 Thread 0x00007fe32400c800 Exception <a 'java/lang/ArrayIndexOutOfBoundsException'> (0x00000000d7f543e8) thrown at [/build/openjdk-8-qvKKlC/openjdk-8-8u141-b15/src/hotspot/src/share/vm/runtime/sharedRuntime.cpp, line 605]
Event: 0,608 Thread 0x00007fe32400c800 Exception <a 'java/lang/ArrayIndexOutOfBoundsException'> (0x00000000d7f551c0) thrown at [/build/openjdk-8-qvKKlC/openjdk-8-8u141-b15/src/hotspot/src/share/vm/runtime/sharedRuntime.cpp, line 605]
Event: 0,697 Thread 0x00007fe32400c800 Exception <a 'java/lang/NoSuchFieldError': method resolution failed> (0x00000000d8142d48) thrown at [/build/openjdk-8-qvKKlC/openjdk-8-8u141-b15/src/hotspot/src/share/vm/prims/methodHandles.cpp, line 1146]
Event: 0,699 Thread 0x00007fe32400c800 Exception <a 'java/lang/NoSuchFieldError': method resolution failed> (0x00000000d8150af0) thrown at [/build/openjdk-8-qvKKlC/openjdk-8-8u141-b15/src/hotspot/src/share/vm/prims/methodHandles.cpp, line 1146]
Event: 11,807 Thread 0x00007fe32400c800 Implicit null exception at 0x00007fe314c00139 to 0x00007fe314c00811
Event: 11,807 Thread 0x00007fe32400c800 Implicit null exception at 0x00007fe314bce3ef to 0x00007fe314bce459

Events (10 events):
Event: 15,732 Thread 0x00007fe32450f800 DEOPT PACKING pc=0x00007fe314d3a00c sp=0x00007fe30c2677f0
Event: 15,732 Thread 0x00007fe32450f800 DEOPT UNPACKING pc=0x00007fe314a20373 sp=0x00007fe30c2674d0 mode 0
Event: 17,126 Thread 0x00007fe2cc011800 Thread added: 0x00007fe2cc011800
Event: 17,126 Executing VM operation: RevokeBias
Event: 17,126 Executing VM operation: RevokeBias done
Event: 17,126 Thread 0x00007fe2cc011800 Thread exited: 0x00007fe2cc011800
Event: 17,363 loading class com/noReasonException/EventGeneratable/EventGenerators/InotifyWrapper/ModifiedType
Event: 17,363 loading class com/noReasonException/EventGeneratable/EventGenerators/InotifyWrapper/ModifiedType done
Event: 17,363 loading class com/noReasonException/EventGeneratable/EventRequest/EventRequest
Event: 17,363 loading class com/noReasonException/EventGeneratable/EventRequest/EventRequest done


Dynamic libraries:
85200000-8a500000 rw-p 00000000 00:00 0 
8a500000-d7100000 ---p 00000000 00:00 0 
d7100000-d9a00000 rw-p 00000000 00:00 0 
d9a00000-100000000 ---p 00000000 00:00 0 
100000000-100140000 rw-p 00000000 00:00 0 
100140000-140000000 ---p 00000000 00:00 0 
2262929000-226292a000 r-xp 00000000 08:06 13768332                       /usr/lib/jvm/java-8-openjdk-amd64/jre/bin/java
2262b29000-2262b2a000 r--p 00000000 08:06 13768332                       /usr/lib/jvm/java-8-openjdk-amd64/jre/bin/java
2262b2a000-2262b2b000 rw-p 00001000 08:06 13768332                       /usr/lib/jvm/java-8-openjdk-amd64/jre/bin/java
2264398000-22643b9000 rw-p 00000000 00:00 0                              [heap]
7fe2c0000000-7fe2c0021000 rw-p 00000000 00:00 0 
7fe2c0021000-7fe2c4000000 ---p 00000000 00:00 0 
7fe2c8000000-7fe2c8287000 rw-p 00000000 00:00 0 
7fe2c8287000-7fe2cc000000 ---p 00000000 00:00 0 
7fe2cc000000-7fe2cc021000 rw-p 00000000 00:00 0 
7fe2cc021000-7fe2d0000000 ---p 00000000 00:00 0 
7fe2d0000000-7fe2d0021000 rw-p 00000000 00:00 0 
7fe2d0021000-7fe2d4000000 ---p 00000000 00:00 0 
7fe2d4000000-7fe2d4021000 rw-p 00000000 00:00 0 
7fe2d4021000-7fe2d8000000 ---p 00000000 00:00 0 
7fe2d8000000-7fe2d8262000 rw-p 00000000 00:00 0 
7fe2d8262000-7fe2dc000000 ---p 00000000 00:00 0 
7fe2dc000000-7fe2dc3d9000 rw-p 00000000 00:00 0 
7fe2dc3d9000-7fe2e0000000 ---p 00000000 00:00 0 
7fe2e0000000-7fe2e02e8000 rw-p 00000000 00:00 0 
7fe2e02e8000-7fe2e4000000 ---p 00000000 00:00 0 
7fe2e4fff000-7fe2e8000000 rw-p 00000000 00:00 0 
7fe2e8000000-7fe2e8021000 rw-p 00000000 00:00 0 
7fe2e8021000-7fe2ec000000 ---p 00000000 00:00 0 
7fe2ec000000-7fe2ec021000 rw-p 00000000 00:00 0 
7fe2ec021000-7fe2f0000000 ---p 00000000 00:00 0 
7fe2f0000000-7fe2f0021000 rw-p 00000000 00:00 0 
7fe2f0021000-7fe2f4000000 ---p 00000000 00:00 0 
7fe2f4000000-7fe2f4021000 rw-p 00000000 00:00 0 
7fe2f4021000-7fe2f8000000 ---p 00000000 00:00 0 
7fe2f8000000-7fe2f8021000 rw-p 00000000 00:00 0 
7fe2f8021000-7fe2fc000000 ---p 00000000 00:00 0 
7fe2fc000000-7fe2fc021000 rw-p 00000000 00:00 0 
7fe2fc021000-7fe300000000 ---p 00000000 00:00 0 
7fe300000000-7fe300021000 rw-p 00000000 00:00 0 
7fe300021000-7fe304000000 ---p 00000000 00:00 0 
7fe304000000-7fe304021000 rw-p 00000000 00:00 0 
7fe304021000-7fe308000000 ---p 00000000 00:00 0 
7fe308000000-7fe308021000 rw-p 00000000 00:00 0 
7fe308021000-7fe30c000000 ---p 00000000 00:00 0 
7fe30c068000-7fe30c06b000 ---p 00000000 00:00 0 
7fe30c06b000-7fe30c169000 rw-p 00000000 00:00 0 
7fe30c169000-7fe30c16c000 ---p 00000000 00:00 0 
7fe30c16c000-7fe30c26a000 rw-p 00000000 00:00 0 
7fe30c26a000-7fe30c26d000 ---p 00000000 00:00 0 
7fe30c26d000-7fe30c36b000 rw-p 00000000 00:00 0 
7fe30c36b000-7fe30c37f000 r-xp 00000000 08:06 2755158                    /lib/x86_64-linux-gnu/libresolv-2.24.so
7fe30c37f000-7fe30c57e000 ---p 00014000 08:06 2755158                    /lib/x86_64-linux-gnu/libresolv-2.24.so
7fe30c57e000-7fe30c57f000 r--p 00013000 08:06 2755158                    /lib/x86_64-linux-gnu/libresolv-2.24.so
7fe30c57f000-7fe30c580000 rw-p 00014000 08:06 2755158                    /lib/x86_64-linux-gnu/libresolv-2.24.so
7fe30c580000-7fe30c582000 rw-p 00000000 00:00 0 
7fe30c582000-7fe30c587000 r-xp 00000000 08:06 2755105                    /lib/x86_64-linux-gnu/libnss_dns-2.24.so
7fe30c587000-7fe30c786000 ---p 00005000 08:06 2755105                    /lib/x86_64-linux-gnu/libnss_dns-2.24.so
7fe30c786000-7fe30c787000 r--p 00004000 08:06 2755105                    /lib/x86_64-linux-gnu/libnss_dns-2.24.so
7fe30c787000-7fe30c788000 rw-p 00005000 08:06 2755105                    /lib/x86_64-linux-gnu/libnss_dns-2.24.so
7fe30c788000-7fe30c948000 rw-p 00000000 00:00 0 
7fe30c948000-7fe30c988000 ---p 00000000 00:00 0 
7fe30c988000-7fe30c98b000 r-xp 00000000 08:06 13901257                   /usr/lib/x86_64-linux-gnu/libboost_system.so.1.62.0
7fe30c98b000-7fe30cb8a000 ---p 00003000 08:06 13901257                   /usr/lib/x86_64-linux-gnu/libboost_system.so.1.62.0
7fe30cb8a000-7fe30cb8b000 r--p 00002000 08:06 13901257                   /usr/lib/x86_64-linux-gnu/libboost_system.so.1.62.0
7fe30cb8b000-7fe30cb8c000 rw-p 00003000 08:06 13901257                   /usr/lib/x86_64-linux-gnu/libboost_system.so.1.62.0
7fe30cb8c000-7fe30cba4000 r-xp 00000000 08:06 13901252                   /usr/lib/x86_64-linux-gnu/libboost_filesystem.so.1.62.0
7fe30cba4000-7fe30cda3000 ---p 00018000 08:06 13901252                   /usr/lib/x86_64-linux-gnu/libboost_filesystem.so.1.62.0
7fe30cda3000-7fe30cda4000 r--p 00017000 08:06 13901252                   /usr/lib/x86_64-linux-gnu/libboost_filesystem.so.1.62.0
7fe30cda4000-7fe30cda5000 rw-p 00018000 08:06 13901252                   /usr/lib/x86_64-linux-gnu/libboost_filesystem.so.1.62.0
7fe30cdc3000-7fe30cdde000 r-xp 00000000 08:06 2622561                    /lib/libInotifyNative.so
7fe30cdde000-7fe30cfde000 ---p 0001b000 08:06 2622561                    /lib/libInotifyNative.so
7fe30cfde000-7fe30cfdf000 r--p 0001b000 08:06 2622561                    /lib/libInotifyNative.so
7fe30cfdf000-7fe30cfe0000 rw-p 0001c000 08:06 2622561                    /lib/libInotifyNative.so
7fe30cfe0000-7fe30d008000 r-xp 00000000 08:06 13773854                   /usr/lib/jvm/java-8-openjdk-amd64/jre/lib/amd64/libsunec.so
7fe30d008000-7fe30d208000 ---p 00028000 08:06 13773854                   /usr/lib/jvm/java-8-openjdk-amd64/jre/lib/amd64/libsunec.so
7fe30d208000-7fe30d20c000 r--p 00028000 08:06 13773854                   /usr/lib/jvm/java-8-openjdk-amd64/jre/lib/amd64/libsunec.so
7fe30d20c000-7fe30d20d000 rw-p 0002c000 08:06 13773854                   /usr/lib/jvm/java-8-openjdk-amd64/jre/lib/amd64/libsunec.so
7fe30d20d000-7fe30d210000 r--s 00015000 08:06 13774554                   /usr/lib/jvm/java-8-openjdk-amd64/jre/lib/jce.jar
7fe30d210000-7fe30d215000 r--s 0009a000 08:06 13774556                   /usr/lib/jvm/java-8-openjdk-amd64/jre/lib/jsse.jar
7fe30d215000-7fe30d226000 r-xp 00000000 08:06 13768375                   /usr/lib/jvm/java-8-openjdk-amd64/jre/lib/amd64/libnio.so
7fe30d226000-7fe30d426000 ---p 00011000 08:06 13768375                   /usr/lib/jvm/java-8-openjdk-amd64/jre/lib/amd64/libnio.so
7fe30d426000-7fe30d427000 r--p 00011000 08:06 13768375                   /usr/lib/jvm/java-8-openjdk-amd64/jre/lib/amd64/libnio.so
7fe30d427000-7fe30d428000 rw-p 00012000 08:06 13768375                   /usr/lib/jvm/java-8-openjdk-amd64/jre/lib/amd64/libnio.so
7fe30d428000-7fe30d429000 ---p 00000000 00:00 0 
7fe30d429000-7fe30d529000 rw-p 00000000 00:00 0 
7fe30d529000-7fe30d52c000 ---p 00000000 00:00 0 
7fe30d52c000-7fe30d62a000 rw-p 00000000 00:00 0 
7fe30d62a000-7fe30d62d000 ---p 00000000 00:00 0 
7fe30d62d000-7fe30d72b000 rw-p 00000000 00:00 0 
7fe30d72b000-7fe30d72e000 ---p 00000000 00:00 0 
7fe30d72e000-7fe30d82c000 rw-p 00000000 00:00 0 
7fe30d82c000-7fe30d843000 r-xp 00000000 08:06 13768374                   /usr/lib/jvm/java-8-openjdk-amd64/jre/lib/amd64/libnet.so
7fe30d843000-7fe30da42000 ---p 00017000 08:06 13768374                   /usr/lib/jvm/java-8-openjdk-amd64/jre/lib/amd64/libnet.so
7fe30da42000-7fe30da43000 r--p 00016000 08:06 13768374                   /usr/lib/jvm/java-8-openjdk-amd64/jre/lib/amd64/libnet.so
7fe30da43000-7fe30da44000 rw-p 00017000 08:06 13768374                   /usr/lib/jvm/java-8-openjdk-amd64/jre/lib/amd64/libnet.so
7fe30da44000-7fe30da47000 ---p 00000000 00:00 0 
7fe30da47000-7fe30db45000 rw-p 00000000 00:00 0 
7fe30db45000-7fe30db48000 ---p 00000000 00:00 0 
7fe30db48000-7fe30dc46000 rw-p 00000000 00:00 0 
7fe30dc46000-7fe30dc48000 r--s 0001a000 08:06 5640687                    /home/stefstef/Editors/idea-IU-172.3968.16/lib/idea_rt.jar
7fe30dc48000-7fe30dc4c000 r--s 00019000 08:06 10096758                   /home/stefstef/.m2/repository/com/google/apis/google-api-services-drive/v3-rev76-1.22.0/google-api-services-drive-v3-rev76-1.22.0.jar
7fe30dc4c000-7fe30dc74000 r--s 001cf000 08:06 6697606                    /home/stefstef/.m2/repository/com/google/guava/guava-jdk5/17.0/guava-jdk5-17.0.jar
7fe30dc74000-7fe30dc78000 r--s 0002f000 08:06 6697602                    /home/stefstef/.m2/repository/com/fasterxml/jackson/core/jackson-core/2.1.3/jackson-core-2.1.3.jar
7fe30dc78000-7fe30dc7b000 r--s 00006000 08:06 6697600                    /home/stefstef/.m2/repository/com/google/code/findbugs/jsr305/1.3.9/jsr305-1.3.9.jar
7fe30dc7b000-7fe30dc7d000 r--s 0000a000 08:06 7354560                    /home/stefstef/.m2/repository/commons-codec/commons-codec/1.3/commons-codec-1.3.jar
7fe30dc7d000-7fe30dc7f000 r--s 0000d000 08:06 7354558                    /home/stefstef/.m2/repository/commons-logging/commons-logging/1.1.1/commons-logging-1.1.1.jar
7fe30dc7f000-7fe30dc84000 r--s 00026000 08:06 7354562                    /home/stefstef/.m2/repository/org/apache/httpcomponents/httpcore/4.0.1/httpcore-4.0.1.jar
7fe30dc84000-7fe30dc8c000 r--s 00040000 08:06 8006077                    /home/stefstef/.m2/repository/org/apache/httpcomponents/httpclient/4.0.1/httpclient-4.0.1.jar
7fe30dc8c000-7fe30dc95000 r--s 0004f000 08:06 6697597                    /home/stefstef/.m2/repository/com/google/http-client/google-http-client/1.22.0/google-http-client-1.22.0.jar
7fe30dc95000-7fe30dc97000 r--s 0000d000 08:06 6558464                    /home/stefstef/.m2/repository/com/google/oauth-client/google-oauth-client/1.22.0/google-oauth-client-1.22.0.jar
7fe30dc97000-7fe30dc9c000 r--s 0002c000 08:06 6558462                    /home/stefstef/.m2/repository/com/google/api-client/google-api-client/1.22.0/google-api-client-1.22.0.jar
7fe30dc9c000-7fe30dc9e000 r--s 0001f000 08:06 8262924                    /home/stefstef/.m2/repository/org/mortbay/jetty/servlet-api/2.5-20081211/servlet-api-2.5-20081211.jar
7fe30dc9e000-7fe30dca2000 r--s 00028000 08:06 9965488                    /home/stefstef/.m2/repository/org/mortbay/jetty/jetty-util/6.1.26/jetty-util-6.1.26.jar
7fe30dca2000-7fe30dcb5000 r--s 00346000 08:06 13774561                   /usr/lib/jvm/java-8-openjdk-amd64/jre/lib/resources.jar
7fe30dcb5000-7fe30dcd0000 r--s 00394000 08:06 13774533                   /usr/lib/jvm/java-8-openjdk-amd64/jre/lib/ext/cldrdata.jar
7fe30dcd0000-7fe30dceb000 r--s 001d6000 08:06 13774538                   /usr/lib/jvm/java-8-openjdk-amd64/jre/lib/ext/nashorn.jar
7fe30dceb000-7fe30dcee000 ---p 00000000 00:00 0 
7fe30dcee000-7fe30ddec000 rw-p 00000000 00:00 0 
7fe30ddec000-7fe30df87000 r--p 00000000 08:06 13768397                   /usr/lib/locale/locale-archive
7fe30df87000-7fe30df8a000 ---p 00000000 00:00 0 
7fe30df8a000-7fe30e088000 rw-p 00000000 00:00 0 
7fe30e088000-7fe30e08b000 ---p 00000000 00:00 0 
7fe30e08b000-7fe30e189000 rw-p 00000000 00:00 0 
7fe30e189000-7fe30e18a000 ---p 00000000 00:00 0 
7fe30e18a000-7fe30f199000 rw-p 00000000 00:00 0 
7fe30f199000-7fe30f367000 r--s 03c15000 08:06 13774562                   /usr/lib/jvm/java-8-openjdk-amd64/jre/lib/rt.jar
7fe30f367000-7fe313cae000 rw-p 00000000 00:00 0 
7fe313cae000-7fe313caf000 ---p 00000000 00:00 0 
7fe313caf000-7fe313daf000 rw-p 00000000 00:00 0 
7fe313daf000-7fe313db0000 ---p 00000000 00:00 0 
7fe313db0000-7fe313eb0000 rw-p 00000000 00:00 0 
7fe313eb0000-7fe313eb1000 ---p 00000000 00:00 0 
7fe313eb1000-7fe313fdb000 rw-p 00000000 00:00 0 
7fe313fdb000-7fe314241000 ---p 00000000 00:00 0 
7fe314241000-7fe31426b000 rw-p 00000000 00:00 0 
7fe31426b000-7fe3144d0000 ---p 00000000 00:00 0 
7fe3144d0000-7fe3144e5000 rw-p 00000000 00:00 0 
7fe3144e5000-7fe314618000 ---p 00000000 00:00 0 
7fe314618000-7fe314628000 rw-p 00000000 00:00 0 
7fe314628000-7fe3149d9000 ---p 00000000 00:00 0 
7fe3149d9000-7fe314d99000 rwxp 00000000 00:00 0 
7fe314d99000-7fe3239d9000 ---p 00000000 00:00 0 
7fe3239d9000-7fe3239e1000 r-xp 00000000 08:06 13774519                   /usr/lib/jvm/java-8-openjdk-amd64/jre/lib/amd64/libzip.so
7fe3239e1000-7fe323be0000 ---p 00008000 08:06 13774519                   /usr/lib/jvm/java-8-openjdk-amd64/jre/lib/amd64/libzip.so
7fe323be0000-7fe323be1000 r--p 00007000 08:06 13774519                   /usr/lib/jvm/java-8-openjdk-amd64/jre/lib/amd64/libzip.so
7fe323be1000-7fe323be2000 rw-p 00008000 08:06 13774519                   /usr/lib/jvm/java-8-openjdk-amd64/jre/lib/amd64/libzip.so
7fe323be2000-7fe323bec000 r-xp 00000000 08:06 2755107                    /lib/x86_64-linux-gnu/libnss_files-2.24.so
7fe323bec000-7fe323dec000 ---p 0000a000 08:06 2755107                    /lib/x86_64-linux-gnu/libnss_files-2.24.so
7fe323dec000-7fe323ded000 r--p 0000a000 08:06 2755107                    /lib/x86_64-linux-gnu/libnss_files-2.24.so
7fe323ded000-7fe323dee000 rw-p 0000b000 08:06 2755107                    /lib/x86_64-linux-gnu/libnss_files-2.24.so
7fe323dee000-7fe323df4000 rw-p 00000000 00:00 0 
7fe323df4000-7fe323dff000 r-xp 00000000 08:06 2755111                    /lib/x86_64-linux-gnu/libnss_nis-2.24.so
7fe323dff000-7fe323ffe000 ---p 0000b000 08:06 2755111                    /lib/x86_64-linux-gnu/libnss_nis-2.24.so
7fe323ffe000-7fe323fff000 r--p 0000a000 08:06 2755111                    /lib/x86_64-linux-gnu/libnss_nis-2.24.so
7fe323fff000-7fe324000000 rw-p 0000b000 08:06 2755111                    /lib/x86_64-linux-gnu/libnss_nis-2.24.so
7fe324000000-7fe3245ec000 rw-p 00000000 00:00 0 
7fe3245ec000-7fe328000000 ---p 00000000 00:00 0 
7fe328000000-7fe328001000 r--s 00001000 08:06 6697598                    /home/stefstef/.m2/repository/com/google/http-client/google-http-client-jackson2/1.22.0/google-http-client-jackson2-1.22.0.jar
7fe328001000-7fe328008000 r--s 0007d000 08:06 9965486                    /home/stefstef/.m2/repository/org/mortbay/jetty/jetty/6.1.26/jetty-6.1.26.jar
7fe328008000-7fe328009000 r--s 00002000 08:06 9965484                    /home/stefstef/.m2/repository/com/google/oauth-client/google-oauth-client-java6/1.22.0/google-oauth-client-java6-1.22.0.jar
7fe328009000-7fe32800a000 r--s 00001000 08:06 9965482                    /home/stefstef/.m2/repository/com/google/oauth-client/google-oauth-client-jetty/1.22.0/google-oauth-client-jetty-1.22.0.jar
7fe32800a000-7fe32800b000 r--s 00000000 08:06 13774559                   /usr/lib/jvm/java-8-openjdk-amd64/jre/lib/management-agent.jar
7fe32800b000-7fe328010000 r--s 0009a000 08:06 13774556                   /usr/lib/jvm/java-8-openjdk-amd64/jre/lib/jsse.jar
7fe328010000-7fe328013000 r--s 00015000 08:06 13774554                   /usr/lib/jvm/java-8-openjdk-amd64/jre/lib/jce.jar
7fe328013000-7fe328018000 r--s 002f9000 08:06 13774523                   /usr/lib/jvm/java-8-openjdk-amd64/jre/lib/charsets.jar
7fe328018000-7fe32808e000 rw-p 00000000 00:00 0 
7fe32808e000-7fe32808f000 ---p 00000000 00:00 0 
7fe32808f000-7fe32818f000 rw-p 00000000 00:00 0 
7fe32818f000-7fe3281a3000 r-xp 00000000 08:06 2755101                    /lib/x86_64-linux-gnu/libnsl-2.24.so
7fe3281a3000-7fe3283a3000 ---p 00014000 08:06 2755101                    /lib/x86_64-linux-gnu/libnsl-2.24.so
7fe3283a3000-7fe3283a4000 r--p 00014000 08:06 2755101                    /lib/x86_64-linux-gnu/libnsl-2.24.so
7fe3283a4000-7fe3283a5000 rw-p 00015000 08:06 2755101                    /lib/x86_64-linux-gnu/libnsl-2.24.so
7fe3283a5000-7fe3283a7000 rw-p 00000000 00:00 0 
7fe3283a7000-7fe3283ae000 r-xp 00000000 08:06 2755103                    /lib/x86_64-linux-gnu/libnss_compat-2.24.so
7fe3283ae000-7fe3285ad000 ---p 00007000 08:06 2755103                    /lib/x86_64-linux-gnu/libnss_compat-2.24.so
7fe3285ad000-7fe3285ae000 r--p 00006000 08:06 2755103                    /lib/x86_64-linux-gnu/libnss_compat-2.24.so
7fe3285ae000-7fe3285af000 rw-p 00007000 08:06 2755103                    /lib/x86_64-linux-gnu/libnss_compat-2.24.so
7fe3285af000-7fe3285b9000 r-xp 00000000 08:06 13768357                   /usr/lib/jvm/java-8-openjdk-amd64/jre/lib/amd64/libinstrument.so
7fe3285b9000-7fe3287b8000 ---p 0000a000 08:06 13768357                   /usr/lib/jvm/java-8-openjdk-amd64/jre/lib/amd64/libinstrument.so
7fe3287b8000-7fe3287b9000 r--p 00009000 08:06 13768357                   /usr/lib/jvm/java-8-openjdk-amd64/jre/lib/amd64/libinstrument.so
7fe3287b9000-7fe3287ba000 rw-p 0000a000 08:06 13768357                   /usr/lib/jvm/java-8-openjdk-amd64/jre/lib/amd64/libinstrument.so
7fe3287ba000-7fe3287e7000 r-xp 00000000 08:06 13768363                   /usr/lib/jvm/java-8-openjdk-amd64/jre/lib/amd64/libjava.so
7fe3287e7000-7fe3289e6000 ---p 0002d000 08:06 13768363                   /usr/lib/jvm/java-8-openjdk-amd64/jre/lib/amd64/libjava.so
7fe3289e6000-7fe3289e7000 r--p 0002c000 08:06 13768363                   /usr/lib/jvm/java-8-openjdk-amd64/jre/lib/amd64/libjava.so
7fe3289e7000-7fe3289e9000 rw-p 0002d000 08:06 13768363                   /usr/lib/jvm/java-8-openjdk-amd64/jre/lib/amd64/libjava.so
7fe3289e9000-7fe3289f8000 r-xp 00000000 08:06 13774518                   /usr/lib/jvm/java-8-openjdk-amd64/jre/lib/amd64/libverify.so
7fe3289f8000-7fe328bf8000 ---p 0000f000 08:06 13774518                   /usr/lib/jvm/java-8-openjdk-amd64/jre/lib/amd64/libverify.so
7fe328bf8000-7fe328bfa000 r--p 0000f000 08:06 13774518                   /usr/lib/jvm/java-8-openjdk-amd64/jre/lib/amd64/libverify.so
7fe328bfa000-7fe328bfb000 rw-p 00011000 08:06 13774518                   /usr/lib/jvm/java-8-openjdk-amd64/jre/lib/amd64/libverify.so
7fe328bfb000-7fe328c02000 r-xp 00000000 08:06 2755160                    /lib/x86_64-linux-gnu/librt-2.24.so
7fe328c02000-7fe328e01000 ---p 00007000 08:06 2755160                    /lib/x86_64-linux-gnu/librt-2.24.so
7fe328e01000-7fe328e02000 r--p 00006000 08:06 2755160                    /lib/x86_64-linux-gnu/librt-2.24.so
7fe328e02000-7fe328e03000 rw-p 00007000 08:06 2755160                    /lib/x86_64-linux-gnu/librt-2.24.so
7fe328e03000-7fe328e19000 r-xp 00000000 08:06 2755254                    /lib/x86_64-linux-gnu/libgcc_s.so.1
7fe328e19000-7fe329018000 ---p 00016000 08:06 2755254                    /lib/x86_64-linux-gnu/libgcc_s.so.1
7fe329018000-7fe329019000 r--p 00015000 08:06 2755254                    /lib/x86_64-linux-gnu/libgcc_s.so.1
7fe329019000-7fe32901a000 rw-p 00016000 08:06 2755254                    /lib/x86_64-linux-gnu/libgcc_s.so.1
7fe32901a000-7fe32911d000 r-xp 00000000 08:06 2755084                    /lib/x86_64-linux-gnu/libm-2.24.so
7fe32911d000-7fe32931c000 ---p 00103000 08:06 2755084                    /lib/x86_64-linux-gnu/libm-2.24.so
7fe32931c000-7fe32931d000 r--p 00102000 08:06 2755084                    /lib/x86_64-linux-gnu/libm-2.24.so
7fe32931d000-7fe32931e000 rw-p 00103000 08:06 2755084                    /lib/x86_64-linux-gnu/libm-2.24.so
7fe32931e000-7fe329490000 r-xp 00000000 08:06 13909765                   /usr/lib/x86_64-linux-gnu/libstdc++.so.6.0.24
7fe329490000-7fe329690000 ---p 00172000 08:06 13909765                   /usr/lib/x86_64-linux-gnu/libstdc++.so.6.0.24
7fe329690000-7fe32969a000 r--p 00172000 08:06 13909765                   /usr/lib/x86_64-linux-gnu/libstdc++.so.6.0.24
7fe32969a000-7fe32969c000 rw-p 0017c000 08:06 13909765                   /usr/lib/x86_64-linux-gnu/libstdc++.so.6.0.24
7fe32969c000-7fe32969f000 rw-p 00000000 00:00 0 
7fe32969f000-7fe32a2f8000 r-xp 00000000 08:06 13774522                   /usr/lib/jvm/java-8-openjdk-amd64/jre/lib/amd64/server/libjvm.so
7fe32a2f8000-7fe32a4f8000 ---p 00c59000 08:06 13774522                   /usr/lib/jvm/java-8-openjdk-amd64/jre/lib/amd64/server/libjvm.so
7fe32a4f8000-7fe32a58b000 r--p 00c59000 08:06 13774522                   /usr/lib/jvm/java-8-openjdk-amd64/jre/lib/amd64/server/libjvm.so
7fe32a58b000-7fe32a5b4000 rw-p 00cec000 08:06 13774522                   /usr/lib/jvm/java-8-openjdk-amd64/jre/lib/amd64/server/libjvm.so
7fe32a5b4000-7fe32a5e4000 rw-p 00000000 00:00 0 
7fe32a5e4000-7fe32a779000 r-xp 00000000 08:06 2755012                    /lib/x86_64-linux-gnu/libc-2.24.so
7fe32a779000-7fe32a978000 ---p 00195000 08:06 2755012                    /lib/x86_64-linux-gnu/libc-2.24.so
7fe32a978000-7fe32a97c000 r--p 00194000 08:06 2755012                    /lib/x86_64-linux-gnu/libc-2.24.so
7fe32a97c000-7fe32a97e000 rw-p 00198000 08:06 2755012                    /lib/x86_64-linux-gnu/libc-2.24.so
7fe32a97e000-7fe32a982000 rw-p 00000000 00:00 0 
7fe32a982000-7fe32a984000 r-xp 00000000 08:06 2755035                    /lib/x86_64-linux-gnu/libdl-2.24.so
7fe32a984000-7fe32ab84000 ---p 00002000 08:06 2755035                    /lib/x86_64-linux-gnu/libdl-2.24.so
7fe32ab84000-7fe32ab85000 r--p 00002000 08:06 2755035                    /lib/x86_64-linux-gnu/libdl-2.24.so
7fe32ab85000-7fe32ab86000 rw-p 00003000 08:06 2755035                    /lib/x86_64-linux-gnu/libdl-2.24.so
7fe32ab86000-7fe32ab93000 r-xp 00000000 08:06 13768346                   /usr/lib/jvm/java-8-openjdk-amd64/jre/lib/amd64/jli/libjli.so
7fe32ab93000-7fe32ad93000 ---p 0000d000 08:06 13768346                   /usr/lib/jvm/java-8-openjdk-amd64/jre/lib/amd64/jli/libjli.so
7fe32ad93000-7fe32ad94000 r--p 0000d000 08:06 13768346                   /usr/lib/jvm/java-8-openjdk-amd64/jre/lib/amd64/jli/libjli.so
7fe32ad94000-7fe32ad95000 rw-p 0000e000 08:06 13768346                   /usr/lib/jvm/java-8-openjdk-amd64/jre/lib/amd64/jli/libjli.so
7fe32ad95000-7fe32adae000 r-xp 00000000 08:06 2755193                    /lib/x86_64-linux-gnu/libz.so.1.2.8
7fe32adae000-7fe32afad000 ---p 00019000 08:06 2755193                    /lib/x86_64-linux-gnu/libz.so.1.2.8
7fe32afad000-7fe32afae000 r--p 00018000 08:06 2755193                    /lib/x86_64-linux-gnu/libz.so.1.2.8
7fe32afae000-7fe32afaf000 rw-p 00019000 08:06 2755193                    /lib/x86_64-linux-gnu/libz.so.1.2.8
7fe32afaf000-7fe32afc7000 r-xp 00000000 08:06 2755150                    /lib/x86_64-linux-gnu/libpthread-2.24.so
7fe32afc7000-7fe32b1c6000 ---p 00018000 08:06 2755150                    /lib/x86_64-linux-gnu/libpthread-2.24.so
7fe32b1c6000-7fe32b1c7000 r--p 00017000 08:06 2755150                    /lib/x86_64-linux-gnu/libpthread-2.24.so
7fe32b1c7000-7fe32b1c8000 rw-p 00018000 08:06 2755150                    /lib/x86_64-linux-gnu/libpthread-2.24.so
7fe32b1c8000-7fe32b1cc000 rw-p 00000000 00:00 0 
7fe32b1cc000-7fe32b1ef000 r-xp 00000000 08:06 2754986                    /lib/x86_64-linux-gnu/ld-2.24.so
7fe32b1ef000-7fe32b1f1000 r--s 00007000 08:06 14821044                   /usr/share/java/java-atk-wrapper.jar
7fe32b1f1000-7fe32b1f2000 r--s 00010000 08:06 13774542                   /usr/lib/jvm/java-8-openjdk-amd64/jre/lib/ext/zipfs.jar
7fe32b1f2000-7fe32b1f4000 r--s 00007000 08:06 14821044                   /usr/share/java/java-atk-wrapper.jar
7fe32b1f4000-7fe32b1f6000 r--s 00001000 08:06 13774534                   /usr/lib/jvm/java-8-openjdk-amd64/jre/lib/ext/dnsns.jar
7fe32b1f6000-7fe32b1fb000 r--s 0003b000 08:06 13774540                   /usr/lib/jvm/java-8-openjdk-amd64/jre/lib/ext/sunjce_provider.jar
7fe32b1fb000-7fe32b2cb000 rw-p 00000000 00:00 0 
7fe32b2cb000-7fe32b2ce000 ---p 00000000 00:00 0 
7fe32b2ce000-7fe32b3ce000 rw-p 00000000 00:00 0 
7fe32b3ce000-7fe32b3cf000 r--s 0000a000 08:06 13774536                   /usr/lib/jvm/java-8-openjdk-amd64/jre/lib/ext/jaccess.jar
7fe32b3cf000-7fe32b3d3000 r--s 00037000 08:06 13774541                   /usr/lib/jvm/java-8-openjdk-amd64/jre/lib/ext/sunpkcs11.jar
7fe32b3d3000-7fe32b3d6000 r--s 0000f000 08:06 13774535                   /usr/lib/jvm/java-8-openjdk-amd64/jre/lib/ext/icedtea-sound.jar
7fe32b3d6000-7fe32b3d8000 r--s 00008000 08:06 13774539                   /usr/lib/jvm/java-8-openjdk-amd64/jre/lib/ext/sunec.jar
7fe32b3d8000-7fe32b3e2000 r--s 00116000 08:06 13774537                   /usr/lib/jvm/java-8-openjdk-amd64/jre/lib/ext/localedata.jar
7fe32b3e2000-7fe32b3ea000 rw-s 00000000 08:06 8526058                    /tmp/hsperfdata_stefstef/3494
7fe32b3ea000-7fe32b3eb000 rw-p 00000000 00:00 0 
7fe32b3eb000-7fe32b3ec000 r--p 00000000 00:00 0 
7fe32b3ec000-7fe32b3ef000 rw-p 00000000 00:00 0 
7fe32b3ef000-7fe32b3f0000 r--p 00023000 08:06 2754986                    /lib/x86_64-linux-gnu/ld-2.24.so
7fe32b3f0000-7fe32b3f1000 rw-p 00024000 08:06 2754986                    /lib/x86_64-linux-gnu/ld-2.24.so
7fe32b3f1000-7fe32b3f2000 rw-p 00000000 00:00 0 
7ffe87765000-7ffe87787000 rw-p 00000000 00:00 0                          [stack]
7ffe877b5000-7ffe877b7000 r--p 00000000 00:00 0                          [vvar]
7ffe877b7000-7ffe877b9000 r-xp 00000000 00:00 0                          [vdso]
ffffffffff600000-ffffffffff601000 r-xp 00000000 00:00 0                  [vsyscall]

VM Arguments:
jvm_args: -javaagent:/home/stefstef/Editors/idea-IU-172.3968.16/lib/idea_rt.jar=38047:/home/stefstef/Editors/idea-IU-172.3968.16/bin -Dfile.encoding=UTF-8 -Dawt.useSystemAAFontSettings=gasp 
java_command: com.noReasonException.Misc.Factories.ServiceFactory
java_class_path (initial): /usr/lib/jvm/java-1.8.0-openjdk-amd64/jre/lib/charsets.jar:/usr/lib/jvm/java-1.8.0-openjdk-amd64/jre/lib/ext/cldrdata.jar:/usr/lib/jvm/java-1.8.0-openjdk-amd64/jre/lib/ext/dnsns.jar:/usr/lib/jvm/java-1.8.0-openjdk-amd64/jre/lib/ext/icedtea-sound.jar:/usr/lib/jvm/java-1.8.0-openjdk-amd64/jre/lib/ext/jaccess.jar:/usr/lib/jvm/java-1.8.0-openjdk-amd64/jre/lib/ext/java-atk-wrapper.jar:/usr/lib/jvm/java-1.8.0-openjdk-amd64/jre/lib/ext/localedata.jar:/usr/lib/jvm/java-1.8.0-openjdk-amd64/jre/lib/ext/nashorn.jar:/usr/lib/jvm/java-1.8.0-openjdk-amd64/jre/lib/ext/sunec.jar:/usr/lib/jvm/java-1.8.0-openjdk-amd64/jre/lib/ext/sunjce_provider.jar:/usr/lib/jvm/java-1.8.0-openjdk-amd64/jre/lib/ext/sunpkcs11.jar:/usr/lib/jvm/java-1.8.0-openjdk-amd64/jre/lib/ext/zipfs.jar:/usr/lib/jvm/java-1.8.0-openjdk-amd64/jre/lib/jce.jar:/usr/lib/jvm/java-1.8.0-openjdk-amd64/jre/lib/jsse.jar:/usr/lib/jvm/java-1.8.0-openjdk-amd64/jre/lib/management-agent.jar:/usr/lib/jvm/java-1.8.0-openjdk-amd64/jre/lib/resources.jar:/usr/lib/jvm/java-1.8.0-openjdk-amd64/jre/lib/rt.jar:/home/stefstef/Desktop/googledrivesyncclientlinux/googleDriveSync/target/classes:/home/stefstef/.m2/repository/com/google/oauth-client/google-oauth-client-jetty/1.22.0/google-oauth-client-jetty-1.22.0.jar:/home/stefstef/.m2/repository/com/google/oauth-client/google-oauth-client-java6/1.22.0/google-oauth-client-java6-1.22.0.jar:/home/stefstef/.m2/repository/org/mortbay/jetty/jetty/6.1.26/jetty-6.1.26.jar:/home/stefstef/.m2/repository/org/mortbay/jetty/jetty-util/6.1.26/jetty-util-6.1.26.jar:/home/stefstef/.m2/repository/org/mortbay/jetty/servlet-api/2.5-20081211/servlet-api-2.5-20081211.jar:/home/stefstef/.m2/repository/com/google/api-client/google-api-client/1.22.0/google-api-client-1.22.0.jar:/home/stefstef/.m2/repository/com/google/oauth-client/google-oauth-client/1.22.0/google-oauth-client-1.22.0.jar:/home/stefstef/.m2/repository/com/google/http-client/google-http-client/1.22.0/google-http-client-1.22.
Launcher Type: SUN_STANDARD

Environment Variables:
_JAVA_OPTIONS=  -Dawt.useSystemAAFontSettings=gasp
PATH=/usr/local/bin:/usr/bin:/bin:/usr/local/games:/usr/games:/sbin:/usr/sbin
SHELL=/bin/bash
DISPLAY=:0

Signal Handlers:
SIGSEGV: [libjvm.so+0xa6f4f0], sa_mask[0]=11111111011111111101111111111110, sa_flags=SA_RESTART|SA_SIGINFO
SIGBUS: [libjvm.so+0xa6f4f0], sa_mask[0]=11111111011111111101111111111110, sa_flags=SA_RESTART|SA_SIGINFO
SIGFPE: [libjvm.so+0x8b95e0], sa_mask[0]=11111111011111111101111111111110, sa_flags=SA_RESTART|SA_SIGINFO
SIGPIPE: [libjvm.so+0x8b95e0], sa_mask[0]=11111111011111111101111111111110, sa_flags=SA_RESTART|SA_SIGINFO
SIGXFSZ: [libjvm.so+0x8b95e0], sa_mask[0]=11111111011111111101111111111110, sa_flags=SA_RESTART|SA_SIGINFO
SIGILL: [libjvm.so+0x8b95e0], sa_mask[0]=11111111011111111101111111111110, sa_flags=SA_RESTART|SA_SIGINFO
SIGUSR1: SIG_DFL, sa_mask[0]=00000000000000000000000000000000, sa_flags=none
SIGUSR2: [libjvm.so+0x8b9490], sa_mask[0]=00100000000000000000000000000000, sa_flags=SA_RESTART|SA_SIGINFO
SIGHUP: SIG_IGN, sa_mask[0]=00000000000000000000000000000000, sa_flags=none
SIGINT: [libjvm.so+0x8b9940], sa_mask[0]=11111111011111111101111111111110, sa_flags=SA_RESTART|SA_SIGINFO
SIGTERM: [libjvm.so+0x8b9940], sa_mask[0]=11111111011111111101111111111110, sa_flags=SA_RESTART|SA_SIGINFO
SIGQUIT: [libjvm.so+0x8b9940], sa_mask[0]=11111111011111111101111111111110, sa_flags=SA_RESTART|SA_SIGINFO


---------------  S Y S T E M  ---------------

OS:DISTRIB_ID=Deepin
DISTRIB_RELEASE=15.4.1
DISTRIB_DESCRIPTION="Deepin 15.4.1 "
DISTRIB_CODENAME=unstable

uname:Linux 4.9.0-deepin9-amd64 #1 SMP PREEMPT Deepin 4.9.29-4 (2017-07-17) x86_64
libc:glibc 2.24 NPTL 2.24 
rlimit: STACK 8192k, CORE 0k, NPROC 31240, NOFILE 1048576, AS infinity
load average:2,47 1,92 1,20

/proc/meminfo:
MemTotal:        8044820 kB
MemFree:         3331512 kB
MemAvailable:    4861952 kB
Buffers:           66364 kB
Cached:          2009348 kB
SwapCached:            0 kB
Active:          2895972 kB
Inactive:        1550664 kB
Active(anon):    2380060 kB
Inactive(anon):   354288 kB
Active(file):     515912 kB
Inactive(file):  1196376 kB
Unevictable:          88 kB
Mlocked:              88 kB
SwapTotal:       8190972 kB
SwapFree:        8190972 kB
Dirty:              7844 kB
Writeback:             0 kB
AnonPages:       2343508 kB
Mapped:           518760 kB
Shmem:            363428 kB
Slab:             127880 kB
SReclaimable:      84836 kB
SUnreclaim:        43044 kB
KernelStack:       12112 kB
PageTables:        41932 kB
NFS_Unstable:          0 kB
Bounce:                0 kB
WritebackTmp:          0 kB
CommitLimit:    12213380 kB
Committed_AS:    8171932 kB
VmallocTotal:   34359738367 kB
VmallocUsed:           0 kB
VmallocChunk:          0 kB
HardwareCorrupted:     0 kB
AnonHugePages:         0 kB
ShmemHugePages:        0 kB
ShmemPmdMapped:        0 kB
HugePages_Total:       0
HugePages_Free:        0
HugePages_Rsvd:        0
HugePages_Surp:        0
Hugepagesize:       2048 kB
DirectMap4k:      148084 kB
DirectMap2M:     7057408 kB
DirectMap1G:     1048576 kB


CPU:total 4 (initial active 4) (2 cores per cpu, 2 threads per core) family 6 model 142 stepping 9, cmov, cx8, fxsr, mmx, sse, sse2, sse3, ssse3, sse4.1, sse4.2, popcnt, avx, avx2, aes, clmul, erms, 3dnowpref, lzcnt, ht, tsc, tscinvbit, bmi1, bmi2, adx

/proc/cpuinfo:
processor	: 0
vendor_id	: GenuineIntel
cpu family	: 6
model		: 142
model name	: Intel(R) Core(TM) i7-7500U CPU @ 2.70GHz
stepping	: 9
microcode	: 0x38
cpu MHz		: 2700.000
cache size	: 4096 KB
physical id	: 0
siblings	: 4
core id		: 0
cpu cores	: 2
apicid		: 0
initial apicid	: 0
fpu		: yes
fpu_exception	: yes
cpuid level	: 22
wp		: yes
flags		: fpu vme de pse tsc msr pae mce cx8 apic sep mtrr pge mca cmov pat pse36 clflush dts acpi mmx fxsr sse sse2 ss ht tm pbe syscall nx pdpe1gb rdtscp lm constant_tsc art arch_perfmon pebs bts rep_good nopl xtopology nonstop_tsc aperfmperf eagerfpu pni pclmulqdq dtes64 monitor ds_cpl vmx est tm2 ssse3 sdbg fma cx16 xtpr pdcm pcid sse4_1 sse4_2 x2apic movbe popcnt tsc_deadline_timer aes xsave avx f16c rdrand lahf_lm abm 3dnowprefetch epb intel_pt tpr_shadow vnmi flexpriority ept vpid fsgsbase tsc_adjust bmi1 avx2 smep bmi2 erms invpcid mpx rdseed adx smap clflushopt xsaveopt xsavec xgetbv1 xsaves dtherm ida arat pln pts hwp hwp_notify hwp_act_window hwp_epp
bugs		:
bogomips	: 5808.00
clflush size	: 64
cache_alignment	: 64
address sizes	: 39 bits physical, 48 bits virtual
power management:

processor	: 1
vendor_id	: GenuineIntel
cpu family	: 6
model		: 142
model name	: Intel(R) Core(TM) i7-7500U CPU @ 2.70GHz
stepping	: 9
microcode	: 0x38
cpu MHz		: 2700.000
cache size	: 4096 KB
physical id	: 0
siblings	: 4
core id		: 1
cpu cores	: 2
apicid		: 2
initial apicid	: 2
fpu		: yes
fpu_exception	: yes
cpuid level	: 22
wp		: yes
flags		: fpu vme de pse tsc msr pae mce cx8 apic sep mtrr pge mca cmov pat pse36 clflush dts acpi mmx fxsr sse sse2 ss ht tm pbe syscall nx pdpe1gb rdtscp lm constant_tsc art arch_perfmon pebs bts rep_good nopl xtopology nonstop_tsc aperfmperf eagerfpu pni pclmulqdq dtes64 monitor ds_cpl vmx est tm2 ssse3 sdbg fma cx16 xtpr pdcm pcid sse4_1 sse4_2 x2apic movbe popcnt tsc_deadline_timer aes xsave avx f16c rdrand lahf_lm abm 3dnowprefetch epb intel_pt tpr_shadow vnmi flexpriority ept vpid fsgsbase tsc_adjust bmi1 avx2 smep bmi2 erms invpcid mpx rdseed adx smap clflushopt xsaveopt xsavec xgetbv1 xsaves dtherm ida arat pln pts hwp hwp_notify hwp_act_window hwp_epp
bugs		:
bogomips	: 5808.00
clflush size	: 64
cache_alignment	: 64
address sizes	: 39 bits physical, 48 bits virtual
power management:

processor	: 2
vendor_id	: GenuineIntel
cpu family	: 6
model		: 142
model name	: Intel(R) Core(TM) i7-7500U CPU @ 2.70GHz
stepping	: 9
microcode	: 0x38
cpu MHz		: 2700.000
cache size	: 4096 KB
physical id	: 0
siblings	: 4
core id		: 0
cpu cores	: 2
apicid		: 1
initial apicid	: 1
fpu		: yes
fpu_exception	: yes
cpuid level	: 22
wp		: yes
flags		: fpu vme de pse tsc msr pae mce cx8 apic sep mtrr pge mca cmov pat pse36 clflush dts acpi mmx fxsr sse sse2 ss ht tm pbe syscall nx pdpe1gb rdtscp lm constant_tsc art arch_perfmon pebs bts rep_good nopl xtopology nonstop_tsc aperfmperf eagerfpu pni pclmulqdq dtes64 monitor ds_cpl vmx est tm2 ssse3 sdbg fma cx16 xtpr pdcm pcid sse4_1 sse4_2 x2apic movbe popcnt tsc_deadline_timer aes xsave avx f16c rdrand lahf_lm abm 3dnowprefetch epb intel_pt tpr_shadow vnmi flexpriority ept vpid fsgsbase tsc_adjust bmi1 avx2 smep bmi2 erms invpcid mpx rdseed adx smap clflushopt xsaveopt xsavec xgetbv1 xsaves dtherm ida arat pln pts hwp hwp_notify hwp_act_window hwp_epp
bugs		:
bogomips	: 5808.00
clflush size	: 64
cache_alignment	: 64
address sizes	: 39 bits physical, 48 bits virtual
power management:

processor	: 3
vendor_id	: GenuineIntel
cpu family	: 6
model		: 142
model name	: Intel(R) Core(TM) i7-7500U CPU @ 2.70GHz
stepping	: 9
microcode	: 0x38
cpu MHz		: 2700.000
cache size	: 4096 KB
physical id	: 0
siblings	: 4
core id		: 1
cpu cores	: 2
apicid		: 3
initial apicid	: 3
fpu		: yes
fpu_exception	: yes
cpuid level	: 22
wp		: yes
flags		: fpu vme de pse tsc msr pae mce cx8 apic sep mtrr pge mca cmov pat pse36 clflush dts acpi mmx fxsr sse sse2 ss ht tm pbe syscall nx pdpe1gb rdtscp lm constant_tsc art arch_perfmon pebs bts rep_good nopl xtopology nonstop_tsc aperfmperf eagerfpu pni pclmulqdq dtes64 monitor ds_cpl vmx est tm2 ssse3 sdbg fma cx16 xtpr pdcm pcid sse4_1 sse4_2 x2apic movbe popcnt tsc_deadline_timer aes xsave avx f16c rdrand lahf_lm abm 3dnowprefetch epb intel_pt tpr_shadow vnmi flexpriority ept vpid fsgsbase tsc_adjust bmi1 avx2 smep bmi2 erms invpcid mpx rdseed adx smap clflushopt xsaveopt xsavec xgetbv1 xsaves dtherm ida arat pln pts hwp hwp_notify hwp_act_window hwp_epp
bugs		:
bogomips	: 5808.00
clflush size	: 64
cache_alignment	: 64
address sizes	: 39 bits physical, 48 bits virtual
power management:



Memory: 4k page, physical 8044820k(3340456k free), swap 8190972k(8190972k free)

vm_info: OpenJDK 64-Bit Server VM (25.141-b15) for linux-amd64 JRE (1.8.0_141-8u141-b15-3-b15), built on Jul 25 2017 15:03:27 by "buildd" with gcc 6.4.0 20170704

time: Tue Oct 24 13:20:41 2017
elapsed time: 17 seconds (0d 0h 0m 17s)

