#
# A fatal error has been detected by the Java Runtime Environment:
#
#  SIGSEGV (0xb) at pc=0x00007fc4c8d20e72, pid=9641, tid=0x00007fc4c82b5700
#
# JRE version: OpenJDK Runtime Environment (8.0_141-b15) (build 1.8.0_141-8u141-b15-3-b15)
# Java VM: OpenJDK 64-Bit Server VM (25.141-b15 mixed mode linux-amd64 compressed oops)
# Problematic frame:
# 
[error occurred during error reporting (printing problematic frame), id 0xb]

# Failed to write core dump. Core dumps have been disabled. To enable core dumping, try "ulimit -c unlimited" before starting Java again
#
# If you would like to submit a bug report, please visit:
#   http://bugreport.java.com/bugreport/crash.jsp
# The crash happened outside the Java Virtual Machine in native code.
# See problematic frame for where to report the bug.
#

---------------  T H R E A D  ---------------

Current thread (0x00007fc4e052e800):  JavaThread "inotifyRequestSubmitterThread" [_thread_in_native, id=9685, stack(0x00007fc4c81b5000,0x00007fc4c82b6000)]

siginfo: si_signo: 11 (SIGSEGV), si_code: 1 (SEGV_MAPERR), si_addr: 0x0000000000000000

Registers:
RAX=0x0000000000000000, RBX=0x00007fc4cb9b72c0, RCX=0x00007fc4e6f0d20d, RDX=0x0000000000000010
RSP=0x00007fc4c82b4840, RBP=0x00007fc4c82b48c0, RSI=0x00007fc4e0451850, RDI=0x0000000000000000
R8 =0x00007fc4c82b5700, R9 =0x00007fc4cb9b6cae, R10=0x00007fc4d09f0748, R11=0x0000000000000000
R12=0x0000000000000000, R13=0x00007fc4cb9b72c0, R14=0x00007fc4c82b4958, R15=0x00007fc4e052e800
RIP=0x00007fc4c8d20e72, EFLAGS=0x0000000000010246, CSGSFS=0x002b000000000033, ERR=0x0000000000000004
  TRAPNO=0x000000000000000e

Top of Stack: (sp=0x00007fc4c82b4840)
0x00007fc4c82b4840:   00007fc4c82b4860 21d5d5d2e8712300
0x00007fc4c82b4850:   00007fc4e052b218 00007fc4cb9b6768
0x00007fc4c82b4860:   00007fc4d09f3e90 00007fc4c82b4b30
0x00007fc4c82b4870:   00007fc4c82b4930 00007fc4e5c4355e
0x00007fc4c82b4880:   0000000000000000 21d5d5d2e8712300
0x00007fc4c82b4890:   00007fc4cb9b6768 00007fc4d09eaa20
0x00007fc4c82b48a0:   0000000000000010 00007fc4cb9b6cae
0x00007fc4c82b48b0:   00007fc4cb9b72c0 0000000000000000
0x00007fc4c82b48c0:   00007fc4c82b48e0 00007fc4c8d2074d
0x00007fc4c82b48d0:   00007fc4c82b4958 00007fc4e052e9e0
0x00007fc4c82b48e0:   00007fc4c82b4938 00007fc4d09f0774
0x00007fc4c82b48f0:   00007fc4c82b4920 00007fc4c82b48f8
0x00007fc4c82b4900:   0000000000000000 00007fc4c82b4958
0x00007fc4c82b4910:   00007fc4cb9b7768 0000000000000000
0x00007fc4c82b4920:   00007fc4cb9b72c0 0000000000000000
0x00007fc4c82b4930:   00007fc4c82b4958 00007fc4c82b49a0
0x00007fc4c82b4940:   00007fc4d09e0a40 0000000000000000
0x00007fc4c82b4950:   00007fc4d09ea276 0000000085ae7df0
0x00007fc4c82b4960:   00007fc4c82b4960 00007fc4cb9b6b39
0x00007fc4c82b4970:   00007fc4c82b49b0 00007fc4cb9b7988
0x00007fc4c82b4980:   0000000000000000 00007fc4cb9b6b58
0x00007fc4c82b4990:   00007fc4c82b4958 00007fc4c82b49b0
0x00007fc4c82b49a0:   00007fc4c82b49f8 00007fc4d09e0815
0x00007fc4c82b49b0:   0000000085ae7df0 00007fc4c82b49b8
0x00007fc4c82b49c0:   00007fc4cb9b645c 00007fc4c82b4a10
0x00007fc4c82b49d0:   00007fc4cb9b65d0 0000000000000000
0x00007fc4c82b49e0:   00007fc4cb9b64b0 00007fc4c82b49b0
0x00007fc4c82b49f0:   00007fc4c82b4a10 00007fc4c82b4a58
0x00007fc4c82b4a00:   00007fc4d09e1042 0000000000000000
0x00007fc4c82b4a10:   0000000085ae7dd8 00007fc4c82b4a18
0x00007fc4c82b4a20:   00007fc4cb29399b 00007fc4c82b4a68
0x00007fc4c82b4a30:   00007fc4cb31b0b8 0000000000000000 

Instructions: (pc=0x00007fc4c8d20e72)
0x00007fc4c8d20e52:   c0 74 0c 48 8d 3d 7c 6f 00 00 e8 0f ef ff ff b8
0x00007fc4c8d20e62:   ff ff ff ff e9 f3 01 00 00 48 8b 05 4e c1 20 00
0x00007fc4c8d20e72:   8b 00 85 c0 74 0c 48 8d 3d 92 6f 00 00 e8 ec ee
0x00007fc4c8d20e82:   ff ff 48 8b 05 45 c1 20 00 48 8b 00 48 89 45 e8 

Register to memory mapping:

RAX=0x0000000000000000 is an unknown value
RBX={method} {0x00007fc4cb9b72c0} 'waitForFileEvent' '()I' in 'com/noReasonException/EventGeneratable/EventGenerators/InotifyWrapper/InotifyWrapper'
RCX=0x00007fc4e6f0d20d: read+0x2d in /lib/x86_64-linux-gnu/libpthread.so.0 at 0x00007fc4e6efd000
RDX=0x0000000000000010 is an unknown value
RSP=0x00007fc4c82b4840 is pointing into the stack for thread: 0x00007fc4e052e800
RBP=0x00007fc4c82b48c0 is pointing into the stack for thread: 0x00007fc4e052e800
RSI=0x00007fc4e0451850 is an unknown value
RDI=0x0000000000000000 is an unknown value
R8 =0x00007fc4c82b5700 is pointing into the stack for thread: 0x00007fc4e052e800
R9 =0x00007fc4cb9b6cae is pointing into metadata
R10=0x00007fc4d09f0748 is at code_begin+808 in an Interpreter codelet
method entry point (kind = native)  [0x00007fc4d09f0420, 0x00007fc4d09f0d20]  2304 bytes
R11=0x0000000000000000 is an unknown value
R12=0x0000000000000000 is an unknown value
R13={method} {0x00007fc4cb9b72c0} 'waitForFileEvent' '()I' in 'com/noReasonException/EventGeneratable/EventGenerators/InotifyWrapper/InotifyWrapper'
R14=0x00007fc4c82b4958 is pointing into the stack for thread: 0x00007fc4e052e800
R15=0x00007fc4e052e800 is a thread


Stack: [0x00007fc4c81b5000,0x00007fc4c82b6000],  sp=0x00007fc4c82b4840,  free space=1022k
Native frames: (J=compiled Java code, j=interpreted, Vv=VM code, C=native code)

[error occurred during error reporting (printing native stack), id 0xb]

Java frames: (J=compiled Java code, j=interpreted, Vv=VM code)
j  com.noReasonException.EventGeneratable.EventGenerators.InotifyWrapper.InotifyWrapper.waitForFileEvent()I+0
j  com.noReasonException.EventGeneratable.EventGenerators.InotifyWrapperEventGenerator.waitForEvent()Z+1
j  com.noReasonException.EventGeneratable.EventGenerators.RequestSubmitter.RequestSubmitter.run()V+4
j  java.lang.Thread.run()V+11
v  ~StubRoutines::call_stub

---------------  P R O C E S S  ---------------

Java Threads: ( => current thread )
  0x00007fc4e000c800 JavaThread "DestroyJavaVM" [_thread_blocked, id=9642, stack(0x00007fc4e7219000,0x00007fc4e731a000)]
  0x00007fc4e052f800 JavaThread "googleRequestSubmitterThread" [_thread_in_native, id=9686, stack(0x00007fc4c80b4000,0x00007fc4c81b5000)]
=>0x00007fc4e052e800 JavaThread "inotifyRequestSubmitterThread" [_thread_in_native, id=9685, stack(0x00007fc4c81b5000,0x00007fc4c82b6000)]
  0x00007fc4e031c000 JavaThread "Service Thread" daemon [_thread_blocked, id=9675, stack(0x00007fc4c9477000,0x00007fc4c9578000)]
  0x00007fc4e0319800 JavaThread "C1 CompilerThread2" daemon [_thread_blocked, id=9674, stack(0x00007fc4c9578000,0x00007fc4c9679000)]
  0x00007fc4e0314800 JavaThread "C2 CompilerThread1" daemon [_thread_blocked, id=9673, stack(0x00007fc4c9679000,0x00007fc4c977a000)]
  0x00007fc4e0313000 JavaThread "C2 CompilerThread0" daemon [_thread_blocked, id=9672, stack(0x00007fc4c9992000,0x00007fc4c9a93000)]
  0x00007fc4e0311800 JavaThread "Monitor Ctrl-Break" daemon [_thread_in_native, id=9671, stack(0x00007fc4c9a93000,0x00007fc4c9b94000)]
  0x00007fc4e0174800 JavaThread "Signal Dispatcher" daemon [_thread_blocked, id=9663, stack(0x00007fc4c9bea000,0x00007fc4c9ceb000)]
  0x00007fc4e014d000 JavaThread "Finalizer" daemon [_thread_blocked, id=9658, stack(0x00007fc4c9e86000,0x00007fc4c9f87000)]
  0x00007fc4e0148800 JavaThread "Reference Handler" daemon [_thread_blocked, id=9657, stack(0x00007fc4c9f87000,0x00007fc4ca088000)]

Other Threads:
  0x00007fc4e0141000 VMThread [stack: 0x00007fc4ca088000,0x00007fc4ca189000] [id=9656]
  0x00007fc4e031f000 WatcherThread [stack: 0x00007fc4c9376000,0x00007fc4c9477000] [id=9676]

VM state:not at safepoint (normal execution)

VM Mutex/Monitor currently owned by a thread: None

Heap:
 PSYoungGen      total 26624K, used 15811K [0x00000000d7100000, 0x00000000d8e00000, 0x0000000100000000)
  eden space 23552K, 58% used [0x00000000d7100000,0x00000000d7e63c38,0x00000000d8800000)
  from space 3072K, 68% used [0x00000000d8b00000,0x00000000d8d0d220,0x00000000d8e00000)
  to   space 3072K, 0% used [0x00000000d8800000,0x00000000d8800000,0x00000000d8b00000)
 ParOldGen       total 84992K, used 17536K [0x0000000085200000, 0x000000008a500000, 0x00000000d7100000)
  object space 84992K, 20% used [0x0000000085200000,0x00000000863200d0,0x000000008a500000)
 Metaspace       used 12670K, capacity 12904K, committed 13184K, reserved 1060864K
  class space    used 1275K, capacity 1350K, committed 1408K, reserved 1048576K

Card table byte_map: [0x00007fc4d0241000,0x00007fc4d0619000] byte_map_base: 0x00007fc4cfe18000

Marking Bits: (ParMarkBitMap*) 0x00007fc4e65152c0
 Begin Bits: [0x00007fc4cbe3d000, 0x00007fc4cdcf5000)
 End Bits:   [0x00007fc4cdcf5000, 0x00007fc4cfbad000)

Polling page: 0x00007fc4e7339000

CodeCache: size=245760Kb used=9794Kb max_used=9920Kb free=235965Kb
 bounds [0x00007fc4d09d9000, 0x00007fc4d13c9000, 0x00007fc4df9d9000]
 total_blobs=2967 nmethods=2592 adapters=289
 compilation: enabled

Compilation events (10 events):
Event: 1014,996 Thread 0x00007fc4e0319800 3069       1       sun.security.x509.PolicyInformation::getPolicyQualifiers (5 bytes)
Event: 1014,997 Thread 0x00007fc4e0319800 nmethod 3069 0x00007fc4d0b46610 code [0x00007fc4d0b46760, 0x00007fc4d0b46870]
Event: 1014,997 Thread 0x00007fc4e0319800 3070       1       sun.security.provider.certpath.PolicyNodeImpl::getValidPolicy (5 bytes)
Event: 1014,997 Thread 0x00007fc4e0319800 nmethod 3070 0x00007fc4d0e5a310 code [0x00007fc4d0e5a460, 0x00007fc4d0e5a570]
Event: 1024,340 Thread 0x00007fc4e0314800 3071  s    4       java.io.BufferedInputStream::read (113 bytes)
Event: 1024,348 Thread 0x00007fc4e0314800 nmethod 3071 0x00007fc4d0d69c90 code [0x00007fc4d0d69e20, 0x00007fc4d0d6a4d0]
Event: 1045,222 Thread 0x00007fc4e0319800 3072       1       sun.security.ssl.SSLSessionImpl::getPeerHost (5 bytes)
Event: 1045,222 Thread 0x00007fc4e0319800 nmethod 3072 0x00007fc4d0d69950 code [0x00007fc4d0d69aa0, 0x00007fc4d0d69bb0]
Event: 1061,081 Thread 0x00007fc4e0314800 3073       4       java.security.MessageDigest$Delegate::engineDigest (8 bytes)
Event: 1061,084 Thread 0x00007fc4e0314800 nmethod 3073 0x00007fc4d0f62110 code [0x00007fc4d0f622a0, 0x00007fc4d0f62578]

GC Heap History (10 events):
Event: 1002,346 GC heap before
{Heap before GC invocations=64 (full 0):
 PSYoungGen      total 26624K, used 25606K [0x00000000d7100000, 0x00000000d8e00000, 0x0000000100000000)
  eden space 23552K, 100% used [0x00000000d7100000,0x00000000d8800000,0x00000000d8800000)
  from space 3072K, 66% used [0x00000000d8800000,0x00000000d8a018d0,0x00000000d8b00000)
  to   space 3072K, 0% used [0x00000000d8b00000,0x00000000d8b00000,0x00000000d8e00000)
 ParOldGen       total 84992K, used 17050K [0x0000000085200000, 0x000000008a500000, 0x00000000d7100000)
  object space 84992K, 20% used [0x0000000085200000,0x00000000862a69e0,0x000000008a500000)
 Metaspace       used 12669K, capacity 12904K, committed 13184K, reserved 1060864K
  class space    used 1275K, capacity 1350K, committed 1408K, reserved 1048576K
Event: 1002,350 GC heap after
Heap after GC invocations=64 (full 0):
 PSYoungGen      total 26624K, used 2053K [0x00000000d7100000, 0x00000000d8e00000, 0x0000000100000000)
  eden space 23552K, 0% used [0x00000000d7100000,0x00000000d7100000,0x00000000d8800000)
  from space 3072K, 66% used [0x00000000d8b00000,0x00000000d8d01450,0x00000000d8e00000)
  to   space 3072K, 0% used [0x00000000d8800000,0x00000000d8800000,0x00000000d8b00000)
 ParOldGen       total 84992K, used 17122K [0x0000000085200000, 0x000000008a500000, 0x00000000d7100000)
  object space 84992K, 20% used [0x0000000085200000,0x00000000862b8a10,0x000000008a500000)
 Metaspace       used 12669K, capacity 12904K, committed 13184K, reserved 1060864K
  class space    used 1275K, capacity 1350K, committed 1408K, reserved 1048576K
}
Event: 1013,728 GC heap before
{Heap before GC invocations=65 (full 0):
 PSYoungGen      total 26624K, used 25605K [0x00000000d7100000, 0x00000000d8e00000, 0x0000000100000000)
  eden space 23552K, 100% used [0x00000000d7100000,0x00000000d8800000,0x00000000d8800000)
  from space 3072K, 66% used [0x00000000d8b00000,0x00000000d8d01450,0x00000000d8e00000)
  to   space 3072K, 0% used [0x00000000d8800000,0x00000000d8800000,0x00000000d8b00000)
 ParOldGen       total 84992K, used 17122K [0x0000000085200000, 0x000000008a500000, 0x00000000d7100000)
  object space 84992K, 20% used [0x0000000085200000,0x00000000862b8a10,0x000000008a500000)
 Metaspace       used 12669K, capacity 12904K, committed 13184K, reserved 1060864K
  class space    used 1275K, capacity 1350K, committed 1408K, reserved 1048576K
Event: 1013,733 GC heap after
Heap after GC invocations=65 (full 0):
 PSYoungGen      total 26624K, used 2118K [0x00000000d7100000, 0x00000000d8e00000, 0x0000000100000000)
  eden space 23552K, 0% used [0x00000000d7100000,0x00000000d7100000,0x00000000d8800000)
  from space 3072K, 68% used [0x00000000d8800000,0x00000000d8a118b0,0x00000000d8b00000)
  to   space 3072K, 0% used [0x00000000d8b00000,0x00000000d8b00000,0x00000000d8e00000)
 ParOldGen       total 84992K, used 17207K [0x0000000085200000, 0x000000008a500000, 0x00000000d7100000)
  object space 84992K, 20% used [0x0000000085200000,0x00000000862cdeb0,0x000000008a500000)
 Metaspace       used 12669K, capacity 12904K, committed 13184K, reserved 1060864K
  class space    used 1275K, capacity 1350K, committed 1408K, reserved 1048576K
}
Event: 1027,749 GC heap before
{Heap before GC invocations=66 (full 0):
 PSYoungGen      total 26624K, used 25670K [0x00000000d7100000, 0x00000000d8e00000, 0x0000000100000000)
  eden space 23552K, 100% used [0x00000000d7100000,0x00000000d8800000,0x00000000d8800000)
  from space 3072K, 68% used [0x00000000d8800000,0x00000000d8a118b0,0x00000000d8b00000)
  to   space 3072K, 0% used [0x00000000d8b00000,0x00000000d8b00000,0x00000000d8e00000)
 ParOldGen       total 84992K, used 17207K [0x0000000085200000, 0x000000008a500000, 0x00000000d7100000)
  object space 84992K, 20% used [0x0000000085200000,0x00000000862cdeb0,0x000000008a500000)
 Metaspace       used 12670K, capacity 12904K, committed 13184K, reserved 1060864K
  class space    used 1275K, capacity 1350K, committed 1408K, reserved 1048576K
Event: 1027,752 GC heap after
Heap after GC invocations=66 (full 0):
 PSYoungGen      total 26624K, used 2131K [0x00000000d7100000, 0x00000000d8e00000, 0x0000000100000000)
  eden space 23552K, 0% used [0x00000000d7100000,0x00000000d7100000,0x00000000d8800000)
  from space 3072K, 69% used [0x00000000d8b00000,0x00000000d8d14fe0,0x00000000d8e00000)
  to   space 3072K, 0% used [0x00000000d8800000,0x00000000d8800000,0x00000000d8b00000)
 ParOldGen       total 84992K, used 17329K [0x0000000085200000, 0x000000008a500000, 0x00000000d7100000)
  object space 84992K, 20% used [0x0000000085200000,0x00000000862ec7a0,0x000000008a500000)
 Metaspace       used 12670K, capacity 12904K, committed 13184K, reserved 1060864K
  class space    used 1275K, capacity 1350K, committed 1408K, reserved 1048576K
}
Event: 1043,119 GC heap before
{Heap before GC invocations=67 (full 0):
 PSYoungGen      total 26624K, used 25683K [0x00000000d7100000, 0x00000000d8e00000, 0x0000000100000000)
  eden space 23552K, 100% used [0x00000000d7100000,0x00000000d8800000,0x00000000d8800000)
  from space 3072K, 69% used [0x00000000d8b00000,0x00000000d8d14fe0,0x00000000d8e00000)
  to   space 3072K, 0% used [0x00000000d8800000,0x00000000d8800000,0x00000000d8b00000)
 ParOldGen       total 84992K, used 17329K [0x0000000085200000, 0x000000008a500000, 0x00000000d7100000)
  object space 84992K, 20% used [0x0000000085200000,0x00000000862ec7a0,0x000000008a500000)
 Metaspace       used 12670K, capacity 12904K, committed 13184K, reserved 1060864K
  class space    used 1275K, capacity 1350K, committed 1408K, reserved 1048576K
Event: 1043,123 GC heap after
Heap after GC invocations=67 (full 0):
 PSYoungGen      total 26624K, used 2148K [0x00000000d7100000, 0x00000000d8e00000, 0x0000000100000000)
  eden space 23552K, 0% used [0x00000000d7100000,0x00000000d7100000,0x00000000d8800000)
  from space 3072K, 69% used [0x00000000d8800000,0x00000000d8a19210,0x00000000d8b00000)
  to   space 3072K, 0% used [0x00000000d8b00000,0x00000000d8b00000,0x00000000d8e00000)
 ParOldGen       total 84992K, used 17435K [0x0000000085200000, 0x000000008a500000, 0x00000000d7100000)
  object space 84992K, 20% used [0x0000000085200000,0x0000000086306c30,0x000000008a500000)
 Metaspace       used 12670K, capacity 12904K, committed 13184K, reserved 1060864K
  class space    used 1275K, capacity 1350K, committed 1408K, reserved 1048576K
}
Event: 1055,934 GC heap before
{Heap before GC invocations=68 (full 0):
 PSYoungGen      total 26624K, used 25700K [0x00000000d7100000, 0x00000000d8e00000, 0x0000000100000000)
  eden space 23552K, 100% used [0x00000000d7100000,0x00000000d8800000,0x00000000d8800000)
  from space 3072K, 69% used [0x00000000d8800000,0x00000000d8a19210,0x00000000d8b00000)
  to   space 3072K, 0% used [0x00000000d8b00000,0x00000000d8b00000,0x00000000d8e00000)
 ParOldGen       total 84992K, used 17435K [0x0000000085200000, 0x000000008a500000, 0x00000000d7100000)
  object space 84992K, 20% used [0x0000000085200000,0x0000000086306c30,0x000000008a500000)
 Metaspace       used 12670K, capacity 12904K, committed 13184K, reserved 1060864K
  class space    used 1275K, capacity 1350K, committed 1408K, reserved 1048576K
Event: 1055,937 GC heap after
Heap after GC invocations=68 (full 0):
 PSYoungGen      total 26624K, used 2100K [0x00000000d7100000, 0x00000000d8e00000, 0x0000000100000000)
  eden space 23552K, 0% used [0x00000000d7100000,0x00000000d7100000,0x00000000d8800000)
  from space 3072K, 68% used [0x00000000d8b00000,0x00000000d8d0d220,0x00000000d8e00000)
  to   space 3072K, 0% used [0x00000000d8800000,0x00000000d8800000,0x00000000d8b00000)
 ParOldGen       total 84992K, used 17536K [0x0000000085200000, 0x000000008a500000, 0x00000000d7100000)
  object space 84992K, 20% used [0x0000000085200000,0x00000000863200d0,0x000000008a500000)
 Metaspace       used 12670K, capacity 12904K, committed 13184K, reserved 1060864K
  class space    used 1275K, capacity 1350K, committed 1408K, reserved 1048576K
}

Deoptimization events (10 events):
Event: 514,207 Thread 0x00007fc4e052f800 Uncommon trap: reason=unstable_if action=reinterpret pc=0x00007fc4d0ebd25c method=com.fasterxml.jackson.core.json.UTF8StreamJsonParser._parseFieldName(I)Lcom/fasterxml/jackson/core/sym/Name; @ 120
Event: 520,443 Thread 0x00007fc4e052f800 Uncommon trap: reason=bimorphic action=maybe_recompile pc=0x00007fc4d0f149ec method=java.util.regex.Matcher.match(II)Z @ 86
Event: 520,443 Thread 0x00007fc4e052f800 Uncommon trap: reason=bimorphic action=maybe_recompile pc=0x00007fc4d0fc7088 method=java.util.regex.Pattern$BranchConn.match(Ljava/util/regex/Matcher;ILjava/lang/CharSequence;)Z @ 7
Event: 734,371 Thread 0x00007fc4e052f800 Uncommon trap: reason=unstable_if action=reinterpret pc=0x00007fc4d0db44f8 method=java.net.SocketInputStream.read([BIII)I @ 124
Event: 734,371 Thread 0x00007fc4e052f800 Uncommon trap: reason=unstable_if action=reinterpret pc=0x00007fc4d0ed13a4 method=sun.security.ssl.InputRecord.readFully(Ljava/io/InputStream;[BII)I @ 28
Event: 734,371 Thread 0x00007fc4e052f800 Uncommon trap: reason=unstable_if action=reinterpret pc=0x00007fc4d10c86f4 method=java.io.BufferedInputStream.read1([BII)I @ 60
Event: 849,441 Thread 0x00007fc4e052f800 Uncommon trap: reason=bimorphic action=maybe_recompile pc=0x00007fc4d0f149ec method=java.util.regex.Matcher.match(II)Z @ 86
Event: 849,441 Thread 0x00007fc4e052f800 Uncommon trap: reason=bimorphic action=maybe_recompile pc=0x00007fc4d0fc7088 method=java.util.regex.Pattern$BranchConn.match(Ljava/util/regex/Matcher;ILjava/lang/CharSequence;)Z @ 7
Event: 852,070 Thread 0x00007fc4e052f800 Uncommon trap: reason=bimorphic action=maybe_recompile pc=0x00007fc4d0f149ec method=java.util.regex.Matcher.match(II)Z @ 86
Event: 852,070 Thread 0x00007fc4e052f800 Uncommon trap: reason=bimorphic action=maybe_recompile pc=0x00007fc4d0fc7088 method=java.util.regex.Pattern$BranchConn.match(Ljava/util/regex/Matcher;ILjava/lang/CharSequence;)Z @ 7

Internal exceptions (10 events):
Event: 804,568 Thread 0x00007fc4e052e800 Exception <a 'java/io/IOException': No Other files detected , try call waitForFileEvent()> (0x00000000d84313e0) thrown at [/build/openjdk-8-qvKKlC/openjdk-8-8u141-b15/src/hotspot/src/share/vm/prims/jni.cpp, line 735]
Event: 804,568 Thread 0x00007fc4e052e800 Exception <a 'java/io/IOException': No Other files detected , try call waitForFileEvent()> (0x00000000d8431690) thrown at [/build/openjdk-8-qvKKlC/openjdk-8-8u141-b15/src/hotspot/src/share/vm/prims/jni.cpp, line 735]
Event: 804,568 Thread 0x00007fc4e052e800 Exception <a 'java/io/IOException': No Other files detected , try call waitForFileEvent()> (0x00000000d8431940) thrown at [/build/openjdk-8-qvKKlC/openjdk-8-8u141-b15/src/hotspot/src/share/vm/prims/jni.cpp, line 735]
Event: 804,568 Thread 0x00007fc4e052e800 Exception <a 'java/io/IOException': No Other files detected , try call waitForFileEvent()> (0x00000000d8431b70) thrown at [/build/openjdk-8-qvKKlC/openjdk-8-8u141-b15/src/hotspot/src/share/vm/prims/jni.cpp, line 735]
Event: 804,568 Thread 0x00007fc4e052e800 Exception <a 'java/io/IOException': No Other files detected , try call waitForFileEvent()> (0x00000000d8431ed8) thrown at [/build/openjdk-8-qvKKlC/openjdk-8-8u141-b15/src/hotspot/src/share/vm/prims/jni.cpp, line 735]
Event: 804,568 Thread 0x00007fc4e052e800 Exception <a 'java/io/IOException': No Other files detected , try call waitForFileEvent()> (0x00000000d8432188) thrown at [/build/openjdk-8-qvKKlC/openjdk-8-8u141-b15/src/hotspot/src/share/vm/prims/jni.cpp, line 735]
Event: 804,568 Thread 0x00007fc4e052e800 Exception <a 'java/io/IOException': No Other files detected , try call waitForFileEvent()> (0x00000000d8432438) thrown at [/build/openjdk-8-qvKKlC/openjdk-8-8u141-b15/src/hotspot/src/share/vm/prims/jni.cpp, line 735]
Event: 804,568 Thread 0x00007fc4e052e800 Exception <a 'java/io/IOException': No Other files detected , try call waitForFileEvent()> (0x00000000d8432738) thrown at [/build/openjdk-8-qvKKlC/openjdk-8-8u141-b15/src/hotspot/src/share/vm/prims/jni.cpp, line 735]
Event: 888,148 Thread 0x00007fc4e052e800 Exception <a 'java/io/IOException': No Other files detected , try call waitForFileEvent()> (0x00000000d78ea2b0) thrown at [/build/openjdk-8-qvKKlC/openjdk-8-8u141-b15/src/hotspot/src/share/vm/prims/jni.cpp, line 735]
Event: 888,148 Thread 0x00007fc4e052e800 Exception <a 'java/io/IOException': No Other files detected , try call waitForFileEvent()> (0x00000000d78ea560) thrown at [/build/openjdk-8-qvKKlC/openjdk-8-8u141-b15/src/hotspot/src/share/vm/prims/jni.cpp, line 735]

Events (10 events):
Event: 1059,521 Thread 0x00007fc488018800 Thread added: 0x00007fc488018800
Event: 1059,521 Thread 0x00007fc488018800 Thread exited: 0x00007fc488018800
Event: 1059,937 Thread 0x00007fc488018800 Thread added: 0x00007fc488018800
Event: 1059,937 Thread 0x00007fc488018800 Thread exited: 0x00007fc488018800
Event: 1060,290 Thread 0x00007fc488018800 Thread added: 0x00007fc488018800
Event: 1060,290 Thread 0x00007fc488018800 Thread exited: 0x00007fc488018800
Event: 1060,675 Thread 0x00007fc488018800 Thread added: 0x00007fc488018800
Event: 1060,675 Thread 0x00007fc488018800 Thread exited: 0x00007fc488018800
Event: 1061,081 Thread 0x00007fc488018800 Thread added: 0x00007fc488018800
Event: 1061,081 Thread 0x00007fc488018800 Thread exited: 0x00007fc488018800


Dynamic libraries:
85200000-8a500000 rw-p 00000000 00:00 0 
8a500000-d7100000 ---p 00000000 00:00 0 
d7100000-d8e00000 rw-p 00000000 00:00 0 
d8e00000-100000000 ---p 00000000 00:00 0 
100000000-100160000 rw-p 00000000 00:00 0 
100160000-140000000 ---p 00000000 00:00 0 
124a14b000-124a14c000 r-xp 00000000 08:06 13768332                       /usr/lib/jvm/java-8-openjdk-amd64/jre/bin/java
124a34b000-124a34c000 r--p 00000000 08:06 13768332                       /usr/lib/jvm/java-8-openjdk-amd64/jre/bin/java
124a34c000-124a34d000 rw-p 00001000 08:06 13768332                       /usr/lib/jvm/java-8-openjdk-amd64/jre/bin/java
124b75c000-124b77d000 rw-p 00000000 00:00 0                              [heap]
7fc47c000000-7fc47c021000 rw-p 00000000 00:00 0 
7fc47c021000-7fc480000000 ---p 00000000 00:00 0 
7fc484000000-7fc484021000 rw-p 00000000 00:00 0 
7fc484021000-7fc488000000 ---p 00000000 00:00 0 
7fc488000000-7fc48829d000 rw-p 00000000 00:00 0 
7fc48829d000-7fc48c000000 ---p 00000000 00:00 0 
7fc48c000000-7fc48c021000 rw-p 00000000 00:00 0 
7fc48c021000-7fc490000000 ---p 00000000 00:00 0 
7fc490000000-7fc490021000 rw-p 00000000 00:00 0 
7fc490021000-7fc494000000 ---p 00000000 00:00 0 
7fc494000000-7fc49540f000 rw-p 00000000 00:00 0 
7fc49540f000-7fc498000000 ---p 00000000 00:00 0 
7fc498000000-7fc498632000 rw-p 00000000 00:00 0 
7fc498632000-7fc49c000000 ---p 00000000 00:00 0 
7fc49c000000-7fc49df87000 rw-p 00000000 00:00 0 
7fc49df87000-7fc4a0000000 ---p 00000000 00:00 0 
7fc4a0cfe000-7fc4a0e7e000 rw-p 00000000 00:00 0 
7fc4a0e7e000-7fc4a0f01000 ---p 00000000 00:00 0 
7fc4a0f01000-7fc4a4000000 rw-p 00000000 00:00 0 
7fc4a4000000-7fc4a4021000 rw-p 00000000 00:00 0 
7fc4a4021000-7fc4a8000000 ---p 00000000 00:00 0 
7fc4a8000000-7fc4a8021000 rw-p 00000000 00:00 0 
7fc4a8021000-7fc4ac000000 ---p 00000000 00:00 0 
7fc4ac000000-7fc4ac021000 rw-p 00000000 00:00 0 
7fc4ac021000-7fc4b0000000 ---p 00000000 00:00 0 
7fc4b0000000-7fc4b0021000 rw-p 00000000 00:00 0 
7fc4b0021000-7fc4b4000000 ---p 00000000 00:00 0 
7fc4b4000000-7fc4b4021000 rw-p 00000000 00:00 0 
7fc4b4021000-7fc4b8000000 ---p 00000000 00:00 0 
7fc4b8000000-7fc4b8021000 rw-p 00000000 00:00 0 
7fc4b8021000-7fc4bc000000 ---p 00000000 00:00 0 
7fc4bc000000-7fc4bc021000 rw-p 00000000 00:00 0 
7fc4bc021000-7fc4c0000000 ---p 00000000 00:00 0 
7fc4c0000000-7fc4c0021000 rw-p 00000000 00:00 0 
7fc4c0021000-7fc4c4000000 ---p 00000000 00:00 0 
7fc4c4000000-7fc4c4021000 rw-p 00000000 00:00 0 
7fc4c4021000-7fc4c8000000 ---p 00000000 00:00 0 
7fc4c80b4000-7fc4c80b7000 ---p 00000000 00:00 0 
7fc4c80b7000-7fc4c81b5000 rw-p 00000000 00:00 0 
7fc4c81b5000-7fc4c81b8000 ---p 00000000 00:00 0 
7fc4c81b8000-7fc4c82b6000 rw-p 00000000 00:00 0 
7fc4c82b6000-7fc4c82ca000 r-xp 00000000 08:06 2755158                    /lib/x86_64-linux-gnu/libresolv-2.24.so
7fc4c82ca000-7fc4c84c9000 ---p 00014000 08:06 2755158                    /lib/x86_64-linux-gnu/libresolv-2.24.so
7fc4c84c9000-7fc4c84ca000 r--p 00013000 08:06 2755158                    /lib/x86_64-linux-gnu/libresolv-2.24.so
7fc4c84ca000-7fc4c84cb000 rw-p 00014000 08:06 2755158                    /lib/x86_64-linux-gnu/libresolv-2.24.so
7fc4c84cb000-7fc4c84cd000 rw-p 00000000 00:00 0 
7fc4c84cd000-7fc4c84d2000 r-xp 00000000 08:06 2755105                    /lib/x86_64-linux-gnu/libnss_dns-2.24.so
7fc4c84d2000-7fc4c86d1000 ---p 00005000 08:06 2755105                    /lib/x86_64-linux-gnu/libnss_dns-2.24.so
7fc4c86d1000-7fc4c86d2000 r--p 00004000 08:06 2755105                    /lib/x86_64-linux-gnu/libnss_dns-2.24.so
7fc4c86d2000-7fc4c86d3000 rw-p 00005000 08:06 2755105                    /lib/x86_64-linux-gnu/libnss_dns-2.24.so
7fc4c86d3000-7fc4c88d3000 rw-p 00000000 00:00 0 
7fc4c88d3000-7fc4c88d6000 r-xp 00000000 08:06 13901257                   /usr/lib/x86_64-linux-gnu/libboost_system.so.1.62.0
7fc4c88d6000-7fc4c8ad5000 ---p 00003000 08:06 13901257                   /usr/lib/x86_64-linux-gnu/libboost_system.so.1.62.0
7fc4c8ad5000-7fc4c8ad6000 r--p 00002000 08:06 13901257                   /usr/lib/x86_64-linux-gnu/libboost_system.so.1.62.0
7fc4c8ad6000-7fc4c8ad7000 rw-p 00003000 08:06 13901257                   /usr/lib/x86_64-linux-gnu/libboost_system.so.1.62.0
7fc4c8ad7000-7fc4c8aef000 r-xp 00000000 08:06 13901252                   /usr/lib/x86_64-linux-gnu/libboost_filesystem.so.1.62.0
7fc4c8aef000-7fc4c8cee000 ---p 00018000 08:06 13901252                   /usr/lib/x86_64-linux-gnu/libboost_filesystem.so.1.62.0
7fc4c8cee000-7fc4c8cef000 r--p 00017000 08:06 13901252                   /usr/lib/x86_64-linux-gnu/libboost_filesystem.so.1.62.0
7fc4c8cef000-7fc4c8cf0000 rw-p 00018000 08:06 13901252                   /usr/lib/x86_64-linux-gnu/libboost_filesystem.so.1.62.0
7fc4c8d0e000-7fc4c8d2d000 r-xp 00000000 08:06 2622561                    /lib/libInotifyNative.so
7fc4c8d2d000-7fc4c8f2c000 ---p 0001f000 08:06 2622561                    /lib/libInotifyNative.so
7fc4c8f2c000-7fc4c8f2d000 r--p 0001e000 08:06 2622561                    /lib/libInotifyNative.so
7fc4c8f2d000-7fc4c8f2e000 rw-p 0001f000 08:06 2622561                    /lib/libInotifyNative.so
7fc4c8f2e000-7fc4c8f56000 r-xp 00000000 08:06 13773854                   /usr/lib/jvm/java-8-openjdk-amd64/jre/lib/amd64/libsunec.so
7fc4c8f56000-7fc4c9156000 ---p 00028000 08:06 13773854                   /usr/lib/jvm/java-8-openjdk-amd64/jre/lib/amd64/libsunec.so
7fc4c9156000-7fc4c915a000 r--p 00028000 08:06 13773854                   /usr/lib/jvm/java-8-openjdk-amd64/jre/lib/amd64/libsunec.so
7fc4c915a000-7fc4c915b000 rw-p 0002c000 08:06 13773854                   /usr/lib/jvm/java-8-openjdk-amd64/jre/lib/amd64/libsunec.so
7fc4c915b000-7fc4c915e000 r--s 00015000 08:06 13774554                   /usr/lib/jvm/java-8-openjdk-amd64/jre/lib/jce.jar
7fc4c915e000-7fc4c9163000 r--s 0009a000 08:06 13774556                   /usr/lib/jvm/java-8-openjdk-amd64/jre/lib/jsse.jar
7fc4c9163000-7fc4c9174000 r-xp 00000000 08:06 13768375                   /usr/lib/jvm/java-8-openjdk-amd64/jre/lib/amd64/libnio.so
7fc4c9174000-7fc4c9374000 ---p 00011000 08:06 13768375                   /usr/lib/jvm/java-8-openjdk-amd64/jre/lib/amd64/libnio.so
7fc4c9374000-7fc4c9375000 r--p 00011000 08:06 13768375                   /usr/lib/jvm/java-8-openjdk-amd64/jre/lib/amd64/libnio.so
7fc4c9375000-7fc4c9376000 rw-p 00012000 08:06 13768375                   /usr/lib/jvm/java-8-openjdk-amd64/jre/lib/amd64/libnio.so
7fc4c9376000-7fc4c9377000 ---p 00000000 00:00 0 
7fc4c9377000-7fc4c9477000 rw-p 00000000 00:00 0 
7fc4c9477000-7fc4c947a000 ---p 00000000 00:00 0 
7fc4c947a000-7fc4c9578000 rw-p 00000000 00:00 0 
7fc4c9578000-7fc4c957b000 ---p 00000000 00:00 0 
7fc4c957b000-7fc4c9679000 rw-p 00000000 00:00 0 
7fc4c9679000-7fc4c967c000 ---p 00000000 00:00 0 
7fc4c967c000-7fc4c977a000 rw-p 00000000 00:00 0 
7fc4c977a000-7fc4c9791000 r-xp 00000000 08:06 13768374                   /usr/lib/jvm/java-8-openjdk-amd64/jre/lib/amd64/libnet.so
7fc4c9791000-7fc4c9990000 ---p 00017000 08:06 13768374                   /usr/lib/jvm/java-8-openjdk-amd64/jre/lib/amd64/libnet.so
7fc4c9990000-7fc4c9991000 r--p 00016000 08:06 13768374                   /usr/lib/jvm/java-8-openjdk-amd64/jre/lib/amd64/libnet.so
7fc4c9991000-7fc4c9992000 rw-p 00017000 08:06 13768374                   /usr/lib/jvm/java-8-openjdk-amd64/jre/lib/amd64/libnet.so
7fc4c9992000-7fc4c9995000 ---p 00000000 00:00 0 
7fc4c9995000-7fc4c9a93000 rw-p 00000000 00:00 0 
7fc4c9a93000-7fc4c9a96000 ---p 00000000 00:00 0 
7fc4c9a96000-7fc4c9b94000 rw-p 00000000 00:00 0 
7fc4c9b94000-7fc4c9b96000 r--s 0001a000 08:06 5640687                    /home/stefstef/Editors/idea-IU-172.3968.16/lib/idea_rt.jar
7fc4c9b96000-7fc4c9b9a000 r--s 00019000 08:06 10096758                   /home/stefstef/.m2/repository/com/google/apis/google-api-services-drive/v3-rev76-1.22.0/google-api-services-drive-v3-rev76-1.22.0.jar
7fc4c9b9a000-7fc4c9bc2000 r--s 001cf000 08:06 6697606                    /home/stefstef/.m2/repository/com/google/guava/guava-jdk5/17.0/guava-jdk5-17.0.jar
7fc4c9bc2000-7fc4c9bc6000 r--s 0002f000 08:06 6697602                    /home/stefstef/.m2/repository/com/fasterxml/jackson/core/jackson-core/2.1.3/jackson-core-2.1.3.jar
7fc4c9bc6000-7fc4c9bc9000 r--s 00006000 08:06 6697600                    /home/stefstef/.m2/repository/com/google/code/findbugs/jsr305/1.3.9/jsr305-1.3.9.jar
7fc4c9bc9000-7fc4c9bcb000 r--s 0000a000 08:06 7354560                    /home/stefstef/.m2/repository/commons-codec/commons-codec/1.3/commons-codec-1.3.jar
7fc4c9bcb000-7fc4c9bcd000 r--s 0000d000 08:06 7354558                    /home/stefstef/.m2/repository/commons-logging/commons-logging/1.1.1/commons-logging-1.1.1.jar
7fc4c9bcd000-7fc4c9bd2000 r--s 00026000 08:06 7354562                    /home/stefstef/.m2/repository/org/apache/httpcomponents/httpcore/4.0.1/httpcore-4.0.1.jar
7fc4c9bd2000-7fc4c9bda000 r--s 00040000 08:06 8006077                    /home/stefstef/.m2/repository/org/apache/httpcomponents/httpclient/4.0.1/httpclient-4.0.1.jar
7fc4c9bda000-7fc4c9be3000 r--s 0004f000 08:06 6697597                    /home/stefstef/.m2/repository/com/google/http-client/google-http-client/1.22.0/google-http-client-1.22.0.jar
7fc4c9be3000-7fc4c9be5000 r--s 0000d000 08:06 6558464                    /home/stefstef/.m2/repository/com/google/oauth-client/google-oauth-client/1.22.0/google-oauth-client-1.22.0.jar
7fc4c9be5000-7fc4c9bea000 r--s 0002c000 08:06 6558462                    /home/stefstef/.m2/repository/com/google/api-client/google-api-client/1.22.0/google-api-client-1.22.0.jar
7fc4c9bea000-7fc4c9bed000 ---p 00000000 00:00 0 
7fc4c9bed000-7fc4c9ceb000 rw-p 00000000 00:00 0 
7fc4c9ceb000-7fc4c9e86000 r--p 00000000 08:06 13768397                   /usr/lib/locale/locale-archive
7fc4c9e86000-7fc4c9e89000 ---p 00000000 00:00 0 
7fc4c9e89000-7fc4c9f87000 rw-p 00000000 00:00 0 
7fc4c9f87000-7fc4c9f8a000 ---p 00000000 00:00 0 
7fc4c9f8a000-7fc4ca088000 rw-p 00000000 00:00 0 
7fc4ca088000-7fc4ca089000 ---p 00000000 00:00 0 
7fc4ca089000-7fc4cb098000 rw-p 00000000 00:00 0 
7fc4cb098000-7fc4cb266000 r--s 03c15000 08:06 13774562                   /usr/lib/jvm/java-8-openjdk-amd64/jre/lib/rt.jar
7fc4cb266000-7fc4cfbad000 rw-p 00000000 00:00 0 
7fc4cfbad000-7fc4cfbae000 ---p 00000000 00:00 0 
7fc4cfbae000-7fc4cfcae000 rw-p 00000000 00:00 0 
7fc4cfcae000-7fc4cfcaf000 ---p 00000000 00:00 0 
7fc4cfcaf000-7fc4cfdaf000 rw-p 00000000 00:00 0 
7fc4cfdaf000-7fc4cfdb0000 ---p 00000000 00:00 0 
7fc4cfdb0000-7fc4cfeb0000 rw-p 00000000 00:00 0 
7fc4cfeb0000-7fc4cfeb1000 ---p 00000000 00:00 0 
7fc4cfeb1000-7fc4cffdb000 rw-p 00000000 00:00 0 
7fc4cffdb000-7fc4d0241000 ---p 00000000 00:00 0 
7fc4d0241000-7fc4d026b000 rw-p 00000000 00:00 0 
7fc4d026b000-7fc4d04d0000 ---p 00000000 00:00 0 
7fc4d04d0000-7fc4d04df000 rw-p 00000000 00:00 0 
7fc4d04df000-7fc4d0618000 ---p 00000000 00:00 0 
7fc4d0618000-7fc4d0641000 rw-p 00000000 00:00 0 
7fc4d0641000-7fc4d09d9000 ---p 00000000 00:00 0 
7fc4d09d9000-7fc4d13c9000 rwxp 00000000 00:00 0 
7fc4d13c9000-7fc4df9d9000 ---p 00000000 00:00 0 
7fc4df9d9000-7fc4df9e1000 r-xp 00000000 08:06 13774519                   /usr/lib/jvm/java-8-openjdk-amd64/jre/lib/amd64/libzip.so
7fc4df9e1000-7fc4dfbe0000 ---p 00008000 08:06 13774519                   /usr/lib/jvm/java-8-openjdk-amd64/jre/lib/amd64/libzip.so
7fc4dfbe0000-7fc4dfbe1000 r--p 00007000 08:06 13774519                   /usr/lib/jvm/java-8-openjdk-amd64/jre/lib/amd64/libzip.so
7fc4dfbe1000-7fc4dfbe2000 rw-p 00008000 08:06 13774519                   /usr/lib/jvm/java-8-openjdk-amd64/jre/lib/amd64/libzip.so
7fc4dfbe2000-7fc4dfbec000 r-xp 00000000 08:06 2755107                    /lib/x86_64-linux-gnu/libnss_files-2.24.so
7fc4dfbec000-7fc4dfdec000 ---p 0000a000 08:06 2755107                    /lib/x86_64-linux-gnu/libnss_files-2.24.so
7fc4dfdec000-7fc4dfded000 r--p 0000a000 08:06 2755107                    /lib/x86_64-linux-gnu/libnss_files-2.24.so
7fc4dfded000-7fc4dfdee000 rw-p 0000b000 08:06 2755107                    /lib/x86_64-linux-gnu/libnss_files-2.24.so
7fc4dfdee000-7fc4dfdf4000 rw-p 00000000 00:00 0 
7fc4dfdf4000-7fc4dfdff000 r-xp 00000000 08:06 2755111                    /lib/x86_64-linux-gnu/libnss_nis-2.24.so
7fc4dfdff000-7fc4dfffe000 ---p 0000b000 08:06 2755111                    /lib/x86_64-linux-gnu/libnss_nis-2.24.so
7fc4dfffe000-7fc4dffff000 r--p 0000a000 08:06 2755111                    /lib/x86_64-linux-gnu/libnss_nis-2.24.so
7fc4dffff000-7fc4e0000000 rw-p 0000b000 08:06 2755111                    /lib/x86_64-linux-gnu/libnss_nis-2.24.so
7fc4e0000000-7fc4e05ce000 rw-p 00000000 00:00 0 
7fc4e05ce000-7fc4e4000000 ---p 00000000 00:00 0 
7fc4e4000000-7fc4e4001000 r--s 00001000 08:06 6697598                    /home/stefstef/.m2/repository/com/google/http-client/google-http-client-jackson2/1.22.0/google-http-client-jackson2-1.22.0.jar
7fc4e4001000-7fc4e4003000 r--s 0001f000 08:06 8262924                    /home/stefstef/.m2/repository/org/mortbay/jetty/servlet-api/2.5-20081211/servlet-api-2.5-20081211.jar
7fc4e4003000-7fc4e4007000 r--s 00028000 08:06 9965488                    /home/stefstef/.m2/repository/org/mortbay/jetty/jetty-util/6.1.26/jetty-util-6.1.26.jar
7fc4e4007000-7fc4e400e000 r--s 0007d000 08:06 9965486                    /home/stefstef/.m2/repository/org/mortbay/jetty/jetty/6.1.26/jetty-6.1.26.jar
7fc4e400e000-7fc4e400f000 r--s 00002000 08:06 9965484                    /home/stefstef/.m2/repository/com/google/oauth-client/google-oauth-client-java6/1.22.0/google-oauth-client-java6-1.22.0.jar
7fc4e400f000-7fc4e4010000 r--s 00001000 08:06 9965482                    /home/stefstef/.m2/repository/com/google/oauth-client/google-oauth-client-jetty/1.22.0/google-oauth-client-jetty-1.22.0.jar
7fc4e4010000-7fc4e4023000 r--s 00346000 08:06 13774561                   /usr/lib/jvm/java-8-openjdk-amd64/jre/lib/resources.jar
7fc4e4023000-7fc4e4024000 r--s 00000000 08:06 13774559                   /usr/lib/jvm/java-8-openjdk-amd64/jre/lib/management-agent.jar
7fc4e4024000-7fc4e4029000 r--s 0009a000 08:06 13774556                   /usr/lib/jvm/java-8-openjdk-amd64/jre/lib/jsse.jar
7fc4e4029000-7fc4e402c000 r--s 00015000 08:06 13774554                   /usr/lib/jvm/java-8-openjdk-amd64/jre/lib/jce.jar
7fc4e402c000-7fc4e4031000 r--s 002f9000 08:06 13774523                   /usr/lib/jvm/java-8-openjdk-amd64/jre/lib/charsets.jar
7fc4e4031000-7fc4e404c000 r--s 00394000 08:06 13774533                   /usr/lib/jvm/java-8-openjdk-amd64/jre/lib/ext/cldrdata.jar
7fc4e404c000-7fc4e4067000 r--s 001d6000 08:06 13774538                   /usr/lib/jvm/java-8-openjdk-amd64/jre/lib/ext/nashorn.jar
7fc4e4067000-7fc4e40dd000 rw-p 00000000 00:00 0 
7fc4e40dd000-7fc4e40f1000 r-xp 00000000 08:06 2755101                    /lib/x86_64-linux-gnu/libnsl-2.24.so
7fc4e40f1000-7fc4e42f1000 ---p 00014000 08:06 2755101                    /lib/x86_64-linux-gnu/libnsl-2.24.so
7fc4e42f1000-7fc4e42f2000 r--p 00014000 08:06 2755101                    /lib/x86_64-linux-gnu/libnsl-2.24.so
7fc4e42f2000-7fc4e42f3000 rw-p 00015000 08:06 2755101                    /lib/x86_64-linux-gnu/libnsl-2.24.so
7fc4e42f3000-7fc4e42f5000 rw-p 00000000 00:00 0 
7fc4e42f5000-7fc4e42fc000 r-xp 00000000 08:06 2755103                    /lib/x86_64-linux-gnu/libnss_compat-2.24.so
7fc4e42fc000-7fc4e44fb000 ---p 00007000 08:06 2755103                    /lib/x86_64-linux-gnu/libnss_compat-2.24.so
7fc4e44fb000-7fc4e44fc000 r--p 00006000 08:06 2755103                    /lib/x86_64-linux-gnu/libnss_compat-2.24.so
7fc4e44fc000-7fc4e44fd000 rw-p 00007000 08:06 2755103                    /lib/x86_64-linux-gnu/libnss_compat-2.24.so
7fc4e44fd000-7fc4e4507000 r-xp 00000000 08:06 13768357                   /usr/lib/jvm/java-8-openjdk-amd64/jre/lib/amd64/libinstrument.so
7fc4e4507000-7fc4e4706000 ---p 0000a000 08:06 13768357                   /usr/lib/jvm/java-8-openjdk-amd64/jre/lib/amd64/libinstrument.so
7fc4e4706000-7fc4e4707000 r--p 00009000 08:06 13768357                   /usr/lib/jvm/java-8-openjdk-amd64/jre/lib/amd64/libinstrument.so
7fc4e4707000-7fc4e4708000 rw-p 0000a000 08:06 13768357                   /usr/lib/jvm/java-8-openjdk-amd64/jre/lib/amd64/libinstrument.so
7fc4e4708000-7fc4e4735000 r-xp 00000000 08:06 13768363                   /usr/lib/jvm/java-8-openjdk-amd64/jre/lib/amd64/libjava.so
7fc4e4735000-7fc4e4934000 ---p 0002d000 08:06 13768363                   /usr/lib/jvm/java-8-openjdk-amd64/jre/lib/amd64/libjava.so
7fc4e4934000-7fc4e4935000 r--p 0002c000 08:06 13768363                   /usr/lib/jvm/java-8-openjdk-amd64/jre/lib/amd64/libjava.so
7fc4e4935000-7fc4e4937000 rw-p 0002d000 08:06 13768363                   /usr/lib/jvm/java-8-openjdk-amd64/jre/lib/amd64/libjava.so
7fc4e4937000-7fc4e4946000 r-xp 00000000 08:06 13774518                   /usr/lib/jvm/java-8-openjdk-amd64/jre/lib/amd64/libverify.so
7fc4e4946000-7fc4e4b46000 ---p 0000f000 08:06 13774518                   /usr/lib/jvm/java-8-openjdk-amd64/jre/lib/amd64/libverify.so
7fc4e4b46000-7fc4e4b48000 r--p 0000f000 08:06 13774518                   /usr/lib/jvm/java-8-openjdk-amd64/jre/lib/amd64/libverify.so
7fc4e4b48000-7fc4e4b49000 rw-p 00011000 08:06 13774518                   /usr/lib/jvm/java-8-openjdk-amd64/jre/lib/amd64/libverify.so
7fc4e4b49000-7fc4e4b50000 r-xp 00000000 08:06 2755160                    /lib/x86_64-linux-gnu/librt-2.24.so
7fc4e4b50000-7fc4e4d4f000 ---p 00007000 08:06 2755160                    /lib/x86_64-linux-gnu/librt-2.24.so
7fc4e4d4f000-7fc4e4d50000 r--p 00006000 08:06 2755160                    /lib/x86_64-linux-gnu/librt-2.24.so
7fc4e4d50000-7fc4e4d51000 rw-p 00007000 08:06 2755160                    /lib/x86_64-linux-gnu/librt-2.24.so
7fc4e4d51000-7fc4e4d67000 r-xp 00000000 08:06 2755254                    /lib/x86_64-linux-gnu/libgcc_s.so.1
7fc4e4d67000-7fc4e4f66000 ---p 00016000 08:06 2755254                    /lib/x86_64-linux-gnu/libgcc_s.so.1
7fc4e4f66000-7fc4e4f67000 r--p 00015000 08:06 2755254                    /lib/x86_64-linux-gnu/libgcc_s.so.1
7fc4e4f67000-7fc4e4f68000 rw-p 00016000 08:06 2755254                    /lib/x86_64-linux-gnu/libgcc_s.so.1
7fc4e4f68000-7fc4e506b000 r-xp 00000000 08:06 2755084                    /lib/x86_64-linux-gnu/libm-2.24.so
7fc4e506b000-7fc4e526a000 ---p 00103000 08:06 2755084                    /lib/x86_64-linux-gnu/libm-2.24.so
7fc4e526a000-7fc4e526b000 r--p 00102000 08:06 2755084                    /lib/x86_64-linux-gnu/libm-2.24.so
7fc4e526b000-7fc4e526c000 rw-p 00103000 08:06 2755084                    /lib/x86_64-linux-gnu/libm-2.24.so
7fc4e526c000-7fc4e53de000 r-xp 00000000 08:06 13909765                   /usr/lib/x86_64-linux-gnu/libstdc++.so.6.0.24
7fc4e53de000-7fc4e55de000 ---p 00172000 08:06 13909765                   /usr/lib/x86_64-linux-gnu/libstdc++.so.6.0.24
7fc4e55de000-7fc4e55e8000 r--p 00172000 08:06 13909765                   /usr/lib/x86_64-linux-gnu/libstdc++.so.6.0.24
7fc4e55e8000-7fc4e55ea000 rw-p 0017c000 08:06 13909765                   /usr/lib/x86_64-linux-gnu/libstdc++.so.6.0.24
7fc4e55ea000-7fc4e55ed000 rw-p 00000000 00:00 0 
7fc4e55ed000-7fc4e6246000 r-xp 00000000 08:06 13774522                   /usr/lib/jvm/java-8-openjdk-amd64/jre/lib/amd64/server/libjvm.so
7fc4e6246000-7fc4e6446000 ---p 00c59000 08:06 13774522                   /usr/lib/jvm/java-8-openjdk-amd64/jre/lib/amd64/server/libjvm.so
7fc4e6446000-7fc4e64d9000 r--p 00c59000 08:06 13774522                   /usr/lib/jvm/java-8-openjdk-amd64/jre/lib/amd64/server/libjvm.so
7fc4e64d9000-7fc4e6502000 rw-p 00cec000 08:06 13774522                   /usr/lib/jvm/java-8-openjdk-amd64/jre/lib/amd64/server/libjvm.so
7fc4e6502000-7fc4e6532000 rw-p 00000000 00:00 0 
7fc4e6532000-7fc4e66c7000 r-xp 00000000 08:06 2755012                    /lib/x86_64-linux-gnu/libc-2.24.so
7fc4e66c7000-7fc4e68c6000 ---p 00195000 08:06 2755012                    /lib/x86_64-linux-gnu/libc-2.24.so
7fc4e68c6000-7fc4e68ca000 r--p 00194000 08:06 2755012                    /lib/x86_64-linux-gnu/libc-2.24.so
7fc4e68ca000-7fc4e68cc000 rw-p 00198000 08:06 2755012                    /lib/x86_64-linux-gnu/libc-2.24.so
7fc4e68cc000-7fc4e68d0000 rw-p 00000000 00:00 0 
7fc4e68d0000-7fc4e68d2000 r-xp 00000000 08:06 2755035                    /lib/x86_64-linux-gnu/libdl-2.24.so
7fc4e68d2000-7fc4e6ad2000 ---p 00002000 08:06 2755035                    /lib/x86_64-linux-gnu/libdl-2.24.so
7fc4e6ad2000-7fc4e6ad3000 r--p 00002000 08:06 2755035                    /lib/x86_64-linux-gnu/libdl-2.24.so
7fc4e6ad3000-7fc4e6ad4000 rw-p 00003000 08:06 2755035                    /lib/x86_64-linux-gnu/libdl-2.24.so
7fc4e6ad4000-7fc4e6ae1000 r-xp 00000000 08:06 13768346                   /usr/lib/jvm/java-8-openjdk-amd64/jre/lib/amd64/jli/libjli.so
7fc4e6ae1000-7fc4e6ce1000 ---p 0000d000 08:06 13768346                   /usr/lib/jvm/java-8-openjdk-amd64/jre/lib/amd64/jli/libjli.so
7fc4e6ce1000-7fc4e6ce2000 r--p 0000d000 08:06 13768346                   /usr/lib/jvm/java-8-openjdk-amd64/jre/lib/amd64/jli/libjli.so
7fc4e6ce2000-7fc4e6ce3000 rw-p 0000e000 08:06 13768346                   /usr/lib/jvm/java-8-openjdk-amd64/jre/lib/amd64/jli/libjli.so
7fc4e6ce3000-7fc4e6cfc000 r-xp 00000000 08:06 2755193                    /lib/x86_64-linux-gnu/libz.so.1.2.8
7fc4e6cfc000-7fc4e6efb000 ---p 00019000 08:06 2755193                    /lib/x86_64-linux-gnu/libz.so.1.2.8
7fc4e6efb000-7fc4e6efc000 r--p 00018000 08:06 2755193                    /lib/x86_64-linux-gnu/libz.so.1.2.8
7fc4e6efc000-7fc4e6efd000 rw-p 00019000 08:06 2755193                    /lib/x86_64-linux-gnu/libz.so.1.2.8
7fc4e6efd000-7fc4e6f15000 r-xp 00000000 08:06 2755150                    /lib/x86_64-linux-gnu/libpthread-2.24.so
7fc4e6f15000-7fc4e7114000 ---p 00018000 08:06 2755150                    /lib/x86_64-linux-gnu/libpthread-2.24.so
7fc4e7114000-7fc4e7115000 r--p 00017000 08:06 2755150                    /lib/x86_64-linux-gnu/libpthread-2.24.so
7fc4e7115000-7fc4e7116000 rw-p 00018000 08:06 2755150                    /lib/x86_64-linux-gnu/libpthread-2.24.so
7fc4e7116000-7fc4e711a000 rw-p 00000000 00:00 0 
7fc4e711a000-7fc4e713d000 r-xp 00000000 08:06 2754986                    /lib/x86_64-linux-gnu/ld-2.24.so
7fc4e713d000-7fc4e713f000 r--s 00007000 08:06 14821044                   /usr/share/java/java-atk-wrapper.jar
7fc4e713f000-7fc4e7140000 r--s 00010000 08:06 13774542                   /usr/lib/jvm/java-8-openjdk-amd64/jre/lib/ext/zipfs.jar
7fc4e7140000-7fc4e7142000 r--s 00007000 08:06 14821044                   /usr/share/java/java-atk-wrapper.jar
7fc4e7142000-7fc4e7144000 r--s 00001000 08:06 13774534                   /usr/lib/jvm/java-8-openjdk-amd64/jre/lib/ext/dnsns.jar
7fc4e7144000-7fc4e7149000 r--s 0003b000 08:06 13774540                   /usr/lib/jvm/java-8-openjdk-amd64/jre/lib/ext/sunjce_provider.jar
7fc4e7149000-7fc4e7219000 rw-p 00000000 00:00 0 
7fc4e7219000-7fc4e721c000 ---p 00000000 00:00 0 
7fc4e721c000-7fc4e731c000 rw-p 00000000 00:00 0 
7fc4e731c000-7fc4e731d000 r--s 0000a000 08:06 13774536                   /usr/lib/jvm/java-8-openjdk-amd64/jre/lib/ext/jaccess.jar
7fc4e731d000-7fc4e7321000 r--s 00037000 08:06 13774541                   /usr/lib/jvm/java-8-openjdk-amd64/jre/lib/ext/sunpkcs11.jar
7fc4e7321000-7fc4e7324000 r--s 0000f000 08:06 13774535                   /usr/lib/jvm/java-8-openjdk-amd64/jre/lib/ext/icedtea-sound.jar
7fc4e7324000-7fc4e7326000 r--s 00008000 08:06 13774539                   /usr/lib/jvm/java-8-openjdk-amd64/jre/lib/ext/sunec.jar
7fc4e7326000-7fc4e7330000 r--s 00116000 08:06 13774537                   /usr/lib/jvm/java-8-openjdk-amd64/jre/lib/ext/localedata.jar
7fc4e7330000-7fc4e7338000 rw-s 00000000 08:06 8141366                    /tmp/hsperfdata_stefstef/9641
7fc4e7338000-7fc4e7339000 rw-p 00000000 00:00 0 
7fc4e7339000-7fc4e733a000 r--p 00000000 00:00 0 
7fc4e733a000-7fc4e733d000 rw-p 00000000 00:00 0 
7fc4e733d000-7fc4e733e000 r--p 00023000 08:06 2754986                    /lib/x86_64-linux-gnu/ld-2.24.so
7fc4e733e000-7fc4e733f000 rw-p 00024000 08:06 2754986                    /lib/x86_64-linux-gnu/ld-2.24.so
7fc4e733f000-7fc4e7340000 rw-p 00000000 00:00 0 
7ffc59baa000-7ffc59bcc000 rw-p 00000000 00:00 0                          [stack]
7ffc59be3000-7ffc59be5000 r--p 00000000 00:00 0                          [vvar]
7ffc59be5000-7ffc59be7000 r-xp 00000000 00:00 0                          [vdso]
ffffffffff600000-ffffffffff601000 r-xp 00000000 00:00 0                  [vsyscall]

VM Arguments:
jvm_args: -javaagent:/home/stefstef/Editors/idea-IU-172.3968.16/lib/idea_rt.jar=41349:/home/stefstef/Editors/idea-IU-172.3968.16/bin -Dfile.encoding=UTF-8 -Dawt.useSystemAAFontSettings=gasp 
java_command: com.noReasonException.Misc.Factories.ServiceFactory
java_class_path (initial): /usr/lib/jvm/java-1.8.0-openjdk-amd64/jre/lib/charsets.jar:/usr/lib/jvm/java-1.8.0-openjdk-amd64/jre/lib/ext/cldrdata.jar:/usr/lib/jvm/java-1.8.0-openjdk-amd64/jre/lib/ext/dnsns.jar:/usr/lib/jvm/java-1.8.0-openjdk-amd64/jre/lib/ext/icedtea-sound.jar:/usr/lib/jvm/java-1.8.0-openjdk-amd64/jre/lib/ext/jaccess.jar:/usr/lib/jvm/java-1.8.0-openjdk-amd64/jre/lib/ext/java-atk-wrapper.jar:/usr/lib/jvm/java-1.8.0-openjdk-amd64/jre/lib/ext/localedata.jar:/usr/lib/jvm/java-1.8.0-openjdk-amd64/jre/lib/ext/nashorn.jar:/usr/lib/jvm/java-1.8.0-openjdk-amd64/jre/lib/ext/sunec.jar:/usr/lib/jvm/java-1.8.0-openjdk-amd64/jre/lib/ext/sunjce_provider.jar:/usr/lib/jvm/java-1.8.0-openjdk-amd64/jre/lib/ext/sunpkcs11.jar:/usr/lib/jvm/java-1.8.0-openjdk-amd64/jre/lib/ext/zipfs.jar:/usr/lib/jvm/java-1.8.0-openjdk-amd64/jre/lib/jce.jar:/usr/lib/jvm/java-1.8.0-openjdk-amd64/jre/lib/jsse.jar:/usr/lib/jvm/java-1.8.0-openjdk-amd64/jre/lib/management-agent.jar:/usr/lib/jvm/java-1.8.0-openjdk-amd64/jre/lib/resources.jar:/usr/lib/jvm/java-1.8.0-openjdk-amd64/jre/lib/rt.jar:/home/stefstef/Desktop/googledrivesyncclientlinux/googleDriveSync/target/classes:/home/stefstef/.m2/repository/com/google/oauth-client/google-oauth-client-jetty/1.22.0/google-oauth-client-jetty-1.22.0.jar:/home/stefstef/.m2/repository/com/google/oauth-client/google-oauth-client-java6/1.22.0/google-oauth-client-java6-1.22.0.jar:/home/stefstef/.m2/repository/org/mortbay/jetty/jetty/6.1.26/jetty-6.1.26.jar:/home/stefstef/.m2/repository/org/mortbay/jetty/jetty-util/6.1.26/jetty-util-6.1.26.jar:/home/stefstef/.m2/repository/org/mortbay/jetty/servlet-api/2.5-20081211/servlet-api-2.5-20081211.jar:/home/stefstef/.m2/repository/com/google/api-client/google-api-client/1.22.0/google-api-client-1.22.0.jar:/home/stefstef/.m2/repository/com/google/oauth-client/google-oauth-client/1.22.0/google-oauth-client-1.22.0.jar:/home/stefstef/.m2/repository/com/google/http-client/google-http-client/1.22.0/google-http-client-1.22.
Launcher Type: SUN_STANDARD

Environment Variables:
_JAVA_OPTIONS=  -Dawt.useSystemAAFontSettings=gasp
PATH=/usr/local/bin:/usr/bin:/bin:/usr/local/games:/usr/games:/sbin:/usr/sbin
SHELL=/bin/bash
DISPLAY=:0

Signal Handlers:
SIGSEGV: [libjvm.so+0xa6f4f0], sa_mask[0]=11111111011111111101111111111110, sa_flags=SA_RESTART|SA_SIGINFO
SIGBUS: [libjvm.so+0xa6f4f0], sa_mask[0]=11111111011111111101111111111110, sa_flags=SA_RESTART|SA_SIGINFO
SIGFPE: [libjvm.so+0x8b95e0], sa_mask[0]=11111111011111111101111111111110, sa_flags=SA_RESTART|SA_SIGINFO
SIGPIPE: [libjvm.so+0x8b95e0], sa_mask[0]=11111111011111111101111111111110, sa_flags=SA_RESTART|SA_SIGINFO
SIGXFSZ: [libjvm.so+0x8b95e0], sa_mask[0]=11111111011111111101111111111110, sa_flags=SA_RESTART|SA_SIGINFO
SIGILL: [libjvm.so+0x8b95e0], sa_mask[0]=11111111011111111101111111111110, sa_flags=SA_RESTART|SA_SIGINFO
SIGUSR1: SIG_DFL, sa_mask[0]=00000000000000000000000000000000, sa_flags=none
SIGUSR2: [libjvm.so+0x8b9490], sa_mask[0]=00100000000000000000000000000000, sa_flags=SA_RESTART|SA_SIGINFO
SIGHUP: SIG_IGN, sa_mask[0]=00000000000000000000000000000000, sa_flags=none
SIGINT: [libjvm.so+0x8b9940], sa_mask[0]=11111111011111111101111111111110, sa_flags=SA_RESTART|SA_SIGINFO
SIGTERM: [libjvm.so+0x8b9940], sa_mask[0]=11111111011111111101111111111110, sa_flags=SA_RESTART|SA_SIGINFO
SIGQUIT: [libjvm.so+0x8b9940], sa_mask[0]=11111111011111111101111111111110, sa_flags=SA_RESTART|SA_SIGINFO


---------------  S Y S T E M  ---------------

OS:DISTRIB_ID=Deepin
DISTRIB_RELEASE=15.4.1
DISTRIB_DESCRIPTION="Deepin 15.4.1 "
DISTRIB_CODENAME=unstable

uname:Linux 4.9.0-deepin9-amd64 #1 SMP PREEMPT Deepin 4.9.29-4 (2017-07-17) x86_64
libc:glibc 2.24 NPTL 2.24 
rlimit: STACK 8192k, CORE 0k, NPROC 31240, NOFILE 1048576, AS infinity
load average:0,80 0,69 0,89

/proc/meminfo:
MemTotal:        8044820 kB
MemFree:          166376 kB
MemAvailable:    2426248 kB
Buffers:          158856 kB
Cached:          2828412 kB
SwapCached:            0 kB
Active:          5860132 kB
Inactive:        1578508 kB
Active(anon):    4452336 kB
Inactive(anon):   635800 kB
Active(file):    1407796 kB
Inactive(file):   942708 kB
Unevictable:          88 kB
Mlocked:              88 kB
SwapTotal:       8190972 kB
SwapFree:        8190972 kB
Dirty:              5032 kB
Writeback:             0 kB
AnonPages:       4451364 kB
Mapped:           888504 kB
Shmem:            636768 kB
Slab:             273600 kB
SReclaimable:     218276 kB
SUnreclaim:        55324 kB
KernelStack:       15248 kB
PageTables:        58488 kB
NFS_Unstable:          0 kB
Bounce:                0 kB
WritebackTmp:          0 kB
CommitLimit:    12213380 kB
Committed_AS:   12072864 kB
VmallocTotal:   34359738367 kB
VmallocUsed:           0 kB
VmallocChunk:          0 kB
HardwareCorrupted:     0 kB
AnonHugePages:      2048 kB
ShmemHugePages:        0 kB
ShmemPmdMapped:        0 kB
HugePages_Total:       0
HugePages_Free:        0
HugePages_Rsvd:        0
HugePages_Surp:        0
Hugepagesize:       2048 kB
DirectMap4k:      207476 kB
DirectMap2M:     8046592 kB
DirectMap1G:           0 kB


CPU:total 4 (initial active 4) (2 cores per cpu, 2 threads per core) family 6 model 142 stepping 9, cmov, cx8, fxsr, mmx, sse, sse2, sse3, ssse3, sse4.1, sse4.2, popcnt, avx, avx2, aes, clmul, erms, 3dnowpref, lzcnt, ht, tsc, tscinvbit, bmi1, bmi2, adx

/proc/cpuinfo:
processor	: 0
vendor_id	: GenuineIntel
cpu family	: 6
model		: 142
model name	: Intel(R) Core(TM) i7-7500U CPU @ 2.70GHz
stepping	: 9
microcode	: 0x38
cpu MHz		: 2700.000
cache size	: 4096 KB
physical id	: 0
siblings	: 4
core id		: 0
cpu cores	: 2
apicid		: 0
initial apicid	: 0
fpu		: yes
fpu_exception	: yes
cpuid level	: 22
wp		: yes
flags		: fpu vme de pse tsc msr pae mce cx8 apic sep mtrr pge mca cmov pat pse36 clflush dts acpi mmx fxsr sse sse2 ss ht tm pbe syscall nx pdpe1gb rdtscp lm constant_tsc art arch_perfmon pebs bts rep_good nopl xtopology nonstop_tsc aperfmperf eagerfpu pni pclmulqdq dtes64 monitor ds_cpl vmx est tm2 ssse3 sdbg fma cx16 xtpr pdcm pcid sse4_1 sse4_2 x2apic movbe popcnt tsc_deadline_timer aes xsave avx f16c rdrand lahf_lm abm 3dnowprefetch epb intel_pt tpr_shadow vnmi flexpriority ept vpid fsgsbase tsc_adjust bmi1 avx2 smep bmi2 erms invpcid mpx rdseed adx smap clflushopt xsaveopt xsavec xgetbv1 xsaves dtherm ida arat pln pts hwp hwp_notify hwp_act_window hwp_epp
bugs		:
bogomips	: 5808.00
clflush size	: 64
cache_alignment	: 64
address sizes	: 39 bits physical, 48 bits virtual
power management:

processor	: 1
vendor_id	: GenuineIntel
cpu family	: 6
model		: 142
model name	: Intel(R) Core(TM) i7-7500U CPU @ 2.70GHz
stepping	: 9
microcode	: 0x38
cpu MHz		: 2000.000
cache size	: 4096 KB
physical id	: 0
siblings	: 4
core id		: 1
cpu cores	: 2
apicid		: 2
initial apicid	: 2
fpu		: yes
fpu_exception	: yes
cpuid level	: 22
wp		: yes
flags		: fpu vme de pse tsc msr pae mce cx8 apic sep mtrr pge mca cmov pat pse36 clflush dts acpi mmx fxsr sse sse2 ss ht tm pbe syscall nx pdpe1gb rdtscp lm constant_tsc art arch_perfmon pebs bts rep_good nopl xtopology nonstop_tsc aperfmperf eagerfpu pni pclmulqdq dtes64 monitor ds_cpl vmx est tm2 ssse3 sdbg fma cx16 xtpr pdcm pcid sse4_1 sse4_2 x2apic movbe popcnt tsc_deadline_timer aes xsave avx f16c rdrand lahf_lm abm 3dnowprefetch epb intel_pt tpr_shadow vnmi flexpriority ept vpid fsgsbase tsc_adjust bmi1 avx2 smep bmi2 erms invpcid mpx rdseed adx smap clflushopt xsaveopt xsavec xgetbv1 xsaves dtherm ida arat pln pts hwp hwp_notify hwp_act_window hwp_epp
bugs		:
bogomips	: 5808.00
clflush size	: 64
cache_alignment	: 64
address sizes	: 39 bits physical, 48 bits virtual
power management:

processor	: 2
vendor_id	: GenuineIntel
cpu family	: 6
model		: 142
model name	: Intel(R) Core(TM) i7-7500U CPU @ 2.70GHz
stepping	: 9
microcode	: 0x38
cpu MHz		: 2700.000
cache size	: 4096 KB
physical id	: 0
siblings	: 4
core id		: 0
cpu cores	: 2
apicid		: 1
initial apicid	: 1
fpu		: yes
fpu_exception	: yes
cpuid level	: 22
wp		: yes
flags		: fpu vme de pse tsc msr pae mce cx8 apic sep mtrr pge mca cmov pat pse36 clflush dts acpi mmx fxsr sse sse2 ss ht tm pbe syscall nx pdpe1gb rdtscp lm constant_tsc art arch_perfmon pebs bts rep_good nopl xtopology nonstop_tsc aperfmperf eagerfpu pni pclmulqdq dtes64 monitor ds_cpl vmx est tm2 ssse3 sdbg fma cx16 xtpr pdcm pcid sse4_1 sse4_2 x2apic movbe popcnt tsc_deadline_timer aes xsave avx f16c rdrand lahf_lm abm 3dnowprefetch epb intel_pt tpr_shadow vnmi flexpriority ept vpid fsgsbase tsc_adjust bmi1 avx2 smep bmi2 erms invpcid mpx rdseed adx smap clflushopt xsaveopt xsavec xgetbv1 xsaves dtherm ida arat pln pts hwp hwp_notify hwp_act_window hwp_epp
bugs		:
bogomips	: 5808.00
clflush size	: 64
cache_alignment	: 64
address sizes	: 39 bits physical, 48 bits virtual
power management:

processor	: 3
vendor_id	: GenuineIntel
cpu family	: 6
model		: 142
model name	: Intel(R) Core(TM) i7-7500U CPU @ 2.70GHz
stepping	: 9
microcode	: 0x38
cpu MHz		: 2700.000
cache size	: 4096 KB
physical id	: 0
siblings	: 4
core id		: 1
cpu cores	: 2
apicid		: 3
initial apicid	: 3
fpu		: yes
fpu_exception	: yes
cpuid level	: 22
wp		: yes
flags		: fpu vme de pse tsc msr pae mce cx8 apic sep mtrr pge mca cmov pat pse36 clflush dts acpi mmx fxsr sse sse2 ss ht tm pbe syscall nx pdpe1gb rdtscp lm constant_tsc art arch_perfmon pebs bts rep_good nopl xtopology nonstop_tsc aperfmperf eagerfpu pni pclmulqdq dtes64 monitor ds_cpl vmx est tm2 ssse3 sdbg fma cx16 xtpr pdcm pcid sse4_1 sse4_2 x2apic movbe popcnt tsc_deadline_timer aes xsave avx f16c rdrand lahf_lm abm 3dnowprefetch epb intel_pt tpr_shadow vnmi flexpriority ept vpid fsgsbase tsc_adjust bmi1 avx2 smep bmi2 erms invpcid mpx rdseed adx smap clflushopt xsaveopt xsavec xgetbv1 xsaves dtherm ida arat pln pts hwp hwp_notify hwp_act_window hwp_epp
bugs		:
bogomips	: 5808.00
clflush size	: 64
cache_alignment	: 64
address sizes	: 39 bits physical, 48 bits virtual
power management:



Memory: 4k page, physical 8044820k(166376k free), swap 8190972k(8190972k free)

vm_info: OpenJDK 64-Bit Server VM (25.141-b15) for linux-amd64 JRE (1.8.0_141-8u141-b15-3-b15), built on Jul 25 2017 15:03:27 by "buildd" with gcc 6.4.0 20170704

time: Wed Oct 25 18:39:30 2017
elapsed time: 1061 seconds (0d 0h 17m 41s)

