#
# A fatal error has been detected by the Java Runtime Environment:
#
#  SIGSEGV (0xb) at pc=0x00000000000215e0, pid=4478, tid=0x00007fc0af2f2700
#
# JRE version: OpenJDK Runtime Environment (8.0_141-b15) (build 1.8.0_141-8u141-b15-3-b15)
# Java VM: OpenJDK 64-Bit Server VM (25.141-b15 mixed mode linux-amd64 compressed oops)
# Problematic frame:
# C  0x00000000000215e0
#
# Failed to write core dump. Core dumps have been disabled. To enable core dumping, try "ulimit -c unlimited" before starting Java again
#
# If you would like to submit a bug report, please visit:
#   http://bugreport.java.com/bugreport/crash.jsp
#

---------------  T H R E A D  ---------------

Current thread (0x00007fc0d4141000):  VMThread [stack: 0x00007fc0af1f2000,0x00007fc0af2f3000] [id=4494]

siginfo: si_signo: 11 (SIGSEGV), si_code: 1 (SEGV_MAPERR), si_addr: 0x00000000000215e0

Registers:
RAX=0x00007fc0dbb0bfa0, RBX=0x0000000000000082, RCX=0x00007fc0dbb0bfb0, RDX=0x00007fc0adeefaa4
RSP=0x00007fc0af2fa4a8, RBP=0x00007fc0dbb0a5d8, RSI=0x0000000000000082, RDI=0x00000000dbb0bfa0
R8 =0x00007fc0d40008c0, R9 =0x0000000000000000, R10=0x0000000000000001, R11=0x0000000000000206
R12=0x0000000000000001, R13=0x00007fc0dbb0bc20, R14=0x00007fc0d4050578, R15=0x00007fc0d40501a0
RIP=0x00000000000215e0, EFLAGS=0x0000000000010202, CSGSFS=0x002b000000000033, ERR=0x0000000000000014
  TRAPNO=0x000000000000000e

Top of Stack: (sp=0x00007fc0af2fa4a8)
0x00007fc0af2fa4a8:   00007fc0adeefaab 00007fc0db7a7920
0x00007fc0af2fa4b8:   0000000000000000 0000000000000000
0x00007fc0af2fa4c8:   0000000000000000 0000000000000000
0x00007fc0af2fa4d8:   0000000000000000 0000000000000000
0x00007fc0af2fa4e8:   0000000000000000 0000000000000000
0x00007fc0af2fa4f8:   0000000000000000 0000000000000000
0x00007fc0af2fa508:   0000000000000000 0000000000000000
0x00007fc0af2fa518:   0000000000000000 0000000000000000
0x00007fc0af2fa528:   0000000000000000 0000000000000000
0x00007fc0af2fa538:   0000000000000000 0000000000000000
0x00007fc0af2fa548:   0000000000000000 0000000000000000
0x00007fc0af2fa558:   0000000000000000 0000000000000000
0x00007fc0af2fa568:   0000000000000000 0000000000000000
0x00007fc0af2fa578:   0000000000000000 0000000000000000
0x00007fc0af2fa588:   0000000000000000 0000000000000000
0x00007fc0af2fa598:   0000000000000000 0000000000000000
0x00007fc0af2fa5a8:   0000000000000000 0000000000000000
0x00007fc0af2fa5b8:   0000000000000000 0000000000000000
0x00007fc0af2fa5c8:   0000000000000000 0000000000000000
0x00007fc0af2fa5d8:   0000000000000000 0000000000000000
0x00007fc0af2fa5e8:   0000000000000000 0000000000000000
0x00007fc0af2fa5f8:   0000000000000000 0000000000000000
0x00007fc0af2fa608:   0000000000000000 0000000000000000
0x00007fc0af2fa618:   0000000000000000 0000000000000000
0x00007fc0af2fa628:   0000000000000000 0000000000000000
0x00007fc0af2fa638:   0000000000000000 0000000000000000
0x00007fc0af2fa648:   0000000000000000 0000000000000000
0x00007fc0af2fa658:   0000000000000000 0000000000000000
0x00007fc0af2fa668:   0000000000000000 0000000000000000
0x00007fc0af2fa678:   0000000000000000 0000000000000000
0x00007fc0af2fa688:   0000000000000000 0000000000000000
0x00007fc0af2fa698:   0000000000000000 0000000000000000 

Instructions: (pc=0x00000000000215e0)
0x00000000000215c0:   
[error occurred during error reporting (printing registers, top of stack, instructions near pc), id 0xb]

Register to memory mapping:

RAX=0x00007fc0dbb0bfa0: <offset 0x399fa0> in /lib/x86_64-linux-gnu/libc.so.6 at 0x00007fc0db772000
RBX=0x0000000000000082 is an unknown value
RCX=0x00007fc0dbb0bfb0: <offset 0x399fb0> in /lib/x86_64-linux-gnu/libc.so.6 at 0x00007fc0db772000
RDX=
[error occurred during error reporting (printing register info), id 0xb]

Stack: [0x00007fc0af1f2000,0x00007fc0af2f3000],  sp=0x00007fc0af2fa4a8,  free space=1057k
Native frames: (J=compiled Java code, j=interpreted, Vv=VM code, C=native code)
C  0x00000000000215e0
C  [libc.so.6+0x39a040]

VM_Operation (0x00007fc0adaba770): Exit, mode: safepoint, requested by thread 0x00007fc098001000


---------------  P R O C E S S  ---------------

Java Threads: ( => current thread )
  0x00007fc098001000 JavaThread "SIGINT handler" daemon [_thread_blocked, id=6912, stack(0x00007fc0ad9bb000,0x00007fc0adabc000)]
  0x00007fc0d431c000 JavaThread "Service Thread" daemon [_thread_blocked, id=4510, stack(0x00007fc0ae637000,0x00007fc0ae738000)]
  0x00007fc0d4319800 JavaThread "C1 CompilerThread2" daemon [_thread_blocked, id=4509, stack(0x00007fc0ae738000,0x00007fc0ae839000)]
  0x00007fc0d4314800 JavaThread "C2 CompilerThread1" daemon [_thread_blocked, id=4508, stack(0x00007fc0ae839000,0x00007fc0ae93a000)]
  0x00007fc0d4313000 JavaThread "C2 CompilerThread0" daemon [_thread_blocked, id=4507, stack(0x00007fc0aeb52000,0x00007fc0aec53000)]
  0x00007fc0d4311800 JavaThread "Monitor Ctrl-Break" daemon [_thread_in_native, id=4506, stack(0x00007fc0aec53000,0x00007fc0aed54000)]
  0x00007fc0d414d000 JavaThread "Finalizer" daemon [_thread_blocked, id=4498, stack(0x00007fc0aeff0000,0x00007fc0af0f1000)]
  0x00007fc0d4148800 JavaThread "Reference Handler" daemon [_thread_blocked, id=4496, stack(0x00007fc0af0f1000,0x00007fc0af1f2000)]
  0x00007fc0d400c800 JavaThread "main" [_thread_blocked, id=4481, stack(0x00007fc0dc459000,0x00007fc0dc55a000)]

Other Threads:
=>0x00007fc0d4141000 VMThread [stack: 0x00007fc0af1f2000,0x00007fc0af2f3000] [id=4494]

VM state:at safepoint (shutting down)

VM Mutex/Monitor currently owned by a thread:  ([mutex/lock_event])
[0x00007fc0d4008980] Threads_lock - owner thread: 0x00007fc0d4141000

Heap:
 PSYoungGen      total 36864K, used 21201K [0x00000000d7100000, 0x00000000d9a00000, 0x0000000100000000)
  eden space 31744K, 66% used [0x00000000d7100000,0x00000000d85b46e8,0x00000000d9000000)
  from space 5120K, 0% used [0x00000000d9500000,0x00000000d9500000,0x00000000d9a00000)
  to   space 5120K, 0% used [0x00000000d9000000,0x00000000d9000000,0x00000000d9500000)
 ParOldGen       total 84992K, used 0K [0x0000000085200000, 0x000000008a500000, 0x00000000d7100000)
  object space 84992K, 0% used [0x0000000085200000,0x0000000085200000,0x000000008a500000)
 Metaspace       used 8310K, capacity 8498K, committed 8704K, reserved 1056768K
  class space    used 918K, capacity 1009K, committed 1024K, reserved 1048576K

Card table byte_map: [0x00007fc0d855e000,0x00007fc0d8936000] byte_map_base: 0x00007fc0d8135000

Marking Bits: (ParMarkBitMap*) 0x00007fc0db7552c0
 Begin Bits: [0x00007fc0b4290000, 0x00007fc0b6148000)
 End Bits:   [0x00007fc0b6148000, 0x00007fc0b8000000)

Polling page: 0x00007fc0dc579000

CodeCache: size=245760Kb used=2617Kb max_used=2632Kb free=243143Kb
 bounds [0x00007fc0c5000000, 0x00007fc0c52a0000, 0x00007fc0d4000000]
 total_blobs=1003 nmethods=671 adapters=247
 compilation: enabled

Compilation events (10 events):
Event: 0,486 Thread 0x00007fc0d4319800  665       3       sun.reflect.ClassFileAssembler::emitConstantPoolNameAndType (28 bytes)
Event: 0,487 Thread 0x00007fc0d4319800 nmethod 665 0x00007fc0c5284550 code [0x00007fc0c5284760, 0x00007fc0c5284e28]
Event: 0,487 Thread 0x00007fc0d4319800  668       3       java.lang.reflect.Constructor::<init> (50 bytes)
Event: 0,487 Thread 0x00007fc0d4319800 nmethod 668 0x00007fc0c5283f50 code [0x00007fc0c52840c0, 0x00007fc0c52843d0]
Event: 0,487 Thread 0x00007fc0d4319800  671  s    3       java.lang.Throwable::fillInStackTrace (29 bytes)
Event: 0,487 Thread 0x00007fc0d4319800 nmethod 671 0x00007fc0c5287910 code [0x00007fc0c5287a80, 0x00007fc0c5287e28]
Event: 0,498 Thread 0x00007fc0d4313000 nmethod 654 0x00007fc0c528c010 code [0x00007fc0c528c280, 0x00007fc0c528d780]
Event: 0,498 Thread 0x00007fc0d4313000  670   !   4       sun.misc.URLClassPath$JarLoader::getResource (85 bytes)
Event: 0,511 Thread 0x00007fc0d4314800 nmethod 655 0x00007fc0c528eb90 code [0x00007fc0c528ee00, 0x00007fc0c52902c0]
Event: 0,513 Thread 0x00007fc0d4313000 nmethod 670 0x00007fc0c5291210 code [0x00007fc0c5291480, 0x00007fc0c52925c8]

GC Heap History (0 events):
No events

Deoptimization events (6 events):
Event: 0,387 Thread 0x00007fc0d400c800 Uncommon trap: reason=unstable_if action=reinterpret pc=0x00007fc0c5203938 method=java.util.HashMap.putVal(ILjava/lang/Object;Ljava/lang/Object;ZZ)Ljava/lang/Object; @ 94
Event: 0,409 Thread 0x00007fc0d400c800 Uncommon trap: reason=class_check action=maybe_recompile pc=0x00007fc0c51df3a4 method=java.util.regex.Pattern$BmpCharProperty.match(Ljava/util/regex/Matcher;ILjava/lang/CharSequence;)Z @ 16
Event: 0,409 Thread 0x00007fc0d400c800 Uncommon trap: reason=class_check action=maybe_recompile pc=0x00007fc0c51df3a4 method=java.util.regex.Pattern$BmpCharProperty.match(Ljava/util/regex/Matcher;ILjava/lang/CharSequence;)Z @ 16
Event: 0,409 Thread 0x00007fc0d400c800 Uncommon trap: reason=class_check action=maybe_recompile pc=0x00007fc0c51df3a4 method=java.util.regex.Pattern$BmpCharProperty.match(Ljava/util/regex/Matcher;ILjava/lang/CharSequence;)Z @ 16
Event: 0,409 Thread 0x00007fc0d400c800 Uncommon trap: reason=class_check action=maybe_recompile pc=0x00007fc0c51df3a4 method=java.util.regex.Pattern$BmpCharProperty.match(Ljava/util/regex/Matcher;ILjava/lang/CharSequence;)Z @ 16
Event: 0,462 Thread 0x00007fc0d400c800 Uncommon trap: reason=unstable_if action=reinterpret pc=0x00007fc0c51710e8 method=java.lang.CharacterDataLatin1.digit(II)I @ 82

Internal exceptions (10 events):
Event: 0,187 Thread 0x00007fc0d400c800 Exception <a 'java/security/PrivilegedActionException'> (0x00000000d778b698) thrown at [/build/openjdk-8-qvKKlC/openjdk-8-8u141-b15/src/hotspot/src/share/vm/prims/jvm.cpp, line 1390]
Event: 0,187 Thread 0x00007fc0d400c800 Exception <a 'java/security/PrivilegedActionException'> (0x00000000d778c170) thrown at [/build/openjdk-8-qvKKlC/openjdk-8-8u141-b15/src/hotspot/src/share/vm/prims/jvm.cpp, line 1390]
Event: 0,187 Thread 0x00007fc0d400c800 Exception <a 'java/security/PrivilegedActionException'> (0x00000000d778c380) thrown at [/build/openjdk-8-qvKKlC/openjdk-8-8u141-b15/src/hotspot/src/share/vm/prims/jvm.cpp, line 1390]
Event: 0,399 Thread 0x00007fc0d400c800 Exception <a 'java/lang/ArrayIndexOutOfBoundsException'> (0x00000000d7f3d4d8) thrown at [/build/openjdk-8-qvKKlC/openjdk-8-8u141-b15/src/hotspot/src/share/vm/runtime/sharedRuntime.cpp, line 605]
Event: 0,399 Thread 0x00007fc0d400c800 Exception <a 'java/lang/ArrayIndexOutOfBoundsException'> (0x00000000d7f3f248) thrown at [/build/openjdk-8-qvKKlC/openjdk-8-8u141-b15/src/hotspot/src/share/vm/runtime/sharedRuntime.cpp, line 605]
Event: 0,399 Thread 0x00007fc0d400c800 Exception <a 'java/lang/ArrayIndexOutOfBoundsException'> (0x00000000d7f426a8) thrown at [/build/openjdk-8-qvKKlC/openjdk-8-8u141-b15/src/hotspot/src/share/vm/runtime/sharedRuntime.cpp, line 605]
Event: 0,399 Thread 0x00007fc0d400c800 Exception <a 'java/lang/ArrayIndexOutOfBoundsException'> (0x00000000d7f43480) thrown at [/build/openjdk-8-qvKKlC/openjdk-8-8u141-b15/src/hotspot/src/share/vm/runtime/sharedRuntime.cpp, line 605]
Event: 0,447 Thread 0x00007fc0d400c800 Exception <a 'java/lang/NoSuchFieldError': method resolution failed> (0x00000000d812fd80) thrown at [/build/openjdk-8-qvKKlC/openjdk-8-8u141-b15/src/hotspot/src/share/vm/prims/methodHandles.cpp, line 1146]
Event: 0,448 Thread 0x00007fc0d400c800 Exception <a 'java/lang/NoSuchFieldError': method resolution failed> (0x00000000d813db28) thrown at [/build/openjdk-8-qvKKlC/openjdk-8-8u141-b15/src/hotspot/src/share/vm/prims/methodHandles.cpp, line 1146]
Event: 13,856 Thread 0x00007fc0d400c800 Exception <a 'java/io/IOException': No Other files detected , try call waitForFileEvent()> (0x00000000d83ba908) thrown at [/build/openjdk-8-qvKKlC/openjdk-8-8u141-b15/src/hotspot/src/share/vm/prims/jni.cpp, line 735]

Events (10 events):
Event: 3101,215 loading class sun/misc/Signal$1 done
Event: 3101,216 Thread 0x00007fc098001000 Thread added: 0x00007fc098001000
Event: 3101,216 loading class java/util/IdentityHashMap$KeySet
Event: 3101,216 loading class java/util/IdentityHashMap$KeySet done
Event: 3101,216 loading class java/util/IdentityHashMap$KeyIterator
Event: 3101,216 loading class java/util/IdentityHashMap$KeyIterator done
Event: 3101,216 Thread 0x00007fc078001800 Thread added: 0x00007fc078001800
Event: 3101,216 Thread 0x00007fc078001800 Thread exited: 0x00007fc078001800
Event: 3101,216 Thread 0x00007fc0d4174800 Thread exited: 0x00007fc0d4174800
Event: 3101,216 Executing VM operation: Exit


Dynamic libraries:
85200000-8a500000 rw-p 00000000 00:00 0 
8a500000-d7100000 ---p 00000000 00:00 0 
d7100000-d9a00000 rw-p 00000000 00:00 0 
d9a00000-100000000 ---p 00000000 00:00 0 
100000000-100100000 rw-p 00000000 00:00 0 
100100000-140000000 ---p 00000000 00:00 0 
e987fc2000-e987fc3000 r-xp 00000000 08:06 13768332                       /usr/lib/jvm/java-8-openjdk-amd64/jre/bin/java
e9881c2000-e9881c3000 r--p 00000000 08:06 13768332                       /usr/lib/jvm/java-8-openjdk-amd64/jre/bin/java
e9881c3000-e9881c4000 rw-p 00001000 08:06 13768332                       /usr/lib/jvm/java-8-openjdk-amd64/jre/bin/java
e989a44000-e989a65000 rw-p 00000000 00:00 0                              [heap]
7fc078000000-7fc078021000 rw-p 00000000 00:00 0 
7fc078021000-7fc07c000000 ---p 00000000 00:00 0 
7fc07c000000-7fc07c021000 rw-p 00000000 00:00 0 
7fc07c021000-7fc080000000 ---p 00000000 00:00 0 
7fc080000000-7fc080021000 rw-p 00000000 00:00 0 
7fc080021000-7fc084000000 ---p 00000000 00:00 0 
7fc084000000-7fc084021000 rw-p 00000000 00:00 0 
7fc084021000-7fc088000000 ---p 00000000 00:00 0 
7fc088000000-7fc088288000 rw-p 00000000 00:00 0 
7fc088288000-7fc08c000000 ---p 00000000 00:00 0 
7fc08c000000-7fc08c19f000 rw-p 00000000 00:00 0 
7fc08c19f000-7fc090000000 ---p 00000000 00:00 0 
7fc090000000-7fc0902ec000 rw-p 00000000 00:00 0 
7fc0902ec000-7fc094000000 ---p 00000000 00:00 0 
7fc094fff000-7fc098000000 rw-p 00000000 00:00 0 
7fc098000000-7fc098021000 rw-p 00000000 00:00 0 
7fc098021000-7fc09c000000 ---p 00000000 00:00 0 
7fc09c000000-7fc09c021000 rw-p 00000000 00:00 0 
7fc09c021000-7fc0a0000000 ---p 00000000 00:00 0 
7fc0a0000000-7fc0a0021000 rw-p 00000000 00:00 0 
7fc0a0021000-7fc0a4000000 ---p 00000000 00:00 0 
7fc0a4000000-7fc0a4021000 rw-p 00000000 00:00 0 
7fc0a4021000-7fc0a8000000 ---p 00000000 00:00 0 
7fc0a8000000-7fc0a8021000 rw-p 00000000 00:00 0 
7fc0a8021000-7fc0ac000000 ---p 00000000 00:00 0 
7fc0ad8ba000-7fc0ad8bd000 ---p 00000000 00:00 0 
7fc0ad8bd000-7fc0ad9bb000 rw-p 00000000 00:00 0 
7fc0ad9bb000-7fc0ad9be000 ---p 00000000 00:00 0 
7fc0ad9be000-7fc0adabc000 rw-p 00000000 00:00 0 
7fc0adabc000-7fc0adabf000 r-xp 00000000 08:06 13901257                   /usr/lib/x86_64-linux-gnu/libboost_system.so.1.62.0
7fc0adabf000-7fc0adcbe000 ---p 00003000 08:06 13901257                   /usr/lib/x86_64-linux-gnu/libboost_system.so.1.62.0
7fc0adcbe000-7fc0adcbf000 r--p 00002000 08:06 13901257                   /usr/lib/x86_64-linux-gnu/libboost_system.so.1.62.0
7fc0adcbf000-7fc0adcc0000 rw-p 00003000 08:06 13901257                   /usr/lib/x86_64-linux-gnu/libboost_system.so.1.62.0
7fc0adcc0000-7fc0adcd8000 r-xp 00000000 08:06 13901252                   /usr/lib/x86_64-linux-gnu/libboost_filesystem.so.1.62.0
7fc0adcd8000-7fc0aded7000 ---p 00018000 08:06 13901252                   /usr/lib/x86_64-linux-gnu/libboost_filesystem.so.1.62.0
7fc0aded7000-7fc0aded8000 r--p 00017000 08:06 13901252                   /usr/lib/x86_64-linux-gnu/libboost_filesystem.so.1.62.0
7fc0aded8000-7fc0aded9000 rw-p 00018000 08:06 13901252                   /usr/lib/x86_64-linux-gnu/libboost_filesystem.so.1.62.0
7fc0aded9000-7fc0adef5000 r-xp 00000000 08:06 2622561                    /lib/libInotifyNative.so
7fc0adef5000-7fc0ae0f4000 ---p 0001c000 08:06 2622561                    /lib/libInotifyNative.so
7fc0ae0f4000-7fc0ae0f5000 r--p 0001b000 08:06 2622561                    /lib/libInotifyNative.so
7fc0ae0f5000-7fc0ae0f6000 rw-p 0001c000 08:06 2622561                    /lib/libInotifyNative.so
7fc0ae0f6000-7fc0ae11e000 r-xp 00000000 08:06 13773854                   /usr/lib/jvm/java-8-openjdk-amd64/jre/lib/amd64/libsunec.so
7fc0ae11e000-7fc0ae31e000 ---p 00028000 08:06 13773854                   /usr/lib/jvm/java-8-openjdk-amd64/jre/lib/amd64/libsunec.so
7fc0ae31e000-7fc0ae322000 r--p 00028000 08:06 13773854                   /usr/lib/jvm/java-8-openjdk-amd64/jre/lib/amd64/libsunec.so
7fc0ae322000-7fc0ae323000 rw-p 0002c000 08:06 13773854                   /usr/lib/jvm/java-8-openjdk-amd64/jre/lib/amd64/libsunec.so
7fc0ae323000-7fc0ae334000 r-xp 00000000 08:06 13768375                   /usr/lib/jvm/java-8-openjdk-amd64/jre/lib/amd64/libnio.so
7fc0ae334000-7fc0ae534000 ---p 00011000 08:06 13768375                   /usr/lib/jvm/java-8-openjdk-amd64/jre/lib/amd64/libnio.so
7fc0ae534000-7fc0ae535000 r--p 00011000 08:06 13768375                   /usr/lib/jvm/java-8-openjdk-amd64/jre/lib/amd64/libnio.so
7fc0ae535000-7fc0ae536000 rw-p 00012000 08:06 13768375                   /usr/lib/jvm/java-8-openjdk-amd64/jre/lib/amd64/libnio.so
7fc0ae536000-7fc0ae537000 ---p 00000000 00:00 0 
7fc0ae537000-7fc0ae637000 rw-p 00000000 00:00 0 
7fc0ae637000-7fc0ae63a000 ---p 00000000 00:00 0 
7fc0ae63a000-7fc0ae738000 rw-p 00000000 00:00 0 
7fc0ae738000-7fc0ae73b000 ---p 00000000 00:00 0 
7fc0ae73b000-7fc0ae839000 rw-p 00000000 00:00 0 
7fc0ae839000-7fc0ae83c000 ---p 00000000 00:00 0 
7fc0ae83c000-7fc0ae93a000 rw-p 00000000 00:00 0 
7fc0ae93a000-7fc0ae951000 r-xp 00000000 08:06 13768374                   /usr/lib/jvm/java-8-openjdk-amd64/jre/lib/amd64/libnet.so
7fc0ae951000-7fc0aeb50000 ---p 00017000 08:06 13768374                   /usr/lib/jvm/java-8-openjdk-amd64/jre/lib/amd64/libnet.so
7fc0aeb50000-7fc0aeb51000 r--p 00016000 08:06 13768374                   /usr/lib/jvm/java-8-openjdk-amd64/jre/lib/amd64/libnet.so
7fc0aeb51000-7fc0aeb52000 rw-p 00017000 08:06 13768374                   /usr/lib/jvm/java-8-openjdk-amd64/jre/lib/amd64/libnet.so
7fc0aeb52000-7fc0aeb55000 ---p 00000000 00:00 0 
7fc0aeb55000-7fc0aec53000 rw-p 00000000 00:00 0 
7fc0aec53000-7fc0aec56000 ---p 00000000 00:00 0 
7fc0aec56000-7fc0aed54000 rw-p 00000000 00:00 0 
7fc0aed54000-7fc0aed57000 ---p 00000000 00:00 0 
7fc0aed57000-7fc0aee55000 rw-p 00000000 00:00 0 
7fc0aee55000-7fc0aeff0000 r--p 00000000 08:06 13768397                   /usr/lib/locale/locale-archive
7fc0aeff0000-7fc0aeff3000 ---p 00000000 00:00 0 
7fc0aeff3000-7fc0af0f1000 rw-p 00000000 00:00 0 
7fc0af0f1000-7fc0af0f4000 ---p 00000000 00:00 0 
7fc0af0f4000-7fc0af1f2000 rw-p 00000000 00:00 0 
7fc0af1f2000-7fc0af1f3000 ---p 00000000 00:00 0 
7fc0af1f3000-7fc0b0000000 rw-p 00000000 00:00 0 
7fc0b0000000-7fc0b0021000 rw-p 00000000 00:00 0 
7fc0b0021000-7fc0b4000000 ---p 00000000 00:00 0 
7fc0b4066000-7fc0b408e000 r--s 001cf000 08:06 6697606                    /home/stefstef/.m2/repository/com/google/guava/guava-jdk5/17.0/guava-jdk5-17.0.jar
7fc0b408e000-7fc0b8000000 rw-p 00000000 00:00 0 
7fc0b8000000-7fc0b8021000 rw-p 00000000 00:00 0 
7fc0b8021000-7fc0bc000000 ---p 00000000 00:00 0 
7fc0bc000000-7fc0bc021000 rw-p 00000000 00:00 0 
7fc0bc021000-7fc0c0000000 ---p 00000000 00:00 0 
7fc0c0000000-7fc0c0021000 rw-p 00000000 00:00 0 
7fc0c0021000-7fc0c4000000 ---p 00000000 00:00 0 
7fc0c4012000-7fc0c4015000 r--s 00015000 08:06 13774554                   /usr/lib/jvm/java-8-openjdk-amd64/jre/lib/jce.jar
7fc0c4015000-7fc0c401a000 r--s 0009a000 08:06 13774556                   /usr/lib/jvm/java-8-openjdk-amd64/jre/lib/jsse.jar
7fc0c401a000-7fc0c401c000 r--s 0001a000 08:06 5640687                    /home/stefstef/Editors/idea-IU-172.3968.16/lib/idea_rt.jar
7fc0c401c000-7fc0c4020000 r--s 00019000 08:06 10096758                   /home/stefstef/.m2/repository/com/google/apis/google-api-services-drive/v3-rev76-1.22.0/google-api-services-drive-v3-rev76-1.22.0.jar
7fc0c4020000-7fc0c4024000 r--s 0002f000 08:06 6697602                    /home/stefstef/.m2/repository/com/fasterxml/jackson/core/jackson-core/2.1.3/jackson-core-2.1.3.jar
7fc0c4024000-7fc0c4027000 r--s 00006000 08:06 6697600                    /home/stefstef/.m2/repository/com/google/code/findbugs/jsr305/1.3.9/jsr305-1.3.9.jar
7fc0c4027000-7fc0c4029000 r--s 0000a000 08:06 7354560                    /home/stefstef/.m2/repository/commons-codec/commons-codec/1.3/commons-codec-1.3.jar
7fc0c4029000-7fc0c402b000 r--s 0000d000 08:06 7354558                    /home/stefstef/.m2/repository/commons-logging/commons-logging/1.1.1/commons-logging-1.1.1.jar
7fc0c402b000-7fc0c4030000 r--s 00026000 08:06 7354562                    /home/stefstef/.m2/repository/org/apache/httpcomponents/httpcore/4.0.1/httpcore-4.0.1.jar
7fc0c4030000-7fc0c4038000 r--s 00040000 08:06 8006077                    /home/stefstef/.m2/repository/org/apache/httpcomponents/httpclient/4.0.1/httpclient-4.0.1.jar
7fc0c4038000-7fc0c4041000 r--s 0004f000 08:06 6697597                    /home/stefstef/.m2/repository/com/google/http-client/google-http-client/1.22.0/google-http-client-1.22.0.jar
7fc0c4041000-7fc0c4046000 r--s 0002c000 08:06 6558462                    /home/stefstef/.m2/repository/com/google/api-client/google-api-client/1.22.0/google-api-client-1.22.0.jar
7fc0c4046000-7fc0c4059000 r--s 00346000 08:06 13774561                   /usr/lib/jvm/java-8-openjdk-amd64/jre/lib/resources.jar
7fc0c4059000-7fc0c4227000 r--s 03c15000 08:06 13774562                   /usr/lib/jvm/java-8-openjdk-amd64/jre/lib/rt.jar
7fc0c4227000-7fc0c49a7000 rw-p 00000000 00:00 0 
7fc0c49a7000-7fc0c4a27000 ---p 00000000 00:00 0 
7fc0c4a27000-7fc0c4dfe000 rw-p 00000000 00:00 0 
7fc0c4dfe000-7fc0c4dff000 ---p 00000000 00:00 0 
7fc0c4dff000-7fc0c4eff000 rw-p 00000000 00:00 0 
7fc0c4eff000-7fc0c4f00000 ---p 00000000 00:00 0 
7fc0c4f00000-7fc0c5000000 rw-p 00000000 00:00 0 
7fc0c5000000-7fc0c52a0000 rwxp 00000000 00:00 0 
7fc0c52a0000-7fc0d4000000 ---p 00000000 00:00 0 
7fc0d4000000-7fc0d45fb000 rw-p 00000000 00:00 0 
7fc0d45fb000-7fc0d8000000 ---p 00000000 00:00 0 
7fc0d8000000-7fc0d8001000 r--s 00001000 08:06 6697598                    /home/stefstef/.m2/repository/com/google/http-client/google-http-client-jackson2/1.22.0/google-http-client-jackson2-1.22.0.jar
7fc0d8001000-7fc0d8003000 r--s 0000d000 08:06 6558464                    /home/stefstef/.m2/repository/com/google/oauth-client/google-oauth-client/1.22.0/google-oauth-client-1.22.0.jar
7fc0d8003000-7fc0d8005000 r--s 0001f000 08:06 8262924                    /home/stefstef/.m2/repository/org/mortbay/jetty/servlet-api/2.5-20081211/servlet-api-2.5-20081211.jar
7fc0d8005000-7fc0d8009000 r--s 00028000 08:06 9965488                    /home/stefstef/.m2/repository/org/mortbay/jetty/jetty-util/6.1.26/jetty-util-6.1.26.jar
7fc0d8009000-7fc0d8010000 r--s 0007d000 08:06 9965486                    /home/stefstef/.m2/repository/org/mortbay/jetty/jetty/6.1.26/jetty-6.1.26.jar
7fc0d8010000-7fc0d8011000 r--s 00002000 08:06 9965484                    /home/stefstef/.m2/repository/com/google/oauth-client/google-oauth-client-java6/1.22.0/google-oauth-client-java6-1.22.0.jar
7fc0d8011000-7fc0d8012000 r--s 00001000 08:06 9965482                    /home/stefstef/.m2/repository/com/google/oauth-client/google-oauth-client-jetty/1.22.0/google-oauth-client-jetty-1.22.0.jar
7fc0d8012000-7fc0d8013000 r--s 00000000 08:06 13774559                   /usr/lib/jvm/java-8-openjdk-amd64/jre/lib/management-agent.jar
7fc0d8013000-7fc0d8018000 r--s 0009a000 08:06 13774556                   /usr/lib/jvm/java-8-openjdk-amd64/jre/lib/jsse.jar
7fc0d8018000-7fc0d801b000 r--s 00015000 08:06 13774554                   /usr/lib/jvm/java-8-openjdk-amd64/jre/lib/jce.jar
7fc0d801b000-7fc0d8020000 r--s 002f9000 08:06 13774523                   /usr/lib/jvm/java-8-openjdk-amd64/jre/lib/charsets.jar
7fc0d8020000-7fc0d803b000 r--s 00394000 08:06 13774533                   /usr/lib/jvm/java-8-openjdk-amd64/jre/lib/ext/cldrdata.jar
7fc0d803b000-7fc0d8056000 r--s 001d6000 08:06 13774538                   /usr/lib/jvm/java-8-openjdk-amd64/jre/lib/ext/nashorn.jar
7fc0d8056000-7fc0d80cc000 rw-p 00000000 00:00 0 
7fc0d80cc000-7fc0d80cd000 ---p 00000000 00:00 0 
7fc0d80cd000-7fc0d81cd000 rw-p 00000000 00:00 0 
7fc0d81cd000-7fc0d81ce000 ---p 00000000 00:00 0 
7fc0d81ce000-7fc0d82f8000 rw-p 00000000 00:00 0 
7fc0d82f8000-7fc0d855e000 ---p 00000000 00:00 0 
7fc0d855e000-7fc0d8588000 rw-p 00000000 00:00 0 
7fc0d8588000-7fc0d87ed000 ---p 00000000 00:00 0 
7fc0d87ed000-7fc0d8802000 rw-p 00000000 00:00 0 
7fc0d8802000-7fc0d8935000 ---p 00000000 00:00 0 
7fc0d8935000-7fc0d8941000 rw-p 00000000 00:00 0 
7fc0d8941000-7fc0d8cf6000 ---p 00000000 00:00 0 
7fc0d8cf6000-7fc0d8cfe000 r-xp 00000000 08:06 13774519                   /usr/lib/jvm/java-8-openjdk-amd64/jre/lib/amd64/libzip.so
7fc0d8cfe000-7fc0d8efd000 ---p 00008000 08:06 13774519                   /usr/lib/jvm/java-8-openjdk-amd64/jre/lib/amd64/libzip.so
7fc0d8efd000-7fc0d8efe000 r--p 00007000 08:06 13774519                   /usr/lib/jvm/java-8-openjdk-amd64/jre/lib/amd64/libzip.so
7fc0d8efe000-7fc0d8eff000 rw-p 00008000 08:06 13774519                   /usr/lib/jvm/java-8-openjdk-amd64/jre/lib/amd64/libzip.so
7fc0d8eff000-7fc0d8f09000 r-xp 00000000 08:06 2755107                    /lib/x86_64-linux-gnu/libnss_files-2.24.so
7fc0d8f09000-7fc0d9109000 ---p 0000a000 08:06 2755107                    /lib/x86_64-linux-gnu/libnss_files-2.24.so
7fc0d9109000-7fc0d910a000 r--p 0000a000 08:06 2755107                    /lib/x86_64-linux-gnu/libnss_files-2.24.so
7fc0d910a000-7fc0d910b000 rw-p 0000b000 08:06 2755107                    /lib/x86_64-linux-gnu/libnss_files-2.24.so
7fc0d910b000-7fc0d9111000 rw-p 00000000 00:00 0 
7fc0d9111000-7fc0d911c000 r-xp 00000000 08:06 2755111                    /lib/x86_64-linux-gnu/libnss_nis-2.24.so
7fc0d911c000-7fc0d931b000 ---p 0000b000 08:06 2755111                    /lib/x86_64-linux-gnu/libnss_nis-2.24.so
7fc0d931b000-7fc0d931c000 r--p 0000a000 08:06 2755111                    /lib/x86_64-linux-gnu/libnss_nis-2.24.so
7fc0d931c000-7fc0d931d000 rw-p 0000b000 08:06 2755111                    /lib/x86_64-linux-gnu/libnss_nis-2.24.so
7fc0d931d000-7fc0d9331000 r-xp 00000000 08:06 2755101                    /lib/x86_64-linux-gnu/libnsl-2.24.so
7fc0d9331000-7fc0d9531000 ---p 00014000 08:06 2755101                    /lib/x86_64-linux-gnu/libnsl-2.24.so
7fc0d9531000-7fc0d9532000 r--p 00014000 08:06 2755101                    /lib/x86_64-linux-gnu/libnsl-2.24.so
7fc0d9532000-7fc0d9533000 rw-p 00015000 08:06 2755101                    /lib/x86_64-linux-gnu/libnsl-2.24.so
7fc0d9533000-7fc0d9535000 rw-p 00000000 00:00 0 
7fc0d9535000-7fc0d953c000 r-xp 00000000 08:06 2755103                    /lib/x86_64-linux-gnu/libnss_compat-2.24.so
7fc0d953c000-7fc0d973b000 ---p 00007000 08:06 2755103                    /lib/x86_64-linux-gnu/libnss_compat-2.24.so
7fc0d973b000-7fc0d973c000 r--p 00006000 08:06 2755103                    /lib/x86_64-linux-gnu/libnss_compat-2.24.so
7fc0d973c000-7fc0d973d000 rw-p 00007000 08:06 2755103                    /lib/x86_64-linux-gnu/libnss_compat-2.24.so
7fc0d973d000-7fc0d9747000 r-xp 00000000 08:06 13768357                   /usr/lib/jvm/java-8-openjdk-amd64/jre/lib/amd64/libinstrument.so
7fc0d9747000-7fc0d9946000 ---p 0000a000 08:06 13768357                   /usr/lib/jvm/java-8-openjdk-amd64/jre/lib/amd64/libinstrument.so
7fc0d9946000-7fc0d9947000 r--p 00009000 08:06 13768357                   /usr/lib/jvm/java-8-openjdk-amd64/jre/lib/amd64/libinstrument.so
7fc0d9947000-7fc0d9948000 rw-p 0000a000 08:06 13768357                   /usr/lib/jvm/java-8-openjdk-amd64/jre/lib/amd64/libinstrument.so
7fc0d9948000-7fc0d9975000 r-xp 00000000 08:06 13768363                   /usr/lib/jvm/java-8-openjdk-amd64/jre/lib/amd64/libjava.so
7fc0d9975000-7fc0d9b74000 ---p 0002d000 08:06 13768363                   /usr/lib/jvm/java-8-openjdk-amd64/jre/lib/amd64/libjava.so
7fc0d9b74000-7fc0d9b75000 r--p 0002c000 08:06 13768363                   /usr/lib/jvm/java-8-openjdk-amd64/jre/lib/amd64/libjava.so
7fc0d9b75000-7fc0d9b77000 rw-p 0002d000 08:06 13768363                   /usr/lib/jvm/java-8-openjdk-amd64/jre/lib/amd64/libjava.so
7fc0d9b77000-7fc0d9b86000 r-xp 00000000 08:06 13774518                   /usr/lib/jvm/java-8-openjdk-amd64/jre/lib/amd64/libverify.so
7fc0d9b86000-7fc0d9d86000 ---p 0000f000 08:06 13774518                   /usr/lib/jvm/java-8-openjdk-amd64/jre/lib/amd64/libverify.so
7fc0d9d86000-7fc0d9d88000 r--p 0000f000 08:06 13774518                   /usr/lib/jvm/java-8-openjdk-amd64/jre/lib/amd64/libverify.so
7fc0d9d88000-7fc0d9d89000 rw-p 00011000 08:06 13774518                   /usr/lib/jvm/java-8-openjdk-amd64/jre/lib/amd64/libverify.so
7fc0d9d89000-7fc0d9d90000 r-xp 00000000 08:06 2755160                    /lib/x86_64-linux-gnu/librt-2.24.so
7fc0d9d90000-7fc0d9f8f000 ---p 00007000 08:06 2755160                    /lib/x86_64-linux-gnu/librt-2.24.so
7fc0d9f8f000-7fc0d9f90000 r--p 00006000 08:06 2755160                    /lib/x86_64-linux-gnu/librt-2.24.so
7fc0d9f90000-7fc0d9f91000 rw-p 00007000 08:06 2755160                    /lib/x86_64-linux-gnu/librt-2.24.so
7fc0d9f91000-7fc0d9fa7000 r-xp 00000000 08:06 2755254                    /lib/x86_64-linux-gnu/libgcc_s.so.1
7fc0d9fa7000-7fc0da1a6000 ---p 00016000 08:06 2755254                    /lib/x86_64-linux-gnu/libgcc_s.so.1
7fc0da1a6000-7fc0da1a7000 r--p 00015000 08:06 2755254                    /lib/x86_64-linux-gnu/libgcc_s.so.1
7fc0da1a7000-7fc0da1a8000 rw-p 00016000 08:06 2755254                    /lib/x86_64-linux-gnu/libgcc_s.so.1
7fc0da1a8000-7fc0da2ab000 r-xp 00000000 08:06 2755084                    /lib/x86_64-linux-gnu/libm-2.24.so
7fc0da2ab000-7fc0da4aa000 ---p 00103000 08:06 2755084                    /lib/x86_64-linux-gnu/libm-2.24.so
7fc0da4aa000-7fc0da4ab000 r--p 00102000 08:06 2755084                    /lib/x86_64-linux-gnu/libm-2.24.so
7fc0da4ab000-7fc0da4ac000 rw-p 00103000 08:06 2755084                    /lib/x86_64-linux-gnu/libm-2.24.so
7fc0da4ac000-7fc0da61e000 r-xp 00000000 08:06 13909765                   /usr/lib/x86_64-linux-gnu/libstdc++.so.6.0.24
7fc0da61e000-7fc0da81e000 ---p 00172000 08:06 13909765                   /usr/lib/x86_64-linux-gnu/libstdc++.so.6.0.24
7fc0da81e000-7fc0da828000 r--p 00172000 08:06 13909765                   /usr/lib/x86_64-linux-gnu/libstdc++.so.6.0.24
7fc0da828000-7fc0da82a000 rw-p 0017c000 08:06 13909765                   /usr/lib/x86_64-linux-gnu/libstdc++.so.6.0.24
7fc0da82a000-7fc0da82d000 rw-p 00000000 00:00 0 
7fc0da82d000-7fc0db486000 r-xp 00000000 08:06 13774522                   /usr/lib/jvm/java-8-openjdk-amd64/jre/lib/amd64/server/libjvm.so
7fc0db486000-7fc0db686000 ---p 00c59000 08:06 13774522                   /usr/lib/jvm/java-8-openjdk-amd64/jre/lib/amd64/server/libjvm.so
7fc0db686000-7fc0db719000 r--p 00c59000 08:06 13774522                   /usr/lib/jvm/java-8-openjdk-amd64/jre/lib/amd64/server/libjvm.so
7fc0db719000-7fc0db742000 rw-p 00cec000 08:06 13774522                   /usr/lib/jvm/java-8-openjdk-amd64/jre/lib/amd64/server/libjvm.so
7fc0db742000-7fc0db772000 rw-p 00000000 00:00 0 
7fc0db772000-7fc0db907000 r-xp 00000000 08:06 2755012                    /lib/x86_64-linux-gnu/libc-2.24.so
7fc0db907000-7fc0dbb06000 ---p 00195000 08:06 2755012                    /lib/x86_64-linux-gnu/libc-2.24.so
7fc0dbb06000-7fc0dbb0a000 r--p 00194000 08:06 2755012                    /lib/x86_64-linux-gnu/libc-2.24.so
7fc0dbb0a000-7fc0dbb0c000 rw-p 00198000 08:06 2755012                    /lib/x86_64-linux-gnu/libc-2.24.so
7fc0dbb0c000-7fc0dbb10000 rw-p 00000000 00:00 0 
7fc0dbb10000-7fc0dbb12000 r-xp 00000000 08:06 2755035                    /lib/x86_64-linux-gnu/libdl-2.24.so
7fc0dbb12000-7fc0dbd12000 ---p 00002000 08:06 2755035                    /lib/x86_64-linux-gnu/libdl-2.24.so
7fc0dbd12000-7fc0dbd13000 r--p 00002000 08:06 2755035                    /lib/x86_64-linux-gnu/libdl-2.24.so
7fc0dbd13000-7fc0dbd14000 rw-p 00003000 08:06 2755035                    /lib/x86_64-linux-gnu/libdl-2.24.so
7fc0dbd14000-7fc0dbd21000 r-xp 00000000 08:06 13768346                   /usr/lib/jvm/java-8-openjdk-amd64/jre/lib/amd64/jli/libjli.so
7fc0dbd21000-7fc0dbf21000 ---p 0000d000 08:06 13768346                   /usr/lib/jvm/java-8-openjdk-amd64/jre/lib/amd64/jli/libjli.so
7fc0dbf21000-7fc0dbf22000 r--p 0000d000 08:06 13768346                   /usr/lib/jvm/java-8-openjdk-amd64/jre/lib/amd64/jli/libjli.so
7fc0dbf22000-7fc0dbf23000 rw-p 0000e000 08:06 13768346                   /usr/lib/jvm/java-8-openjdk-amd64/jre/lib/amd64/jli/libjli.so
7fc0dbf23000-7fc0dbf3c000 r-xp 00000000 08:06 2755193                    /lib/x86_64-linux-gnu/libz.so.1.2.8
7fc0dbf3c000-7fc0dc13b000 ---p 00019000 08:06 2755193                    /lib/x86_64-linux-gnu/libz.so.1.2.8
7fc0dc13b000-7fc0dc13c000 r--p 00018000 08:06 2755193                    /lib/x86_64-linux-gnu/libz.so.1.2.8
7fc0dc13c000-7fc0dc13d000 rw-p 00019000 08:06 2755193                    /lib/x86_64-linux-gnu/libz.so.1.2.8
7fc0dc13d000-7fc0dc155000 r-xp 00000000 08:06 2755150                    /lib/x86_64-linux-gnu/libpthread-2.24.so
7fc0dc155000-7fc0dc354000 ---p 00018000 08:06 2755150                    /lib/x86_64-linux-gnu/libpthread-2.24.so
7fc0dc354000-7fc0dc355000 r--p 00017000 08:06 2755150                    /lib/x86_64-linux-gnu/libpthread-2.24.so
7fc0dc355000-7fc0dc356000 rw-p 00018000 08:06 2755150                    /lib/x86_64-linux-gnu/libpthread-2.24.so
7fc0dc356000-7fc0dc35a000 rw-p 00000000 00:00 0 
7fc0dc35a000-7fc0dc37d000 r-xp 00000000 08:06 2754986                    /lib/x86_64-linux-gnu/ld-2.24.so
7fc0dc37d000-7fc0dc37f000 r--s 00007000 08:06 14821044                   /usr/share/java/java-atk-wrapper.jar
7fc0dc37f000-7fc0dc380000 r--s 00010000 08:06 13774542                   /usr/lib/jvm/java-8-openjdk-amd64/jre/lib/ext/zipfs.jar
7fc0dc380000-7fc0dc382000 r--s 00007000 08:06 14821044                   /usr/share/java/java-atk-wrapper.jar
7fc0dc382000-7fc0dc384000 r--s 00001000 08:06 13774534                   /usr/lib/jvm/java-8-openjdk-amd64/jre/lib/ext/dnsns.jar
7fc0dc384000-7fc0dc389000 r--s 0003b000 08:06 13774540                   /usr/lib/jvm/java-8-openjdk-amd64/jre/lib/ext/sunjce_provider.jar
7fc0dc389000-7fc0dc459000 rw-p 00000000 00:00 0 
7fc0dc459000-7fc0dc45c000 ---p 00000000 00:00 0 
7fc0dc45c000-7fc0dc55c000 rw-p 00000000 00:00 0 
7fc0dc55c000-7fc0dc55d000 r--s 0000a000 08:06 13774536                   /usr/lib/jvm/java-8-openjdk-amd64/jre/lib/ext/jaccess.jar
7fc0dc55d000-7fc0dc561000 r--s 00037000 08:06 13774541                   /usr/lib/jvm/java-8-openjdk-amd64/jre/lib/ext/sunpkcs11.jar
7fc0dc561000-7fc0dc564000 r--s 0000f000 08:06 13774535                   /usr/lib/jvm/java-8-openjdk-amd64/jre/lib/ext/icedtea-sound.jar
7fc0dc564000-7fc0dc566000 r--s 00008000 08:06 13774539                   /usr/lib/jvm/java-8-openjdk-amd64/jre/lib/ext/sunec.jar
7fc0dc566000-7fc0dc570000 r--s 00116000 08:06 13774537                   /usr/lib/jvm/java-8-openjdk-amd64/jre/lib/ext/localedata.jar
7fc0dc570000-7fc0dc578000 rw-s 00000000 08:06 8141353                    /tmp/hsperfdata_stefstef/4478 (deleted)
7fc0dc578000-7fc0dc579000 rw-p 00000000 00:00 0 
7fc0dc579000-7fc0dc57a000 ---p 00000000 00:00 0 
7fc0dc57a000-7fc0dc57d000 rw-p 00000000 00:00 0 
7fc0dc57d000-7fc0dc57e000 r--p 00023000 08:06 2754986                    /lib/x86_64-linux-gnu/ld-2.24.so
7fc0dc57e000-7fc0dc57f000 rw-p 00024000 08:06 2754986                    /lib/x86_64-linux-gnu/ld-2.24.so
7fc0dc57f000-7fc0dc580000 rw-p 00000000 00:00 0 
7ffff0b57000-7ffff0b79000 rw-p 00000000 00:00 0                          [stack]
7ffff0bfb000-7ffff0bfd000 r--p 00000000 00:00 0                          [vvar]
7ffff0bfd000-7ffff0bff000 r-xp 00000000 00:00 0                          [vdso]
ffffffffff600000-ffffffffff601000 r-xp 00000000 00:00 0                  [vsyscall]

VM Arguments:
jvm_args: -javaagent:/home/stefstef/Editors/idea-IU-172.3968.16/lib/idea_rt.jar=42237:/home/stefstef/Editors/idea-IU-172.3968.16/bin -Dfile.encoding=UTF-8 -Dawt.useSystemAAFontSettings=gasp 
java_command: com.noReasonException.Misc.Factories.ServiceFactory
java_class_path (initial): /usr/lib/jvm/java-1.8.0-openjdk-amd64/jre/lib/charsets.jar:/usr/lib/jvm/java-1.8.0-openjdk-amd64/jre/lib/ext/cldrdata.jar:/usr/lib/jvm/java-1.8.0-openjdk-amd64/jre/lib/ext/dnsns.jar:/usr/lib/jvm/java-1.8.0-openjdk-amd64/jre/lib/ext/icedtea-sound.jar:/usr/lib/jvm/java-1.8.0-openjdk-amd64/jre/lib/ext/jaccess.jar:/usr/lib/jvm/java-1.8.0-openjdk-amd64/jre/lib/ext/java-atk-wrapper.jar:/usr/lib/jvm/java-1.8.0-openjdk-amd64/jre/lib/ext/localedata.jar:/usr/lib/jvm/java-1.8.0-openjdk-amd64/jre/lib/ext/nashorn.jar:/usr/lib/jvm/java-1.8.0-openjdk-amd64/jre/lib/ext/sunec.jar:/usr/lib/jvm/java-1.8.0-openjdk-amd64/jre/lib/ext/sunjce_provider.jar:/usr/lib/jvm/java-1.8.0-openjdk-amd64/jre/lib/ext/sunpkcs11.jar:/usr/lib/jvm/java-1.8.0-openjdk-amd64/jre/lib/ext/zipfs.jar:/usr/lib/jvm/java-1.8.0-openjdk-amd64/jre/lib/jce.jar:/usr/lib/jvm/java-1.8.0-openjdk-amd64/jre/lib/jsse.jar:/usr/lib/jvm/java-1.8.0-openjdk-amd64/jre/lib/management-agent.jar:/usr/lib/jvm/java-1.8.0-openjdk-amd64/jre/lib/resources.jar:/usr/lib/jvm/java-1.8.0-openjdk-amd64/jre/lib/rt.jar:/home/stefstef/Desktop/googledrivesyncclientlinux/googleDriveSync/target/classes:/home/stefstef/.m2/repository/com/google/oauth-client/google-oauth-client-jetty/1.22.0/google-oauth-client-jetty-1.22.0.jar:/home/stefstef/.m2/repository/com/google/oauth-client/google-oauth-client-java6/1.22.0/google-oauth-client-java6-1.22.0.jar:/home/stefstef/.m2/repository/org/mortbay/jetty/jetty/6.1.26/jetty-6.1.26.jar:/home/stefstef/.m2/repository/org/mortbay/jetty/jetty-util/6.1.26/jetty-util-6.1.26.jar:/home/stefstef/.m2/repository/org/mortbay/jetty/servlet-api/2.5-20081211/servlet-api-2.5-20081211.jar:/home/stefstef/.m2/repository/com/google/api-client/google-api-client/1.22.0/google-api-client-1.22.0.jar:/home/stefstef/.m2/repository/com/google/oauth-client/google-oauth-client/1.22.0/google-oauth-client-1.22.0.jar:/home/stefstef/.m2/repository/com/google/http-client/google-http-client/1.22.0/google-http-client-1.22.
Launcher Type: SUN_STANDARD

Environment Variables:
_JAVA_OPTIONS=  -Dawt.useSystemAAFontSettings=gasp
PATH=/usr/local/bin:/usr/bin:/bin:/usr/local/games:/usr/games:/sbin:/usr/sbin
SHELL=/bin/bash
DISPLAY=:0

Signal Handlers:
SIGSEGV: [libjvm.so+0xa6f4f0], sa_mask[0]=11111111011111111101111111111110, sa_flags=SA_RESTART|SA_SIGINFO
SIGBUS: [libjvm.so+0xa6f4f0], sa_mask[0]=11111111011111111101111111111110, sa_flags=SA_RESTART|SA_SIGINFO
SIGFPE: [libjvm.so+0x8b95e0], sa_mask[0]=11111111011111111101111111111110, sa_flags=SA_RESTART|SA_SIGINFO
SIGPIPE: [libjvm.so+0x8b95e0], sa_mask[0]=11111111011111111101111111111110, sa_flags=SA_RESTART|SA_SIGINFO
SIGXFSZ: [libjvm.so+0x8b95e0], sa_mask[0]=11111111011111111101111111111110, sa_flags=SA_RESTART|SA_SIGINFO
SIGILL: [libjvm.so+0x8b95e0], sa_mask[0]=11111111011111111101111111111110, sa_flags=SA_RESTART|SA_SIGINFO
SIGUSR1: SIG_DFL, sa_mask[0]=00000000000000000000000000000000, sa_flags=none
SIGUSR2: [libjvm.so+0x8b9490], sa_mask[0]=00100000000000000000000000000000, sa_flags=SA_RESTART|SA_SIGINFO
SIGHUP: SIG_IGN, sa_mask[0]=00000000000000000000000000000000, sa_flags=none
SIGINT: [libjvm.so+0x8b9940], sa_mask[0]=11111111011111111101111111111110, sa_flags=SA_RESTART|SA_SIGINFO
SIGTERM: [libjvm.so+0x8b9940], sa_mask[0]=11111111011111111101111111111110, sa_flags=SA_RESTART|SA_SIGINFO
SIGQUIT: [libjvm.so+0x8b9940], sa_mask[0]=11111111011111111101111111111110, sa_flags=SA_RESTART|SA_SIGINFO


---------------  S Y S T E M  ---------------

OS:DISTRIB_ID=Deepin
DISTRIB_RELEASE=15.4.1
DISTRIB_DESCRIPTION="Deepin 15.4.1 "
DISTRIB_CODENAME=unstable

uname:Linux 4.9.0-deepin9-amd64 #1 SMP PREEMPT Deepin 4.9.29-4 (2017-07-17) x86_64
libc:glibc 2.24 NPTL 2.24 
rlimit: STACK 8192k, CORE 0k, NPROC 31240, NOFILE 1048576, AS infinity
load average:5,04 4,09 3,76

/proc/meminfo:
MemTotal:        8044820 kB
MemFree:          722908 kB
MemAvailable:    3062284 kB
Buffers:          138572 kB
Cached:          2911788 kB
SwapCached:            0 kB
Active:          4951652 kB
Inactive:        1951804 kB
Active(anon):    3862676 kB
Inactive(anon):   607808 kB
Active(file):    1088976 kB
Inactive(file):  1343996 kB
Unevictable:          88 kB
Mlocked:              88 kB
SwapTotal:       8190972 kB
SwapFree:        8190972 kB
Dirty:              6988 kB
Writeback:             0 kB
AnonPages:       3853028 kB
Mapped:           754692 kB
Shmem:            617392 kB
Slab:             265276 kB
SReclaimable:     215312 kB
SUnreclaim:        49964 kB
KernelStack:       13508 kB
PageTables:        47980 kB
NFS_Unstable:          0 kB
Bounce:                0 kB
WritebackTmp:          0 kB
CommitLimit:    12213380 kB
Committed_AS:   10328104 kB
VmallocTotal:   34359738367 kB
VmallocUsed:           0 kB
VmallocChunk:          0 kB
HardwareCorrupted:     0 kB
AnonHugePages:      2048 kB
ShmemHugePages:        0 kB
ShmemPmdMapped:        0 kB
HugePages_Total:       0
HugePages_Free:        0
HugePages_Rsvd:        0
HugePages_Surp:        0
Hugepagesize:       2048 kB
DirectMap4k:      191092 kB
DirectMap2M:     8062976 kB
DirectMap1G:           0 kB


CPU:total 4 (initial active 4) (2 cores per cpu, 2 threads per core) family 6 model 142 stepping 9, cmov, cx8, fxsr, mmx, sse, sse2, sse3, ssse3, sse4.1, sse4.2, popcnt, avx, avx2, aes, clmul, erms, 3dnowpref, lzcnt, ht, tsc, tscinvbit, bmi1, bmi2, adx

/proc/cpuinfo:
processor	: 0
vendor_id	: GenuineIntel
cpu family	: 6
model		: 142
model name	: Intel(R) Core(TM) i7-7500U CPU @ 2.70GHz
stepping	: 9
microcode	: 0x38
cpu MHz		: 1300.000
cache size	: 4096 KB
physical id	: 0
siblings	: 4
core id		: 0
cpu cores	: 2
apicid		: 0
initial apicid	: 0
fpu		: yes
fpu_exception	: yes
cpuid level	: 22
wp		: yes
flags		: fpu vme de pse tsc msr pae mce cx8 apic sep mtrr pge mca cmov pat pse36 clflush dts acpi mmx fxsr sse sse2 ss ht tm pbe syscall nx pdpe1gb rdtscp lm constant_tsc art arch_perfmon pebs bts rep_good nopl xtopology nonstop_tsc aperfmperf eagerfpu pni pclmulqdq dtes64 monitor ds_cpl vmx est tm2 ssse3 sdbg fma cx16 xtpr pdcm pcid sse4_1 sse4_2 x2apic movbe popcnt tsc_deadline_timer aes xsave avx f16c rdrand lahf_lm abm 3dnowprefetch epb intel_pt tpr_shadow vnmi flexpriority ept vpid fsgsbase tsc_adjust bmi1 avx2 smep bmi2 erms invpcid mpx rdseed adx smap clflushopt xsaveopt xsavec xgetbv1 xsaves dtherm ida arat pln pts hwp hwp_notify hwp_act_window hwp_epp
bugs		:
bogomips	: 5808.00
clflush size	: 64
cache_alignment	: 64
address sizes	: 39 bits physical, 48 bits virtual
power management:

processor	: 1
vendor_id	: GenuineIntel
cpu family	: 6
model		: 142
model name	: Intel(R) Core(TM) i7-7500U CPU @ 2.70GHz
stepping	: 9
microcode	: 0x38
cpu MHz		: 1600.000
cache size	: 4096 KB
physical id	: 0
siblings	: 4
core id		: 1
cpu cores	: 2
apicid		: 2
initial apicid	: 2
fpu		: yes
fpu_exception	: yes
cpuid level	: 22
wp		: yes
flags		: fpu vme de pse tsc msr pae mce cx8 apic sep mtrr pge mca cmov pat pse36 clflush dts acpi mmx fxsr sse sse2 ss ht tm pbe syscall nx pdpe1gb rdtscp lm constant_tsc art arch_perfmon pebs bts rep_good nopl xtopology nonstop_tsc aperfmperf eagerfpu pni pclmulqdq dtes64 monitor ds_cpl vmx est tm2 ssse3 sdbg fma cx16 xtpr pdcm pcid sse4_1 sse4_2 x2apic movbe popcnt tsc_deadline_timer aes xsave avx f16c rdrand lahf_lm abm 3dnowprefetch epb intel_pt tpr_shadow vnmi flexpriority ept vpid fsgsbase tsc_adjust bmi1 avx2 smep bmi2 erms invpcid mpx rdseed adx smap clflushopt xsaveopt xsavec xgetbv1 xsaves dtherm ida arat pln pts hwp hwp_notify hwp_act_window hwp_epp
bugs		:
bogomips	: 5808.00
clflush size	: 64
cache_alignment	: 64
address sizes	: 39 bits physical, 48 bits virtual
power management:

processor	: 2
vendor_id	: GenuineIntel
cpu family	: 6
model		: 142
model name	: Intel(R) Core(TM) i7-7500U CPU @ 2.70GHz
stepping	: 9
microcode	: 0x38
cpu MHz		: 2200.000
cache size	: 4096 KB
physical id	: 0
siblings	: 4
core id		: 0
cpu cores	: 2
apicid		: 1
initial apicid	: 1
fpu		: yes
fpu_exception	: yes
cpuid level	: 22
wp		: yes
flags		: fpu vme de pse tsc msr pae mce cx8 apic sep mtrr pge mca cmov pat pse36 clflush dts acpi mmx fxsr sse sse2 ss ht tm pbe syscall nx pdpe1gb rdtscp lm constant_tsc art arch_perfmon pebs bts rep_good nopl xtopology nonstop_tsc aperfmperf eagerfpu pni pclmulqdq dtes64 monitor ds_cpl vmx est tm2 ssse3 sdbg fma cx16 xtpr pdcm pcid sse4_1 sse4_2 x2apic movbe popcnt tsc_deadline_timer aes xsave avx f16c rdrand lahf_lm abm 3dnowprefetch epb intel_pt tpr_shadow vnmi flexpriority ept vpid fsgsbase tsc_adjust bmi1 avx2 smep bmi2 erms invpcid mpx rdseed adx smap clflushopt xsaveopt xsavec xgetbv1 xsaves dtherm ida arat pln pts hwp hwp_notify hwp_act_window hwp_epp
bugs		:
bogomips	: 5808.00
clflush size	: 64
cache_alignment	: 64
address sizes	: 39 bits physical, 48 bits virtual
power management:

processor	: 3
vendor_id	: GenuineIntel
cpu family	: 6
model		: 142
model name	: Intel(R) Core(TM) i7-7500U CPU @ 2.70GHz
stepping	: 9
microcode	: 0x38
cpu MHz		: 1100.000
cache size	: 4096 KB
physical id	: 0
siblings	: 4
core id		: 1
cpu cores	: 2
apicid		: 3
initial apicid	: 3
fpu		: yes
fpu_exception	: yes
cpuid level	: 22
wp		: yes
flags		: fpu vme de pse tsc msr pae mce cx8 apic sep mtrr pge mca cmov pat pse36 clflush dts acpi mmx fxsr sse sse2 ss ht tm pbe syscall nx pdpe1gb rdtscp lm constant_tsc art arch_perfmon pebs bts rep_good nopl xtopology nonstop_tsc aperfmperf eagerfpu pni pclmulqdq dtes64 monitor ds_cpl vmx est tm2 ssse3 sdbg fma cx16 xtpr pdcm pcid sse4_1 sse4_2 x2apic movbe popcnt tsc_deadline_timer aes xsave avx f16c rdrand lahf_lm abm 3dnowprefetch epb intel_pt tpr_shadow vnmi flexpriority ept vpid fsgsbase tsc_adjust bmi1 avx2 smep bmi2 erms invpcid mpx rdseed adx smap clflushopt xsaveopt xsavec xgetbv1 xsaves dtherm ida arat pln pts hwp hwp_notify hwp_act_window hwp_epp
bugs		:
bogomips	: 5808.00
clflush size	: 64
cache_alignment	: 64
address sizes	: 39 bits physical, 48 bits virtual
power management:



Memory: 4k page, physical 8044820k(722908k free), swap 8190972k(8190972k free)

vm_info: OpenJDK 64-Bit Server VM (25.141-b15) for linux-amd64 JRE (1.8.0_141-8u141-b15-3-b15), built on Jul 25 2017 15:03:27 by "buildd" with gcc 6.4.0 20170704

time: Wed Oct 25 17:46:05 2017
elapsed time: 3101 seconds (0d 0h 51m 41s)

