#
# A fatal error has been detected by the Java Runtime Environment:
#
#  SIGSEGV (0xb) at pc=0x00007f6a4a2ed3f5, pid=13076, tid=0x00007f6a4989f700
#
# JRE version: OpenJDK Runtime Environment (8.0_141-b15) (build 1.8.0_141-8u141-b15-3-b15)
# Java VM: OpenJDK 64-Bit Server VM (25.141-b15 mixed mode linux-amd64 compressed oops)
# Problematic frame:
# C  [libInotifyNative.so+0x133f5]  getLastModifiedType()+0x17
#
# Failed to write core dump. Core dumps have been disabled. To enable core dumping, try "ulimit -c unlimited" before starting Java again
#
# If you would like to submit a bug report, please visit:
#   http://bugreport.java.com/bugreport/crash.jsp
# The crash happened outside the Java Virtual Machine in native code.
# See problematic frame for where to report the bug.
#

---------------  T H R E A D  ---------------

Current thread (0x00007f6a6c53c800):  JavaThread "inotifyRequestSubmitterThread" [_thread_in_native, id=13118, stack(0x00007f6a4979f000,0x00007f6a498a0000)]

siginfo: si_signo: 11 (SIGSEGV), si_code: 1 (SEGV_MAPERR), si_addr: 0x00000000000001fc

Registers:
RAX=0x00000000000001fc, RBX=0x00007f6a58e0a3f8, RCX=0x00007f6a6c53e5f0, RDX=0x00000000000001fc
RSP=0x00007f6a4989e890, RBP=0x00007f6a4989e8a0, RSI=0x00007f6a6c45c050, RDI=0x00007f6a4989e840
R8 =0x00007f6a58e0a3f8, R9 =0x0000000000000006, R10=0x0000000000000161, R11=0x00007f6a4a2f0cda
R12=0x0000000000000000, R13=0x00007f6a58e0a3f8, R14=0x00007f6a4989e940, R15=0x00007f6a6c53c800
RIP=0x00007f6a4a2ed3f5, EFLAGS=0x0000000000010206, CSGSFS=0x002b000000000033, ERR=0x0000000000000004
  TRAPNO=0x000000000000000e

Top of Stack: (sp=0x00007f6a4989e890)
0x00007f6a4989e890:   00007f6a58e0a3f8 00007f6a6c45cec0
0x00007f6a4989e8a0:   00007f6a4989e8c0 00007f6a4a2ec818
0x00007f6a4989e8b0:   00007f6a4989e940 00007f6a6c53c9e0
0x00007f6a4989e8c0:   00007f6a4989e920 00007f6a5d017774
0x00007f6a4989e8d0:   0000000900000001 00007f6a5d0174c2
0x00007f6a4989e8e0:   00007f6a4989e8e0 00007f6a58e0a3f8
0x00007f6a4989e8f0:   00007f6a4989e940 00007f6a58e0a768
0x00007f6a4989e900:   0000000000000000 00007f6a58e0a3f8
0x00007f6a4989e910:   0000000000000000 00007f6a4989e940
0x00007f6a4989e920:   00007f6a4989e988 00007f6a5d007a40
0x00007f6a4989e930:   0000000000000000 00007f6a5d011276
0x00007f6a4989e940:   00000000d901f148 00007f6a4989e948
0x00007f6a4989e950:   00007f6a58e09c81 00007f6a4989e9b0
0x00007f6a4989e960:   00007f6a58e0a988 0000000000000000
0x00007f6a4989e970:   00007f6a58e09d10 00007f6a4989e940
0x00007f6a4989e980:   00007f6a4989e9b0 00007f6a4989e9f8
0x00007f6a4989e990:   00007f6a5d007e54 0000000000000000
0x00007f6a4989e9a0:   0000000000000000 0000000000000000
0x00007f6a4989e9b0:   00000000d901f148 00007f6a4989e9b8
0x00007f6a4989e9c0:   00007f6a58e09466 00007f6a4989ea10
0x00007f6a4989e9d0:   00007f6a58e095d0 0000000000000000
0x00007f6a4989e9e0:   00007f6a58e094b0 00007f6a4989e9b0
0x00007f6a4989e9f0:   00007f6a4989ea10 00007f6a4989ea58
0x00007f6a4989ea00:   00007f6a5d008042 0000000000000000
0x00007f6a4989ea10:   00000000d9018ac0 00007f6a4989ea18
0x00007f6a4989ea20:   00007f6a586e699b 00007f6a4989ea68
0x00007f6a4989ea30:   00007f6a5876e0b8 0000000000000000
0x00007f6a4989ea40:   00007f6a586e69a8 00007f6a4989ea10
0x00007f6a4989ea50:   00007f6a4989ea68 00007f6a4989ead0
0x00007f6a4989ea60:   00007f6a5d0004e7 00000000d7332b40
0x00007f6a4989ea70:   0000000000001fa0 00007f6a6c53c800
0x00007f6a4989ea80:   00007f6a4989ecc0 00007f6a4989eb70 

Instructions: (pc=0x00007f6a4a2ed3f5)
0x00007f6a4a2ed3d5:   ee ff ff 48 8b 45 f8 c9 c3 55 48 89 e5 48 83 ec
0x00007f6a4a2ed3e5:   10 48 8b 05 cb bb 20 00 48 89 c7 e8 7b ea ff ff
0x00007f6a4a2ed3f5:   8b 00 89 45 fc 48 8b 05 b7 bb 20 00 48 89 c7 e8
0x00007f6a4a2ed405:   c7 da ff ff 8b 45 fc c9 c3 55 48 89 e5 53 48 81 

Register to memory mapping:

RAX=0x00000000000001fc is an unknown value
RBX={method} {0x00007f6a58e0a3f8} 'getLastModifiedType' '()I' in 'com/noReasonException/EventGeneratable/EventGenerators/InotifyWrapper/InotifyWrapper'
RCX=0x00007f6a6c53e5f0 is an unknown value
RDX=0x00000000000001fc is an unknown value
RSP=0x00007f6a4989e890 is pointing into the stack for thread: 0x00007f6a6c53c800
RBP=0x00007f6a4989e8a0 is pointing into the stack for thread: 0x00007f6a6c53c800
RSI=0x00007f6a6c45c050 is an unknown value
RDI=0x00007f6a4989e840 is pointing into the stack for thread: 0x00007f6a6c53c800
R8 ={method} {0x00007f6a58e0a3f8} 'getLastModifiedType' '()I' in 'com/noReasonException/EventGeneratable/EventGenerators/InotifyWrapper/InotifyWrapper'
R9 =0x0000000000000006 is an unknown value
R10=0x0000000000000161 is an unknown value
R11=0x00007f6a4a2f0cda: _ZNKSt15_Deque_iteratorIiRiPiEdeEv+0 in /lib/libInotifyNative.so at 0x00007f6a4a2da000
R12=0x0000000000000000 is an unknown value
R13={method} {0x00007f6a58e0a3f8} 'getLastModifiedType' '()I' in 'com/noReasonException/EventGeneratable/EventGenerators/InotifyWrapper/InotifyWrapper'
R14=0x00007f6a4989e940 is pointing into the stack for thread: 0x00007f6a6c53c800
R15=0x00007f6a6c53c800 is a thread


Stack: [0x00007f6a4979f000,0x00007f6a498a0000],  sp=0x00007f6a4989e890,  free space=1022k
Native frames: (J=compiled Java code, j=interpreted, Vv=VM code, C=native code)
C  [libInotifyNative.so+0x133f5]  getLastModifiedType()+0x17
C  [libInotifyNative.so+0x12818]  Java_com_noReasonException_EventGeneratable_EventGenerators_InotifyWrapper_InotifyWrapper_getLastModifiedType+0x15
j  com.noReasonException.EventGeneratable.EventGenerators.InotifyWrapper.InotifyWrapper.getLastModifiedType()I+0
j  com.noReasonException.EventGeneratable.EventGenerators.InotifyWrapperEventGenerator.getLastEventOccured()Lcom/noReasonException/EventGeneratable/EventRequest/EventRequest;+1
j  com.noReasonException.EventGeneratable.EventGenerators.RequestSubmitter.RequestSubmitter.run()V+14
j  java.lang.Thread.run()V+11
v  ~StubRoutines::call_stub
V  [libjvm.so+0x666133]  JavaCalls::call_helper(JavaValue*, methodHandle*, JavaCallArguments*, Thread*)+0xf53
V  [libjvm.so+0x663697]  JavaCalls::call_virtual(JavaValue*, KlassHandle, Symbol*, Symbol*, JavaCallArguments*, Thread*)+0x297
V  [libjvm.so+0x663c77]  JavaCalls::call_virtual(JavaValue*, Handle, KlassHandle, Symbol*, Symbol*, Thread*)+0x57
V  [libjvm.so+0x6a5a64]  thread_entry(JavaThread*, Thread*)+0x84
V  [libjvm.so+0xa1355b]  JavaThread::thread_main_inner()+0x1eb
V  [libjvm.so+0xa13a1f]  JavaThread::run()+0x46f
V  [libjvm.so+0x8bb352]  java_start(Thread*)+0xf2
C  [libpthread.so.0+0x7424]  start_thread+0xc4

Java frames: (J=compiled Java code, j=interpreted, Vv=VM code)
j  com.noReasonException.EventGeneratable.EventGenerators.InotifyWrapper.InotifyWrapper.getLastModifiedType()I+0
j  com.noReasonException.EventGeneratable.EventGenerators.InotifyWrapperEventGenerator.getLastEventOccured()Lcom/noReasonException/EventGeneratable/EventRequest/EventRequest;+1
j  com.noReasonException.EventGeneratable.EventGenerators.RequestSubmitter.RequestSubmitter.run()V+14
j  java.lang.Thread.run()V+11
v  ~StubRoutines::call_stub

---------------  P R O C E S S  ---------------

Java Threads: ( => current thread )
  0x00007f6a6c00c800 JavaThread "DestroyJavaVM" [_thread_blocked, id=13078, stack(0x00007f6a7487b000,0x00007f6a7497c000)]
  0x00007f6a6c53d000 JavaThread "googleRequestSubmitterThread" [_thread_in_native, id=13119, stack(0x00007f6a4969e000,0x00007f6a4979f000)]
=>0x00007f6a6c53c800 JavaThread "inotifyRequestSubmitterThread" [_thread_in_native, id=13118, stack(0x00007f6a4979f000,0x00007f6a498a0000)]
  0x00007f6a6c326800 JavaThread "Service Thread" daemon [_thread_blocked, id=13107, stack(0x00007f6a4aa3b000,0x00007f6a4ab3c000)]
  0x00007f6a6c319800 JavaThread "C1 CompilerThread2" daemon [_thread_blocked, id=13106, stack(0x00007f6a4ab3c000,0x00007f6a4ac3d000)]
  0x00007f6a6c314800 JavaThread "C2 CompilerThread1" daemon [_thread_blocked, id=13105, stack(0x00007f6a4ac3d000,0x00007f6a4ad3e000)]
  0x00007f6a6c313000 JavaThread "C2 CompilerThread0" daemon [_thread_blocked, id=13104, stack(0x00007f6a4af56000,0x00007f6a4b057000)]
  0x00007f6a6c311800 JavaThread "Monitor Ctrl-Break" daemon [_thread_in_native, id=13103, stack(0x00007f6a4b057000,0x00007f6a4b158000)]
  0x00007f6a6c174800 JavaThread "Signal Dispatcher" daemon [_thread_blocked, id=13102, stack(0x00007f6a4b158000,0x00007f6a4b259000)]
  0x00007f6a6c14d000 JavaThread "Finalizer" daemon [_thread_blocked, id=13095, stack(0x00007f6a4b3f4000,0x00007f6a4b4f5000)]
  0x00007f6a6c148800 JavaThread "Reference Handler" daemon [_thread_blocked, id=13094, stack(0x00007f6a4b4f5000,0x00007f6a4b5f6000)]

Other Threads:
  0x00007f6a6c141000 VMThread [stack: 0x00007f6a4b5f6000,0x00007f6a4b6f7000] [id=13089]
  0x00007f6a6c328800 WatcherThread [stack: 0x00007f6a4a93a000,0x00007f6a4aa3b000] [id=13108]

VM state:not at safepoint (normal execution)

VM Mutex/Monitor currently owned by a thread: None

Heap:
 PSYoungGen      total 36864K, used 24429K [0x00000000d7100000, 0x00000000db900000, 0x0000000100000000)
  eden space 31744K, 61% used [0x00000000d7100000,0x00000000d840c4b8,0x00000000d9000000)
  from space 5120K, 96% used [0x00000000d9000000,0x00000000d94cf278,0x00000000d9500000)
  to   space 5120K, 0% used [0x00000000db400000,0x00000000db400000,0x00000000db900000)
 ParOldGen       total 84992K, used 16K [0x0000000085200000, 0x000000008a500000, 0x00000000d7100000)
  object space 84992K, 0% used [0x0000000085200000,0x0000000085204000,0x000000008a500000)
 Metaspace       used 10910K, capacity 11134K, committed 11264K, reserved 1058816K
  class space    used 1186K, capacity 1279K, committed 1280K, reserved 1048576K

Card table byte_map: [0x00007f6a70980000,0x00007f6a70d58000] byte_map_base: 0x00007f6a70557000

Marking Bits: (ParMarkBitMap*) 0x00007f6a73b772c0
 Begin Bits: [0x00007f6a59290000, 0x00007f6a5b148000)
 End Bits:   [0x00007f6a5b148000, 0x00007f6a5d000000)

Polling page: 0x00007f6a7499b000

CodeCache: size=245760Kb used=4273Kb max_used=4273Kb free=241486Kb
 bounds [0x00007f6a5d000000, 0x00007f6a5d430000, 0x00007f6a6c000000]
 total_blobs=1575 nmethods=1204 adapters=286
 compilation: enabled

Compilation events (10 events):
Event: 13,788 Thread 0x00007f6a6c319800 1201   !   3       java.lang.StringCoding$StringEncoder::encode (179 bytes)
Event: 13,793 Thread 0x00007f6a6c319800 nmethod 1201 0x00007f6a5d4272d0 code [0x00007f6a5d427640, 0x00007f6a5d429318]
Event: 14,080 Thread 0x00007f6a6c319800 1202       3       com.google.api.client.http.javanet.NetHttpResponse::getHeaderName (12 bytes)
Event: 14,081 Thread 0x00007f6a6c319800 nmethod 1202 0x00007f6a5d42a410 code [0x00007f6a5d42a5c0, 0x00007f6a5d42aa98]
Event: 14,081 Thread 0x00007f6a6c319800 1203       3       com.google.api.client.http.javanet.NetHttpResponse::getHeaderValue (12 bytes)
Event: 14,082 Thread 0x00007f6a6c319800 nmethod 1203 0x00007f6a5d42ad90 code [0x00007f6a5d42af40, 0x00007f6a5d42b418]
Event: 14,082 Thread 0x00007f6a6c319800 1204   !   3       sun.net.www.http.ChunkedInputStream::processRaw (756 bytes)
Event: 14,085 Thread 0x00007f6a6c319800 nmethod 1204 0x00007f6a5d42b710 code [0x00007f6a5d42bb40, 0x00007f6a5d42e0b8]
Event: 14,085 Thread 0x00007f6a6c319800 1205       1       java.util.Collections$1::hasNext (5 bytes)
Event: 14,085 Thread 0x00007f6a6c319800 nmethod 1205 0x00007f6a5d42f4d0 code [0x00007f6a5d42f620, 0x00007f6a5d42f730]

GC Heap History (2 events):
Event: 0,820 GC heap before
{Heap before GC invocations=1 (full 0):
 PSYoungGen      total 36864K, used 31744K [0x00000000d7100000, 0x00000000d9a00000, 0x0000000100000000)
  eden space 31744K, 100% used [0x00000000d7100000,0x00000000d9000000,0x00000000d9000000)
  from space 5120K, 0% used [0x00000000d9500000,0x00000000d9500000,0x00000000d9a00000)
  to   space 5120K, 0% used [0x00000000d9000000,0x00000000d9000000,0x00000000d9500000)
 ParOldGen       total 84992K, used 0K [0x0000000085200000, 0x000000008a500000, 0x00000000d7100000)
  object space 84992K, 0% used [0x0000000085200000,0x0000000085200000,0x000000008a500000)
 Metaspace       used 10295K, capacity 10560K, committed 10752K, reserved 1058816K
  class space    used 1131K, capacity 1242K, committed 1280K, reserved 1048576K
Event: 0,842 GC heap after
Heap after GC invocations=1 (full 0):
 PSYoungGen      total 36864K, used 4924K [0x00000000d7100000, 0x00000000db900000, 0x0000000100000000)
  eden space 31744K, 0% used [0x00000000d7100000,0x00000000d7100000,0x00000000d9000000)
  from space 5120K, 96% used [0x00000000d9000000,0x00000000d94cf278,0x00000000d9500000)
  to   space 5120K, 0% used [0x00000000db400000,0x00000000db400000,0x00000000db900000)
 ParOldGen       total 84992K, used 16K [0x0000000085200000, 0x000000008a500000, 0x00000000d7100000)
  object space 84992K, 0% used [0x0000000085200000,0x0000000085204000,0x000000008a500000)
 Metaspace       used 10295K, capacity 10560K, committed 10752K, reserved 1058816K
  class space    used 1131K, capacity 1242K, committed 1280K, reserved 1048576K
}

Deoptimization events (10 events):
Event: 0,774 Thread 0x00007f6a6c00c800 Uncommon trap: reason=unstable_if action=reinterpret pc=0x00007f6a5d1d84d4 method=java.lang.String.indexOf([CII[CIII)I @ 27
Event: 0,859 Thread 0x00007f6a6c00c800 Uncommon trap: reason=unstable_if action=reinterpret pc=0x00007f6a5d204758 method=java.lang.String.startsWith(Ljava/lang/String;I)Z @ 25
Event: 0,909 Thread 0x00007f6a6c00c800 Uncommon trap: reason=class_check action=maybe_recompile pc=0x00007f6a5d2c9c3c method=java.io.InputStream.read([B)I @ 5
Event: 1,109 Thread 0x00007f6a6c00c800 Uncommon trap: reason=unstable_if action=reinterpret pc=0x00007f6a5d378a8c method=java.util.HashMap.hash(Ljava/lang/Object;)I @ 1
Event: 1,109 Thread 0x00007f6a6c00c800 Uncommon trap: reason=unstable_if action=reinterpret pc=0x00007f6a5d21bc60 method=java.util.HashMap.hash(Ljava/lang/Object;)I @ 1
Event: 1,109 Thread 0x00007f6a6c00c800 Uncommon trap: reason=unstable_if action=reinterpret pc=0x00007f6a5d1e8ca8 method=java.util.HashMap.hash(Ljava/lang/Object;)I @ 1
Event: 1,114 Thread 0x00007f6a6c00c800 Uncommon trap: reason=unstable_if action=reinterpret pc=0x00007f6a5d320cf8 method=java.util.regex.Matcher.reset()Ljava/util/regex/Matcher; @ 47
Event: 1,194 Thread 0x00007f6a6c53d000 Uncommon trap: reason=class_check action=maybe_recompile pc=0x00007f6a5d2c9c3c method=java.io.InputStream.read([B)I @ 5
Event: 1,489 Thread 0x00007f6a6c53d000 Uncommon trap: reason=class_check action=maybe_recompile pc=0x00007f6a5d2c9c3c method=java.io.InputStream.read([B)I @ 5
Event: 1,769 Thread 0x00007f6a6c53d000 Uncommon trap: reason=class_check action=maybe_recompile pc=0x00007f6a5d2c9c3c method=java.io.InputStream.read([B)I @ 5

Internal exceptions (10 events):
Event: 0,202 Thread 0x00007f6a6c00c800 Exception <a 'java/security/PrivilegedActionException'> (0x00000000d779ff60) thrown at [/build/openjdk-8-qvKKlC/openjdk-8-8u141-b15/src/hotspot/src/share/vm/prims/jvm.cpp, line 1390]
Event: 0,405 Thread 0x00007f6a6c00c800 Exception <a 'java/lang/ArrayIndexOutOfBoundsException'> (0x00000000d7f50f58) thrown at [/build/openjdk-8-qvKKlC/openjdk-8-8u141-b15/src/hotspot/src/share/vm/runtime/sharedRuntime.cpp, line 605]
Event: 0,405 Thread 0x00007f6a6c00c800 Exception <a 'java/lang/ArrayIndexOutOfBoundsException'> (0x00000000d7f52cc8) thrown at [/build/openjdk-8-qvKKlC/openjdk-8-8u141-b15/src/hotspot/src/share/vm/runtime/sharedRuntime.cpp, line 605]
Event: 0,405 Thread 0x00007f6a6c00c800 Exception <a 'java/lang/ArrayIndexOutOfBoundsException'> (0x00000000d7f56128) thrown at [/build/openjdk-8-qvKKlC/openjdk-8-8u141-b15/src/hotspot/src/share/vm/runtime/sharedRuntime.cpp, line 605]
Event: 0,405 Thread 0x00007f6a6c00c800 Exception <a 'java/lang/ArrayIndexOutOfBoundsException'> (0x00000000d7f56f00) thrown at [/build/openjdk-8-qvKKlC/openjdk-8-8u141-b15/src/hotspot/src/share/vm/runtime/sharedRuntime.cpp, line 605]
Event: 0,457 Thread 0x00007f6a6c00c800 Exception <a 'java/lang/NoSuchFieldError': method resolution failed> (0x00000000d8144e18) thrown at [/build/openjdk-8-qvKKlC/openjdk-8-8u141-b15/src/hotspot/src/share/vm/prims/methodHandles.cpp, line 1146]
Event: 0,464 Thread 0x00007f6a6c00c800 Exception <a 'java/lang/NoSuchFieldError': method resolution failed> (0x00000000d8152bc0) thrown at [/build/openjdk-8-qvKKlC/openjdk-8-8u141-b15/src/hotspot/src/share/vm/prims/methodHandles.cpp, line 1146]
Event: 1,109 Thread 0x00007f6a6c00c800 Implicit null exception at 0x00007f6a5d378875 to 0x00007f6a5d378a7d
Event: 1,109 Thread 0x00007f6a6c00c800 Implicit null exception at 0x00007f6a5d21b579 to 0x00007f6a5d21bc51
Event: 1,109 Thread 0x00007f6a6c00c800 Implicit null exception at 0x00007f6a5d1e8c2f to 0x00007f6a5d1e8c99

Events (10 events):
Event: 13,140 Executing VM operation: RevokeBias done
Event: 13,140 Thread 0x00007f6a14005000 Thread exited: 0x00007f6a14005000
Event: 13,500 Thread 0x00007f6a14005000 Thread added: 0x00007f6a14005000
Event: 13,500 Executing VM operation: RevokeBias
Event: 13,500 Executing VM operation: RevokeBias done
Event: 13,500 Thread 0x00007f6a14005000 Thread exited: 0x00007f6a14005000
Event: 13,788 Thread 0x00007f6a14005000 Thread added: 0x00007f6a14005000
Event: 13,788 Executing VM operation: RevokeBias
Event: 13,788 Executing VM operation: RevokeBias done
Event: 13,788 Thread 0x00007f6a14005000 Thread exited: 0x00007f6a14005000


Dynamic libraries:
85200000-8a500000 rw-p 00000000 00:00 0 
8a500000-d7100000 ---p 00000000 00:00 0 
d7100000-db900000 rw-p 00000000 00:00 0 
db900000-100000000 ---p 00000000 00:00 0 
100000000-100140000 rw-p 00000000 00:00 0 
100140000-140000000 ---p 00000000 00:00 0 
e3159f2000-e3159f3000 r-xp 00000000 08:06 13768332                       /usr/lib/jvm/java-8-openjdk-amd64/jre/bin/java
e315bf2000-e315bf3000 r--p 00000000 08:06 13768332                       /usr/lib/jvm/java-8-openjdk-amd64/jre/bin/java
e315bf3000-e315bf4000 rw-p 00001000 08:06 13768332                       /usr/lib/jvm/java-8-openjdk-amd64/jre/bin/java
e316f10000-e316f31000 rw-p 00000000 00:00 0                              [heap]
7f6a08000000-7f6a08021000 rw-p 00000000 00:00 0 
7f6a08021000-7f6a0c000000 ---p 00000000 00:00 0 
7f6a10000000-7f6a10285000 rw-p 00000000 00:00 0 
7f6a10285000-7f6a14000000 ---p 00000000 00:00 0 
7f6a14000000-7f6a14021000 rw-p 00000000 00:00 0 
7f6a14021000-7f6a18000000 ---p 00000000 00:00 0 
7f6a18000000-7f6a18021000 rw-p 00000000 00:00 0 
7f6a18021000-7f6a1c000000 ---p 00000000 00:00 0 
7f6a1c000000-7f6a1c021000 rw-p 00000000 00:00 0 
7f6a1c021000-7f6a20000000 ---p 00000000 00:00 0 
7f6a20000000-7f6a2053e000 rw-p 00000000 00:00 0 
7f6a2053e000-7f6a24000000 ---p 00000000 00:00 0 
7f6a24000000-7f6a243e5000 rw-p 00000000 00:00 0 
7f6a243e5000-7f6a28000000 ---p 00000000 00:00 0 
7f6a28000000-7f6a28270000 rw-p 00000000 00:00 0 
7f6a28270000-7f6a2c000000 ---p 00000000 00:00 0 
7f6a2cfff000-7f6a30000000 rw-p 00000000 00:00 0 
7f6a30000000-7f6a30021000 rw-p 00000000 00:00 0 
7f6a30021000-7f6a34000000 ---p 00000000 00:00 0 
7f6a34000000-7f6a34039000 rw-p 00000000 00:00 0 
7f6a34039000-7f6a38000000 ---p 00000000 00:00 0 
7f6a38000000-7f6a38021000 rw-p 00000000 00:00 0 
7f6a38021000-7f6a3c000000 ---p 00000000 00:00 0 
7f6a3c000000-7f6a3c021000 rw-p 00000000 00:00 0 
7f6a3c021000-7f6a40000000 ---p 00000000 00:00 0 
7f6a40000000-7f6a40021000 rw-p 00000000 00:00 0 
7f6a40021000-7f6a44000000 ---p 00000000 00:00 0 
7f6a44000000-7f6a44021000 rw-p 00000000 00:00 0 
7f6a44021000-7f6a48000000 ---p 00000000 00:00 0 
7f6a4959d000-7f6a495a0000 ---p 00000000 00:00 0 
7f6a495a0000-7f6a4969e000 rw-p 00000000 00:00 0 
7f6a4969e000-7f6a496a1000 ---p 00000000 00:00 0 
7f6a496a1000-7f6a4979f000 rw-p 00000000 00:00 0 
7f6a4979f000-7f6a497a2000 ---p 00000000 00:00 0 
7f6a497a2000-7f6a498a0000 rw-p 00000000 00:00 0 
7f6a498a0000-7f6a498b4000 r-xp 00000000 08:06 2755158                    /lib/x86_64-linux-gnu/libresolv-2.24.so
7f6a498b4000-7f6a49ab3000 ---p 00014000 08:06 2755158                    /lib/x86_64-linux-gnu/libresolv-2.24.so
7f6a49ab3000-7f6a49ab4000 r--p 00013000 08:06 2755158                    /lib/x86_64-linux-gnu/libresolv-2.24.so
7f6a49ab4000-7f6a49ab5000 rw-p 00014000 08:06 2755158                    /lib/x86_64-linux-gnu/libresolv-2.24.so
7f6a49ab5000-7f6a49ab7000 rw-p 00000000 00:00 0 
7f6a49ab7000-7f6a49abc000 r-xp 00000000 08:06 2755105                    /lib/x86_64-linux-gnu/libnss_dns-2.24.so
7f6a49abc000-7f6a49cbb000 ---p 00005000 08:06 2755105                    /lib/x86_64-linux-gnu/libnss_dns-2.24.so
7f6a49cbb000-7f6a49cbc000 r--p 00004000 08:06 2755105                    /lib/x86_64-linux-gnu/libnss_dns-2.24.so
7f6a49cbc000-7f6a49cbd000 rw-p 00005000 08:06 2755105                    /lib/x86_64-linux-gnu/libnss_dns-2.24.so
7f6a49cbd000-7f6a49e7d000 rw-p 00000000 00:00 0 
7f6a49e7d000-7f6a49ebd000 ---p 00000000 00:00 0 
7f6a49ebd000-7f6a49ec0000 r-xp 00000000 08:06 13901257                   /usr/lib/x86_64-linux-gnu/libboost_system.so.1.62.0
7f6a49ec0000-7f6a4a0bf000 ---p 00003000 08:06 13901257                   /usr/lib/x86_64-linux-gnu/libboost_system.so.1.62.0
7f6a4a0bf000-7f6a4a0c0000 r--p 00002000 08:06 13901257                   /usr/lib/x86_64-linux-gnu/libboost_system.so.1.62.0
7f6a4a0c0000-7f6a4a0c1000 rw-p 00003000 08:06 13901257                   /usr/lib/x86_64-linux-gnu/libboost_system.so.1.62.0
7f6a4a0c1000-7f6a4a0d9000 r-xp 00000000 08:06 13901252                   /usr/lib/x86_64-linux-gnu/libboost_filesystem.so.1.62.0
7f6a4a0d9000-7f6a4a2d8000 ---p 00018000 08:06 13901252                   /usr/lib/x86_64-linux-gnu/libboost_filesystem.so.1.62.0
7f6a4a2d8000-7f6a4a2d9000 r--p 00017000 08:06 13901252                   /usr/lib/x86_64-linux-gnu/libboost_filesystem.so.1.62.0
7f6a4a2d9000-7f6a4a2da000 rw-p 00018000 08:06 13901252                   /usr/lib/x86_64-linux-gnu/libboost_filesystem.so.1.62.0
7f6a4a2da000-7f6a4a2f9000 r-xp 00000000 08:06 2622561                    /lib/libInotifyNative.so
7f6a4a2f9000-7f6a4a4f8000 ---p 0001f000 08:06 2622561                    /lib/libInotifyNative.so
7f6a4a4f8000-7f6a4a4f9000 r--p 0001e000 08:06 2622561                    /lib/libInotifyNative.so
7f6a4a4f9000-7f6a4a4fa000 rw-p 0001f000 08:06 2622561                    /lib/libInotifyNative.so
7f6a4a4fa000-7f6a4a522000 r-xp 00000000 08:06 13773854                   /usr/lib/jvm/java-8-openjdk-amd64/jre/lib/amd64/libsunec.so
7f6a4a522000-7f6a4a722000 ---p 00028000 08:06 13773854                   /usr/lib/jvm/java-8-openjdk-amd64/jre/lib/amd64/libsunec.so
7f6a4a722000-7f6a4a726000 r--p 00028000 08:06 13773854                   /usr/lib/jvm/java-8-openjdk-amd64/jre/lib/amd64/libsunec.so
7f6a4a726000-7f6a4a727000 rw-p 0002c000 08:06 13773854                   /usr/lib/jvm/java-8-openjdk-amd64/jre/lib/amd64/libsunec.so
7f6a4a727000-7f6a4a738000 r-xp 00000000 08:06 13768375                   /usr/lib/jvm/java-8-openjdk-amd64/jre/lib/amd64/libnio.so
7f6a4a738000-7f6a4a938000 ---p 00011000 08:06 13768375                   /usr/lib/jvm/java-8-openjdk-amd64/jre/lib/amd64/libnio.so
7f6a4a938000-7f6a4a939000 r--p 00011000 08:06 13768375                   /usr/lib/jvm/java-8-openjdk-amd64/jre/lib/amd64/libnio.so
7f6a4a939000-7f6a4a93a000 rw-p 00012000 08:06 13768375                   /usr/lib/jvm/java-8-openjdk-amd64/jre/lib/amd64/libnio.so
7f6a4a93a000-7f6a4a93b000 ---p 00000000 00:00 0 
7f6a4a93b000-7f6a4aa3b000 rw-p 00000000 00:00 0 
7f6a4aa3b000-7f6a4aa3e000 ---p 00000000 00:00 0 
7f6a4aa3e000-7f6a4ab3c000 rw-p 00000000 00:00 0 
7f6a4ab3c000-7f6a4ab3f000 ---p 00000000 00:00 0 
7f6a4ab3f000-7f6a4ac3d000 rw-p 00000000 00:00 0 
7f6a4ac3d000-7f6a4ac40000 ---p 00000000 00:00 0 
7f6a4ac40000-7f6a4ad3e000 rw-p 00000000 00:00 0 
7f6a4ad3e000-7f6a4ad55000 r-xp 00000000 08:06 13768374                   /usr/lib/jvm/java-8-openjdk-amd64/jre/lib/amd64/libnet.so
7f6a4ad55000-7f6a4af54000 ---p 00017000 08:06 13768374                   /usr/lib/jvm/java-8-openjdk-amd64/jre/lib/amd64/libnet.so
7f6a4af54000-7f6a4af55000 r--p 00016000 08:06 13768374                   /usr/lib/jvm/java-8-openjdk-amd64/jre/lib/amd64/libnet.so
7f6a4af55000-7f6a4af56000 rw-p 00017000 08:06 13768374                   /usr/lib/jvm/java-8-openjdk-amd64/jre/lib/amd64/libnet.so
7f6a4af56000-7f6a4af59000 ---p 00000000 00:00 0 
7f6a4af59000-7f6a4b057000 rw-p 00000000 00:00 0 
7f6a4b057000-7f6a4b05a000 ---p 00000000 00:00 0 
7f6a4b05a000-7f6a4b158000 rw-p 00000000 00:00 0 
7f6a4b158000-7f6a4b15b000 ---p 00000000 00:00 0 
7f6a4b15b000-7f6a4b259000 rw-p 00000000 00:00 0 
7f6a4b259000-7f6a4b3f4000 r--p 00000000 08:06 13768397                   /usr/lib/locale/locale-archive
7f6a4b3f4000-7f6a4b3f7000 ---p 00000000 00:00 0 
7f6a4b3f7000-7f6a4b4f5000 rw-p 00000000 00:00 0 
7f6a4b4f5000-7f6a4b4f8000 ---p 00000000 00:00 0 
7f6a4b4f8000-7f6a4b5f6000 rw-p 00000000 00:00 0 
7f6a4b5f6000-7f6a4b5f7000 ---p 00000000 00:00 0 
7f6a4b5f7000-7f6a4c000000 rw-p 00000000 00:00 0 
7f6a4c000000-7f6a4c021000 rw-p 00000000 00:00 0 
7f6a4c021000-7f6a50000000 ---p 00000000 00:00 0 
7f6a50000000-7f6a50021000 rw-p 00000000 00:00 0 
7f6a50021000-7f6a54000000 ---p 00000000 00:00 0 
7f6a54000000-7f6a54021000 rw-p 00000000 00:00 0 
7f6a54021000-7f6a58000000 ---p 00000000 00:00 0 
7f6a5808b000-7f6a580b3000 r--s 001cf000 08:06 6697606                    /home/stefstef/.m2/repository/com/google/guava/guava-jdk5/17.0/guava-jdk5-17.0.jar
7f6a580b3000-7f6a5d000000 rw-p 00000000 00:00 0 
7f6a5d000000-7f6a5d430000 rwxp 00000000 00:00 0 
7f6a5d430000-7f6a6c000000 ---p 00000000 00:00 0 
7f6a6c000000-7f6a6c5cb000 rw-p 00000000 00:00 0 
7f6a6c5cb000-7f6a70000000 ---p 00000000 00:00 0 
7f6a7000b000-7f6a7000e000 r--s 00015000 08:06 13774554                   /usr/lib/jvm/java-8-openjdk-amd64/jre/lib/jce.jar
7f6a7000e000-7f6a70013000 r--s 0009a000 08:06 13774556                   /usr/lib/jvm/java-8-openjdk-amd64/jre/lib/jsse.jar
7f6a70013000-7f6a70015000 r--s 0001a000 08:06 5640687                    /home/stefstef/Editors/idea-IU-172.3968.16/lib/idea_rt.jar
7f6a70015000-7f6a70019000 r--s 00019000 08:06 10096758                   /home/stefstef/.m2/repository/com/google/apis/google-api-services-drive/v3-rev76-1.22.0/google-api-services-drive-v3-rev76-1.22.0.jar
7f6a70019000-7f6a7001d000 r--s 0002f000 08:06 6697602                    /home/stefstef/.m2/repository/com/fasterxml/jackson/core/jackson-core/2.1.3/jackson-core-2.1.3.jar
7f6a7001d000-7f6a7001e000 r--s 00001000 08:06 6697598                    /home/stefstef/.m2/repository/com/google/http-client/google-http-client-jackson2/1.22.0/google-http-client-jackson2-1.22.0.jar
7f6a7001e000-7f6a70021000 r--s 00006000 08:06 6697600                    /home/stefstef/.m2/repository/com/google/code/findbugs/jsr305/1.3.9/jsr305-1.3.9.jar
7f6a70021000-7f6a70023000 r--s 0000a000 08:06 7354560                    /home/stefstef/.m2/repository/commons-codec/commons-codec/1.3/commons-codec-1.3.jar
7f6a70023000-7f6a70025000 r--s 0000d000 08:06 7354558                    /home/stefstef/.m2/repository/commons-logging/commons-logging/1.1.1/commons-logging-1.1.1.jar
7f6a70025000-7f6a7002a000 r--s 00026000 08:06 7354562                    /home/stefstef/.m2/repository/org/apache/httpcomponents/httpcore/4.0.1/httpcore-4.0.1.jar
7f6a7002a000-7f6a70032000 r--s 00040000 08:06 8006077                    /home/stefstef/.m2/repository/org/apache/httpcomponents/httpclient/4.0.1/httpclient-4.0.1.jar
7f6a70032000-7f6a7003b000 r--s 0004f000 08:06 6697597                    /home/stefstef/.m2/repository/com/google/http-client/google-http-client/1.22.0/google-http-client-1.22.0.jar
7f6a7003b000-7f6a7003d000 r--s 0000d000 08:06 6558464                    /home/stefstef/.m2/repository/com/google/oauth-client/google-oauth-client/1.22.0/google-oauth-client-1.22.0.jar
7f6a7003d000-7f6a70042000 r--s 0002c000 08:06 6558462                    /home/stefstef/.m2/repository/com/google/api-client/google-api-client/1.22.0/google-api-client-1.22.0.jar
7f6a70042000-7f6a70044000 r--s 0001f000 08:06 8262924                    /home/stefstef/.m2/repository/org/mortbay/jetty/servlet-api/2.5-20081211/servlet-api-2.5-20081211.jar
7f6a70044000-7f6a70048000 r--s 00028000 08:06 9965488                    /home/stefstef/.m2/repository/org/mortbay/jetty/jetty-util/6.1.26/jetty-util-6.1.26.jar
7f6a70048000-7f6a7004f000 r--s 0007d000 08:06 9965486                    /home/stefstef/.m2/repository/org/mortbay/jetty/jetty/6.1.26/jetty-6.1.26.jar
7f6a7004f000-7f6a70050000 r--s 00002000 08:06 9965484                    /home/stefstef/.m2/repository/com/google/oauth-client/google-oauth-client-java6/1.22.0/google-oauth-client-java6-1.22.0.jar
7f6a70050000-7f6a70051000 r--s 00001000 08:06 9965482                    /home/stefstef/.m2/repository/com/google/oauth-client/google-oauth-client-jetty/1.22.0/google-oauth-client-jetty-1.22.0.jar
7f6a70051000-7f6a70064000 r--s 00346000 08:06 13774561                   /usr/lib/jvm/java-8-openjdk-amd64/jre/lib/resources.jar
7f6a70064000-7f6a70065000 r--s 00000000 08:06 13774559                   /usr/lib/jvm/java-8-openjdk-amd64/jre/lib/management-agent.jar
7f6a70065000-7f6a7006a000 r--s 0009a000 08:06 13774556                   /usr/lib/jvm/java-8-openjdk-amd64/jre/lib/jsse.jar
7f6a7006a000-7f6a7006d000 r--s 00015000 08:06 13774554                   /usr/lib/jvm/java-8-openjdk-amd64/jre/lib/jce.jar
7f6a7006d000-7f6a70072000 r--s 002f9000 08:06 13774523                   /usr/lib/jvm/java-8-openjdk-amd64/jre/lib/charsets.jar
7f6a70072000-7f6a7008d000 r--s 00394000 08:06 13774533                   /usr/lib/jvm/java-8-openjdk-amd64/jre/lib/ext/cldrdata.jar
7f6a7008d000-7f6a700a8000 r--s 001d6000 08:06 13774538                   /usr/lib/jvm/java-8-openjdk-amd64/jre/lib/ext/nashorn.jar
7f6a700a8000-7f6a70276000 r--s 03c15000 08:06 13774562                   /usr/lib/jvm/java-8-openjdk-amd64/jre/lib/rt.jar
7f6a70276000-7f6a702ec000 rw-p 00000000 00:00 0 
7f6a702ec000-7f6a702ed000 ---p 00000000 00:00 0 
7f6a702ed000-7f6a703ed000 rw-p 00000000 00:00 0 
7f6a703ed000-7f6a703ee000 ---p 00000000 00:00 0 
7f6a703ee000-7f6a704ee000 rw-p 00000000 00:00 0 
7f6a704ee000-7f6a704ef000 ---p 00000000 00:00 0 
7f6a704ef000-7f6a705ef000 rw-p 00000000 00:00 0 
7f6a705ef000-7f6a705f0000 ---p 00000000 00:00 0 
7f6a705f0000-7f6a7071a000 rw-p 00000000 00:00 0 
7f6a7071a000-7f6a70980000 ---p 00000000 00:00 0 
7f6a70980000-7f6a709aa000 rw-p 00000000 00:00 0 
7f6a709aa000-7f6a70c0f000 ---p 00000000 00:00 0 
7f6a70c0f000-7f6a70c34000 rw-p 00000000 00:00 0 
7f6a70c34000-7f6a70d57000 ---p 00000000 00:00 0 
7f6a70d57000-7f6a70d69000 rw-p 00000000 00:00 0 
7f6a70d69000-7f6a71118000 ---p 00000000 00:00 0 
7f6a71118000-7f6a71120000 r-xp 00000000 08:06 13774519                   /usr/lib/jvm/java-8-openjdk-amd64/jre/lib/amd64/libzip.so
7f6a71120000-7f6a7131f000 ---p 00008000 08:06 13774519                   /usr/lib/jvm/java-8-openjdk-amd64/jre/lib/amd64/libzip.so
7f6a7131f000-7f6a71320000 r--p 00007000 08:06 13774519                   /usr/lib/jvm/java-8-openjdk-amd64/jre/lib/amd64/libzip.so
7f6a71320000-7f6a71321000 rw-p 00008000 08:06 13774519                   /usr/lib/jvm/java-8-openjdk-amd64/jre/lib/amd64/libzip.so
7f6a71321000-7f6a7132b000 r-xp 00000000 08:06 2755107                    /lib/x86_64-linux-gnu/libnss_files-2.24.so
7f6a7132b000-7f6a7152b000 ---p 0000a000 08:06 2755107                    /lib/x86_64-linux-gnu/libnss_files-2.24.so
7f6a7152b000-7f6a7152c000 r--p 0000a000 08:06 2755107                    /lib/x86_64-linux-gnu/libnss_files-2.24.so
7f6a7152c000-7f6a7152d000 rw-p 0000b000 08:06 2755107                    /lib/x86_64-linux-gnu/libnss_files-2.24.so
7f6a7152d000-7f6a71533000 rw-p 00000000 00:00 0 
7f6a71533000-7f6a7153e000 r-xp 00000000 08:06 2755111                    /lib/x86_64-linux-gnu/libnss_nis-2.24.so
7f6a7153e000-7f6a7173d000 ---p 0000b000 08:06 2755111                    /lib/x86_64-linux-gnu/libnss_nis-2.24.so
7f6a7173d000-7f6a7173e000 r--p 0000a000 08:06 2755111                    /lib/x86_64-linux-gnu/libnss_nis-2.24.so
7f6a7173e000-7f6a7173f000 rw-p 0000b000 08:06 2755111                    /lib/x86_64-linux-gnu/libnss_nis-2.24.so
7f6a7173f000-7f6a71753000 r-xp 00000000 08:06 2755101                    /lib/x86_64-linux-gnu/libnsl-2.24.so
7f6a71753000-7f6a71953000 ---p 00014000 08:06 2755101                    /lib/x86_64-linux-gnu/libnsl-2.24.so
7f6a71953000-7f6a71954000 r--p 00014000 08:06 2755101                    /lib/x86_64-linux-gnu/libnsl-2.24.so
7f6a71954000-7f6a71955000 rw-p 00015000 08:06 2755101                    /lib/x86_64-linux-gnu/libnsl-2.24.so
7f6a71955000-7f6a71957000 rw-p 00000000 00:00 0 
7f6a71957000-7f6a7195e000 r-xp 00000000 08:06 2755103                    /lib/x86_64-linux-gnu/libnss_compat-2.24.so
7f6a7195e000-7f6a71b5d000 ---p 00007000 08:06 2755103                    /lib/x86_64-linux-gnu/libnss_compat-2.24.so
7f6a71b5d000-7f6a71b5e000 r--p 00006000 08:06 2755103                    /lib/x86_64-linux-gnu/libnss_compat-2.24.so
7f6a71b5e000-7f6a71b5f000 rw-p 00007000 08:06 2755103                    /lib/x86_64-linux-gnu/libnss_compat-2.24.so
7f6a71b5f000-7f6a71b69000 r-xp 00000000 08:06 13768357                   /usr/lib/jvm/java-8-openjdk-amd64/jre/lib/amd64/libinstrument.so
7f6a71b69000-7f6a71d68000 ---p 0000a000 08:06 13768357                   /usr/lib/jvm/java-8-openjdk-amd64/jre/lib/amd64/libinstrument.so
7f6a71d68000-7f6a71d69000 r--p 00009000 08:06 13768357                   /usr/lib/jvm/java-8-openjdk-amd64/jre/lib/amd64/libinstrument.so
7f6a71d69000-7f6a71d6a000 rw-p 0000a000 08:06 13768357                   /usr/lib/jvm/java-8-openjdk-amd64/jre/lib/amd64/libinstrument.so
7f6a71d6a000-7f6a71d97000 r-xp 00000000 08:06 13768363                   /usr/lib/jvm/java-8-openjdk-amd64/jre/lib/amd64/libjava.so
7f6a71d97000-7f6a71f96000 ---p 0002d000 08:06 13768363                   /usr/lib/jvm/java-8-openjdk-amd64/jre/lib/amd64/libjava.so
7f6a71f96000-7f6a71f97000 r--p 0002c000 08:06 13768363                   /usr/lib/jvm/java-8-openjdk-amd64/jre/lib/amd64/libjava.so
7f6a71f97000-7f6a71f99000 rw-p 0002d000 08:06 13768363                   /usr/lib/jvm/java-8-openjdk-amd64/jre/lib/amd64/libjava.so
7f6a71f99000-7f6a71fa8000 r-xp 00000000 08:06 13774518                   /usr/lib/jvm/java-8-openjdk-amd64/jre/lib/amd64/libverify.so
7f6a71fa8000-7f6a721a8000 ---p 0000f000 08:06 13774518                   /usr/lib/jvm/java-8-openjdk-amd64/jre/lib/amd64/libverify.so
7f6a721a8000-7f6a721aa000 r--p 0000f000 08:06 13774518                   /usr/lib/jvm/java-8-openjdk-amd64/jre/lib/amd64/libverify.so
7f6a721aa000-7f6a721ab000 rw-p 00011000 08:06 13774518                   /usr/lib/jvm/java-8-openjdk-amd64/jre/lib/amd64/libverify.so
7f6a721ab000-7f6a721b2000 r-xp 00000000 08:06 2755160                    /lib/x86_64-linux-gnu/librt-2.24.so
7f6a721b2000-7f6a723b1000 ---p 00007000 08:06 2755160                    /lib/x86_64-linux-gnu/librt-2.24.so
7f6a723b1000-7f6a723b2000 r--p 00006000 08:06 2755160                    /lib/x86_64-linux-gnu/librt-2.24.so
7f6a723b2000-7f6a723b3000 rw-p 00007000 08:06 2755160                    /lib/x86_64-linux-gnu/librt-2.24.so
7f6a723b3000-7f6a723c9000 r-xp 00000000 08:06 2755254                    /lib/x86_64-linux-gnu/libgcc_s.so.1
7f6a723c9000-7f6a725c8000 ---p 00016000 08:06 2755254                    /lib/x86_64-linux-gnu/libgcc_s.so.1
7f6a725c8000-7f6a725c9000 r--p 00015000 08:06 2755254                    /lib/x86_64-linux-gnu/libgcc_s.so.1
7f6a725c9000-7f6a725ca000 rw-p 00016000 08:06 2755254                    /lib/x86_64-linux-gnu/libgcc_s.so.1
7f6a725ca000-7f6a726cd000 r-xp 00000000 08:06 2755084                    /lib/x86_64-linux-gnu/libm-2.24.so
7f6a726cd000-7f6a728cc000 ---p 00103000 08:06 2755084                    /lib/x86_64-linux-gnu/libm-2.24.so
7f6a728cc000-7f6a728cd000 r--p 00102000 08:06 2755084                    /lib/x86_64-linux-gnu/libm-2.24.so
7f6a728cd000-7f6a728ce000 rw-p 00103000 08:06 2755084                    /lib/x86_64-linux-gnu/libm-2.24.so
7f6a728ce000-7f6a72a40000 r-xp 00000000 08:06 13909765                   /usr/lib/x86_64-linux-gnu/libstdc++.so.6.0.24
7f6a72a40000-7f6a72c40000 ---p 00172000 08:06 13909765                   /usr/lib/x86_64-linux-gnu/libstdc++.so.6.0.24
7f6a72c40000-7f6a72c4a000 r--p 00172000 08:06 13909765                   /usr/lib/x86_64-linux-gnu/libstdc++.so.6.0.24
7f6a72c4a000-7f6a72c4c000 rw-p 0017c000 08:06 13909765                   /usr/lib/x86_64-linux-gnu/libstdc++.so.6.0.24
7f6a72c4c000-7f6a72c4f000 rw-p 00000000 00:00 0 
7f6a72c4f000-7f6a738a8000 r-xp 00000000 08:06 13774522                   /usr/lib/jvm/java-8-openjdk-amd64/jre/lib/amd64/server/libjvm.so
7f6a738a8000-7f6a73aa8000 ---p 00c59000 08:06 13774522                   /usr/lib/jvm/java-8-openjdk-amd64/jre/lib/amd64/server/libjvm.so
7f6a73aa8000-7f6a73b3b000 r--p 00c59000 08:06 13774522                   /usr/lib/jvm/java-8-openjdk-amd64/jre/lib/amd64/server/libjvm.so
7f6a73b3b000-7f6a73b64000 rw-p 00cec000 08:06 13774522                   /usr/lib/jvm/java-8-openjdk-amd64/jre/lib/amd64/server/libjvm.so
7f6a73b64000-7f6a73b94000 rw-p 00000000 00:00 0 
7f6a73b94000-7f6a73d29000 r-xp 00000000 08:06 2755012                    /lib/x86_64-linux-gnu/libc-2.24.so
7f6a73d29000-7f6a73f28000 ---p 00195000 08:06 2755012                    /lib/x86_64-linux-gnu/libc-2.24.so
7f6a73f28000-7f6a73f2c000 r--p 00194000 08:06 2755012                    /lib/x86_64-linux-gnu/libc-2.24.so
7f6a73f2c000-7f6a73f2e000 rw-p 00198000 08:06 2755012                    /lib/x86_64-linux-gnu/libc-2.24.so
7f6a73f2e000-7f6a73f32000 rw-p 00000000 00:00 0 
7f6a73f32000-7f6a73f34000 r-xp 00000000 08:06 2755035                    /lib/x86_64-linux-gnu/libdl-2.24.so
7f6a73f34000-7f6a74134000 ---p 00002000 08:06 2755035                    /lib/x86_64-linux-gnu/libdl-2.24.so
7f6a74134000-7f6a74135000 r--p 00002000 08:06 2755035                    /lib/x86_64-linux-gnu/libdl-2.24.so
7f6a74135000-7f6a74136000 rw-p 00003000 08:06 2755035                    /lib/x86_64-linux-gnu/libdl-2.24.so
7f6a74136000-7f6a74143000 r-xp 00000000 08:06 13768346                   /usr/lib/jvm/java-8-openjdk-amd64/jre/lib/amd64/jli/libjli.so
7f6a74143000-7f6a74343000 ---p 0000d000 08:06 13768346                   /usr/lib/jvm/java-8-openjdk-amd64/jre/lib/amd64/jli/libjli.so
7f6a74343000-7f6a74344000 r--p 0000d000 08:06 13768346                   /usr/lib/jvm/java-8-openjdk-amd64/jre/lib/amd64/jli/libjli.so
7f6a74344000-7f6a74345000 rw-p 0000e000 08:06 13768346                   /usr/lib/jvm/java-8-openjdk-amd64/jre/lib/amd64/jli/libjli.so
7f6a74345000-7f6a7435e000 r-xp 00000000 08:06 2755193                    /lib/x86_64-linux-gnu/libz.so.1.2.8
7f6a7435e000-7f6a7455d000 ---p 00019000 08:06 2755193                    /lib/x86_64-linux-gnu/libz.so.1.2.8
7f6a7455d000-7f6a7455e000 r--p 00018000 08:06 2755193                    /lib/x86_64-linux-gnu/libz.so.1.2.8
7f6a7455e000-7f6a7455f000 rw-p 00019000 08:06 2755193                    /lib/x86_64-linux-gnu/libz.so.1.2.8
7f6a7455f000-7f6a74577000 r-xp 00000000 08:06 2755150                    /lib/x86_64-linux-gnu/libpthread-2.24.so
7f6a74577000-7f6a74776000 ---p 00018000 08:06 2755150                    /lib/x86_64-linux-gnu/libpthread-2.24.so
7f6a74776000-7f6a74777000 r--p 00017000 08:06 2755150                    /lib/x86_64-linux-gnu/libpthread-2.24.so
7f6a74777000-7f6a74778000 rw-p 00018000 08:06 2755150                    /lib/x86_64-linux-gnu/libpthread-2.24.so
7f6a74778000-7f6a7477c000 rw-p 00000000 00:00 0 
7f6a7477c000-7f6a7479f000 r-xp 00000000 08:06 2754986                    /lib/x86_64-linux-gnu/ld-2.24.so
7f6a7479f000-7f6a747a1000 r--s 00007000 08:06 14821044                   /usr/share/java/java-atk-wrapper.jar
7f6a747a1000-7f6a747a2000 r--s 00010000 08:06 13774542                   /usr/lib/jvm/java-8-openjdk-amd64/jre/lib/ext/zipfs.jar
7f6a747a2000-7f6a747a4000 r--s 00007000 08:06 14821044                   /usr/share/java/java-atk-wrapper.jar
7f6a747a4000-7f6a747a6000 r--s 00001000 08:06 13774534                   /usr/lib/jvm/java-8-openjdk-amd64/jre/lib/ext/dnsns.jar
7f6a747a6000-7f6a747ab000 r--s 0003b000 08:06 13774540                   /usr/lib/jvm/java-8-openjdk-amd64/jre/lib/ext/sunjce_provider.jar
7f6a747ab000-7f6a7487b000 rw-p 00000000 00:00 0 
7f6a7487b000-7f6a7487e000 ---p 00000000 00:00 0 
7f6a7487e000-7f6a7497e000 rw-p 00000000 00:00 0 
7f6a7497e000-7f6a7497f000 r--s 0000a000 08:06 13774536                   /usr/lib/jvm/java-8-openjdk-amd64/jre/lib/ext/jaccess.jar
7f6a7497f000-7f6a74983000 r--s 00037000 08:06 13774541                   /usr/lib/jvm/java-8-openjdk-amd64/jre/lib/ext/sunpkcs11.jar
7f6a74983000-7f6a74986000 r--s 0000f000 08:06 13774535                   /usr/lib/jvm/java-8-openjdk-amd64/jre/lib/ext/icedtea-sound.jar
7f6a74986000-7f6a74988000 r--s 00008000 08:06 13774539                   /usr/lib/jvm/java-8-openjdk-amd64/jre/lib/ext/sunec.jar
7f6a74988000-7f6a74992000 r--s 00116000 08:06 13774537                   /usr/lib/jvm/java-8-openjdk-amd64/jre/lib/ext/localedata.jar
7f6a74992000-7f6a7499a000 rw-s 00000000 08:06 8141370                    /tmp/hsperfdata_stefstef/13076
7f6a7499a000-7f6a7499b000 rw-p 00000000 00:00 0 
7f6a7499b000-7f6a7499c000 r--p 00000000 00:00 0 
7f6a7499c000-7f6a7499f000 rw-p 00000000 00:00 0 
7f6a7499f000-7f6a749a0000 r--p 00023000 08:06 2754986                    /lib/x86_64-linux-gnu/ld-2.24.so
7f6a749a0000-7f6a749a1000 rw-p 00024000 08:06 2754986                    /lib/x86_64-linux-gnu/ld-2.24.so
7f6a749a1000-7f6a749a2000 rw-p 00000000 00:00 0 
7ffe11ae1000-7ffe11b03000 rw-p 00000000 00:00 0                          [stack]
7ffe11bb8000-7ffe11bba000 r--p 00000000 00:00 0                          [vvar]
7ffe11bba000-7ffe11bbc000 r-xp 00000000 00:00 0                          [vdso]
ffffffffff600000-ffffffffff601000 r-xp 00000000 00:00 0                  [vsyscall]

VM Arguments:
jvm_args: -javaagent:/home/stefstef/Editors/idea-IU-172.3968.16/lib/idea_rt.jar=41261:/home/stefstef/Editors/idea-IU-172.3968.16/bin -Dfile.encoding=UTF-8 -Dawt.useSystemAAFontSettings=gasp 
java_command: com.noReasonException.Misc.Factories.ServiceFactory
java_class_path (initial): /usr/lib/jvm/java-1.8.0-openjdk-amd64/jre/lib/charsets.jar:/usr/lib/jvm/java-1.8.0-openjdk-amd64/jre/lib/ext/cldrdata.jar:/usr/lib/jvm/java-1.8.0-openjdk-amd64/jre/lib/ext/dnsns.jar:/usr/lib/jvm/java-1.8.0-openjdk-amd64/jre/lib/ext/icedtea-sound.jar:/usr/lib/jvm/java-1.8.0-openjdk-amd64/jre/lib/ext/jaccess.jar:/usr/lib/jvm/java-1.8.0-openjdk-amd64/jre/lib/ext/java-atk-wrapper.jar:/usr/lib/jvm/java-1.8.0-openjdk-amd64/jre/lib/ext/localedata.jar:/usr/lib/jvm/java-1.8.0-openjdk-amd64/jre/lib/ext/nashorn.jar:/usr/lib/jvm/java-1.8.0-openjdk-amd64/jre/lib/ext/sunec.jar:/usr/lib/jvm/java-1.8.0-openjdk-amd64/jre/lib/ext/sunjce_provider.jar:/usr/lib/jvm/java-1.8.0-openjdk-amd64/jre/lib/ext/sunpkcs11.jar:/usr/lib/jvm/java-1.8.0-openjdk-amd64/jre/lib/ext/zipfs.jar:/usr/lib/jvm/java-1.8.0-openjdk-amd64/jre/lib/jce.jar:/usr/lib/jvm/java-1.8.0-openjdk-amd64/jre/lib/jsse.jar:/usr/lib/jvm/java-1.8.0-openjdk-amd64/jre/lib/management-agent.jar:/usr/lib/jvm/java-1.8.0-openjdk-amd64/jre/lib/resources.jar:/usr/lib/jvm/java-1.8.0-openjdk-amd64/jre/lib/rt.jar:/home/stefstef/Desktop/googledrivesyncclientlinux/googleDriveSync/target/classes:/home/stefstef/.m2/repository/com/google/oauth-client/google-oauth-client-jetty/1.22.0/google-oauth-client-jetty-1.22.0.jar:/home/stefstef/.m2/repository/com/google/oauth-client/google-oauth-client-java6/1.22.0/google-oauth-client-java6-1.22.0.jar:/home/stefstef/.m2/repository/org/mortbay/jetty/jetty/6.1.26/jetty-6.1.26.jar:/home/stefstef/.m2/repository/org/mortbay/jetty/jetty-util/6.1.26/jetty-util-6.1.26.jar:/home/stefstef/.m2/repository/org/mortbay/jetty/servlet-api/2.5-20081211/servlet-api-2.5-20081211.jar:/home/stefstef/.m2/repository/com/google/api-client/google-api-client/1.22.0/google-api-client-1.22.0.jar:/home/stefstef/.m2/repository/com/google/oauth-client/google-oauth-client/1.22.0/google-oauth-client-1.22.0.jar:/home/stefstef/.m2/repository/com/google/http-client/google-http-client/1.22.0/google-http-client-1.22.
Launcher Type: SUN_STANDARD

Environment Variables:
_JAVA_OPTIONS=  -Dawt.useSystemAAFontSettings=gasp
PATH=/usr/local/bin:/usr/bin:/bin:/usr/local/games:/usr/games:/sbin:/usr/sbin
SHELL=/bin/bash
DISPLAY=:0

Signal Handlers:
SIGSEGV: [libjvm.so+0xa6f4f0], sa_mask[0]=11111111011111111101111111111110, sa_flags=SA_RESTART|SA_SIGINFO
SIGBUS: [libjvm.so+0xa6f4f0], sa_mask[0]=11111111011111111101111111111110, sa_flags=SA_RESTART|SA_SIGINFO
SIGFPE: [libjvm.so+0x8b95e0], sa_mask[0]=11111111011111111101111111111110, sa_flags=SA_RESTART|SA_SIGINFO
SIGPIPE: [libjvm.so+0x8b95e0], sa_mask[0]=11111111011111111101111111111110, sa_flags=SA_RESTART|SA_SIGINFO
SIGXFSZ: [libjvm.so+0x8b95e0], sa_mask[0]=11111111011111111101111111111110, sa_flags=SA_RESTART|SA_SIGINFO
SIGILL: [libjvm.so+0x8b95e0], sa_mask[0]=11111111011111111101111111111110, sa_flags=SA_RESTART|SA_SIGINFO
SIGUSR1: SIG_DFL, sa_mask[0]=00000000000000000000000000000000, sa_flags=none
SIGUSR2: [libjvm.so+0x8b9490], sa_mask[0]=00100000000000000000000000000000, sa_flags=SA_RESTART|SA_SIGINFO
SIGHUP: SIG_IGN, sa_mask[0]=00000000000000000000000000000000, sa_flags=none
SIGINT: [libjvm.so+0x8b9940], sa_mask[0]=11111111011111111101111111111110, sa_flags=SA_RESTART|SA_SIGINFO
SIGTERM: [libjvm.so+0x8b9940], sa_mask[0]=11111111011111111101111111111110, sa_flags=SA_RESTART|SA_SIGINFO
SIGQUIT: [libjvm.so+0x8b9940], sa_mask[0]=11111111011111111101111111111110, sa_flags=SA_RESTART|SA_SIGINFO


---------------  S Y S T E M  ---------------

OS:DISTRIB_ID=Deepin
DISTRIB_RELEASE=15.4.1
DISTRIB_DESCRIPTION="Deepin 15.4.1 "
DISTRIB_CODENAME=unstable

uname:Linux 4.9.0-deepin9-amd64 #1 SMP PREEMPT Deepin 4.9.29-4 (2017-07-17) x86_64
libc:glibc 2.24 NPTL 2.24 
rlimit: STACK 8192k, CORE 0k, NPROC 31240, NOFILE 1048576, AS infinity
load average:1,53 1,03 1,10

/proc/meminfo:
MemTotal:        8044820 kB
MemFree:          146284 kB
MemAvailable:    2478972 kB
Buffers:          156488 kB
Cached:          2921072 kB
SwapCached:            0 kB
Active:          5752380 kB
Inactive:        1705416 kB
Active(anon):    4377600 kB
Inactive(anon):   656312 kB
Active(file):    1374780 kB
Inactive(file):  1049104 kB
Unevictable:          88 kB
Mlocked:              88 kB
SwapTotal:       8190972 kB
SwapFree:        8190972 kB
Dirty:              2008 kB
Writeback:             0 kB
AnonPages:       4380744 kB
Mapped:           869100 kB
Shmem:            653428 kB
Slab:             272836 kB
SReclaimable:     217712 kB
SUnreclaim:        55124 kB
KernelStack:       15024 kB
PageTables:        57512 kB
NFS_Unstable:          0 kB
Bounce:                0 kB
WritebackTmp:          0 kB
CommitLimit:    12213380 kB
Committed_AS:   11777868 kB
VmallocTotal:   34359738367 kB
VmallocUsed:           0 kB
VmallocChunk:          0 kB
HardwareCorrupted:     0 kB
AnonHugePages:      2048 kB
ShmemHugePages:        0 kB
ShmemPmdMapped:        0 kB
HugePages_Total:       0
HugePages_Free:        0
HugePages_Rsvd:        0
HugePages_Surp:        0
Hugepagesize:       2048 kB
DirectMap4k:      205428 kB
DirectMap2M:     8048640 kB
DirectMap1G:           0 kB


CPU:total 4 (initial active 4) (2 cores per cpu, 2 threads per core) family 6 model 142 stepping 9, cmov, cx8, fxsr, mmx, sse, sse2, sse3, ssse3, sse4.1, sse4.2, popcnt, avx, avx2, aes, clmul, erms, 3dnowpref, lzcnt, ht, tsc, tscinvbit, bmi1, bmi2, adx

/proc/cpuinfo:
processor	: 0
vendor_id	: GenuineIntel
cpu family	: 6
model		: 142
model name	: Intel(R) Core(TM) i7-7500U CPU @ 2.70GHz
stepping	: 9
microcode	: 0x38
cpu MHz		: 1500.000
cache size	: 4096 KB
physical id	: 0
siblings	: 4
core id		: 0
cpu cores	: 2
apicid		: 0
initial apicid	: 0
fpu		: yes
fpu_exception	: yes
cpuid level	: 22
wp		: yes
flags		: fpu vme de pse tsc msr pae mce cx8 apic sep mtrr pge mca cmov pat pse36 clflush dts acpi mmx fxsr sse sse2 ss ht tm pbe syscall nx pdpe1gb rdtscp lm constant_tsc art arch_perfmon pebs bts rep_good nopl xtopology nonstop_tsc aperfmperf eagerfpu pni pclmulqdq dtes64 monitor ds_cpl vmx est tm2 ssse3 sdbg fma cx16 xtpr pdcm pcid sse4_1 sse4_2 x2apic movbe popcnt tsc_deadline_timer aes xsave avx f16c rdrand lahf_lm abm 3dnowprefetch epb intel_pt tpr_shadow vnmi flexpriority ept vpid fsgsbase tsc_adjust bmi1 avx2 smep bmi2 erms invpcid mpx rdseed adx smap clflushopt xsaveopt xsavec xgetbv1 xsaves dtherm ida arat pln pts hwp hwp_notify hwp_act_window hwp_epp
bugs		:
bogomips	: 5808.00
clflush size	: 64
cache_alignment	: 64
address sizes	: 39 bits physical, 48 bits virtual
power management:

processor	: 1
vendor_id	: GenuineIntel
cpu family	: 6
model		: 142
model name	: Intel(R) Core(TM) i7-7500U CPU @ 2.70GHz
stepping	: 9
microcode	: 0x38
cpu MHz		: 1600.000
cache size	: 4096 KB
physical id	: 0
siblings	: 4
core id		: 1
cpu cores	: 2
apicid		: 2
initial apicid	: 2
fpu		: yes
fpu_exception	: yes
cpuid level	: 22
wp		: yes
flags		: fpu vme de pse tsc msr pae mce cx8 apic sep mtrr pge mca cmov pat pse36 clflush dts acpi mmx fxsr sse sse2 ss ht tm pbe syscall nx pdpe1gb rdtscp lm constant_tsc art arch_perfmon pebs bts rep_good nopl xtopology nonstop_tsc aperfmperf eagerfpu pni pclmulqdq dtes64 monitor ds_cpl vmx est tm2 ssse3 sdbg fma cx16 xtpr pdcm pcid sse4_1 sse4_2 x2apic movbe popcnt tsc_deadline_timer aes xsave avx f16c rdrand lahf_lm abm 3dnowprefetch epb intel_pt tpr_shadow vnmi flexpriority ept vpid fsgsbase tsc_adjust bmi1 avx2 smep bmi2 erms invpcid mpx rdseed adx smap clflushopt xsaveopt xsavec xgetbv1 xsaves dtherm ida arat pln pts hwp hwp_notify hwp_act_window hwp_epp
bugs		:
bogomips	: 5808.00
clflush size	: 64
cache_alignment	: 64
address sizes	: 39 bits physical, 48 bits virtual
power management:

processor	: 2
vendor_id	: GenuineIntel
cpu family	: 6
model		: 142
model name	: Intel(R) Core(TM) i7-7500U CPU @ 2.70GHz
stepping	: 9
microcode	: 0x38
cpu MHz		: 2200.000
cache size	: 4096 KB
physical id	: 0
siblings	: 4
core id		: 0
cpu cores	: 2
apicid		: 1
initial apicid	: 1
fpu		: yes
fpu_exception	: yes
cpuid level	: 22
wp		: yes
flags		: fpu vme de pse tsc msr pae mce cx8 apic sep mtrr pge mca cmov pat pse36 clflush dts acpi mmx fxsr sse sse2 ss ht tm pbe syscall nx pdpe1gb rdtscp lm constant_tsc art arch_perfmon pebs bts rep_good nopl xtopology nonstop_tsc aperfmperf eagerfpu pni pclmulqdq dtes64 monitor ds_cpl vmx est tm2 ssse3 sdbg fma cx16 xtpr pdcm pcid sse4_1 sse4_2 x2apic movbe popcnt tsc_deadline_timer aes xsave avx f16c rdrand lahf_lm abm 3dnowprefetch epb intel_pt tpr_shadow vnmi flexpriority ept vpid fsgsbase tsc_adjust bmi1 avx2 smep bmi2 erms invpcid mpx rdseed adx smap clflushopt xsaveopt xsavec xgetbv1 xsaves dtherm ida arat pln pts hwp hwp_notify hwp_act_window hwp_epp
bugs		:
bogomips	: 5808.00
clflush size	: 64
cache_alignment	: 64
address sizes	: 39 bits physical, 48 bits virtual
power management:

processor	: 3
vendor_id	: GenuineIntel
cpu family	: 6
model		: 142
model name	: Intel(R) Core(TM) i7-7500U CPU @ 2.70GHz
stepping	: 9
microcode	: 0x38
cpu MHz		: 2700.000
cache size	: 4096 KB
physical id	: 0
siblings	: 4
core id		: 1
cpu cores	: 2
apicid		: 3
initial apicid	: 3
fpu		: yes
fpu_exception	: yes
cpuid level	: 22
wp		: yes
flags		: fpu vme de pse tsc msr pae mce cx8 apic sep mtrr pge mca cmov pat pse36 clflush dts acpi mmx fxsr sse sse2 ss ht tm pbe syscall nx pdpe1gb rdtscp lm constant_tsc art arch_perfmon pebs bts rep_good nopl xtopology nonstop_tsc aperfmperf eagerfpu pni pclmulqdq dtes64 monitor ds_cpl vmx est tm2 ssse3 sdbg fma cx16 xtpr pdcm pcid sse4_1 sse4_2 x2apic movbe popcnt tsc_deadline_timer aes xsave avx f16c rdrand lahf_lm abm 3dnowprefetch epb intel_pt tpr_shadow vnmi flexpriority ept vpid fsgsbase tsc_adjust bmi1 avx2 smep bmi2 erms invpcid mpx rdseed adx smap clflushopt xsaveopt xsavec xgetbv1 xsaves dtherm ida arat pln pts hwp hwp_notify hwp_act_window hwp_epp
bugs		:
bogomips	: 5808.00
clflush size	: 64
cache_alignment	: 64
address sizes	: 39 bits physical, 48 bits virtual
power management:



Memory: 4k page, physical 8044820k(146284k free), swap 8190972k(8190972k free)

vm_info: OpenJDK 64-Bit Server VM (25.141-b15) for linux-amd64 JRE (1.8.0_141-8u141-b15-3-b15), built on Jul 25 2017 15:03:27 by "buildd" with gcc 6.4.0 20170704

time: Wed Oct 25 18:32:22 2017
elapsed time: 14 seconds (0d 0h 0m 14s)

